2023-06-05 15:12:26,417 INFO    StreamThr :14096 [internal.py:wandb_internal():86] W&B internal server running at pid: 14096, started at: 2023-06-05 15:12:26.417078
2023-06-05 15:12:26,432 DEBUG   HandlerThread:14096 [handler.py:handle_request():144] handle_request: status
2023-06-05 15:12:26,432 INFO    WriterThread:14096 [datastore.py:open_for_write():85] open: C:\Users\DELL\Downloads\FederatedLearning\OpenFL-extended\openfl-tutorials\boosting-examples\AdaBoostF_Heart_Failure\workspace\wandb\run-20230605_151226-ttc5v05e\run-ttc5v05e.wandb
2023-06-05 15:12:26,448 DEBUG   SenderThread:14096 [sender.py:send():375] send: header
2023-06-05 15:12:27,026 DEBUG   SenderThread:14096 [sender.py:send():375] send: run
2023-06-05 15:12:30,486 INFO    SenderThread:14096 [retry.py:__call__():172] Retry attempt failed:
Traceback (most recent call last):
  File "C:\Users\DELL\AppData\Roaming\Python\Python38\site-packages\urllib3\connection.py", line 174, in _new_conn
    conn = connection.create_connection(
  File "C:\Users\DELL\AppData\Roaming\Python\Python38\site-packages\urllib3\util\connection.py", line 72, in create_connection
    for res in socket.getaddrinfo(host, port, family, socket.SOCK_STREAM):
  File "C:\Users\DELL\anaconda3\envs\myenv\lib\socket.py", line 918, in getaddrinfo
    for res in _socket.getaddrinfo(host, port, family, type, proto, flags):
socket.gaierror: [Errno 11001] getaddrinfo failed

During handling of the above exception, another exception occurred:

Traceback (most recent call last):
  File "C:\Users\DELL\AppData\Roaming\Python\Python38\site-packages\urllib3\connectionpool.py", line 703, in urlopen
    httplib_response = self._make_request(
  File "C:\Users\DELL\AppData\Roaming\Python\Python38\site-packages\urllib3\connectionpool.py", line 386, in _make_request
    self._validate_conn(conn)
  File "C:\Users\DELL\AppData\Roaming\Python\Python38\site-packages\urllib3\connectionpool.py", line 1042, in _validate_conn
    conn.connect()
  File "C:\Users\DELL\AppData\Roaming\Python\Python38\site-packages\urllib3\connection.py", line 363, in connect
    self.sock = conn = self._new_conn()
  File "C:\Users\DELL\AppData\Roaming\Python\Python38\site-packages\urllib3\connection.py", line 186, in _new_conn
    raise NewConnectionError(
urllib3.exceptions.NewConnectionError: <urllib3.connection.HTTPSConnection object at 0x0000021A619C0A90>: Failed to establish a new connection: [Errno 11001] getaddrinfo failed

During handling of the above exception, another exception occurred:

Traceback (most recent call last):
  File "C:\Users\DELL\AppData\Roaming\Python\Python38\site-packages\requests\adapters.py", line 489, in send
    resp = conn.urlopen(
  File "C:\Users\DELL\AppData\Roaming\Python\Python38\site-packages\urllib3\connectionpool.py", line 787, in urlopen
    retries = retries.increment(
  File "C:\Users\DELL\AppData\Roaming\Python\Python38\site-packages\urllib3\util\retry.py", line 592, in increment
    raise MaxRetryError(_pool, url, error or ResponseError(cause))
urllib3.exceptions.MaxRetryError: HTTPSConnectionPool(host='api.wandb.ai', port=443): Max retries exceeded with url: /graphql (Caused by NewConnectionError('<urllib3.connection.HTTPSConnection object at 0x0000021A619C0A90>: Failed to establish a new connection: [Errno 11001] getaddrinfo failed'))

During handling of the above exception, another exception occurred:

Traceback (most recent call last):
  File "C:\Users\DELL\AppData\Roaming\Python\Python38\site-packages\wandb\sdk\lib\retry.py", line 131, in __call__
    result = self._call_fn(*args, **kwargs)
  File "C:\Users\DELL\AppData\Roaming\Python\Python38\site-packages\wandb\sdk\internal\internal_api.py", line 285, in execute
    return self.client.execute(*args, **kwargs)  # type: ignore
  File "C:\Users\DELL\AppData\Roaming\Python\Python38\site-packages\wandb\vendor\gql-0.2.0\wandb_gql\client.py", line 52, in execute
    result = self._get_result(document, *args, **kwargs)
  File "C:\Users\DELL\AppData\Roaming\Python\Python38\site-packages\wandb\vendor\gql-0.2.0\wandb_gql\client.py", line 60, in _get_result
    return self.transport.execute(document, *args, **kwargs)
  File "C:\Users\DELL\AppData\Roaming\Python\Python38\site-packages\wandb\sdk\lib\gql_request.py", line 55, in execute
    request = self.session.post(self.url, **post_args)
  File "C:\Users\DELL\AppData\Roaming\Python\Python38\site-packages\requests\sessions.py", line 635, in post
    return self.request("POST", url, data=data, json=json, **kwargs)
  File "C:\Users\DELL\AppData\Roaming\Python\Python38\site-packages\requests\sessions.py", line 587, in request
    resp = self.send(prep, **send_kwargs)
  File "C:\Users\DELL\AppData\Roaming\Python\Python38\site-packages\requests\sessions.py", line 701, in send
    r = adapter.send(request, **kwargs)
  File "C:\Users\DELL\AppData\Roaming\Python\Python38\site-packages\requests\adapters.py", line 565, in send
    raise ConnectionError(e, request=request)
requests.exceptions.ConnectionError: HTTPSConnectionPool(host='api.wandb.ai', port=443): Max retries exceeded with url: /graphql (Caused by NewConnectionError('<urllib3.connection.HTTPSConnection object at 0x0000021A619C0A90>: Failed to establish a new connection: [Errno 11001] getaddrinfo failed'))
2023-06-05 15:12:32,082 DEBUG   HandlerThread:14096 [handler.py:handle_request():144] handle_request: keepalive
2023-06-05 15:12:37,141 DEBUG   HandlerThread:14096 [handler.py:handle_request():144] handle_request: keepalive
2023-06-05 15:12:42,195 DEBUG   HandlerThread:14096 [handler.py:handle_request():144] handle_request: keepalive
2023-06-05 15:12:47,250 DEBUG   HandlerThread:14096 [handler.py:handle_request():144] handle_request: keepalive
2023-06-05 15:12:52,381 DEBUG   HandlerThread:14096 [handler.py:handle_request():144] handle_request: keepalive
2023-06-05 15:12:57,519 DEBUG   HandlerThread:14096 [handler.py:handle_request():144] handle_request: keepalive
2023-06-05 15:13:01,155 INFO    SenderThread:14096 [dir_watcher.py:__init__():219] watching files in: C:\Users\DELL\Downloads\FederatedLearning\OpenFL-extended\openfl-tutorials\boosting-examples\AdaBoostF_Heart_Failure\workspace\wandb\run-20230605_151226-ttc5v05e\files
2023-06-05 15:13:01,202 INFO    SenderThread:14096 [sender.py:_start_run_threads():1124] run started: ttc5v05e with start time 1685970746.417078
2023-06-05 15:13:01,202 DEBUG   SenderThread:14096 [sender.py:send_request():402] send_request: summary_record
2023-06-05 15:13:01,202 DEBUG   HandlerThread:14096 [handler.py:handle_request():144] handle_request: status_report
2023-06-05 15:13:01,202 INFO    SenderThread:14096 [sender.py:_save_file():1378] saving file wandb-summary.json with policy end
2023-06-05 15:13:01,218 DEBUG   HandlerThread:14096 [handler.py:handle_request():144] handle_request: check_version
2023-06-05 15:13:01,218 DEBUG   SenderThread:14096 [sender.py:send_request():402] send_request: check_version
2023-06-05 15:13:01,437 DEBUG   HandlerThread:14096 [handler.py:handle_request():144] handle_request: run_start
2023-06-05 15:13:01,468 DEBUG   HandlerThread:14096 [system_info.py:__init__():31] System info init
2023-06-05 15:13:01,468 DEBUG   HandlerThread:14096 [system_info.py:__init__():46] System info init done
2023-06-05 15:13:01,468 INFO    HandlerThread:14096 [system_monitor.py:start():181] Starting system monitor
2023-06-05 15:13:01,468 INFO    SystemMonitor:14096 [system_monitor.py:_start():145] Starting system asset monitoring threads
2023-06-05 15:13:01,468 INFO    HandlerThread:14096 [system_monitor.py:probe():201] Collecting system info
2023-06-05 15:13:01,484 INFO    SystemMonitor:14096 [interfaces.py:start():190] Started cpu monitoring
2023-06-05 15:13:01,484 DEBUG   HandlerThread:14096 [system_info.py:probe():195] Probing system
2023-06-05 15:13:01,484 INFO    SystemMonitor:14096 [interfaces.py:start():190] Started disk monitoring
2023-06-05 15:13:01,484 INFO    SystemMonitor:14096 [interfaces.py:start():190] Started memory monitoring
2023-06-05 15:13:01,515 INFO    SystemMonitor:14096 [interfaces.py:start():190] Started network monitoring
2023-06-05 15:13:01,546 DEBUG   HandlerThread:14096 [system_info.py:_probe_git():180] Probing git
2023-06-05 15:13:02,140 DEBUG   HandlerThread:14096 [system_info.py:_probe_git():188] Probing git done
2023-06-05 15:13:02,140 DEBUG   HandlerThread:14096 [system_info.py:probe():240] Probing system done
2023-06-05 15:13:02,140 DEBUG   HandlerThread:14096 [system_monitor.py:probe():210] {'os': 'Windows-10-10.0.19044-SP0', 'python': '3.8.16', 'heartbeatAt': '2023-06-05T13:13:01.484073', 'startedAt': '2023-06-05T13:12:26.370225', 'docker': None, 'cuda': None, 'args': (), 'state': 'running', 'program': 'AdaBoostF_Heart_Failure.py', 'codePath': 'openfl-tutorials\\boosting-examples\\AdaBoostF_Heart_Failure\\workspace\\AdaBoostF_Heart_Failure.py', 'git': {'remote': 'https://github.com/alpha-unito/OpenFL-extended.git', 'commit': '3c9b6cdacb3b5cdef8384322b571b2e9b2d9dd8c'}, 'email': None, 'root': 'C:/Users/DELL/Downloads/FederatedLearning/OpenFL-extended', 'host': 'DESKTOP-5AJHE86', 'username': 'DELL', 'executable': 'C:\\Users\\DELL\\anaconda3\\envs\\myenv\\python.exe', 'cpu_count': 2, 'cpu_count_logical': 4, 'cpu_freq': {'current': 1300.0, 'min': 0.0, 'max': 2301.0}, 'cpu_freq_per_core': [{'current': 1300.0, 'min': 0.0, 'max': 2301.0}], 'disk': {'total': 133.58313751220703, 'used': 124.8987922668457}, 'memory': {'total': 7.874275207519531}}
2023-06-05 15:13:02,140 INFO    HandlerThread:14096 [system_monitor.py:probe():211] Finished collecting system info
2023-06-05 15:13:02,140 INFO    HandlerThread:14096 [system_monitor.py:probe():214] Publishing system info
2023-06-05 15:13:02,140 DEBUG   HandlerThread:14096 [system_info.py:_save_pip():51] Saving list of pip packages installed into the current environment
2023-06-05 15:13:02,155 DEBUG   HandlerThread:14096 [system_info.py:_save_pip():67] Saving pip packages done
2023-06-05 15:13:02,155 DEBUG   HandlerThread:14096 [system_info.py:_save_conda():74] Saving list of conda packages installed into the current environment
2023-06-05 15:13:02,171 ERROR   HandlerThread:14096 [system_info.py:_save_conda():85] Error saving conda packages: [WinError 2] Le fichier spécifié est introuvable
Traceback (most recent call last):
  File "C:\Users\DELL\AppData\Roaming\Python\Python38\site-packages\wandb\sdk\internal\system\system_info.py", line 81, in _save_conda
    subprocess.call(
  File "C:\Users\DELL\anaconda3\envs\myenv\lib\subprocess.py", line 340, in call
    with Popen(*popenargs, **kwargs) as p:
  File "C:\Users\DELL\anaconda3\envs\myenv\lib\subprocess.py", line 858, in __init__
    self._execute_child(args, executable, preexec_fn, close_fds,
  File "C:\Users\DELL\anaconda3\envs\myenv\lib\subprocess.py", line 1311, in _execute_child
    hp, ht, pid, tid = _winapi.CreateProcess(executable, args,
FileNotFoundError: [WinError 2] Le fichier spécifié est introuvable
2023-06-05 15:13:02,171 INFO    Thread-16 :14096 [dir_watcher.py:_on_file_created():278] file/dir created: C:\Users\DELL\Downloads\FederatedLearning\OpenFL-extended\openfl-tutorials\boosting-examples\AdaBoostF_Heart_Failure\workspace\wandb\run-20230605_151226-ttc5v05e\files\wandb-summary.json
2023-06-05 15:13:02,187 DEBUG   HandlerThread:14096 [system_info.py:_save_conda():86] Saving conda packages done
2023-06-05 15:13:02,187 INFO    Thread-16 :14096 [dir_watcher.py:_on_file_created():278] file/dir created: C:\Users\DELL\Downloads\FederatedLearning\OpenFL-extended\openfl-tutorials\boosting-examples\AdaBoostF_Heart_Failure\workspace\wandb\run-20230605_151226-ttc5v05e\files\conda-environment.yaml
2023-06-05 15:13:02,187 INFO    Thread-16 :14096 [dir_watcher.py:_on_file_created():278] file/dir created: C:\Users\DELL\Downloads\FederatedLearning\OpenFL-extended\openfl-tutorials\boosting-examples\AdaBoostF_Heart_Failure\workspace\wandb\run-20230605_151226-ttc5v05e\files\requirements.txt
2023-06-05 15:13:02,187 INFO    HandlerThread:14096 [system_monitor.py:probe():216] Finished publishing system info
2023-06-05 15:13:02,251 DEBUG   SenderThread:14096 [sender.py:send():375] send: files
2023-06-05 15:13:02,251 INFO    SenderThread:14096 [sender.py:_save_file():1378] saving file wandb-metadata.json with policy now
2023-06-05 15:13:02,283 DEBUG   HandlerThread:14096 [handler.py:handle_request():144] handle_request: stop_status
2023-06-05 15:13:02,283 DEBUG   SenderThread:14096 [sender.py:send_request():402] send_request: stop_status
2023-06-05 15:13:02,580 DEBUG   SenderThread:14096 [sender.py:send():375] send: telemetry
2023-06-05 15:13:03,080 INFO    wandb-upload_0:14096 [upload_job.py:push():137] Uploaded file C:\Users\DELL\AppData\Local\Temp\tmp0xgchikxwandb\x53l3ism-wandb-metadata.json
2023-06-05 15:13:03,236 INFO    Thread-16 :14096 [dir_watcher.py:_on_file_created():278] file/dir created: C:\Users\DELL\Downloads\FederatedLearning\OpenFL-extended\openfl-tutorials\boosting-examples\AdaBoostF_Heart_Failure\workspace\wandb\run-20230605_151226-ttc5v05e\files\output.log
2023-06-05 15:13:03,251 INFO    Thread-16 :14096 [dir_watcher.py:_on_file_created():278] file/dir created: C:\Users\DELL\Downloads\FederatedLearning\OpenFL-extended\openfl-tutorials\boosting-examples\AdaBoostF_Heart_Failure\workspace\wandb\run-20230605_151226-ttc5v05e\files\wandb-metadata.json
2023-06-05 15:13:05,273 INFO    Thread-16 :14096 [dir_watcher.py:_on_file_modified():295] file/dir modified: C:\Users\DELL\Downloads\FederatedLearning\OpenFL-extended\openfl-tutorials\boosting-examples\AdaBoostF_Heart_Failure\workspace\wandb\run-20230605_151226-ttc5v05e\files\output.log
2023-06-05 15:13:06,757 DEBUG   HandlerThread:14096 [handler.py:handle_request():144] handle_request: status_report
2023-06-05 15:13:11,819 DEBUG   HandlerThread:14096 [handler.py:handle_request():144] handle_request: status_report
