2023-05-27 17:57:48,774 INFO    StreamThr :20200 [internal.py:wandb_internal():86] W&B internal server running at pid: 20200, started at: 2023-05-27 17:57:48.766988
2023-05-27 17:57:48,774 DEBUG   HandlerThread:20200 [handler.py:handle_request():144] handle_request: status
2023-05-27 17:57:48,782 INFO    WriterThread:20200 [datastore.py:open_for_write():85] open: C:\Users\DELL\Downloads\FederatedLearning\OpenFL-extended\openfl-tutorials\boosting-examples\AdaBoostF_Veteran\workspace\wandb\run-20230527_175748-ly083vjz\run-ly083vjz.wandb
2023-05-27 17:57:48,790 DEBUG   SenderThread:20200 [sender.py:send():375] send: header
2023-05-27 17:57:49,046 DEBUG   SenderThread:20200 [sender.py:send():375] send: run
2023-05-27 17:57:49,646 DEBUG   HandlerThread:20200 [handler.py:handle_request():144] handle_request: check_version
2023-05-27 17:57:49,654 INFO    SenderThread:20200 [dir_watcher.py:__init__():219] watching files in: C:\Users\DELL\Downloads\FederatedLearning\OpenFL-extended\openfl-tutorials\boosting-examples\AdaBoostF_Veteran\workspace\wandb\run-20230527_175748-ly083vjz\files
2023-05-27 17:57:49,654 INFO    SenderThread:20200 [sender.py:_start_run_threads():1124] run started: ly083vjz with start time 1685203068.774979
2023-05-27 17:57:49,654 DEBUG   SenderThread:20200 [sender.py:send_request():402] send_request: summary_record
2023-05-27 17:57:49,654 INFO    SenderThread:20200 [sender.py:_save_file():1378] saving file wandb-summary.json with policy end
2023-05-27 17:57:49,662 DEBUG   SenderThread:20200 [sender.py:send_request():402] send_request: check_version
2023-05-27 17:57:49,942 DEBUG   HandlerThread:20200 [handler.py:handle_request():144] handle_request: run_start
2023-05-27 17:57:49,974 DEBUG   HandlerThread:20200 [system_info.py:__init__():31] System info init
2023-05-27 17:57:49,974 DEBUG   HandlerThread:20200 [system_info.py:__init__():46] System info init done
2023-05-27 17:57:49,974 INFO    HandlerThread:20200 [system_monitor.py:start():181] Starting system monitor
2023-05-27 17:57:49,974 INFO    SystemMonitor:20200 [system_monitor.py:_start():145] Starting system asset monitoring threads
2023-05-27 17:57:49,974 INFO    HandlerThread:20200 [system_monitor.py:probe():201] Collecting system info
2023-05-27 17:57:49,982 INFO    SystemMonitor:20200 [interfaces.py:start():190] Started cpu monitoring
2023-05-27 17:57:49,982 DEBUG   HandlerThread:20200 [system_info.py:probe():195] Probing system
2023-05-27 17:57:49,982 INFO    SystemMonitor:20200 [interfaces.py:start():190] Started disk monitoring
2023-05-27 17:57:49,982 INFO    SystemMonitor:20200 [interfaces.py:start():190] Started memory monitoring
2023-05-27 17:57:49,998 INFO    SystemMonitor:20200 [interfaces.py:start():190] Started network monitoring
2023-05-27 17:57:50,014 DEBUG   HandlerThread:20200 [system_info.py:_probe_git():180] Probing git
2023-05-27 17:57:50,398 DEBUG   HandlerThread:20200 [system_info.py:_probe_git():188] Probing git done
2023-05-27 17:57:50,398 DEBUG   HandlerThread:20200 [system_info.py:probe():240] Probing system done
2023-05-27 17:57:50,398 DEBUG   HandlerThread:20200 [system_monitor.py:probe():210] {'os': 'Windows-10-10.0.19044-SP0', 'python': '3.8.16', 'heartbeatAt': '2023-05-27T15:57:49.982887', 'startedAt': '2023-05-27T15:57:48.718983', 'docker': None, 'cuda': None, 'args': (), 'state': 'running', 'program': 'AdaBoostF_Veteran.py', 'codePath': 'openfl-tutorials\\boosting-examples\\AdaBoostF_Veteran\\workspace\\AdaBoostF_Veteran.py', 'git': {'remote': 'https://github.com/alpha-unito/OpenFL-extended.git', 'commit': '3c9b6cdacb3b5cdef8384322b571b2e9b2d9dd8c'}, 'email': None, 'root': 'C:/Users/DELL/Downloads/FederatedLearning/OpenFL-extended', 'host': 'DESKTOP-5AJHE86', 'username': 'DELL', 'executable': 'C:\\Users\\DELL\\anaconda3\\envs\\myenv\\python.exe', 'cpu_count': 2, 'cpu_count_logical': 4, 'cpu_freq': {'current': 1500.0, 'min': 0.0, 'max': 2301.0}, 'cpu_freq_per_core': [{'current': 1500.0, 'min': 0.0, 'max': 2301.0}], 'disk': {'total': 133.58313751220703, 'used': 127.36030960083008}, 'memory': {'total': 7.874275207519531}}
2023-05-27 17:57:50,398 INFO    HandlerThread:20200 [system_monitor.py:probe():211] Finished collecting system info
2023-05-27 17:57:50,398 INFO    HandlerThread:20200 [system_monitor.py:probe():214] Publishing system info
2023-05-27 17:57:50,398 DEBUG   HandlerThread:20200 [system_info.py:_save_pip():51] Saving list of pip packages installed into the current environment
2023-05-27 17:57:50,398 DEBUG   HandlerThread:20200 [system_info.py:_save_pip():67] Saving pip packages done
2023-05-27 17:57:50,398 DEBUG   HandlerThread:20200 [system_info.py:_save_conda():74] Saving list of conda packages installed into the current environment
2023-05-27 17:57:50,406 ERROR   HandlerThread:20200 [system_info.py:_save_conda():85] Error saving conda packages: [WinError 2] Le fichier spécifié est introuvable
Traceback (most recent call last):
  File "C:\Users\DELL\AppData\Roaming\Python\Python38\site-packages\wandb\sdk\internal\system\system_info.py", line 81, in _save_conda
    subprocess.call(
  File "C:\Users\DELL\anaconda3\envs\myenv\lib\subprocess.py", line 340, in call
    with Popen(*popenargs, **kwargs) as p:
  File "C:\Users\DELL\anaconda3\envs\myenv\lib\subprocess.py", line 858, in __init__
    self._execute_child(args, executable, preexec_fn, close_fds,
  File "C:\Users\DELL\anaconda3\envs\myenv\lib\subprocess.py", line 1311, in _execute_child
    hp, ht, pid, tid = _winapi.CreateProcess(executable, args,
FileNotFoundError: [WinError 2] Le fichier spécifié est introuvable
2023-05-27 17:57:50,414 DEBUG   HandlerThread:20200 [system_info.py:_save_conda():86] Saving conda packages done
2023-05-27 17:57:50,414 INFO    HandlerThread:20200 [system_monitor.py:probe():216] Finished publishing system info
2023-05-27 17:57:50,462 DEBUG   SenderThread:20200 [sender.py:send():375] send: files
2023-05-27 17:57:50,462 INFO    SenderThread:20200 [sender.py:_save_file():1378] saving file wandb-metadata.json with policy now
2023-05-27 17:57:50,518 DEBUG   HandlerThread:20200 [handler.py:handle_request():144] handle_request: stop_status
2023-05-27 17:57:50,518 DEBUG   SenderThread:20200 [sender.py:send_request():402] send_request: stop_status
2023-05-27 17:57:50,659 INFO    Thread-16 :20200 [dir_watcher.py:_on_file_created():278] file/dir created: C:\Users\DELL\Downloads\FederatedLearning\OpenFL-extended\openfl-tutorials\boosting-examples\AdaBoostF_Veteran\workspace\wandb\run-20230527_175748-ly083vjz\files\conda-environment.yaml
2023-05-27 17:57:50,659 INFO    Thread-16 :20200 [dir_watcher.py:_on_file_created():278] file/dir created: C:\Users\DELL\Downloads\FederatedLearning\OpenFL-extended\openfl-tutorials\boosting-examples\AdaBoostF_Veteran\workspace\wandb\run-20230527_175748-ly083vjz\files\wandb-metadata.json
2023-05-27 17:57:50,659 INFO    Thread-16 :20200 [dir_watcher.py:_on_file_created():278] file/dir created: C:\Users\DELL\Downloads\FederatedLearning\OpenFL-extended\openfl-tutorials\boosting-examples\AdaBoostF_Veteran\workspace\wandb\run-20230527_175748-ly083vjz\files\wandb-summary.json
2023-05-27 17:57:50,675 INFO    Thread-16 :20200 [dir_watcher.py:_on_file_created():278] file/dir created: C:\Users\DELL\Downloads\FederatedLearning\OpenFL-extended\openfl-tutorials\boosting-examples\AdaBoostF_Veteran\workspace\wandb\run-20230527_175748-ly083vjz\files\requirements.txt
2023-05-27 17:57:50,753 DEBUG   SenderThread:20200 [sender.py:send():375] send: telemetry
2023-05-27 17:57:51,144 INFO    wandb-upload_0:20200 [upload_job.py:push():137] Uploaded file C:\Users\DELL\AppData\Local\Temp\tmpzvukso5kwandb\yh97el9f-wandb-metadata.json
2023-05-27 17:57:51,672 INFO    Thread-16 :20200 [dir_watcher.py:_on_file_created():278] file/dir created: C:\Users\DELL\Downloads\FederatedLearning\OpenFL-extended\openfl-tutorials\boosting-examples\AdaBoostF_Veteran\workspace\wandb\run-20230527_175748-ly083vjz\files\output.log
2023-05-27 17:57:53,686 INFO    Thread-16 :20200 [dir_watcher.py:_on_file_modified():295] file/dir modified: C:\Users\DELL\Downloads\FederatedLearning\OpenFL-extended\openfl-tutorials\boosting-examples\AdaBoostF_Veteran\workspace\wandb\run-20230527_175748-ly083vjz\files\output.log
2023-05-27 17:57:53,838 DEBUG   HandlerThread:20200 [handler.py:handle_request():144] handle_request: status_report
2023-05-27 17:57:55,707 INFO    Thread-16 :20200 [dir_watcher.py:_on_file_modified():295] file/dir modified: C:\Users\DELL\Downloads\FederatedLearning\OpenFL-extended\openfl-tutorials\boosting-examples\AdaBoostF_Veteran\workspace\wandb\run-20230527_175748-ly083vjz\files\output.log
2023-05-27 17:57:58,894 DEBUG   HandlerThread:20200 [handler.py:handle_request():144] handle_request: status_report
2023-05-27 17:58:03,908 DEBUG   HandlerThread:20200 [handler.py:handle_request():144] handle_request: status_report
2023-05-27 17:58:05,533 DEBUG   HandlerThread:20200 [handler.py:handle_request():144] handle_request: stop_status
2023-05-27 17:58:05,533 DEBUG   SenderThread:20200 [sender.py:send_request():402] send_request: stop_status
2023-05-27 17:58:05,789 INFO    Thread-16 :20200 [dir_watcher.py:_on_file_modified():295] file/dir modified: C:\Users\DELL\Downloads\FederatedLearning\OpenFL-extended\openfl-tutorials\boosting-examples\AdaBoostF_Veteran\workspace\wandb\run-20230527_175748-ly083vjz\files\output.log
2023-05-27 17:58:09,724 DEBUG   HandlerThread:20200 [handler.py:handle_request():144] handle_request: status_report
2023-05-27 17:58:15,260 DEBUG   HandlerThread:20200 [handler.py:handle_request():144] handle_request: status_report
2023-05-27 17:58:20,514 DEBUG   HandlerThread:20200 [handler.py:handle_request():144] handle_request: status_report
2023-05-27 17:58:20,554 DEBUG   HandlerThread:20200 [handler.py:handle_request():144] handle_request: stop_status
2023-05-27 17:58:20,690 DEBUG   SenderThread:20200 [sender.py:send_request():402] send_request: stop_status
2023-05-27 17:58:21,562 INFO    Thread-16 :20200 [dir_watcher.py:_on_file_modified():295] file/dir modified: C:\Users\DELL\Downloads\FederatedLearning\OpenFL-extended\openfl-tutorials\boosting-examples\AdaBoostF_Veteran\workspace\wandb\run-20230527_175748-ly083vjz\files\config.yaml
2023-05-27 17:58:25,874 DEBUG   HandlerThread:20200 [handler.py:handle_request():144] handle_request: status_report
2023-05-27 17:58:30,936 DEBUG   HandlerThread:20200 [handler.py:handle_request():144] handle_request: status_report
2023-05-27 17:58:35,554 DEBUG   HandlerThread:20200 [handler.py:handle_request():144] handle_request: stop_status
2023-05-27 17:58:35,554 DEBUG   SenderThread:20200 [sender.py:send_request():402] send_request: stop_status
2023-05-27 17:58:36,713 DEBUG   HandlerThread:20200 [handler.py:handle_request():144] handle_request: status_report
2023-05-27 17:58:41,746 DEBUG   HandlerThread:20200 [handler.py:handle_request():144] handle_request: status_report
2023-05-27 17:58:46,777 DEBUG   HandlerThread:20200 [handler.py:handle_request():144] handle_request: status_report
2023-05-27 17:58:50,022 DEBUG   SystemMonitor:20200 [system_monitor.py:_start():159] Starting system metrics aggregation loop
2023-05-27 17:58:50,022 DEBUG   SenderThread:20200 [sender.py:send():375] send: stats
2023-05-27 17:58:50,558 DEBUG   HandlerThread:20200 [handler.py:handle_request():144] handle_request: stop_status
2023-05-27 17:58:50,558 DEBUG   SenderThread:20200 [sender.py:send_request():402] send_request: stop_status
2023-05-27 17:58:55,624 DEBUG   HandlerThread:20200 [handler.py:handle_request():144] handle_request: keepalive
2023-05-27 17:59:00,759 DEBUG   HandlerThread:20200 [handler.py:handle_request():144] handle_request: keepalive
2023-05-27 17:59:04,205 INFO    SenderThread:20200 [retry.py:__call__():172] Retry attempt failed:
Traceback (most recent call last):
  File "C:\Users\DELL\AppData\Roaming\Python\Python38\site-packages\urllib3\connectionpool.py", line 703, in urlopen
    httplib_response = self._make_request(
  File "C:\Users\DELL\AppData\Roaming\Python\Python38\site-packages\urllib3\connectionpool.py", line 386, in _make_request
    self._validate_conn(conn)
  File "C:\Users\DELL\AppData\Roaming\Python\Python38\site-packages\urllib3\connectionpool.py", line 1042, in _validate_conn
    conn.connect()
  File "C:\Users\DELL\AppData\Roaming\Python\Python38\site-packages\urllib3\connection.py", line 419, in connect
    self.sock = ssl_wrap_socket(
  File "C:\Users\DELL\AppData\Roaming\Python\Python38\site-packages\urllib3\util\ssl_.py", line 449, in ssl_wrap_socket
    ssl_sock = _ssl_wrap_socket_impl(
  File "C:\Users\DELL\AppData\Roaming\Python\Python38\site-packages\urllib3\util\ssl_.py", line 493, in _ssl_wrap_socket_impl
    return ssl_context.wrap_socket(sock, server_hostname=server_hostname)
  File "C:\Users\DELL\anaconda3\envs\myenv\lib\ssl.py", line 500, in wrap_socket
    return self.sslsocket_class._create(
  File "C:\Users\DELL\anaconda3\envs\myenv\lib\ssl.py", line 1040, in _create
    self.do_handshake()
  File "C:\Users\DELL\anaconda3\envs\myenv\lib\ssl.py", line 1309, in do_handshake
    self._sslobj.do_handshake()
ssl.SSLCertVerificationError: [SSL: CERTIFICATE_VERIFY_FAILED] certificate verify failed: unable to get local issuer certificate (_ssl.c:1131)

During handling of the above exception, another exception occurred:

Traceback (most recent call last):
  File "C:\Users\DELL\AppData\Roaming\Python\Python38\site-packages\requests\adapters.py", line 489, in send
    resp = conn.urlopen(
  File "C:\Users\DELL\AppData\Roaming\Python\Python38\site-packages\urllib3\connectionpool.py", line 787, in urlopen
    retries = retries.increment(
  File "C:\Users\DELL\AppData\Roaming\Python\Python38\site-packages\urllib3\util\retry.py", line 592, in increment
    raise MaxRetryError(_pool, url, error or ResponseError(cause))
urllib3.exceptions.MaxRetryError: HTTPSConnectionPool(host='api.wandb.ai', port=443): Max retries exceeded with url: /graphql (Caused by SSLError(SSLCertVerificationError(1, '[SSL: CERTIFICATE_VERIFY_FAILED] certificate verify failed: unable to get local issuer certificate (_ssl.c:1131)')))

During handling of the above exception, another exception occurred:

Traceback (most recent call last):
  File "C:\Users\DELL\AppData\Roaming\Python\Python38\site-packages\wandb\sdk\lib\retry.py", line 131, in __call__
    result = self._call_fn(*args, **kwargs)
  File "C:\Users\DELL\AppData\Roaming\Python\Python38\site-packages\wandb\sdk\internal\internal_api.py", line 285, in execute
    return self.client.execute(*args, **kwargs)  # type: ignore
  File "C:\Users\DELL\AppData\Roaming\Python\Python38\site-packages\wandb\vendor\gql-0.2.0\wandb_gql\client.py", line 52, in execute
    result = self._get_result(document, *args, **kwargs)
  File "C:\Users\DELL\AppData\Roaming\Python\Python38\site-packages\wandb\vendor\gql-0.2.0\wandb_gql\client.py", line 60, in _get_result
    return self.transport.execute(document, *args, **kwargs)
  File "C:\Users\DELL\AppData\Roaming\Python\Python38\site-packages\wandb\sdk\lib\gql_request.py", line 55, in execute
    request = self.session.post(self.url, **post_args)
  File "C:\Users\DELL\AppData\Roaming\Python\Python38\site-packages\requests\sessions.py", line 635, in post
    return self.request("POST", url, data=data, json=json, **kwargs)
  File "C:\Users\DELL\AppData\Roaming\Python\Python38\site-packages\requests\sessions.py", line 587, in request
    resp = self.send(prep, **send_kwargs)
  File "C:\Users\DELL\AppData\Roaming\Python\Python38\site-packages\requests\sessions.py", line 701, in send
    r = adapter.send(request, **kwargs)
  File "C:\Users\DELL\AppData\Roaming\Python\Python38\site-packages\requests\adapters.py", line 563, in send
    raise SSLError(e, request=request)
requests.exceptions.SSLError: HTTPSConnectionPool(host='api.wandb.ai', port=443): Max retries exceeded with url: /graphql (Caused by SSLError(SSLCertVerificationError(1, '[SSL: CERTIFICATE_VERIFY_FAILED] certificate verify failed: unable to get local issuer certificate (_ssl.c:1131)')))
2023-05-27 17:59:09,026 DEBUG   HandlerThread:20200 [handler.py:handle_request():144] handle_request: status_report
2023-05-27 17:59:09,290 WARNING FileStreamThread:20200 [file_stream.py:request_with_retry():670] requests_with_retry encountered retryable exception: ('Connection aborted.', TimeoutError(10060, 'Une tentative de connexion a échoué car le parti connecté na pas répondu convenablement au-delà dune certaine durée ou une connexion établie a échoué car lhôte de connexion na pas répondu', None, 10060, None)). func: <bound method Session.post of <requests.sessions.Session object at 0x000001DF9FBFABE0>>, args: ('https://api.wandb.ai/files/harrak-oussama2002/Federated_Learning_Veteran/ly083vjz/file_stream',), kwargs: {'json': {'files': {'wandb-events.jsonl': {'offset': 0, 'content': ['{"system.proc.memory.availableMB": 536.32, "system.memory": 93.35, "system.proc.memory.rssMB": 351.65, "system.proc.memory.percent": 4.36, "system.disk": 96.42, "system.cpu": 9.61, "system.cpu.0.cpu_percent": 45.26, "system.cpu.1.cpu_percent": 40.84, "system.cpu.2.cpu_percent": 50.21, "system.cpu.3.cpu_percent": 43.6, "system.proc.cpu.threads": 19, "system.network.sent": 3245024.27, "system.network.recv": 201700.0, "_wandb": true, "_timestamp": 1685203130.022406, "_runtime": 61.247427}']}}, 'dropped': 0}}
2023-05-27 17:59:09,932 INFO    Thread-16 :20200 [dir_watcher.py:_on_file_modified():295] file/dir modified: C:\Users\DELL\Downloads\FederatedLearning\OpenFL-extended\openfl-tutorials\boosting-examples\AdaBoostF_Veteran\workspace\wandb\run-20230527_175748-ly083vjz\files\output.log
2023-05-27 17:59:10,825 DEBUG   HandlerThread:20200 [handler.py:handle_request():144] handle_request: keepalive
2023-05-27 17:59:14,106 DEBUG   HandlerThread:20200 [handler.py:handle_request():144] handle_request: status_report
2023-05-27 17:59:15,861 DEBUG   HandlerThread:20200 [handler.py:handle_request():144] handle_request: keepalive
2023-05-27 17:59:19,159 DEBUG   HandlerThread:20200 [handler.py:handle_request():144] handle_request: status_report
2023-05-27 17:59:20,046 DEBUG   SenderThread:20200 [sender.py:send():375] send: stats
2023-05-27 17:59:24,617 DEBUG   HandlerThread:20200 [handler.py:handle_request():144] handle_request: status_report
2023-05-27 17:59:25,465 DEBUG   SenderThread:20200 [sender.py:send():375] send: exit
2023-05-27 17:59:25,465 INFO    SenderThread:20200 [sender.py:send_exit():598] handling exit code: 0
2023-05-27 17:59:25,473 INFO    SenderThread:20200 [sender.py:send_exit():600] handling runtime: 95
2023-05-27 17:59:25,473 INFO    SenderThread:20200 [sender.py:_save_file():1378] saving file wandb-summary.json with policy end
2023-05-27 17:59:25,481 INFO    SenderThread:20200 [sender.py:send_exit():606] send defer
2023-05-27 17:59:25,481 DEBUG   HandlerThread:20200 [handler.py:handle_request():144] handle_request: defer
2023-05-27 17:59:25,481 INFO    HandlerThread:20200 [handler.py:handle_request_defer():170] handle defer: 0
2023-05-27 17:59:25,481 DEBUG   SenderThread:20200 [sender.py:send_request():402] send_request: defer
2023-05-27 17:59:25,481 INFO    SenderThread:20200 [sender.py:send_request_defer():622] handle sender defer: 0
2023-05-27 17:59:25,481 INFO    SenderThread:20200 [sender.py:transition_state():626] send defer: 1
2023-05-27 17:59:25,481 DEBUG   HandlerThread:20200 [handler.py:handle_request():144] handle_request: defer
2023-05-27 17:59:25,489 INFO    HandlerThread:20200 [handler.py:handle_request_defer():170] handle defer: 1
2023-05-27 17:59:25,489 DEBUG   SenderThread:20200 [sender.py:send_request():402] send_request: defer
2023-05-27 17:59:25,489 INFO    SenderThread:20200 [sender.py:send_request_defer():622] handle sender defer: 1
2023-05-27 17:59:25,489 INFO    SenderThread:20200 [sender.py:transition_state():626] send defer: 2
2023-05-27 17:59:25,489 DEBUG   HandlerThread:20200 [handler.py:handle_request():144] handle_request: defer
2023-05-27 17:59:25,489 INFO    HandlerThread:20200 [handler.py:handle_request_defer():170] handle defer: 2
2023-05-27 17:59:25,489 INFO    HandlerThread:20200 [system_monitor.py:finish():190] Stopping system monitor
2023-05-27 17:59:25,489 DEBUG   SystemMonitor:20200 [system_monitor.py:_start():166] Finished system metrics aggregation loop
2023-05-27 17:59:25,489 INFO    HandlerThread:20200 [interfaces.py:finish():202] Joined cpu monitor
2023-05-27 17:59:25,489 DEBUG   SystemMonitor:20200 [system_monitor.py:_start():170] Publishing last batch of metrics
2023-05-27 17:59:25,489 INFO    HandlerThread:20200 [interfaces.py:finish():202] Joined disk monitor
2023-05-27 17:59:25,489 INFO    HandlerThread:20200 [interfaces.py:finish():202] Joined memory monitor
2023-05-27 17:59:25,489 INFO    HandlerThread:20200 [interfaces.py:finish():202] Joined network monitor
2023-05-27 17:59:25,497 DEBUG   SenderThread:20200 [sender.py:send_request():402] send_request: defer
2023-05-27 17:59:25,497 INFO    SenderThread:20200 [sender.py:send_request_defer():622] handle sender defer: 2
2023-05-27 17:59:25,497 INFO    SenderThread:20200 [sender.py:transition_state():626] send defer: 3
2023-05-27 17:59:25,497 DEBUG   SenderThread:20200 [sender.py:send():375] send: stats
2023-05-27 17:59:25,497 DEBUG   HandlerThread:20200 [handler.py:handle_request():144] handle_request: defer
2023-05-27 17:59:25,497 INFO    HandlerThread:20200 [handler.py:handle_request_defer():170] handle defer: 3
2023-05-27 17:59:25,497 DEBUG   SenderThread:20200 [sender.py:send_request():402] send_request: defer
2023-05-27 17:59:25,497 INFO    SenderThread:20200 [sender.py:send_request_defer():622] handle sender defer: 3
2023-05-27 17:59:25,497 INFO    SenderThread:20200 [sender.py:transition_state():626] send defer: 4
2023-05-27 17:59:25,497 DEBUG   HandlerThread:20200 [handler.py:handle_request():144] handle_request: defer
2023-05-27 17:59:25,497 INFO    HandlerThread:20200 [handler.py:handle_request_defer():170] handle defer: 4
2023-05-27 17:59:25,497 DEBUG   SenderThread:20200 [sender.py:send_request():402] send_request: defer
2023-05-27 17:59:25,497 INFO    SenderThread:20200 [sender.py:send_request_defer():622] handle sender defer: 4
2023-05-27 17:59:25,497 INFO    SenderThread:20200 [sender.py:transition_state():626] send defer: 5
2023-05-27 17:59:25,497 DEBUG   HandlerThread:20200 [handler.py:handle_request():144] handle_request: defer
2023-05-27 17:59:25,497 INFO    HandlerThread:20200 [handler.py:handle_request_defer():170] handle defer: 5
2023-05-27 17:59:25,505 DEBUG   SenderThread:20200 [sender.py:send():375] send: summary
2023-05-27 17:59:25,505 INFO    SenderThread:20200 [sender.py:_save_file():1378] saving file wandb-summary.json with policy end
2023-05-27 17:59:25,505 DEBUG   SenderThread:20200 [sender.py:send_request():402] send_request: defer
2023-05-27 17:59:25,505 INFO    SenderThread:20200 [sender.py:send_request_defer():622] handle sender defer: 5
2023-05-27 17:59:25,505 INFO    SenderThread:20200 [sender.py:transition_state():626] send defer: 6
2023-05-27 17:59:25,505 DEBUG   HandlerThread:20200 [handler.py:handle_request():144] handle_request: defer
2023-05-27 17:59:25,505 INFO    HandlerThread:20200 [handler.py:handle_request_defer():170] handle defer: 6
2023-05-27 17:59:25,505 DEBUG   SenderThread:20200 [sender.py:send_request():402] send_request: defer
2023-05-27 17:59:25,505 INFO    SenderThread:20200 [sender.py:send_request_defer():622] handle sender defer: 6
2023-05-27 17:59:25,505 INFO    SenderThread:20200 [sender.py:transition_state():626] send defer: 7
2023-05-27 17:59:25,505 DEBUG   HandlerThread:20200 [handler.py:handle_request():144] handle_request: status_report
2023-05-27 17:59:25,505 DEBUG   HandlerThread:20200 [handler.py:handle_request():144] handle_request: defer
2023-05-27 17:59:25,505 INFO    HandlerThread:20200 [handler.py:handle_request_defer():170] handle defer: 7
2023-05-27 17:59:25,513 DEBUG   SenderThread:20200 [sender.py:send_request():402] send_request: defer
2023-05-27 17:59:25,513 INFO    SenderThread:20200 [sender.py:send_request_defer():622] handle sender defer: 7
2023-05-27 17:59:26,316 INFO    Thread-16 :20200 [dir_watcher.py:_on_file_modified():295] file/dir modified: C:\Users\DELL\Downloads\FederatedLearning\OpenFL-extended\openfl-tutorials\boosting-examples\AdaBoostF_Veteran\workspace\wandb\run-20230527_175748-ly083vjz\files\output.log
2023-05-27 17:59:26,316 INFO    Thread-16 :20200 [dir_watcher.py:_on_file_modified():295] file/dir modified: C:\Users\DELL\Downloads\FederatedLearning\OpenFL-extended\openfl-tutorials\boosting-examples\AdaBoostF_Veteran\workspace\wandb\run-20230527_175748-ly083vjz\files\wandb-summary.json
2023-05-27 17:59:26,476 DEBUG   HandlerThread:20200 [handler.py:handle_request():144] handle_request: poll_exit
2023-05-27 17:59:27,896 INFO    SenderThread:20200 [sender.py:transition_state():626] send defer: 8
2023-05-27 17:59:27,896 DEBUG   SenderThread:20200 [sender.py:send_request():402] send_request: poll_exit
2023-05-27 17:59:27,904 DEBUG   HandlerThread:20200 [handler.py:handle_request():144] handle_request: defer
2023-05-27 17:59:27,904 INFO    HandlerThread:20200 [handler.py:handle_request_defer():170] handle defer: 8
2023-05-27 17:59:27,904 DEBUG   SenderThread:20200 [sender.py:send_request():402] send_request: defer
2023-05-27 17:59:27,904 INFO    SenderThread:20200 [sender.py:send_request_defer():622] handle sender defer: 8
2023-05-27 17:59:28,069 INFO    SenderThread:20200 [sender.py:transition_state():626] send defer: 9
2023-05-27 17:59:28,069 DEBUG   HandlerThread:20200 [handler.py:handle_request():144] handle_request: defer
2023-05-27 17:59:28,069 DEBUG   SenderThread:20200 [sender.py:send():375] send: artifact
2023-05-27 17:59:28,069 INFO    HandlerThread:20200 [handler.py:handle_request_defer():170] handle defer: 9
2023-05-27 17:59:28,335 INFO    Thread-16 :20200 [dir_watcher.py:_on_file_modified():295] file/dir modified: C:\Users\DELL\Downloads\FederatedLearning\OpenFL-extended\openfl-tutorials\boosting-examples\AdaBoostF_Veteran\workspace\wandb\run-20230527_175748-ly083vjz\files\output.log
2023-05-27 17:59:29,240 INFO    SenderThread:20200 [sender.py:send_artifact():1474] sent artifact job-https___github.com_alpha-unito_OpenFL-extended.git_openfl-t..sting-examples_AdaBoostF_Veteran_workspace_AdaBoostF_Veteran.py - {'id': 'QXJ0aWZhY3Q6NDUxMDM5Mjc1', 'digest': 'ffe4556bc6718fb18d1ac2dcb5f2b320', 'state': 'COMMITTED', 'aliases': [{'artifactCollectionName': 'job-https___github.com_alpha-unito_OpenFL-extended.git_openfl-t..sting-examples_AdaBoostF_Veteran_workspace_AdaBoostF_Veteran.py', 'alias': 'latest'}, {'artifactCollectionName': 'job-https___github.com_alpha-unito_OpenFL-extended.git_openfl-t..sting-examples_AdaBoostF_Veteran_workspace_AdaBoostF_Veteran.py', 'alias': 'v0'}], 'artifactSequence': {'id': 'QXJ0aWZhY3RDb2xsZWN0aW9uOjY4NTMwNDI1', 'latestArtifact': {'id': 'QXJ0aWZhY3Q6NDUxMDM5Mjc1', 'versionIndex': 0}}, 'version': 'v0'}
2023-05-27 17:59:29,240 DEBUG   SenderThread:20200 [sender.py:send_request():402] send_request: defer
2023-05-27 17:59:29,240 INFO    SenderThread:20200 [sender.py:send_request_defer():622] handle sender defer: 9
2023-05-27 17:59:29,240 INFO    SenderThread:20200 [dir_watcher.py:finish():365] shutting down directory watcher
2023-05-27 17:59:29,344 INFO    SenderThread:20200 [dir_watcher.py:finish():395] scan: C:\Users\DELL\Downloads\FederatedLearning\OpenFL-extended\openfl-tutorials\boosting-examples\AdaBoostF_Veteran\workspace\wandb\run-20230527_175748-ly083vjz\files
2023-05-27 17:59:29,344 INFO    SenderThread:20200 [dir_watcher.py:finish():409] scan save: C:\Users\DELL\Downloads\FederatedLearning\OpenFL-extended\openfl-tutorials\boosting-examples\AdaBoostF_Veteran\workspace\wandb\run-20230527_175748-ly083vjz\files\conda-environment.yaml conda-environment.yaml
2023-05-27 17:59:29,344 INFO    SenderThread:20200 [dir_watcher.py:finish():409] scan save: C:\Users\DELL\Downloads\FederatedLearning\OpenFL-extended\openfl-tutorials\boosting-examples\AdaBoostF_Veteran\workspace\wandb\run-20230527_175748-ly083vjz\files\config.yaml config.yaml
2023-05-27 17:59:29,344 INFO    SenderThread:20200 [dir_watcher.py:finish():409] scan save: C:\Users\DELL\Downloads\FederatedLearning\OpenFL-extended\openfl-tutorials\boosting-examples\AdaBoostF_Veteran\workspace\wandb\run-20230527_175748-ly083vjz\files\output.log output.log
2023-05-27 17:59:29,352 INFO    SenderThread:20200 [dir_watcher.py:finish():409] scan save: C:\Users\DELL\Downloads\FederatedLearning\OpenFL-extended\openfl-tutorials\boosting-examples\AdaBoostF_Veteran\workspace\wandb\run-20230527_175748-ly083vjz\files\requirements.txt requirements.txt
2023-05-27 17:59:29,360 INFO    SenderThread:20200 [dir_watcher.py:finish():409] scan save: C:\Users\DELL\Downloads\FederatedLearning\OpenFL-extended\openfl-tutorials\boosting-examples\AdaBoostF_Veteran\workspace\wandb\run-20230527_175748-ly083vjz\files\wandb-metadata.json wandb-metadata.json
2023-05-27 17:59:29,360 INFO    SenderThread:20200 [dir_watcher.py:finish():409] scan save: C:\Users\DELL\Downloads\FederatedLearning\OpenFL-extended\openfl-tutorials\boosting-examples\AdaBoostF_Veteran\workspace\wandb\run-20230527_175748-ly083vjz\files\wandb-summary.json wandb-summary.json
2023-05-27 17:59:29,384 INFO    SenderThread:20200 [sender.py:transition_state():626] send defer: 10
2023-05-27 17:59:29,384 DEBUG   HandlerThread:20200 [handler.py:handle_request():144] handle_request: defer
2023-05-27 17:59:29,384 INFO    HandlerThread:20200 [handler.py:handle_request_defer():170] handle defer: 10
2023-05-27 17:59:29,392 DEBUG   SenderThread:20200 [sender.py:send_request():402] send_request: defer
2023-05-27 17:59:29,392 INFO    SenderThread:20200 [sender.py:send_request_defer():622] handle sender defer: 10
2023-05-27 17:59:29,392 INFO    SenderThread:20200 [file_pusher.py:finish():168] shutting down file pusher
2023-05-27 17:59:29,872 INFO    wandb-upload_0:20200 [upload_job.py:push():137] Uploaded file C:\Users\DELL\Downloads\FederatedLearning\OpenFL-extended\openfl-tutorials\boosting-examples\AdaBoostF_Veteran\workspace\wandb\run-20230527_175748-ly083vjz\files\config.yaml
2023-05-27 17:59:30,000 INFO    wandb-upload_1:20200 [upload_job.py:push():137] Uploaded file C:\Users\DELL\Downloads\FederatedLearning\OpenFL-extended\openfl-tutorials\boosting-examples\AdaBoostF_Veteran\workspace\wandb\run-20230527_175748-ly083vjz\files\output.log
2023-05-27 17:59:30,048 INFO    wandb-upload_2:20200 [upload_job.py:push():137] Uploaded file C:\Users\DELL\Downloads\FederatedLearning\OpenFL-extended\openfl-tutorials\boosting-examples\AdaBoostF_Veteran\workspace\wandb\run-20230527_175748-ly083vjz\files\requirements.txt
2023-05-27 17:59:30,080 INFO    wandb-upload_3:20200 [upload_job.py:push():137] Uploaded file C:\Users\DELL\Downloads\FederatedLearning\OpenFL-extended\openfl-tutorials\boosting-examples\AdaBoostF_Veteran\workspace\wandb\run-20230527_175748-ly083vjz\files\wandb-summary.json
2023-05-27 17:59:30,304 INFO    Thread-15 :20200 [sender.py:transition_state():626] send defer: 11
2023-05-27 17:59:30,304 DEBUG   HandlerThread:20200 [handler.py:handle_request():144] handle_request: defer
2023-05-27 17:59:30,304 INFO    HandlerThread:20200 [handler.py:handle_request_defer():170] handle defer: 11
2023-05-27 17:59:30,304 DEBUG   SenderThread:20200 [sender.py:send_request():402] send_request: defer
2023-05-27 17:59:30,304 INFO    SenderThread:20200 [sender.py:send_request_defer():622] handle sender defer: 11
2023-05-27 17:59:30,304 INFO    SenderThread:20200 [file_pusher.py:join():173] waiting for file pusher
2023-05-27 17:59:30,304 INFO    SenderThread:20200 [sender.py:transition_state():626] send defer: 12
2023-05-27 17:59:30,304 DEBUG   HandlerThread:20200 [handler.py:handle_request():144] handle_request: defer
2023-05-27 17:59:30,304 INFO    HandlerThread:20200 [handler.py:handle_request_defer():170] handle defer: 12
2023-05-27 17:59:30,304 DEBUG   SenderThread:20200 [sender.py:send_request():402] send_request: defer
2023-05-27 17:59:30,304 INFO    SenderThread:20200 [sender.py:send_request_defer():622] handle sender defer: 12
2023-05-27 17:59:30,974 INFO    SenderThread:20200 [sender.py:transition_state():626] send defer: 13
2023-05-27 17:59:30,974 DEBUG   HandlerThread:20200 [handler.py:handle_request():144] handle_request: defer
2023-05-27 17:59:30,974 INFO    HandlerThread:20200 [handler.py:handle_request_defer():170] handle defer: 13
2023-05-27 17:59:30,974 DEBUG   SenderThread:20200 [sender.py:send_request():402] send_request: defer
2023-05-27 17:59:30,974 INFO    SenderThread:20200 [sender.py:send_request_defer():622] handle sender defer: 13
2023-05-27 17:59:30,974 INFO    SenderThread:20200 [sender.py:transition_state():626] send defer: 14
2023-05-27 17:59:30,974 DEBUG   HandlerThread:20200 [handler.py:handle_request():144] handle_request: defer
2023-05-27 17:59:30,974 DEBUG   SenderThread:20200 [sender.py:send():375] send: final
2023-05-27 17:59:30,974 INFO    HandlerThread:20200 [handler.py:handle_request_defer():170] handle defer: 14
2023-05-27 17:59:30,974 DEBUG   SenderThread:20200 [sender.py:send():375] send: footer
2023-05-27 17:59:30,974 DEBUG   SenderThread:20200 [sender.py:send_request():402] send_request: defer
2023-05-27 17:59:30,974 INFO    SenderThread:20200 [sender.py:send_request_defer():622] handle sender defer: 14
2023-05-27 17:59:30,974 DEBUG   HandlerThread:20200 [handler.py:handle_request():144] handle_request: poll_exit
2023-05-27 17:59:30,974 DEBUG   HandlerThread:20200 [handler.py:handle_request():144] handle_request: server_info
2023-05-27 17:59:30,974 DEBUG   HandlerThread:20200 [handler.py:handle_request():144] handle_request: get_summary
2023-05-27 17:59:30,974 DEBUG   SenderThread:20200 [sender.py:send_request():402] send_request: poll_exit
2023-05-27 17:59:30,974 DEBUG   HandlerThread:20200 [handler.py:handle_request():144] handle_request: sampled_history
2023-05-27 17:59:30,974 DEBUG   SenderThread:20200 [sender.py:send_request():402] send_request: server_info
2023-05-27 17:59:31,130 INFO    MainThread:20200 [wandb_run.py:_footer_history_summary_info():3476] rendering history
2023-05-27 17:59:31,130 INFO    MainThread:20200 [wandb_run.py:_footer_history_summary_info():3508] rendering summary
2023-05-27 17:59:31,130 INFO    MainThread:20200 [wandb_run.py:_footer_sync_info():3434] logging synced files
2023-05-27 17:59:31,145 DEBUG   HandlerThread:20200 [handler.py:handle_request():144] handle_request: shutdown
2023-05-27 17:59:31,145 INFO    HandlerThread:20200 [handler.py:finish():845] shutting down handler
2023-05-27 17:59:31,989 INFO    WriterThread:20200 [datastore.py:close():298] close: C:\Users\DELL\Downloads\FederatedLearning\OpenFL-extended\openfl-tutorials\boosting-examples\AdaBoostF_Veteran\workspace\wandb\run-20230527_175748-ly083vjz\run-ly083vjz.wandb
2023-05-27 17:59:32,145 INFO    SenderThread:20200 [sender.py:finish():1550] shutting down sender
2023-05-27 17:59:32,145 INFO    SenderThread:20200 [file_pusher.py:finish():168] shutting down file pusher
2023-05-27 17:59:32,145 INFO    SenderThread:20200 [file_pusher.py:join():173] waiting for file pusher
