2023-06-01 17:47:58,178 INFO    StreamThr :10836 [internal.py:wandb_internal():86] W&B internal server running at pid: 10836, started at: 2023-06-01 17:47:58.178997
2023-06-01 17:47:58,182 DEBUG   HandlerThread:10836 [handler.py:handle_request():144] handle_request: status
2023-06-01 17:47:58,187 INFO    WriterThread:10836 [datastore.py:open_for_write():85] open: C:\Users\DELL\Downloads\FederatedLearning\OpenFL-extended\openfl-tutorials\boosting-examples\AdaBoostF_Veteran\workspace\wandb\run-20230601_174758-0zqaq1vw\run-0zqaq1vw.wandb
2023-06-01 17:47:58,194 DEBUG   SenderThread:10836 [sender.py:send():375] send: header
2023-06-01 17:47:58,327 DEBUG   SenderThread:10836 [sender.py:send():375] send: run
2023-06-01 17:47:58,830 DEBUG   HandlerThread:10836 [handler.py:handle_request():144] handle_request: check_version
2023-06-01 17:47:58,833 INFO    SenderThread:10836 [dir_watcher.py:__init__():219] watching files in: C:\Users\DELL\Downloads\FederatedLearning\OpenFL-extended\openfl-tutorials\boosting-examples\AdaBoostF_Veteran\workspace\wandb\run-20230601_174758-0zqaq1vw\files
2023-06-01 17:47:58,834 INFO    SenderThread:10836 [sender.py:_start_run_threads():1124] run started: 0zqaq1vw with start time 1685634478.181996
2023-06-01 17:47:58,834 DEBUG   SenderThread:10836 [sender.py:send_request():402] send_request: summary_record
2023-06-01 17:47:58,835 INFO    SenderThread:10836 [sender.py:_save_file():1378] saving file wandb-summary.json with policy end
2023-06-01 17:47:58,836 DEBUG   SenderThread:10836 [sender.py:send_request():402] send_request: check_version
2023-06-01 17:47:59,010 DEBUG   HandlerThread:10836 [handler.py:handle_request():144] handle_request: run_start
2023-06-01 17:47:59,029 DEBUG   HandlerThread:10836 [system_info.py:__init__():31] System info init
2023-06-01 17:47:59,030 DEBUG   HandlerThread:10836 [system_info.py:__init__():46] System info init done
2023-06-01 17:47:59,030 INFO    HandlerThread:10836 [system_monitor.py:start():181] Starting system monitor
2023-06-01 17:47:59,031 INFO    SystemMonitor:10836 [system_monitor.py:_start():145] Starting system asset monitoring threads
2023-06-01 17:47:59,031 INFO    HandlerThread:10836 [system_monitor.py:probe():201] Collecting system info
2023-06-01 17:47:59,035 INFO    SystemMonitor:10836 [interfaces.py:start():190] Started cpu monitoring
2023-06-01 17:47:59,036 DEBUG   HandlerThread:10836 [system_info.py:probe():195] Probing system
2023-06-01 17:47:59,036 INFO    SystemMonitor:10836 [interfaces.py:start():190] Started disk monitoring
2023-06-01 17:47:59,038 INFO    SystemMonitor:10836 [interfaces.py:start():190] Started memory monitoring
2023-06-01 17:47:59,052 INFO    SystemMonitor:10836 [interfaces.py:start():190] Started network monitoring
2023-06-01 17:47:59,055 DEBUG   HandlerThread:10836 [system_info.py:_probe_git():180] Probing git
2023-06-01 17:47:59,251 DEBUG   HandlerThread:10836 [system_info.py:_probe_git():188] Probing git done
2023-06-01 17:47:59,251 DEBUG   HandlerThread:10836 [system_info.py:probe():240] Probing system done
2023-06-01 17:47:59,251 DEBUG   HandlerThread:10836 [system_monitor.py:probe():210] {'os': 'Windows-10-10.0.19044-SP0', 'python': '3.8.16', 'heartbeatAt': '2023-06-01T15:47:59.036380', 'startedAt': '2023-06-01T15:47:58.141027', 'docker': None, 'cuda': None, 'args': (), 'state': 'running', 'program': 'AdaBoostF_Veteran.py', 'codePath': 'openfl-tutorials\\boosting-examples\\AdaBoostF_Veteran\\workspace\\AdaBoostF_Veteran.py', 'git': {'remote': 'https://github.com/alpha-unito/OpenFL-extended.git', 'commit': '3c9b6cdacb3b5cdef8384322b571b2e9b2d9dd8c'}, 'email': None, 'root': 'C:/Users/DELL/Downloads/FederatedLearning/OpenFL-extended', 'host': 'DESKTOP-5AJHE86', 'username': 'DELL', 'executable': 'C:\\Users\\DELL\\anaconda3\\envs\\myenv\\python.exe', 'cpu_count': 2, 'cpu_count_logical': 4, 'cpu_freq': {'current': 2200.0, 'min': 0.0, 'max': 2301.0}, 'cpu_freq_per_core': [{'current': 2200.0, 'min': 0.0, 'max': 2301.0}], 'disk': {'total': 133.58313751220703, 'used': 125.92542266845703}, 'memory': {'total': 7.874275207519531}}
2023-06-01 17:47:59,252 INFO    HandlerThread:10836 [system_monitor.py:probe():211] Finished collecting system info
2023-06-01 17:47:59,252 INFO    HandlerThread:10836 [system_monitor.py:probe():214] Publishing system info
2023-06-01 17:47:59,252 DEBUG   HandlerThread:10836 [system_info.py:_save_pip():51] Saving list of pip packages installed into the current environment
2023-06-01 17:47:59,253 DEBUG   HandlerThread:10836 [system_info.py:_save_pip():67] Saving pip packages done
2023-06-01 17:47:59,253 DEBUG   HandlerThread:10836 [system_info.py:_save_conda():74] Saving list of conda packages installed into the current environment
2023-06-01 17:47:59,258 ERROR   HandlerThread:10836 [system_info.py:_save_conda():85] Error saving conda packages: [WinError 2] Le fichier spécifié est introuvable
Traceback (most recent call last):
  File "C:\Users\DELL\AppData\Roaming\Python\Python38\site-packages\wandb\sdk\internal\system\system_info.py", line 81, in _save_conda
    subprocess.call(
  File "C:\Users\DELL\anaconda3\envs\myenv\lib\subprocess.py", line 340, in call
    with Popen(*popenargs, **kwargs) as p:
  File "C:\Users\DELL\anaconda3\envs\myenv\lib\subprocess.py", line 858, in __init__
    self._execute_child(args, executable, preexec_fn, close_fds,
  File "C:\Users\DELL\anaconda3\envs\myenv\lib\subprocess.py", line 1311, in _execute_child
    hp, ht, pid, tid = _winapi.CreateProcess(executable, args,
FileNotFoundError: [WinError 2] Le fichier spécifié est introuvable
2023-06-01 17:47:59,262 DEBUG   HandlerThread:10836 [system_info.py:_save_conda():86] Saving conda packages done
2023-06-01 17:47:59,263 INFO    HandlerThread:10836 [system_monitor.py:probe():216] Finished publishing system info
2023-06-01 17:47:59,281 DEBUG   SenderThread:10836 [sender.py:send():375] send: files
2023-06-01 17:47:59,282 INFO    SenderThread:10836 [sender.py:_save_file():1378] saving file wandb-metadata.json with policy now
2023-06-01 17:47:59,300 DEBUG   HandlerThread:10836 [handler.py:handle_request():144] handle_request: stop_status
2023-06-01 17:47:59,301 DEBUG   SenderThread:10836 [sender.py:send_request():402] send_request: stop_status
2023-06-01 17:47:59,548 DEBUG   SenderThread:10836 [sender.py:send():375] send: telemetry
2023-06-01 17:47:59,853 INFO    Thread-16 :10836 [dir_watcher.py:_on_file_created():278] file/dir created: C:\Users\DELL\Downloads\FederatedLearning\OpenFL-extended\openfl-tutorials\boosting-examples\AdaBoostF_Veteran\workspace\wandb\run-20230601_174758-0zqaq1vw\files\wandb-metadata.json
2023-06-01 17:47:59,854 INFO    Thread-16 :10836 [dir_watcher.py:_on_file_created():278] file/dir created: C:\Users\DELL\Downloads\FederatedLearning\OpenFL-extended\openfl-tutorials\boosting-examples\AdaBoostF_Veteran\workspace\wandb\run-20230601_174758-0zqaq1vw\files\output.log
2023-06-01 17:47:59,854 INFO    Thread-16 :10836 [dir_watcher.py:_on_file_created():278] file/dir created: C:\Users\DELL\Downloads\FederatedLearning\OpenFL-extended\openfl-tutorials\boosting-examples\AdaBoostF_Veteran\workspace\wandb\run-20230601_174758-0zqaq1vw\files\wandb-summary.json
2023-06-01 17:47:59,854 INFO    Thread-16 :10836 [dir_watcher.py:_on_file_created():278] file/dir created: C:\Users\DELL\Downloads\FederatedLearning\OpenFL-extended\openfl-tutorials\boosting-examples\AdaBoostF_Veteran\workspace\wandb\run-20230601_174758-0zqaq1vw\files\conda-environment.yaml
2023-06-01 17:47:59,855 INFO    Thread-16 :10836 [dir_watcher.py:_on_file_created():278] file/dir created: C:\Users\DELL\Downloads\FederatedLearning\OpenFL-extended\openfl-tutorials\boosting-examples\AdaBoostF_Veteran\workspace\wandb\run-20230601_174758-0zqaq1vw\files\requirements.txt
2023-06-01 17:47:59,904 INFO    wandb-upload_0:10836 [upload_job.py:push():137] Uploaded file C:\Users\DELL\AppData\Local\Temp\tmp8yhaza_kwandb\ahqh68m4-wandb-metadata.json
2023-06-01 17:48:01,871 INFO    Thread-16 :10836 [dir_watcher.py:_on_file_modified():295] file/dir modified: C:\Users\DELL\Downloads\FederatedLearning\OpenFL-extended\openfl-tutorials\boosting-examples\AdaBoostF_Veteran\workspace\wandb\run-20230601_174758-0zqaq1vw\files\output.log
2023-06-01 17:48:02,881 INFO    Thread-16 :10836 [dir_watcher.py:_on_file_modified():295] file/dir modified: C:\Users\DELL\Downloads\FederatedLearning\OpenFL-extended\openfl-tutorials\boosting-examples\AdaBoostF_Veteran\workspace\wandb\run-20230601_174758-0zqaq1vw\files\output.log
2023-06-01 17:48:03,481 DEBUG   HandlerThread:10836 [handler.py:handle_request():144] handle_request: status_report
2023-06-01 17:48:07,923 INFO    Thread-16 :10836 [dir_watcher.py:_on_file_modified():295] file/dir modified: C:\Users\DELL\Downloads\FederatedLearning\OpenFL-extended\openfl-tutorials\boosting-examples\AdaBoostF_Veteran\workspace\wandb\run-20230601_174758-0zqaq1vw\files\output.log
2023-06-01 17:48:09,208 DEBUG   HandlerThread:10836 [handler.py:handle_request():144] handle_request: status_report
2023-06-01 17:48:09,940 INFO    Thread-16 :10836 [dir_watcher.py:_on_file_modified():295] file/dir modified: C:\Users\DELL\Downloads\FederatedLearning\OpenFL-extended\openfl-tutorials\boosting-examples\AdaBoostF_Veteran\workspace\wandb\run-20230601_174758-0zqaq1vw\files\output.log
2023-06-01 17:48:14,335 DEBUG   HandlerThread:10836 [handler.py:handle_request():144] handle_request: stop_status
2023-06-01 17:48:14,335 DEBUG   SenderThread:10836 [sender.py:send_request():402] send_request: stop_status
2023-06-01 17:48:14,513 DEBUG   HandlerThread:10836 [handler.py:handle_request():144] handle_request: status_report
2023-06-01 17:48:19,622 DEBUG   HandlerThread:10836 [handler.py:handle_request():144] handle_request: status_report
2023-06-01 17:48:24,658 DEBUG   HandlerThread:10836 [handler.py:handle_request():144] handle_request: status_report
2023-06-01 17:48:29,351 DEBUG   HandlerThread:10836 [handler.py:handle_request():144] handle_request: stop_status
2023-06-01 17:48:29,353 DEBUG   SenderThread:10836 [sender.py:send_request():402] send_request: stop_status
2023-06-01 17:48:30,555 DEBUG   HandlerThread:10836 [handler.py:handle_request():144] handle_request: status_report
2023-06-01 17:48:31,193 INFO    Thread-16 :10836 [dir_watcher.py:_on_file_modified():295] file/dir modified: C:\Users\DELL\Downloads\FederatedLearning\OpenFL-extended\openfl-tutorials\boosting-examples\AdaBoostF_Veteran\workspace\wandb\run-20230601_174758-0zqaq1vw\files\config.yaml
2023-06-01 17:48:35,896 DEBUG   HandlerThread:10836 [handler.py:handle_request():144] handle_request: status_report
2023-06-01 17:48:40,942 DEBUG   HandlerThread:10836 [handler.py:handle_request():144] handle_request: status_report
2023-06-01 17:48:44,356 DEBUG   HandlerThread:10836 [handler.py:handle_request():144] handle_request: stop_status
2023-06-01 17:48:44,359 DEBUG   SenderThread:10836 [sender.py:send_request():402] send_request: stop_status
2023-06-01 17:48:46,553 DEBUG   HandlerThread:10836 [handler.py:handle_request():144] handle_request: status_report
2023-06-01 17:48:51,609 DEBUG   HandlerThread:10836 [handler.py:handle_request():144] handle_request: status_report
2023-06-01 17:48:56,655 DEBUG   HandlerThread:10836 [handler.py:handle_request():144] handle_request: status_report
2023-06-01 17:48:59,058 DEBUG   SystemMonitor:10836 [system_monitor.py:_start():159] Starting system metrics aggregation loop
2023-06-01 17:48:59,059 DEBUG   SenderThread:10836 [sender.py:send():375] send: stats
2023-06-01 17:48:59,357 DEBUG   HandlerThread:10836 [handler.py:handle_request():144] handle_request: stop_status
2023-06-01 17:48:59,357 DEBUG   SenderThread:10836 [sender.py:send_request():402] send_request: stop_status
2023-06-01 17:49:02,561 DEBUG   HandlerThread:10836 [handler.py:handle_request():144] handle_request: status_report
2023-06-01 17:49:07,609 DEBUG   HandlerThread:10836 [handler.py:handle_request():144] handle_request: status_report
2023-06-01 17:49:12,669 DEBUG   HandlerThread:10836 [handler.py:handle_request():144] handle_request: status_report
2023-06-01 17:49:14,360 DEBUG   HandlerThread:10836 [handler.py:handle_request():144] handle_request: stop_status
2023-06-01 17:49:14,361 DEBUG   SenderThread:10836 [sender.py:send_request():402] send_request: stop_status
2023-06-01 17:49:18,557 DEBUG   HandlerThread:10836 [handler.py:handle_request():144] handle_request: status_report
2023-06-01 17:49:23,614 DEBUG   HandlerThread:10836 [handler.py:handle_request():144] handle_request: status_report
2023-06-01 17:49:28,665 DEBUG   HandlerThread:10836 [handler.py:handle_request():144] handle_request: status_report
2023-06-01 17:49:29,070 DEBUG   SenderThread:10836 [sender.py:send():375] send: stats
2023-06-01 17:49:29,371 DEBUG   HandlerThread:10836 [handler.py:handle_request():144] handle_request: stop_status
2023-06-01 17:49:29,373 DEBUG   SenderThread:10836 [sender.py:send_request():402] send_request: stop_status
2023-06-01 17:49:34,607 DEBUG   HandlerThread:10836 [handler.py:handle_request():144] handle_request: status_report
2023-06-01 17:49:39,642 DEBUG   HandlerThread:10836 [handler.py:handle_request():144] handle_request: status_report
2023-06-01 17:49:44,377 DEBUG   HandlerThread:10836 [handler.py:handle_request():144] handle_request: stop_status
2023-06-01 17:49:44,379 DEBUG   SenderThread:10836 [sender.py:send_request():402] send_request: stop_status
2023-06-01 17:49:45,547 DEBUG   HandlerThread:10836 [handler.py:handle_request():144] handle_request: status_report
2023-06-01 17:49:50,603 DEBUG   HandlerThread:10836 [handler.py:handle_request():144] handle_request: status_report
2023-06-01 17:49:55,660 DEBUG   HandlerThread:10836 [handler.py:handle_request():144] handle_request: status_report
2023-06-01 17:49:59,072 DEBUG   SenderThread:10836 [sender.py:send():375] send: stats
2023-06-01 17:49:59,398 DEBUG   HandlerThread:10836 [handler.py:handle_request():144] handle_request: stop_status
2023-06-01 17:49:59,399 DEBUG   SenderThread:10836 [sender.py:send_request():402] send_request: stop_status
2023-06-01 17:50:01,634 DEBUG   HandlerThread:10836 [handler.py:handle_request():144] handle_request: status_report
2023-06-01 17:50:06,701 DEBUG   HandlerThread:10836 [handler.py:handle_request():144] handle_request: status_report
2023-06-01 17:50:11,750 DEBUG   HandlerThread:10836 [handler.py:handle_request():144] handle_request: status_report
2023-06-01 17:50:14,397 DEBUG   HandlerThread:10836 [handler.py:handle_request():144] handle_request: stop_status
2023-06-01 17:50:14,398 DEBUG   SenderThread:10836 [sender.py:send_request():402] send_request: stop_status
2023-06-01 17:50:17,584 DEBUG   HandlerThread:10836 [handler.py:handle_request():144] handle_request: status_report
2023-06-01 17:50:22,673 DEBUG   HandlerThread:10836 [handler.py:handle_request():144] handle_request: status_report
2023-06-01 17:50:27,765 DEBUG   HandlerThread:10836 [handler.py:handle_request():144] handle_request: status_report
2023-06-01 17:50:29,079 DEBUG   SenderThread:10836 [sender.py:send():375] send: stats
2023-06-01 17:50:29,413 DEBUG   HandlerThread:10836 [handler.py:handle_request():144] handle_request: stop_status
2023-06-01 17:50:29,414 DEBUG   SenderThread:10836 [sender.py:send_request():402] send_request: stop_status
2023-06-01 17:50:33,633 DEBUG   HandlerThread:10836 [handler.py:handle_request():144] handle_request: status_report
2023-06-01 17:50:38,693 DEBUG   HandlerThread:10836 [handler.py:handle_request():144] handle_request: status_report
2023-06-01 17:50:43,732 DEBUG   HandlerThread:10836 [handler.py:handle_request():144] handle_request: status_report
2023-06-01 17:50:44,429 DEBUG   HandlerThread:10836 [handler.py:handle_request():144] handle_request: stop_status
2023-06-01 17:50:44,431 DEBUG   SenderThread:10836 [sender.py:send_request():402] send_request: stop_status
2023-06-01 17:50:48,733 DEBUG   HandlerThread:10836 [handler.py:handle_request():144] handle_request: status_report
2023-06-01 17:50:53,781 DEBUG   HandlerThread:10836 [handler.py:handle_request():144] handle_request: status_report
2023-06-01 17:50:58,854 DEBUG   HandlerThread:10836 [handler.py:handle_request():144] handle_request: status_report
2023-06-01 17:50:59,092 DEBUG   SenderThread:10836 [sender.py:send():375] send: stats
2023-06-01 17:50:59,432 DEBUG   HandlerThread:10836 [handler.py:handle_request():144] handle_request: stop_status
2023-06-01 17:50:59,434 DEBUG   SenderThread:10836 [sender.py:send_request():402] send_request: stop_status
2023-06-01 17:51:04,651 DEBUG   HandlerThread:10836 [handler.py:handle_request():144] handle_request: status_report
2023-06-01 17:51:09,734 DEBUG   HandlerThread:10836 [handler.py:handle_request():144] handle_request: status_report
2023-06-01 17:51:14,446 DEBUG   HandlerThread:10836 [handler.py:handle_request():144] handle_request: stop_status
2023-06-01 17:51:14,446 DEBUG   SenderThread:10836 [sender.py:send_request():402] send_request: stop_status
2023-06-01 17:51:15,643 DEBUG   HandlerThread:10836 [handler.py:handle_request():144] handle_request: status_report
2023-06-01 17:51:20,695 DEBUG   HandlerThread:10836 [handler.py:handle_request():144] handle_request: status_report
2023-06-01 17:51:25,739 DEBUG   HandlerThread:10836 [handler.py:handle_request():144] handle_request: status_report
2023-06-01 17:51:29,106 DEBUG   SenderThread:10836 [sender.py:send():375] send: stats
2023-06-01 17:51:29,452 DEBUG   HandlerThread:10836 [handler.py:handle_request():144] handle_request: stop_status
2023-06-01 17:51:29,453 DEBUG   SenderThread:10836 [sender.py:send_request():402] send_request: stop_status
2023-06-01 17:51:31,660 DEBUG   HandlerThread:10836 [handler.py:handle_request():144] handle_request: status_report
2023-06-01 17:51:36,698 DEBUG   HandlerThread:10836 [handler.py:handle_request():144] handle_request: status_report
2023-06-01 17:51:41,757 DEBUG   HandlerThread:10836 [handler.py:handle_request():144] handle_request: status_report
2023-06-01 17:51:44,452 DEBUG   HandlerThread:10836 [handler.py:handle_request():144] handle_request: stop_status
2023-06-01 17:51:44,453 DEBUG   SenderThread:10836 [sender.py:send_request():402] send_request: stop_status
2023-06-01 17:51:47,696 DEBUG   HandlerThread:10836 [handler.py:handle_request():144] handle_request: status_report
2023-06-01 17:51:52,741 DEBUG   HandlerThread:10836 [handler.py:handle_request():144] handle_request: status_report
2023-06-01 17:51:57,792 DEBUG   HandlerThread:10836 [handler.py:handle_request():144] handle_request: status_report
2023-06-01 17:51:59,123 DEBUG   SenderThread:10836 [sender.py:send():375] send: stats
2023-06-01 17:51:59,460 DEBUG   HandlerThread:10836 [handler.py:handle_request():144] handle_request: stop_status
2023-06-01 17:51:59,461 DEBUG   SenderThread:10836 [sender.py:send_request():402] send_request: stop_status
2023-06-01 17:52:03,666 DEBUG   HandlerThread:10836 [handler.py:handle_request():144] handle_request: status_report
2023-06-01 17:52:08,699 DEBUG   HandlerThread:10836 [handler.py:handle_request():144] handle_request: status_report
2023-06-01 17:52:13,751 DEBUG   HandlerThread:10836 [handler.py:handle_request():144] handle_request: status_report
2023-06-01 17:52:14,478 DEBUG   HandlerThread:10836 [handler.py:handle_request():144] handle_request: stop_status
2023-06-01 17:52:14,479 DEBUG   SenderThread:10836 [sender.py:send_request():402] send_request: stop_status
2023-06-01 17:52:19,706 DEBUG   HandlerThread:10836 [handler.py:handle_request():144] handle_request: status_report
2023-06-01 17:52:24,733 DEBUG   HandlerThread:10836 [handler.py:handle_request():144] handle_request: status_report
2023-06-01 17:52:29,134 DEBUG   SenderThread:10836 [sender.py:send():375] send: stats
2023-06-01 17:52:29,485 DEBUG   HandlerThread:10836 [handler.py:handle_request():144] handle_request: stop_status
2023-06-01 17:52:29,486 DEBUG   SenderThread:10836 [sender.py:send_request():402] send_request: stop_status
2023-06-01 17:52:30,654 DEBUG   HandlerThread:10836 [handler.py:handle_request():144] handle_request: status_report
2023-06-01 17:52:35,697 DEBUG   HandlerThread:10836 [handler.py:handle_request():144] handle_request: status_report
2023-06-01 17:52:40,761 DEBUG   HandlerThread:10836 [handler.py:handle_request():144] handle_request: status_report
2023-06-01 17:52:44,487 DEBUG   HandlerThread:10836 [handler.py:handle_request():144] handle_request: stop_status
2023-06-01 17:52:44,487 DEBUG   SenderThread:10836 [sender.py:send_request():402] send_request: stop_status
2023-06-01 17:52:46,657 DEBUG   HandlerThread:10836 [handler.py:handle_request():144] handle_request: status_report
2023-06-01 17:52:51,690 DEBUG   HandlerThread:10836 [handler.py:handle_request():144] handle_request: status_report
2023-06-01 17:52:56,736 DEBUG   HandlerThread:10836 [handler.py:handle_request():144] handle_request: status_report
2023-06-01 17:52:59,135 DEBUG   SenderThread:10836 [sender.py:send():375] send: stats
2023-06-01 17:52:59,495 DEBUG   HandlerThread:10836 [handler.py:handle_request():144] handle_request: stop_status
2023-06-01 17:52:59,495 DEBUG   SenderThread:10836 [sender.py:send_request():402] send_request: stop_status
2023-06-01 17:53:02,711 DEBUG   HandlerThread:10836 [handler.py:handle_request():144] handle_request: status_report
2023-06-01 17:53:07,813 DEBUG   HandlerThread:10836 [handler.py:handle_request():144] handle_request: status_report
2023-06-01 17:53:12,865 DEBUG   HandlerThread:10836 [handler.py:handle_request():144] handle_request: status_report
2023-06-01 17:53:14,507 DEBUG   HandlerThread:10836 [handler.py:handle_request():144] handle_request: stop_status
2023-06-01 17:53:14,507 DEBUG   SenderThread:10836 [sender.py:send_request():402] send_request: stop_status
2023-06-01 17:53:18,707 DEBUG   HandlerThread:10836 [handler.py:handle_request():144] handle_request: status_report
2023-06-01 17:53:23,754 DEBUG   HandlerThread:10836 [handler.py:handle_request():144] handle_request: status_report
2023-06-01 17:53:28,786 DEBUG   HandlerThread:10836 [handler.py:handle_request():144] handle_request: status_report
2023-06-01 17:53:29,148 DEBUG   SenderThread:10836 [sender.py:send():375] send: stats
2023-06-01 17:53:29,526 DEBUG   HandlerThread:10836 [handler.py:handle_request():144] handle_request: stop_status
2023-06-01 17:53:29,528 DEBUG   SenderThread:10836 [sender.py:send_request():402] send_request: stop_status
2023-06-01 17:53:34,750 DEBUG   HandlerThread:10836 [handler.py:handle_request():144] handle_request: status_report
2023-06-01 17:53:39,842 DEBUG   HandlerThread:10836 [handler.py:handle_request():144] handle_request: status_report
2023-06-01 17:53:44,538 DEBUG   HandlerThread:10836 [handler.py:handle_request():144] handle_request: stop_status
2023-06-01 17:53:44,540 DEBUG   SenderThread:10836 [sender.py:send_request():402] send_request: stop_status
2023-06-01 17:53:45,719 DEBUG   HandlerThread:10836 [handler.py:handle_request():144] handle_request: status_report
2023-06-01 17:53:50,744 DEBUG   HandlerThread:10836 [handler.py:handle_request():144] handle_request: status_report
2023-06-01 17:53:55,790 DEBUG   HandlerThread:10836 [handler.py:handle_request():144] handle_request: status_report
2023-06-01 17:53:59,157 DEBUG   SenderThread:10836 [sender.py:send():375] send: stats
2023-06-01 17:53:59,564 DEBUG   HandlerThread:10836 [handler.py:handle_request():144] handle_request: stop_status
2023-06-01 17:53:59,566 DEBUG   SenderThread:10836 [sender.py:send_request():402] send_request: stop_status
2023-06-01 17:54:01,741 DEBUG   HandlerThread:10836 [handler.py:handle_request():144] handle_request: status_report
2023-06-01 17:54:06,785 DEBUG   HandlerThread:10836 [handler.py:handle_request():144] handle_request: status_report
2023-06-01 17:54:11,837 DEBUG   HandlerThread:10836 [handler.py:handle_request():144] handle_request: status_report
2023-06-01 17:54:14,566 DEBUG   HandlerThread:10836 [handler.py:handle_request():144] handle_request: stop_status
2023-06-01 17:54:14,567 DEBUG   SenderThread:10836 [sender.py:send_request():402] send_request: stop_status
2023-06-01 17:54:17,769 DEBUG   HandlerThread:10836 [handler.py:handle_request():144] handle_request: status_report
2023-06-01 17:54:22,803 DEBUG   HandlerThread:10836 [handler.py:handle_request():144] handle_request: status_report
2023-06-01 17:54:27,843 DEBUG   HandlerThread:10836 [handler.py:handle_request():144] handle_request: status_report
2023-06-01 17:54:29,160 DEBUG   SenderThread:10836 [sender.py:send():375] send: stats
2023-06-01 17:54:29,572 DEBUG   HandlerThread:10836 [handler.py:handle_request():144] handle_request: stop_status
2023-06-01 17:54:29,573 DEBUG   SenderThread:10836 [sender.py:send_request():402] send_request: stop_status
2023-06-01 17:54:33,776 DEBUG   HandlerThread:10836 [handler.py:handle_request():144] handle_request: status_report
2023-06-01 17:54:38,821 DEBUG   HandlerThread:10836 [handler.py:handle_request():144] handle_request: status_report
2023-06-01 17:54:43,869 DEBUG   HandlerThread:10836 [handler.py:handle_request():144] handle_request: status_report
2023-06-01 17:54:44,570 DEBUG   HandlerThread:10836 [handler.py:handle_request():144] handle_request: stop_status
2023-06-01 17:54:44,571 DEBUG   SenderThread:10836 [sender.py:send_request():402] send_request: stop_status
2023-06-01 17:54:49,787 DEBUG   HandlerThread:10836 [handler.py:handle_request():144] handle_request: status_report
2023-06-01 17:54:54,804 DEBUG   HandlerThread:10836 [handler.py:handle_request():144] handle_request: status_report
2023-06-01 17:54:59,167 DEBUG   SenderThread:10836 [sender.py:send():375] send: stats
2023-06-01 17:54:59,578 DEBUG   HandlerThread:10836 [handler.py:handle_request():144] handle_request: stop_status
2023-06-01 17:54:59,579 DEBUG   SenderThread:10836 [sender.py:send_request():402] send_request: stop_status
2023-06-01 17:55:00,757 DEBUG   HandlerThread:10836 [handler.py:handle_request():144] handle_request: status_report
2023-06-01 17:55:05,788 DEBUG   HandlerThread:10836 [handler.py:handle_request():144] handle_request: status_report
2023-06-01 17:55:10,837 DEBUG   HandlerThread:10836 [handler.py:handle_request():144] handle_request: status_report
2023-06-01 17:55:14,592 DEBUG   HandlerThread:10836 [handler.py:handle_request():144] handle_request: stop_status
2023-06-01 17:55:14,593 DEBUG   SenderThread:10836 [sender.py:send_request():402] send_request: stop_status
2023-06-01 17:55:16,781 DEBUG   HandlerThread:10836 [handler.py:handle_request():144] handle_request: status_report
2023-06-01 17:55:21,821 DEBUG   HandlerThread:10836 [handler.py:handle_request():144] handle_request: status_report
2023-06-01 17:55:26,887 DEBUG   HandlerThread:10836 [handler.py:handle_request():144] handle_request: status_report
2023-06-01 17:55:29,168 DEBUG   SenderThread:10836 [sender.py:send():375] send: stats
2023-06-01 17:55:29,598 DEBUG   HandlerThread:10836 [handler.py:handle_request():144] handle_request: stop_status
2023-06-01 17:55:29,599 DEBUG   SenderThread:10836 [sender.py:send_request():402] send_request: stop_status
2023-06-01 17:55:32,796 DEBUG   HandlerThread:10836 [handler.py:handle_request():144] handle_request: status_report
2023-06-01 17:55:38,246 DEBUG   HandlerThread:10836 [handler.py:handle_request():144] handle_request: status_report
2023-06-01 17:55:43,279 DEBUG   HandlerThread:10836 [handler.py:handle_request():144] handle_request: status_report
2023-06-01 20:55:43,523 DEBUG   HandlerThread:10836 [handler.py:handle_request():144] handle_request: status_report
2023-06-01 20:55:43,851 DEBUG   HandlerThread:10836 [handler.py:handle_request():144] handle_request: stop_status
2023-06-01 20:55:43,851 DEBUG   SenderThread:10836 [sender.py:send_request():402] send_request: stop_status
2023-06-01 20:55:49,734 DEBUG   HandlerThread:10836 [handler.py:handle_request():144] handle_request: keepalive
2023-06-01 20:55:54,862 DEBUG   HandlerThread:10836 [handler.py:handle_request():144] handle_request: keepalive
2023-06-01 20:55:57,157 INFO    SenderThread:10836 [retry.py:__call__():172] Retry attempt failed:
Traceback (most recent call last):
  File "C:\Users\DELL\AppData\Roaming\Python\Python38\site-packages\urllib3\connection.py", line 174, in _new_conn
    conn = connection.create_connection(
  File "C:\Users\DELL\AppData\Roaming\Python\Python38\site-packages\urllib3\util\connection.py", line 72, in create_connection
    for res in socket.getaddrinfo(host, port, family, socket.SOCK_STREAM):
  File "C:\Users\DELL\anaconda3\envs\myenv\lib\socket.py", line 918, in getaddrinfo
    for res in _socket.getaddrinfo(host, port, family, type, proto, flags):
socket.gaierror: [Errno 11001] getaddrinfo failed

During handling of the above exception, another exception occurred:

Traceback (most recent call last):
  File "C:\Users\DELL\AppData\Roaming\Python\Python38\site-packages\urllib3\connectionpool.py", line 703, in urlopen
    httplib_response = self._make_request(
  File "C:\Users\DELL\AppData\Roaming\Python\Python38\site-packages\urllib3\connectionpool.py", line 386, in _make_request
    self._validate_conn(conn)
  File "C:\Users\DELL\AppData\Roaming\Python\Python38\site-packages\urllib3\connectionpool.py", line 1042, in _validate_conn
    conn.connect()
  File "C:\Users\DELL\AppData\Roaming\Python\Python38\site-packages\urllib3\connection.py", line 363, in connect
    self.sock = conn = self._new_conn()
  File "C:\Users\DELL\AppData\Roaming\Python\Python38\site-packages\urllib3\connection.py", line 186, in _new_conn
    raise NewConnectionError(
urllib3.exceptions.NewConnectionError: <urllib3.connection.HTTPSConnection object at 0x000001AB21B3ADC0>: Failed to establish a new connection: [Errno 11001] getaddrinfo failed

During handling of the above exception, another exception occurred:

Traceback (most recent call last):
  File "C:\Users\DELL\AppData\Roaming\Python\Python38\site-packages\requests\adapters.py", line 489, in send
    resp = conn.urlopen(
  File "C:\Users\DELL\AppData\Roaming\Python\Python38\site-packages\urllib3\connectionpool.py", line 787, in urlopen
    retries = retries.increment(
  File "C:\Users\DELL\AppData\Roaming\Python\Python38\site-packages\urllib3\util\retry.py", line 592, in increment
    raise MaxRetryError(_pool, url, error or ResponseError(cause))
urllib3.exceptions.MaxRetryError: HTTPSConnectionPool(host='api.wandb.ai', port=443): Max retries exceeded with url: /graphql (Caused by NewConnectionError('<urllib3.connection.HTTPSConnection object at 0x000001AB21B3ADC0>: Failed to establish a new connection: [Errno 11001] getaddrinfo failed'))

During handling of the above exception, another exception occurred:

Traceback (most recent call last):
  File "C:\Users\DELL\AppData\Roaming\Python\Python38\site-packages\wandb\sdk\lib\retry.py", line 131, in __call__
    result = self._call_fn(*args, **kwargs)
  File "C:\Users\DELL\AppData\Roaming\Python\Python38\site-packages\wandb\sdk\internal\internal_api.py", line 285, in execute
    return self.client.execute(*args, **kwargs)  # type: ignore
  File "C:\Users\DELL\AppData\Roaming\Python\Python38\site-packages\wandb\vendor\gql-0.2.0\wandb_gql\client.py", line 52, in execute
    result = self._get_result(document, *args, **kwargs)
  File "C:\Users\DELL\AppData\Roaming\Python\Python38\site-packages\wandb\vendor\gql-0.2.0\wandb_gql\client.py", line 60, in _get_result
    return self.transport.execute(document, *args, **kwargs)
  File "C:\Users\DELL\AppData\Roaming\Python\Python38\site-packages\wandb\sdk\lib\gql_request.py", line 55, in execute
    request = self.session.post(self.url, **post_args)
  File "C:\Users\DELL\AppData\Roaming\Python\Python38\site-packages\requests\sessions.py", line 635, in post
    return self.request("POST", url, data=data, json=json, **kwargs)
  File "C:\Users\DELL\AppData\Roaming\Python\Python38\site-packages\requests\sessions.py", line 587, in request
    resp = self.send(prep, **send_kwargs)
  File "C:\Users\DELL\AppData\Roaming\Python\Python38\site-packages\requests\sessions.py", line 701, in send
    r = adapter.send(request, **kwargs)
  File "C:\Users\DELL\AppData\Roaming\Python\Python38\site-packages\requests\adapters.py", line 565, in send
    raise ConnectionError(e, request=request)
requests.exceptions.ConnectionError: HTTPSConnectionPool(host='api.wandb.ai', port=443): Max retries exceeded with url: /graphql (Caused by NewConnectionError('<urllib3.connection.HTTPSConnection object at 0x000001AB21B3ADC0>: Failed to establish a new connection: [Errno 11001] getaddrinfo failed'))
2023-06-01 20:55:59,901 DEBUG   HandlerThread:10836 [handler.py:handle_request():144] handle_request: keepalive
2023-06-01 20:56:05,086 DEBUG   HandlerThread:10836 [handler.py:handle_request():144] handle_request: keepalive
2023-06-01 21:38:40,939 DEBUG   HandlerThread:10836 [handler.py:handle_request():144] handle_request: keepalive
2023-06-01 21:38:45,981 DEBUG   HandlerThread:10836 [handler.py:handle_request():144] handle_request: keepalive
2023-06-01 21:38:51,111 WARNING FileStreamThread:10836 [file_stream.py:request_with_retry():670] requests_with_retry encountered retryable exception: ('Connection aborted.', TimeoutError(10060, 'Une tentative de connexion a échoué car le parti connecté n’a pas répondu convenablement au-delà d’une certaine durée ou une connexion établie a échoué car l’hôte de connexion n’a pas répondu', None, 10060, None)). func: <bound method Session.post of <requests.sessions.Session object at 0x000001AB2187BBE0>>, args: ('https://api.wandb.ai/files/harrak-oussama2002/Federated_Learning_Veteran/0zqaq1vw/file_stream',), kwargs: {'json': {'complete': False, 'failed': False, 'dropped': 0, 'uploaded': []}}
2023-06-01 21:38:51,551 DEBUG   HandlerThread:10836 [handler.py:handle_request():144] handle_request: keepalive
2023-06-01 21:38:56,628 DEBUG   HandlerThread:10836 [handler.py:handle_request():144] handle_request: keepalive
2023-06-01 21:39:01,859 DEBUG   HandlerThread:10836 [handler.py:handle_request():144] handle_request: keepalive
2023-06-01 21:39:01,971 DEBUG   SenderThread:10836 [sender.py:send():375] send: stats
2023-06-01 21:39:01,971 DEBUG   HandlerThread:10836 [handler.py:handle_request():144] handle_request: status_report
2023-06-01 21:39:02,355 DEBUG   SenderThread:10836 [sender.py:send():375] send: stats
2023-06-01 21:39:07,008 DEBUG   HandlerThread:10836 [handler.py:handle_request():144] handle_request: keepalive
2023-06-01 21:39:07,558 DEBUG   HandlerThread:10836 [handler.py:handle_request():144] handle_request: status_report
2023-06-01 21:39:12,246 DEBUG   HandlerThread:10836 [handler.py:handle_request():144] handle_request: keepalive
2023-06-01 21:39:12,957 DEBUG   HandlerThread:10836 [handler.py:handle_request():144] handle_request: status_report
2023-06-01 21:39:17,317 DEBUG   HandlerThread:10836 [handler.py:handle_request():144] handle_request: keepalive
2023-06-01 21:39:18,117 DEBUG   HandlerThread:10836 [handler.py:handle_request():144] handle_request: status_report
2023-06-01 21:39:22,405 DEBUG   HandlerThread:10836 [handler.py:handle_request():144] handle_request: keepalive
2023-06-01 21:39:23,333 DEBUG   HandlerThread:10836 [handler.py:handle_request():144] handle_request: status_report
2023-06-01 21:39:27,548 DEBUG   HandlerThread:10836 [handler.py:handle_request():144] handle_request: keepalive
2023-06-01 21:39:28,388 DEBUG   HandlerThread:10836 [handler.py:handle_request():144] handle_request: status_report
2023-06-01 21:39:32,396 DEBUG   SenderThread:10836 [sender.py:send():375] send: stats
2023-06-01 21:39:32,540 DEBUG   HandlerThread:10836 [handler.py:handle_request():144] handle_request: keepalive
2023-06-01 21:39:33,404 DEBUG   HandlerThread:10836 [handler.py:handle_request():144] handle_request: status_report
2023-06-01 21:39:37,599 DEBUG   HandlerThread:10836 [handler.py:handle_request():144] handle_request: keepalive
2023-06-01 21:39:38,440 DEBUG   HandlerThread:10836 [handler.py:handle_request():144] handle_request: status_report
2023-06-01 21:39:42,663 DEBUG   HandlerThread:10836 [handler.py:handle_request():144] handle_request: keepalive
2023-06-01 21:39:43,481 DEBUG   HandlerThread:10836 [handler.py:handle_request():144] handle_request: status_report
2023-06-01 21:39:47,686 DEBUG   HandlerThread:10836 [handler.py:handle_request():144] handle_request: keepalive
2023-06-01 21:39:48,498 DEBUG   HandlerThread:10836 [handler.py:handle_request():144] handle_request: status_report
2023-06-01 21:39:52,693 DEBUG   HandlerThread:10836 [handler.py:handle_request():144] handle_request: keepalive
2023-06-01 21:39:53,505 DEBUG   HandlerThread:10836 [handler.py:handle_request():144] handle_request: status_report
2023-06-01 21:39:57,741 DEBUG   HandlerThread:10836 [handler.py:handle_request():144] handle_request: keepalive
2023-06-01 21:39:58,519 DEBUG   HandlerThread:10836 [handler.py:handle_request():144] handle_request: status_report
2023-06-01 21:40:02,390 DEBUG   SenderThread:10836 [sender.py:send():375] send: stats
2023-06-01 21:40:02,764 DEBUG   HandlerThread:10836 [handler.py:handle_request():144] handle_request: keepalive
2023-06-01 21:40:04,412 DEBUG   HandlerThread:10836 [handler.py:handle_request():144] handle_request: status_report
2023-06-01 21:40:07,818 DEBUG   HandlerThread:10836 [handler.py:handle_request():144] handle_request: keepalive
2023-06-01 21:40:09,438 DEBUG   HandlerThread:10836 [handler.py:handle_request():144] handle_request: status_report
2023-06-01 21:40:12,831 DEBUG   HandlerThread:10836 [handler.py:handle_request():144] handle_request: keepalive
2023-06-01 21:40:14,443 DEBUG   HandlerThread:10836 [handler.py:handle_request():144] handle_request: status_report
2023-06-01 21:40:17,834 DEBUG   HandlerThread:10836 [handler.py:handle_request():144] handle_request: keepalive
2023-06-01 21:40:19,446 DEBUG   HandlerThread:10836 [handler.py:handle_request():144] handle_request: status_report
2023-06-01 21:40:22,838 DEBUG   HandlerThread:10836 [handler.py:handle_request():144] handle_request: keepalive
2023-06-01 21:40:24,464 DEBUG   HandlerThread:10836 [handler.py:handle_request():144] handle_request: status_report
2023-06-01 21:40:27,852 DEBUG   HandlerThread:10836 [handler.py:handle_request():144] handle_request: keepalive
2023-06-01 21:40:29,477 DEBUG   HandlerThread:10836 [handler.py:handle_request():144] handle_request: status_report
2023-06-01 21:40:32,392 DEBUG   SenderThread:10836 [sender.py:send():375] send: stats
2023-06-01 21:40:32,855 DEBUG   HandlerThread:10836 [handler.py:handle_request():144] handle_request: keepalive
2023-06-01 21:40:35,395 DEBUG   HandlerThread:10836 [handler.py:handle_request():144] handle_request: status_report
2023-06-01 21:40:37,859 DEBUG   HandlerThread:10836 [handler.py:handle_request():144] handle_request: keepalive
2023-06-01 21:40:40,399 DEBUG   HandlerThread:10836 [handler.py:handle_request():144] handle_request: status_report
2023-06-01 21:40:42,910 DEBUG   HandlerThread:10836 [handler.py:handle_request():144] handle_request: keepalive
2023-06-01 21:40:45,501 DEBUG   HandlerThread:10836 [handler.py:handle_request():144] handle_request: status_report
2023-06-01 21:40:47,940 DEBUG   HandlerThread:10836 [handler.py:handle_request():144] handle_request: keepalive
2023-06-01 21:40:50,539 DEBUG   HandlerThread:10836 [handler.py:handle_request():144] handle_request: status_report
2023-06-01 21:40:52,968 DEBUG   HandlerThread:10836 [handler.py:handle_request():144] handle_request: keepalive
2023-06-01 21:40:55,551 DEBUG   HandlerThread:10836 [handler.py:handle_request():144] handle_request: status_report
2023-06-01 21:40:57,970 DEBUG   HandlerThread:10836 [handler.py:handle_request():144] handle_request: keepalive
2023-06-01 21:41:00,573 DEBUG   HandlerThread:10836 [handler.py:handle_request():144] handle_request: status_report
2023-06-01 21:41:02,394 DEBUG   SenderThread:10836 [sender.py:send():375] send: stats
2023-06-01 21:41:02,979 DEBUG   HandlerThread:10836 [handler.py:handle_request():144] handle_request: keepalive
2023-06-01 21:41:06,399 DEBUG   HandlerThread:10836 [handler.py:handle_request():144] handle_request: status_report
2023-06-01 21:41:08,019 DEBUG   HandlerThread:10836 [handler.py:handle_request():144] handle_request: keepalive
2023-06-01 21:41:11,404 DEBUG   HandlerThread:10836 [handler.py:handle_request():144] handle_request: status_report
2023-06-01 21:41:13,003 DEBUG   HandlerThread:10836 [handler.py:handle_request():144] handle_request: keepalive
2023-06-01 21:41:16,407 DEBUG   HandlerThread:10836 [handler.py:handle_request():144] handle_request: status_report
2023-06-01 21:41:18,008 DEBUG   HandlerThread:10836 [handler.py:handle_request():144] handle_request: keepalive
2023-06-01 21:41:19,635 DEBUG   SenderThread:10836 [sender.py:send():375] send: exit
2023-06-01 21:41:19,636 INFO    SenderThread:10836 [sender.py:send_exit():598] handling exit code: 0
2023-06-01 21:41:19,637 INFO    SenderThread:10836 [sender.py:send_exit():600] handling runtime: 14000
2023-06-01 21:41:19,639 INFO    SenderThread:10836 [sender.py:_save_file():1378] saving file wandb-summary.json with policy end
2023-06-01 21:41:19,640 INFO    SenderThread:10836 [sender.py:send_exit():606] send defer
2023-06-01 21:41:19,641 DEBUG   HandlerThread:10836 [handler.py:handle_request():144] handle_request: defer
2023-06-01 21:41:19,641 INFO    HandlerThread:10836 [handler.py:handle_request_defer():170] handle defer: 0
2023-06-01 21:41:19,642 DEBUG   SenderThread:10836 [sender.py:send_request():402] send_request: defer
2023-06-01 21:41:19,642 INFO    SenderThread:10836 [sender.py:send_request_defer():622] handle sender defer: 0
2023-06-01 21:41:19,642 INFO    SenderThread:10836 [sender.py:transition_state():626] send defer: 1
2023-06-01 21:41:19,643 DEBUG   HandlerThread:10836 [handler.py:handle_request():144] handle_request: defer
2023-06-01 21:41:19,643 INFO    HandlerThread:10836 [handler.py:handle_request_defer():170] handle defer: 1
2023-06-01 21:41:19,648 DEBUG   SenderThread:10836 [sender.py:send_request():402] send_request: defer
2023-06-01 21:41:19,648 INFO    SenderThread:10836 [sender.py:send_request_defer():622] handle sender defer: 1
2023-06-01 21:41:19,648 INFO    SenderThread:10836 [sender.py:transition_state():626] send defer: 2
2023-06-01 21:41:19,650 DEBUG   HandlerThread:10836 [handler.py:handle_request():144] handle_request: defer
2023-06-01 21:41:19,650 INFO    HandlerThread:10836 [handler.py:handle_request_defer():170] handle defer: 2
2023-06-01 21:41:19,650 INFO    HandlerThread:10836 [system_monitor.py:finish():190] Stopping system monitor
2023-06-01 21:41:19,651 DEBUG   SystemMonitor:10836 [system_monitor.py:_start():166] Finished system metrics aggregation loop
2023-06-01 21:41:19,651 INFO    HandlerThread:10836 [interfaces.py:finish():202] Joined cpu monitor
2023-06-01 21:41:19,652 DEBUG   SystemMonitor:10836 [system_monitor.py:_start():170] Publishing last batch of metrics
2023-06-01 21:41:19,652 INFO    HandlerThread:10836 [interfaces.py:finish():202] Joined disk monitor
2023-06-01 21:41:19,654 INFO    HandlerThread:10836 [interfaces.py:finish():202] Joined memory monitor
2023-06-01 21:41:19,654 INFO    HandlerThread:10836 [interfaces.py:finish():202] Joined network monitor
2023-06-01 21:41:19,657 DEBUG   SenderThread:10836 [sender.py:send_request():402] send_request: defer
2023-06-01 21:41:19,657 INFO    SenderThread:10836 [sender.py:send_request_defer():622] handle sender defer: 2
2023-06-01 21:41:19,657 INFO    SenderThread:10836 [sender.py:transition_state():626] send defer: 3
2023-06-01 21:41:19,658 DEBUG   SenderThread:10836 [sender.py:send():375] send: stats
2023-06-01 21:41:19,658 DEBUG   HandlerThread:10836 [handler.py:handle_request():144] handle_request: defer
2023-06-01 21:41:19,659 INFO    HandlerThread:10836 [handler.py:handle_request_defer():170] handle defer: 3
2023-06-01 21:41:19,660 DEBUG   SenderThread:10836 [sender.py:send_request():402] send_request: defer
2023-06-01 21:41:19,660 INFO    SenderThread:10836 [sender.py:send_request_defer():622] handle sender defer: 3
2023-06-01 21:41:19,660 INFO    SenderThread:10836 [sender.py:transition_state():626] send defer: 4
2023-06-01 21:41:19,661 DEBUG   HandlerThread:10836 [handler.py:handle_request():144] handle_request: defer
2023-06-01 21:41:19,661 INFO    HandlerThread:10836 [handler.py:handle_request_defer():170] handle defer: 4
2023-06-01 21:41:19,663 DEBUG   SenderThread:10836 [sender.py:send_request():402] send_request: defer
2023-06-01 21:41:19,663 INFO    SenderThread:10836 [sender.py:send_request_defer():622] handle sender defer: 4
2023-06-01 21:41:19,664 INFO    SenderThread:10836 [sender.py:transition_state():626] send defer: 5
2023-06-01 21:41:19,664 DEBUG   HandlerThread:10836 [handler.py:handle_request():144] handle_request: defer
2023-06-01 21:41:19,664 INFO    HandlerThread:10836 [handler.py:handle_request_defer():170] handle defer: 5
2023-06-01 21:41:19,665 DEBUG   SenderThread:10836 [sender.py:send():375] send: summary
2023-06-01 21:41:19,667 INFO    SenderThread:10836 [sender.py:_save_file():1378] saving file wandb-summary.json with policy end
2023-06-01 21:41:19,671 DEBUG   SenderThread:10836 [sender.py:send_request():402] send_request: defer
2023-06-01 21:41:19,672 INFO    SenderThread:10836 [sender.py:send_request_defer():622] handle sender defer: 5
2023-06-01 21:41:19,672 INFO    SenderThread:10836 [sender.py:transition_state():626] send defer: 6
2023-06-01 21:41:19,675 DEBUG   HandlerThread:10836 [handler.py:handle_request():144] handle_request: defer
2023-06-01 21:41:19,676 INFO    HandlerThread:10836 [handler.py:handle_request_defer():170] handle defer: 6
2023-06-01 21:41:19,678 DEBUG   SenderThread:10836 [sender.py:send_request():402] send_request: defer
2023-06-01 21:41:19,678 INFO    SenderThread:10836 [sender.py:send_request_defer():622] handle sender defer: 6
2023-06-01 21:41:19,679 INFO    SenderThread:10836 [sender.py:transition_state():626] send defer: 7
2023-06-01 21:41:19,681 DEBUG   HandlerThread:10836 [handler.py:handle_request():144] handle_request: status_report
2023-06-01 21:41:19,682 DEBUG   HandlerThread:10836 [handler.py:handle_request():144] handle_request: defer
2023-06-01 21:41:19,683 INFO    HandlerThread:10836 [handler.py:handle_request_defer():170] handle defer: 7
2023-06-01 21:41:19,684 DEBUG   SenderThread:10836 [sender.py:send_request():402] send_request: defer
2023-06-01 21:41:19,684 INFO    SenderThread:10836 [sender.py:send_request_defer():622] handle sender defer: 7
2023-06-01 21:41:20,222 INFO    Thread-16 :10836 [dir_watcher.py:_on_file_modified():295] file/dir modified: C:\Users\DELL\Downloads\FederatedLearning\OpenFL-extended\openfl-tutorials\boosting-examples\AdaBoostF_Veteran\workspace\wandb\run-20230601_174758-0zqaq1vw\files\wandb-summary.json
2023-06-01 21:41:20,637 DEBUG   HandlerThread:10836 [handler.py:handle_request():144] handle_request: poll_exit
2023-06-01 21:41:21,226 INFO    Thread-16 :10836 [dir_watcher.py:_on_file_modified():295] file/dir modified: C:\Users\DELL\Downloads\FederatedLearning\OpenFL-extended\openfl-tutorials\boosting-examples\AdaBoostF_Veteran\workspace\wandb\run-20230601_174758-0zqaq1vw\files\output.log
2023-06-01 21:41:22,768 INFO    SenderThread:10836 [sender.py:transition_state():626] send defer: 8
2023-06-01 21:41:22,769 DEBUG   SenderThread:10836 [sender.py:send_request():402] send_request: poll_exit
2023-06-01 21:41:22,769 DEBUG   HandlerThread:10836 [handler.py:handle_request():144] handle_request: defer
2023-06-01 21:41:22,770 INFO    HandlerThread:10836 [handler.py:handle_request_defer():170] handle defer: 8
2023-06-01 21:41:22,772 DEBUG   SenderThread:10836 [sender.py:send_request():402] send_request: defer
2023-06-01 21:41:22,772 INFO    SenderThread:10836 [sender.py:send_request_defer():622] handle sender defer: 8
2023-06-01 21:41:22,826 INFO    SenderThread:10836 [sender.py:transition_state():626] send defer: 9
2023-06-01 21:41:22,830 DEBUG   HandlerThread:10836 [handler.py:handle_request():144] handle_request: defer
2023-06-01 21:41:22,831 INFO    HandlerThread:10836 [handler.py:handle_request_defer():170] handle defer: 9
2023-06-01 21:41:22,833 DEBUG   SenderThread:10836 [sender.py:send():375] send: artifact
2023-06-01 21:41:23,239 INFO    Thread-16 :10836 [dir_watcher.py:_on_file_modified():295] file/dir modified: C:\Users\DELL\Downloads\FederatedLearning\OpenFL-extended\openfl-tutorials\boosting-examples\AdaBoostF_Veteran\workspace\wandb\run-20230601_174758-0zqaq1vw\files\output.log
2023-06-01 21:41:23,810 INFO    SenderThread:10836 [sender.py:send_artifact():1474] sent artifact job-https___github.com_alpha-unito_OpenFL-extended.git_openfl-t..sting-examples_AdaBoostF_Veteran_workspace_AdaBoostF_Veteran.py - {'id': 'QXJ0aWZhY3Q6NDUxMDM5Mjc1', 'digest': 'ffe4556bc6718fb18d1ac2dcb5f2b320', 'state': 'COMMITTED', 'aliases': [{'artifactCollectionName': 'job-https___github.com_alpha-unito_OpenFL-extended.git_openfl-t..sting-examples_AdaBoostF_Veteran_workspace_AdaBoostF_Veteran.py', 'alias': 'latest'}, {'artifactCollectionName': 'job-https___github.com_alpha-unito_OpenFL-extended.git_openfl-t..sting-examples_AdaBoostF_Veteran_workspace_AdaBoostF_Veteran.py', 'alias': 'v0'}], 'artifactSequence': {'id': 'QXJ0aWZhY3RDb2xsZWN0aW9uOjY4NTMwNDI1', 'latestArtifact': {'id': 'QXJ0aWZhY3Q6NDUxMDM5Mjc1', 'versionIndex': 0}}, 'version': 'v0'}
2023-06-01 21:41:23,810 DEBUG   SenderThread:10836 [sender.py:send_request():402] send_request: defer
2023-06-01 21:41:23,811 INFO    SenderThread:10836 [sender.py:send_request_defer():622] handle sender defer: 9
2023-06-01 21:41:23,811 INFO    SenderThread:10836 [dir_watcher.py:finish():365] shutting down directory watcher
2023-06-01 21:41:24,244 INFO    SenderThread:10836 [dir_watcher.py:finish():395] scan: C:\Users\DELL\Downloads\FederatedLearning\OpenFL-extended\openfl-tutorials\boosting-examples\AdaBoostF_Veteran\workspace\wandb\run-20230601_174758-0zqaq1vw\files
2023-06-01 21:41:24,244 INFO    SenderThread:10836 [dir_watcher.py:finish():409] scan save: C:\Users\DELL\Downloads\FederatedLearning\OpenFL-extended\openfl-tutorials\boosting-examples\AdaBoostF_Veteran\workspace\wandb\run-20230601_174758-0zqaq1vw\files\conda-environment.yaml conda-environment.yaml
2023-06-01 21:41:24,246 INFO    SenderThread:10836 [dir_watcher.py:finish():409] scan save: C:\Users\DELL\Downloads\FederatedLearning\OpenFL-extended\openfl-tutorials\boosting-examples\AdaBoostF_Veteran\workspace\wandb\run-20230601_174758-0zqaq1vw\files\config.yaml config.yaml
2023-06-01 21:41:24,248 INFO    SenderThread:10836 [dir_watcher.py:finish():409] scan save: C:\Users\DELL\Downloads\FederatedLearning\OpenFL-extended\openfl-tutorials\boosting-examples\AdaBoostF_Veteran\workspace\wandb\run-20230601_174758-0zqaq1vw\files\output.log output.log
2023-06-01 21:41:24,250 INFO    SenderThread:10836 [dir_watcher.py:finish():409] scan save: C:\Users\DELL\Downloads\FederatedLearning\OpenFL-extended\openfl-tutorials\boosting-examples\AdaBoostF_Veteran\workspace\wandb\run-20230601_174758-0zqaq1vw\files\requirements.txt requirements.txt
2023-06-01 21:41:24,268 INFO    SenderThread:10836 [dir_watcher.py:finish():409] scan save: C:\Users\DELL\Downloads\FederatedLearning\OpenFL-extended\openfl-tutorials\boosting-examples\AdaBoostF_Veteran\workspace\wandb\run-20230601_174758-0zqaq1vw\files\wandb-metadata.json wandb-metadata.json
2023-06-01 21:41:24,268 INFO    SenderThread:10836 [dir_watcher.py:finish():409] scan save: C:\Users\DELL\Downloads\FederatedLearning\OpenFL-extended\openfl-tutorials\boosting-examples\AdaBoostF_Veteran\workspace\wandb\run-20230601_174758-0zqaq1vw\files\wandb-summary.json wandb-summary.json
2023-06-01 21:41:24,270 INFO    SenderThread:10836 [sender.py:transition_state():626] send defer: 10
2023-06-01 21:41:24,273 DEBUG   HandlerThread:10836 [handler.py:handle_request():144] handle_request: defer
2023-06-01 21:41:24,273 INFO    HandlerThread:10836 [handler.py:handle_request_defer():170] handle defer: 10
2023-06-01 21:41:24,275 DEBUG   SenderThread:10836 [sender.py:send_request():402] send_request: defer
2023-06-01 21:41:24,275 INFO    SenderThread:10836 [sender.py:send_request_defer():622] handle sender defer: 10
2023-06-01 21:41:24,276 INFO    SenderThread:10836 [file_pusher.py:finish():168] shutting down file pusher
2023-06-01 21:41:24,872 INFO    wandb-upload_0:10836 [upload_job.py:push():137] Uploaded file C:\Users\DELL\Downloads\FederatedLearning\OpenFL-extended\openfl-tutorials\boosting-examples\AdaBoostF_Veteran\workspace\wandb\run-20230601_174758-0zqaq1vw\files\output.log
2023-06-01 21:41:25,001 INFO    wandb-upload_3:10836 [upload_job.py:push():137] Uploaded file C:\Users\DELL\Downloads\FederatedLearning\OpenFL-extended\openfl-tutorials\boosting-examples\AdaBoostF_Veteran\workspace\wandb\run-20230601_174758-0zqaq1vw\files\wandb-summary.json
2023-06-01 21:41:25,021 INFO    wandb-upload_1:10836 [upload_job.py:push():137] Uploaded file C:\Users\DELL\Downloads\FederatedLearning\OpenFL-extended\openfl-tutorials\boosting-examples\AdaBoostF_Veteran\workspace\wandb\run-20230601_174758-0zqaq1vw\files\config.yaml
2023-06-01 21:41:25,040 INFO    wandb-upload_2:10836 [upload_job.py:push():137] Uploaded file C:\Users\DELL\Downloads\FederatedLearning\OpenFL-extended\openfl-tutorials\boosting-examples\AdaBoostF_Veteran\workspace\wandb\run-20230601_174758-0zqaq1vw\files\requirements.txt
2023-06-01 21:41:25,241 INFO    Thread-15 :10836 [sender.py:transition_state():626] send defer: 11
2023-06-01 21:41:25,243 DEBUG   HandlerThread:10836 [handler.py:handle_request():144] handle_request: defer
2023-06-01 21:41:25,243 INFO    HandlerThread:10836 [handler.py:handle_request_defer():170] handle defer: 11
2023-06-01 21:41:25,246 DEBUG   SenderThread:10836 [sender.py:send_request():402] send_request: defer
2023-06-01 21:41:25,247 INFO    SenderThread:10836 [sender.py:send_request_defer():622] handle sender defer: 11
2023-06-01 21:41:25,247 INFO    SenderThread:10836 [file_pusher.py:join():173] waiting for file pusher
2023-06-01 21:41:25,248 INFO    SenderThread:10836 [sender.py:transition_state():626] send defer: 12
2023-06-01 21:41:25,248 DEBUG   HandlerThread:10836 [handler.py:handle_request():144] handle_request: defer
2023-06-01 21:41:25,248 INFO    HandlerThread:10836 [handler.py:handle_request_defer():170] handle defer: 12
2023-06-01 21:41:25,249 DEBUG   SenderThread:10836 [sender.py:send_request():402] send_request: defer
2023-06-01 21:41:25,249 INFO    SenderThread:10836 [sender.py:send_request_defer():622] handle sender defer: 12
2023-06-01 21:41:25,673 DEBUG   HandlerThread:10836 [handler.py:handle_request():144] handle_request: keepalive
2023-06-01 21:41:26,088 INFO    SenderThread:10836 [sender.py:transition_state():626] send defer: 13
2023-06-01 21:41:26,089 DEBUG   HandlerThread:10836 [handler.py:handle_request():144] handle_request: defer
2023-06-01 21:41:26,089 INFO    HandlerThread:10836 [handler.py:handle_request_defer():170] handle defer: 13
2023-06-01 21:41:26,090 DEBUG   SenderThread:10836 [sender.py:send_request():402] send_request: defer
2023-06-01 21:41:26,090 INFO    SenderThread:10836 [sender.py:send_request_defer():622] handle sender defer: 13
2023-06-01 21:41:26,091 INFO    SenderThread:10836 [sender.py:transition_state():626] send defer: 14
2023-06-01 21:41:26,092 DEBUG   HandlerThread:10836 [handler.py:handle_request():144] handle_request: defer
2023-06-01 21:41:26,093 INFO    HandlerThread:10836 [handler.py:handle_request_defer():170] handle defer: 14
2023-06-01 21:41:26,096 DEBUG   SenderThread:10836 [sender.py:send():375] send: final
2023-06-01 21:41:26,096 DEBUG   SenderThread:10836 [sender.py:send():375] send: footer
2023-06-01 21:41:26,097 DEBUG   SenderThread:10836 [sender.py:send_request():402] send_request: defer
2023-06-01 21:41:26,097 INFO    SenderThread:10836 [sender.py:send_request_defer():622] handle sender defer: 14
2023-06-01 21:41:26,100 DEBUG   HandlerThread:10836 [handler.py:handle_request():144] handle_request: poll_exit
2023-06-01 21:41:26,100 DEBUG   HandlerThread:10836 [handler.py:handle_request():144] handle_request: server_info
2023-06-01 21:41:26,100 DEBUG   HandlerThread:10836 [handler.py:handle_request():144] handle_request: get_summary
2023-06-01 21:41:26,101 DEBUG   HandlerThread:10836 [handler.py:handle_request():144] handle_request: sampled_history
2023-06-01 21:41:26,102 DEBUG   SenderThread:10836 [sender.py:send_request():402] send_request: poll_exit
2023-06-01 21:41:26,102 DEBUG   SenderThread:10836 [sender.py:send_request():402] send_request: server_info
2023-06-01 21:41:26,262 INFO    MainThread:10836 [wandb_run.py:_footer_history_summary_info():3476] rendering history
2023-06-01 21:41:26,262 INFO    MainThread:10836 [wandb_run.py:_footer_history_summary_info():3508] rendering summary
2023-06-01 21:41:26,263 INFO    MainThread:10836 [wandb_run.py:_footer_sync_info():3434] logging synced files
2023-06-01 21:41:26,352 DEBUG   HandlerThread:10836 [handler.py:handle_request():144] handle_request: shutdown
2023-06-01 21:41:26,353 INFO    HandlerThread:10836 [handler.py:finish():845] shutting down handler
2023-06-01 21:41:27,103 INFO    WriterThread:10836 [datastore.py:close():298] close: C:\Users\DELL\Downloads\FederatedLearning\OpenFL-extended\openfl-tutorials\boosting-examples\AdaBoostF_Veteran\workspace\wandb\run-20230601_174758-0zqaq1vw\run-0zqaq1vw.wandb
2023-06-01 21:41:27,267 INFO    SenderThread:10836 [sender.py:finish():1550] shutting down sender
2023-06-01 21:41:27,267 INFO    SenderThread:10836 [file_pusher.py:finish():168] shutting down file pusher
2023-06-01 21:41:27,268 INFO    SenderThread:10836 [file_pusher.py:join():173] waiting for file pusher
