[20:16:03] INFO     [20:16:03] INFO     [20:16:03] INFO                INFO     The health check sender is started.                                                                                             envoy.py:115
[20:16:03] INFO     --- Logging error ---
Traceback (most recent call last):
  File "C:\Users\DELL\AppData\Roaming\Python\Python38\site-packages\rich\logging.py", line 170, in emit
    self.console.print(log_renderable)
  File "C:\Users\DELL\AppData\Roaming\Python\Python38\site-packages\rich\console.py", line 1720, in print
    self._buffer.extend(new_segments)
  File "C:\Users\DELL\AppData\Roaming\Python\Python38\site-packages\rich\console.py", line 864, in __exit__
    self._exit_buffer()
  File "C:\Users\DELL\AppData\Roaming\Python\Python38\site-packages\rich\console.py", line 822, in _exit_buffer
    self._check_buffer()
  File "C:\Users\DELL\AppData\Roaming\Python\Python38\site-packages\rich\console.py", line 2027, in _check_buffer
    legacy_windows_render(buffer, LegacyWindowsTerm(self.file))
  File "C:\Users\DELL\AppData\Roaming\Python\Python38\site-packages\rich\_windows_renderer.py", line 19, in legacy_windows_render
    term.write_text(text)
  File "C:\Users\DELL\AppData\Roaming\Python\Python38\site-packages\rich\_win32_console.py", line 403, in write_text
    self.write(text)
  File "C:\Users\DELL\anaconda3\envs\myenv\lib\encodings\cp1252.py", line 19, in encode
    return codecs.charmap_encode(input,self.errors,encoding_table)[0]
UnicodeEncodeError: 'charmap' codec can't encode character '\U0001f9ff' in position 0: character maps to <undefined>
Call stack:
  File "C:\Users\DELL\anaconda3\envs\myenv\lib\runpy.py", line 194, in _run_module_as_main
    return _run_code(code, main_globals, None,
  File "C:\Users\DELL\anaconda3\envs\myenv\lib\runpy.py", line 87, in _run_code
    exec(code, run_globals)
  File "C:\Users\DELL\anaconda3\envs\myenv\Scripts\fx.exe\__main__.py", line 7, in <module>
    sys.exit(entry())
  File "C:\Users\DELL\AppData\Roaming\Python\Python38\site-packages\openfl\interface\cli.py", line 212, in entry
    cli()
  File "C:\Users\DELL\AppData\Roaming\Python\Python38\site-packages\click\core.py", line 1137, in __call__
    return self.main(*args, **kwargs)
  File "C:\Users\DELL\AppData\Roaming\Python\Python38\site-packages\click\core.py", line 1062, in main
    rv = self.invoke(ctx)
  File "C:\Users\DELL\AppData\Roaming\Python\Python38\site-packages\click\core.py", line 1668, in invoke
    return _process_result(sub_ctx.command.invoke(sub_ctx))
  File "C:\Users\DELL\AppData\Roaming\Python\Python38\site-packages\click\core.py", line 1668, in invoke
    return _process_result(sub_ctx.command.invoke(sub_ctx))
  File "C:\Users\DELL\AppData\Roaming\Python\Python38\site-packages\click\core.py", line 1404, in invoke
    return ctx.invoke(self.callback, **ctx.params)
  File "C:\Users\DELL\AppData\Roaming\Python\Python38\site-packages\click\core.py", line 763, in invoke
    return __callback(*args, **kwargs)
  File "C:\Users\DELL\AppData\Roaming\Python\Python38\site-packages\openfl\interface\envoy.py", line 54, in start_
    logger.info('\U0001f9ff Starting the Envoy.')
  File "C:\Users\DELL\anaconda3\envs\myenv\lib\logging\__init__.py", line 1446, in info
    self._log(INFO, msg, args, **kwargs)
  File "C:\Users\DELL\anaconda3\envs\myenv\lib\logging\__init__.py", line 1589, in _log
    self.handle(record)
  File "C:\Users\DELL\anaconda3\envs\myenv\lib\logging\__init__.py", line 1599, in handle
    self.callHandlers(record)
  File "C:\Users\DELL\anaconda3\envs\myenv\lib\logging\__init__.py", line 1661, in callHandlers
    hdlr.handle(record)
  File "C:\Users\DELL\anaconda3\envs\myenv\lib\logging\__init__.py", line 954, in handle
    self.emit(record)
  File "C:\Users\DELL\AppData\Roaming\Python\Python38\site-packages\rich\logging.py", line 172, in emit
    self.handleError(record)
Message: '\U0001f9ff Starting the Envoy.'
Arguments: ()
C:\Users\DELL\Downloads\FederatedLearning\OpenFL-extended\openfl-tutorials\boosting-examples\CoxPH\AdaBoostF_Support_Feature\envoy_1\support_feature_shard_descriptor.py:97: SettingWithCopyWarning: 
A value is trying to be set on a copy of a slice from a DataFrame.
Try using .loc[row_indexer,col_indexer] = value instead

See the caveats in the documentation: https://pandas.pydata.org/pandas-docs/stable/user_guide/indexing.html#returning-a-view-versus-a-copy
  y['event'] = y['event'].astype(bool)
--- Logging error ---
Traceback (most recent call last):
  File "C:\Users\DELL\AppData\Roaming\Python\Python38\site-packages\rich\logging.py", line 170, in emit
    self.console.print(log_renderable)
  File "C:\Users\DELL\AppData\Roaming\Python\Python38\site-packages\rich\console.py", line 1720, in print
    self._buffer.extend(new_segments)
  File "C:\Users\DELL\AppData\Roaming\Python\Python38\site-packages\rich\console.py", line 864, in __exit__
    self._exit_buffer()
  File "C:\Users\DELL\AppData\Roaming\Python\Python38\site-packages\rich\console.py", line 822, in _exit_buffer
    self._check_buffer()
  File "C:\Users\DELL\AppData\Roaming\Python\Python38\site-packages\rich\console.py", line 2027, in _check_buffer
    legacy_windows_render(buffer, LegacyWindowsTerm(self.file))
  File "C:\Users\DELL\AppData\Roaming\Python\Python38\site-packages\rich\_windows_renderer.py", line 19, in legacy_windows_render
    term.write_text(text)
  File "C:\Users\DELL\AppData\Roaming\Python\Python38\site-packages\rich\_win32_console.py", line 403, in write_text
    self.write(text)
  File "C:\Users\DELL\anaconda3\envs\myenv\lib\encodings\cp1252.py", line 19, in encode
    return codecs.charmap_encode(input,self.errors,encoding_table)[0]
UnicodeEncodeError: 'charmap' codec can't encode character '\U0001f9ff' in position 0: character maps to <undefined>
Call stack:
  File "C:\Users\DELL\anaconda3\envs\myenv\lib\runpy.py", line 194, in _run_module_as_main
    return _run_code(code, main_globals, None,
  File "C:\Users\DELL\anaconda3\envs\myenv\lib\runpy.py", line 87, in _run_code
    exec(code, run_globals)
  File "C:\Users\DELL\anaconda3\envs\myenv\Scripts\fx.exe\__main__.py", line 7, in <module>
    sys.exit(entry())
  File "C:\Users\DELL\AppData\Roaming\Python\Python38\site-packages\openfl\interface\cli.py", line 212, in entry
    cli()
  File "C:\Users\DELL\AppData\Roaming\Python\Python38\site-packages\click\core.py", line 1137, in __call__
    return self.main(*args, **kwargs)
  File "C:\Users\DELL\AppData\Roaming\Python\Python38\site-packages\click\core.py", line 1062, in main
    rv = self.invoke(ctx)
  File "C:\Users\DELL\AppData\Roaming\Python\Python38\site-packages\click\core.py", line 1668, in invoke
    return _process_result(sub_ctx.command.invoke(sub_ctx))
  File "C:\Users\DELL\AppData\Roaming\Python\Python38\site-packages\click\core.py", line 1668, in invoke
    return _process_result(sub_ctx.command.invoke(sub_ctx))
  File "C:\Users\DELL\AppData\Roaming\Python\Python38\site-packages\click\core.py", line 1404, in invoke
    return ctx.invoke(self.callback, **ctx.params)
  File "C:\Users\DELL\AppData\Roaming\Python\Python38\site-packages\click\core.py", line 763, in invoke
    return __callback(*args, **kwargs)
  File "C:\Users\DELL\AppData\Roaming\Python\Python38\site-packages\openfl\interface\envoy.py", line 111, in start_
    envoy.start()
  File "C:\Users\DELL\AppData\Roaming\Python\Python38\site-packages\openfl\component\envoy\envoy.py", line 169, in start
    is_accepted = self.director_client.report_shard_info(
  File "C:\Users\DELL\AppData\Roaming\Python\Python38\site-packages\openfl\transport\grpc\director_client.py", line 61, in report_shard_info
    logger.info('Send report UpdateShardInfo')
  File "C:\Users\DELL\anaconda3\envs\myenv\lib\logging\__init__.py", line 1446, in info
    self._log(INFO, msg, args, **kwargs)
  File "C:\Users\DELL\anaconda3\envs\myenv\lib\logging\__init__.py", line 1589, in _log
    self.handle(record)
  File "C:\Users\DELL\anaconda3\envs\myenv\lib\logging\__init__.py", line 1599, in handle
    self.callHandlers(record)
  File "C:\Users\DELL\anaconda3\envs\myenv\lib\logging\__init__.py", line 1661, in callHandlers
    hdlr.handle(record)
  File "C:\Users\DELL\anaconda3\envs\myenv\lib\logging\__init__.py", line 954, in handle
    self.emit(record)
[20:16:03] INFO     [20:16:03] INFO       File "C:\Users\DELL\AppData\Roaming\Python\Python38\site-packages\rich\logging.py", line 172, in emit
    self.handleError(record)
Message: 'Send report UpdateShardInfo'
Arguments: ()
--- Logging error ---
Traceback (most recent call last):
  File "C:\Users\DELL\AppData\Roaming\Python\Python38\site-packages\rich\logging.py", line 170, in emit
    self.console.print(log_renderable)
  File "C:\Users\DELL\AppData\Roaming\Python\Python38\site-packages\rich\console.py", line 1720, in print
    self._buffer.extend(new_segments)
  File "C:\Users\DELL\AppData\Roaming\Python\Python38\site-packages\rich\console.py", line 864, in __exit__
    self._exit_buffer()
  File "C:\Users\DELL\AppData\Roaming\Python\Python38\site-packages\rich\console.py", line 822, in _exit_buffer
    self._check_buffer()
  File "C:\Users\DELL\AppData\Roaming\Python\Python38\site-packages\rich\console.py", line 2027, in _check_buffer
    legacy_windows_render(buffer, LegacyWindowsTerm(self.file))
  File "C:\Users\DELL\AppData\Roaming\Python\Python38\site-packages\rich\_windows_renderer.py", line 19, in legacy_windows_render
    term.write_text(text)
  File "C:\Users\DELL\AppData\Roaming\Python\Python38\site-packages\rich\_win32_console.py", line 403, in write_text
    self.write(text)
  File "C:\Users\DELL\anaconda3\envs\myenv\lib\encodings\cp1252.py", line 19, in encode
    return codecs.charmap_encode(input,self.errors,encoding_table)[0]
UnicodeEncodeError: 'charmap' codec can't encode character '\U0001f9ff' in position 0: character maps to <undefined>
Call stack:
  File "C:\Users\DELL\anaconda3\envs\myenv\lib\runpy.py", line 194, in _run_module_as_main
    return _run_code(code, main_globals, None,
  File "C:\Users\DELL\anaconda3\envs\myenv\lib\runpy.py", line 87, in _run_code
    exec(code, run_globals)
  File "C:\Users\DELL\anaconda3\envs\myenv\Scripts\fx.exe\__main__.py", line 7, in <module>
    sys.exit(entry())
  File "C:\Users\DELL\AppData\Roaming\Python\Python38\site-packages\openfl\interface\cli.py", line 212, in entry
    cli()
  File "C:\Users\DELL\AppData\Roaming\Python\Python38\site-packages\click\core.py", line 1137, in __call__
    return self.main(*args, **kwargs)
  File "C:\Users\DELL\AppData\Roaming\Python\Python38\site-packages\click\core.py", line 1062, in main
    rv = self.invoke(ctx)
  File "C:\Users\DELL\AppData\Roaming\Python\Python38\site-packages\click\core.py", line 1668, in invoke
    return _process_result(sub_ctx.command.invoke(sub_ctx))
  File "C:\Users\DELL\AppData\Roaming\Python\Python38\site-packages\click\core.py", line 1668, in invoke
    return _process_result(sub_ctx.command.invoke(sub_ctx))
  File "C:\Users\DELL\AppData\Roaming\Python\Python38\site-packages\click\core.py", line 1404, in invoke
    return ctx.invoke(self.callback, **ctx.params)
  File "C:\Users\DELL\AppData\Roaming\Python\Python38\site-packages\click\core.py", line 763, in invoke
    return __callback(*args, **kwargs)
  File "C:\Users\DELL\AppData\Roaming\Python\Python38\site-packages\openfl\interface\envoy.py", line 111, in start_
    envoy.start()
  File "C:\Users\DELL\AppData\Roaming\Python\Python38\site-packages\openfl\component\envoy\envoy.py", line 177, in start
    logger.info('Shard accepted')
  File "C:\Users\DELL\anaconda3\envs\myenv\lib\logging\__init__.py", line 1446, in info
    self._log(INFO, msg, args, **kwargs)
  File "C:\Users\DELL\anaconda3\envs\myenv\lib\logging\__init__.py", line 1589, in _log
    self.handle(record)
  File "C:\Users\DELL\anaconda3\envs\myenv\lib\logging\__init__.py", line 1599, in handle
    self.callHandlers(record)
  File "C:\Users\DELL\anaconda3\envs\myenv\lib\logging\__init__.py", line 1661, in callHandlers
    hdlr.handle(record)
  File "C:\Users\DELL\anaconda3\envs\myenv\lib\logging\__init__.py", line 954, in handle
    self.emit(record)
  File "C:\Users\DELL\AppData\Roaming\Python\Python38\site-packages\rich\logging.py", line 172, in emit
    self.handleError(record)
Message: 'Shard accepted'
Arguments: ()
--- Logging error ---
Traceback (most recent call last):
  File "C:\Users\DELL\AppData\Roaming\Python\Python38\site-packages\rich\logging.py", line 170, in emit
    self.console.print(log_renderable)
  File "C:\Users\DELL\AppData\Roaming\Python\Python38\site-packages\rich\console.py", line 1720, in print
    self._buffer.extend(new_segments)
  File "C:\Users\DELL\AppData\Roaming\Python\Python38\site-packages\rich\console.py", line 864, in __exit__
    self._exit_buffer()
  File "C:\Users\DELL\AppData\Roaming\Python\Python38\site-packages\rich\console.py", line 822, in _exit_buffer
    self._check_buffer()
  File "C:\Users\DELL\AppData\Roaming\Python\Python38\site-packages\rich\console.py", line 2027, in _check_buffer
    legacy_windows_render(buffer, LegacyWindowsTerm(self.file))
  File "C:\Users\DELL\AppData\Roaming\Python\Python38\site-packages\rich\_windows_renderer.py", line 19, in legacy_windows_render
    term.write_text(text)
  File "C:\Users\DELL\AppData\Roaming\Python\Python38\site-packages\rich\_win32_console.py", line 403, in write_text
    self.write(text)
  File "C:\Users\DELL\anaconda3\envs\myenv\lib\encodings\cp1252.py", line 19, in encode
    return codecs.charmap_encode(input,self.errors,encoding_table)[0]
UnicodeEncodeError: 'charmap' codec can't encode character '\U0001f9ff' in position 0: character maps to <undefined>
Call stack:
  File "C:\Users\DELL\anaconda3\envs\myenv\lib\runpy.py", line 194, in _run_module_as_main
    return _run_code(code, main_globals, None,
  File "C:\Users\DELL\anaconda3\envs\myenv\lib\runpy.py", line 87, in _run_code
    exec(code, run_globals)
  File "C:\Users\DELL\anaconda3\envs\myenv\Scripts\fx.exe\__main__.py", line 7, in <module>
    sys.exit(entry())
  File "C:\Users\DELL\AppData\Roaming\Python\Python38\site-packages\openfl\interface\cli.py", line 212, in entry
    cli()
  File "C:\Users\DELL\AppData\Roaming\Python\Python38\site-packages\click\core.py", line 1137, in __call__
    return self.main(*args, **kwargs)
  File "C:\Users\DELL\AppData\Roaming\Python\Python38\site-packages\click\core.py", line 1062, in main
    rv = self.invoke(ctx)
  File "C:\Users\DELL\AppData\Roaming\Python\Python38\site-packages\click\core.py", line 1668, in invoke
    return _process_result(sub_ctx.command.invoke(sub_ctx))
  File "C:\Users\DELL\AppData\Roaming\Python\Python38\site-packages\click\core.py", line 1668, in invoke
    return _process_result(sub_ctx.command.invoke(sub_ctx))
  File "C:\Users\DELL\AppData\Roaming\Python\Python38\site-packages\click\core.py", line 1404, in invoke
    return ctx.invoke(self.callback, **ctx.params)
  File "C:\Users\DELL\AppData\Roaming\Python\Python38\site-packages\click\core.py", line 763, in invoke
    return __callback(*args, **kwargs)
  File "C:\Users\DELL\AppData\Roaming\Python\Python38\site-packages\openfl\interface\envoy.py", line 111, in start_
    envoy.start()
  File "C:\Users\DELL\AppData\Roaming\Python\Python38\site-packages\openfl\component\envoy\envoy.py", line 179, in start
    self.run()
  File "C:\Users\DELL\AppData\Roaming\Python\Python38\site-packages\openfl\component\envoy\envoy.py", line 77, in run
    experiment_name = self.director_client.wait_experiment()
  File "C:\Users\DELL\AppData\Roaming\Python\Python38\site-packages\openfl\transport\grpc\director_client.py", line 81, in wait_experiment
    logger.info('Send WaitExperiment request')
  File "C:\Users\DELL\anaconda3\envs\myenv\lib\logging\__init__.py", line 1446, in info
    self._log(INFO, msg, args, **kwargs)
  File "C:\Users\DELL\anaconda3\envs\myenv\lib\logging\__init__.py", line 1589, in _log
    self.handle(record)
  File "C:\Users\DELL\anaconda3\envs\myenv\lib\logging\__init__.py", line 1599, in handle
    self.callHandlers(record)
  File "C:\Users\DELL\anaconda3\envs\myenv\lib\logging\__init__.py", line 1661, in callHandlers
    hdlr.handle(record)
  File "C:\Users\DELL\anaconda3\envs\myenv\lib\logging\__init__.py", line 954, in handle
    self.emit(record)
Requirement already satisfied: absl-py==1.4.0 in d:\users\dell\anaconda3\envs\myenv\lib\site-packages (from -r C:\Users\DELL\Downloads\FederatedLearning\OpenFL-extended\openfl-tutorials\boosting-examples\CoxPH\AdaBoostF_Support_Feature\envoy_1/envoy_1_AdaboostF_support_feature1/requirements.txt (line 1)) (1.4.0)
Requirement already satisfied: appdirs==1.4.4 in d:\users\dell\anaconda3\envs\myenv\lib\site-packages (from -r C:\Users\DELL\Downloads\FederatedLearning\OpenFL-extended\openfl-tutorials\boosting-examples\CoxPH\AdaBoostF_Support_Feature\envoy_1/envoy_1_AdaboostF_support_feature1/requirements.txt (line 2)) (1.4.4)
Requirement already satisfied: astor==0.8.1 in d:\users\dell\anaconda3\envs\myenv\lib\site-packages (from -r C:\Users\DELL\Downloads\FederatedLearning\OpenFL-extended\openfl-tutorials\boosting-examples\CoxPH\AdaBoostF_Support_Feature\envoy_1/envoy_1_AdaboostF_support_feature1/requirements.txt (line 3)) (0.8.1)
Requirement already satisfied: astunparse==1.6.3 in d:\users\dell\anaconda3\envs\myenv\lib\site-packages (from -r C:\Users\DELL\Downloads\FederatedLearning\OpenFL-extended\openfl-tutorials\boosting-examples\CoxPH\AdaBoostF_Support_Feature\envoy_1/envoy_1_AdaboostF_support_feature1/requirements.txt (line 4)) (1.6.3)
Requirement already satisfied: autograd==1.6.2 in d:\users\dell\anaconda3\envs\myenv\lib\site-packages (from -r C:\Users\DELL\Downloads\FederatedLearning\OpenFL-extended\openfl-tutorials\boosting-examples\CoxPH\AdaBoostF_Support_Feature\envoy_1/envoy_1_AdaboostF_support_feature1/requirements.txt (line 5)) (1.6.2)
Requirement already satisfied: autograd-gamma==0.5.0 in d:\users\dell\anaconda3\envs\myenv\lib\site-packages (from -r C:\Users\DELL\Downloads\FederatedLearning\OpenFL-extended\openfl-tutorials\boosting-examples\CoxPH\AdaBoostF_Support_Feature\envoy_1/envoy_1_AdaboostF_support_feature1/requirements.txt (line 6)) (0.5.0)
Requirement already satisfied: Brotli==1.0.9 in d:\users\dell\anaconda3\envs\myenv\lib\site-packages (from -r C:\Users\DELL\Downloads\FederatedLearning\OpenFL-extended\openfl-tutorials\boosting-examples\CoxPH\AdaBoostF_Support_Feature\envoy_1/envoy_1_AdaboostF_support_feature1/requirements.txt (line 7)) (1.0.9)
Requirement already satisfied: brotlipy==0.7.0 in d:\users\dell\anaconda3\envs\myenv\lib\site-packages (from -r C:\Users\DELL\Downloads\FederatedLearning\OpenFL-extended\openfl-tutorials\boosting-examples\CoxPH\AdaBoostF_Support_Feature\envoy_1/envoy_1_AdaboostF_support_feature1/requirements.txt (line 8)) (0.7.0)
Requirement already satisfied: cachetools==5.3.0 in d:\users\dell\anaconda3\envs\myenv\lib\site-packages (from -r C:\Users\DELL\Downloads\FederatedLearning\OpenFL-extended\openfl-tutorials\boosting-examples\CoxPH\AdaBoostF_Support_Feature\envoy_1/envoy_1_AdaboostF_support_feature1/requirements.txt (line 9)) (5.3.0)
Requirement already satisfied: charset-normalizer==3.1.0 in c:\users\dell\appdata\roaming\python\python38\site-packages (from -r C:\Users\DELL\Downloads\FederatedLearning\OpenFL-extended\openfl-tutorials\boosting-examples\CoxPH\AdaBoostF_Support_Feature\envoy_1/envoy_1_AdaboostF_support_feature1/requirements.txt (line 10)) (3.1.0)
Requirement already satisfied: click==8.0.1 in c:\users\dell\appdata\roaming\python\python38\site-packages (from -r C:\Users\DELL\Downloads\FederatedLearning\OpenFL-extended\openfl-tutorials\boosting-examples\CoxPH\AdaBoostF_Support_Feature\envoy_1/envoy_1_AdaboostF_support_feature1/requirements.txt (line 11)) (8.0.1)
Requirement already satisfied: cloudpickle==2.2.1 in d:\users\dell\anaconda3\envs\myenv\lib\site-packages (from -r C:\Users\DELL\Downloads\FederatedLearning\OpenFL-extended\openfl-tutorials\boosting-examples\CoxPH\AdaBoostF_Support_Feature\envoy_1/envoy_1_AdaboostF_support_feature1/requirements.txt (line 12)) (2.2.1)
Requirement already satisfied: contourpy==1.0.7 in d:\users\dell\anaconda3\envs\myenv\lib\site-packages (from -r C:\Users\DELL\Downloads\FederatedLearning\OpenFL-extended\openfl-tutorials\boosting-examples\CoxPH\AdaBoostF_Support_Feature\envoy_1/envoy_1_AdaboostF_support_feature1/requirements.txt (line 13)) (1.0.7)
Requirement already satisfied: cycler==0.11.0 in d:\users\dell\anaconda3\envs\myenv\lib\site-packages (from -r C:\Users\DELL\Downloads\FederatedLearning\OpenFL-extended\openfl-tutorials\boosting-examples\CoxPH\AdaBoostF_Support_Feature\envoy_1/envoy_1_AdaboostF_support_feature1/requirements.txt (line 14)) (0.11.0)
Requirement already satisfied: dill==0.3.6 in c:\users\dell\appdata\roaming\python\python38\site-packages (from -r C:\Users\DELL\Downloads\FederatedLearning\OpenFL-extended\openfl-tutorials\boosting-examples\CoxPH\AdaBoostF_Support_Feature\envoy_1/envoy_1_AdaboostF_support_feature1/requirements.txt (line 15)) (0.3.6)
Requirement already satisfied: docker==6.0.1 in c:\users\dell\appdata\roaming\python\python38\site-packages (from -r C:\Users\DELL\Downloads\FederatedLearning\OpenFL-extended\openfl-tutorials\boosting-examples\CoxPH\AdaBoostF_Support_Feature\envoy_1/envoy_1_AdaboostF_support_feature1/requirements.txt (line 16)) (6.0.1)
Requirement already satisfied: docker-pycreds==0.4.0 in c:\users\dell\appdata\roaming\python\python38\site-packages (from -r C:\Users\DELL\Downloads\FederatedLearning\OpenFL-extended\openfl-tutorials\boosting-examples\CoxPH\AdaBoostF_Support_Feature\envoy_1/envoy_1_AdaboostF_support_feature1/requirements.txt (line 17)) (0.4.0)
Requirement already satisfied: dynaconf==3.1.5 in c:\users\dell\appdata\roaming\python\python38\site-packages (from -r C:\Users\DELL\Downloads\FederatedLearning\OpenFL-extended\openfl-tutorials\boosting-examples\CoxPH\AdaBoostF_Support_Feature\envoy_1/envoy_1_AdaboostF_support_feature1/requirements.txt (line 18)) (3.1.5)
Requirement already satisfied: feather-format==0.4.1 in d:\users\dell\anaconda3\envs\myenv\lib\site-packages (from -r C:\Users\DELL\Downloads\FederatedLearning\OpenFL-extended\openfl-tutorials\boosting-examples\CoxPH\AdaBoostF_Support_Feature\envoy_1/envoy_1_AdaboostF_support_feature1/requirements.txt (line 19)) (0.4.1)
Requirement already satisfied: filelock==3.12.2 in d:\users\dell\anaconda3\envs\myenv\lib\site-packages (from -r C:\Users\DELL\Downloads\FederatedLearning\OpenFL-extended\openfl-tutorials\boosting-examples\CoxPH\AdaBoostF_Support_Feature\envoy_1/envoy_1_AdaboostF_support_feature1/requirements.txt (line 20)) (3.12.2)
Requirement already satisfied: flatbuffers==2.0.7 in d:\users\dell\anaconda3\envs\myenv\lib\site-packages (from -r C:\Users\DELL\Downloads\FederatedLearning\OpenFL-extended\openfl-tutorials\boosting-examples\CoxPH\AdaBoostF_Support_Feature\envoy_1/envoy_1_AdaboostF_support_feature1/requirements.txt (line 21)) (2.0.7)
Requirement already satisfied: flatten-json==0.1.13 in c:\users\dell\appdata\roaming\python\python38\site-packages (from -r C:\Users\DELL\Downloads\FederatedLearning\OpenFL-extended\openfl-tutorials\boosting-examples\CoxPH\AdaBoostF_Support_Feature\envoy_1/envoy_1_AdaboostF_support_feature1/requirements.txt (line 22)) (0.1.13)
Requirement already satisfied: fonttools==4.39.3 in d:\users\dell\anaconda3\envs\myenv\lib\site-packages (from -r C:\Users\DELL\Downloads\FederatedLearning\OpenFL-extended\openfl-tutorials\boosting-examples\CoxPH\AdaBoostF_Support_Feature\envoy_1/envoy_1_AdaboostF_support_feature1/requirements.txt (line 23)) (4.39.3)
Requirement already satisfied: formulaic==0.6.4 in d:\users\dell\anaconda3\envs\myenv\lib\site-packages (from -r C:\Users\DELL\Downloads\FederatedLearning\OpenFL-extended\openfl-tutorials\boosting-examples\CoxPH\AdaBoostF_Support_Feature\envoy_1/envoy_1_AdaboostF_support_feature1/requirements.txt (line 24)) (0.6.4)
Requirement already satisfied: gamma-pytools==2.1.1 in d:\users\dell\anaconda3\envs\myenv\lib\site-packages (from -r C:\Users\DELL\Downloads\FederatedLearning\OpenFL-extended\openfl-tutorials\boosting-examples\CoxPH\AdaBoostF_Support_Feature\envoy_1/envoy_1_AdaboostF_support_feature1/requirements.txt (line 25)) (2.1.1)
Requirement already satisfied: gast==0.4.0 in d:\users\dell\anaconda3\envs\myenv\lib\site-packages (from -r C:\Users\DELL\Downloads\FederatedLearning\OpenFL-extended\openfl-tutorials\boosting-examples\CoxPH\AdaBoostF_Support_Feature\envoy_1/envoy_1_AdaboostF_support_feature1/requirements.txt (line 26)) (0.4.0)
Requirement already satisfied: gitdb==4.0.10 in d:\users\dell\anaconda3\envs\myenv\lib\site-packages (from -r C:\Users\DELL\Downloads\FederatedLearning\OpenFL-extended\openfl-tutorials\boosting-examples\CoxPH\AdaBoostF_Support_Feature\envoy_1/envoy_1_AdaboostF_support_feature1/requirements.txt (line 27)) (4.0.10)
Requirement already satisfied: GitPython==3.1.31 in d:\users\dell\anaconda3\envs\myenv\lib\site-packages (from -r C:\Users\DELL\Downloads\FederatedLearning\OpenFL-extended\openfl-tutorials\boosting-examples\CoxPH\AdaBoostF_Support_Feature\envoy_1/envoy_1_AdaboostF_support_feature1/requirements.txt (line 28)) (3.1.31)
Requirement already satisfied: google-auth==2.17.3 in d:\users\dell\anaconda3\envs\myenv\lib\site-packages (from -r C:\Users\DELL\Downloads\FederatedLearning\OpenFL-extended\openfl-tutorials\boosting-examples\CoxPH\AdaBoostF_Support_Feature\envoy_1/envoy_1_AdaboostF_support_feature1/requirements.txt (line 29)) (2.17.3)
Requirement already satisfied: google-auth-oauthlib==0.4.6 in d:\users\dell\anaconda3\envs\myenv\lib\site-packages (from -r C:\Users\DELL\Downloads\FederatedLearning\OpenFL-extended\openfl-tutorials\boosting-examples\CoxPH\AdaBoostF_Support_Feature\envoy_1/envoy_1_AdaboostF_support_feature1/requirements.txt (line 30)) (0.4.6)
Requirement already satisfied: google-pasta==0.2.0 in d:\users\dell\anaconda3\envs\myenv\lib\site-packages (from -r C:\Users\DELL\Downloads\FederatedLearning\OpenFL-extended\openfl-tutorials\boosting-examples\CoxPH\AdaBoostF_Support_Feature\envoy_1/envoy_1_AdaboostF_support_feature1/requirements.txt (line 31)) (0.2.0)
Requirement already satisfied: graphlib-backport==1.0.3 in d:\users\dell\anaconda3\envs\myenv\lib\site-packages (from -r C:\Users\DELL\Downloads\FederatedLearning\OpenFL-extended\openfl-tutorials\boosting-examples\CoxPH\AdaBoostF_Support_Feature\envoy_1/envoy_1_AdaboostF_support_feature1/requirements.txt (line 32)) (1.0.3)
Requirement already satisfied: grpcio==1.48.2 in c:\users\dell\appdata\roaming\python\python38\site-packages (from -r C:\Users\DELL\Downloads\FederatedLearning\OpenFL-extended\openfl-tutorials\boosting-examples\CoxPH\AdaBoostF_Support_Feature\envoy_1/envoy_1_AdaboostF_support_feature1/requirements.txt (line 33)) (1.48.2)
Requirement already satisfied: h5py==3.8.0 in d:\users\dell\anaconda3\envs\myenv\lib\site-packages (from -r C:\Users\DELL\Downloads\FederatedLearning\OpenFL-extended\openfl-tutorials\boosting-examples\CoxPH\AdaBoostF_Support_Feature\envoy_1/envoy_1_AdaboostF_support_feature1/requirements.txt (line 34)) (3.8.0)
Requirement already satisfied: inflate64==0.3.1 in d:\users\dell\anaconda3\envs\myenv\lib\site-packages (from -r C:\Users\DELL\Downloads\FederatedLearning\OpenFL-extended\openfl-tutorials\boosting-examples\CoxPH\AdaBoostF_Support_Feature\envoy_1/envoy_1_AdaboostF_support_feature1/requirements.txt (line 35)) (0.3.1)
Requirement already satisfied: interface-meta==1.3.0 in d:\users\dell\anaconda3\envs\myenv\lib\site-packages (from -r C:\Users\DELL\Downloads\FederatedLearning\OpenFL-extended\openfl-tutorials\boosting-examples\CoxPH\AdaBoostF_Support_Feature\envoy_1/envoy_1_AdaboostF_support_feature1/requirements.txt (line 36)) (1.3.0)
Requirement already satisfied: joblib==1.2.0 in d:\users\dell\anaconda3\envs\myenv\lib\site-packages (from -r C:\Users\DELL\Downloads\FederatedLearning\OpenFL-extended\openfl-tutorials\boosting-examples\CoxPH\AdaBoostF_Support_Feature\envoy_1/envoy_1_AdaboostF_support_feature1/requirements.txt (line 37)) (1.2.0)
Requirement already satisfied: keras==2.8.0 in d:\users\dell\anaconda3\envs\myenv\lib\site-packages (from -r C:\Users\DELL\Downloads\FederatedLearning\OpenFL-extended\openfl-tutorials\boosting-examples\CoxPH\AdaBoostF_Support_Feature\envoy_1/envoy_1_AdaboostF_support_feature1/requirements.txt (line 38)) (2.8.0)
Requirement already satisfied: Keras-Preprocessing==1.1.2 in d:\users\dell\anaconda3\envs\myenv\lib\site-packages (from -r C:\Users\DELL\Downloads\FederatedLearning\OpenFL-extended\openfl-tutorials\boosting-examples\CoxPH\AdaBoostF_Support_Feature\envoy_1/envoy_1_AdaboostF_support_feature1/requirements.txt (line 39)) (1.1.2)
Requirement already satisfied: kiwisolver==1.4.4 in d:\users\dell\anaconda3\envs\myenv\lib\site-packages (from -r C:\Users\DELL\Downloads\FederatedLearning\OpenFL-extended\openfl-tutorials\boosting-examples\CoxPH\AdaBoostF_Support_Feature\envoy_1/envoy_1_AdaboostF_support_feature1/requirements.txt (line 40)) (1.4.4)
Requirement already satisfied: libclang==16.0.0 in d:\users\dell\anaconda3\envs\myenv\lib\site-packages (from -r C:\Users\DELL\Downloads\FederatedLearning\OpenFL-extended\openfl-tutorials\boosting-examples\CoxPH\AdaBoostF_Support_Feature\envoy_1/envoy_1_AdaboostF_support_feature1/requirements.txt (line 41)) (16.0.0)
Requirement already satisfied: lifelines==0.27.7 in d:\users\dell\anaconda3\envs\myenv\lib\site-packages (from -r C:\Users\DELL\Downloads\FederatedLearning\OpenFL-extended\openfl-tutorials\boosting-examples\CoxPH\AdaBoostF_Support_Feature\envoy_1/envoy_1_AdaboostF_support_feature1/requirements.txt (line 42)) (0.27.7)
Requirement already satisfied: llvmlite==0.40.1 in d:\users\dell\anaconda3\envs\myenv\lib\site-packages (from -r C:\Users\DELL\Downloads\FederatedLearning\OpenFL-extended\openfl-tutorials\boosting-examples\CoxPH\AdaBoostF_Support_Feature\envoy_1/envoy_1_AdaboostF_support_feature1/requirements.txt (line 43)) (0.40.1)
Requirement already satisfied: Markdown==3.4.3 in d:\users\dell\anaconda3\envs\myenv\lib\site-packages (from -r C:\Users\DELL\Downloads\FederatedLearning\OpenFL-extended\openfl-tutorials\boosting-examples\CoxPH\AdaBoostF_Support_Feature\envoy_1/envoy_1_AdaboostF_support_feature1/requirements.txt (line 44)) (3.4.3)
Requirement already satisfied: markdown-it-py==2.2.0 in c:\users\dell\appdata\roaming\python\python38\site-packages (from -r C:\Users\DELL\Downloads\FederatedLearning\OpenFL-extended\openfl-tutorials\boosting-examples\CoxPH\AdaBoostF_Support_Feature\envoy_1/envoy_1_AdaboostF_support_feature1/requirements.txt (line 45)) (2.2.0)
Requirement already satisfied: matplotlib==3.7.1 in d:\users\dell\anaconda3\envs\myenv\lib\site-packages (from -r C:\Users\DELL\Downloads\FederatedLearning\OpenFL-extended\openfl-tutorials\boosting-examples\CoxPH\AdaBoostF_Support_Feature\envoy_1/envoy_1_AdaboostF_support_feature1/requirements.txt (line 46)) (3.7.1)
Requirement already satisfied: mdurl==0.1.2 in c:\users\dell\appdata\roaming\python\python38\site-packages (from -r C:\Users\DELL\Downloads\FederatedLearning\OpenFL-extended\openfl-tutorials\boosting-examples\CoxPH\AdaBoostF_Support_Feature\envoy_1/envoy_1_AdaboostF_support_feature1/requirements.txt (line 47)) (0.1.2)
Requirement already satisfied: mistune==0.8.4 in d:\users\dell\anaconda3\envs\myenv\lib\site-packages (from -r C:\Users\DELL\Downloads\FederatedLearning\OpenFL-extended\openfl-tutorials\boosting-examples\CoxPH\AdaBoostF_Support_Feature\envoy_1/envoy_1_AdaboostF_support_feature1/requirements.txt (line 48)) (0.8.4)
Requirement already satisfied: mkl-fft==1.3.1 in d:\users\dell\anaconda3\envs\myenv\lib\site-packages (from -r C:\Users\DELL\Downloads\FederatedLearning\OpenFL-extended\openfl-tutorials\boosting-examples\CoxPH\AdaBoostF_Support_Feature\envoy_1/envoy_1_AdaboostF_support_feature1/requirements.txt (line 49)) (1.3.1)
Requirement already satisfied: mkl-service==2.4.0 in d:\users\dell\anaconda3\envs\myenv\lib\site-packages (from -r C:\Users\DELL\Downloads\FederatedLearning\OpenFL-extended\openfl-tutorials\boosting-examples\CoxPH\AdaBoostF_Support_Feature\envoy_1/envoy_1_AdaboostF_support_feature1/requirements.txt (line 50)) (2.4.0)
Requirement already satisfied: mpmath==1.3.0 in d:\users\dell\anaconda3\envs\myenv\lib\site-packages (from -r C:\Users\DELL\Downloads\FederatedLearning\OpenFL-extended\openfl-tutorials\boosting-examples\CoxPH\AdaBoostF_Support_Feature\envoy_1/envoy_1_AdaboostF_support_feature1/requirements.txt (line 51)) (1.3.0)
Requirement already satisfied: multivolumefile==0.2.3 in d:\users\dell\anaconda3\envs\myenv\lib\site-packages (from -r C:\Users\DELL\Downloads\FederatedLearning\OpenFL-extended\openfl-tutorials\boosting-examples\CoxPH\AdaBoostF_Support_Feature\envoy_1/envoy_1_AdaboostF_support_feature1/requirements.txt (line 52)) (0.2.3)
Requirement already satisfied: mypy-extensions==1.0.0 in d:\users\dell\anaconda3\envs\myenv\lib\site-packages (from -r C:\Users\DELL\Downloads\FederatedLearning\OpenFL-extended\openfl-tutorials\boosting-examples\CoxPH\AdaBoostF_Support_Feature\envoy_1/envoy_1_AdaboostF_support_feature1/requirements.txt (line 53)) (1.0.0)
Requirement already satisfied: networkx==3.1 in d:\users\dell\anaconda3\envs\myenv\lib\site-packages (from -r C:\Users\DELL\Downloads\FederatedLearning\OpenFL-extended\openfl-tutorials\boosting-examples\CoxPH\AdaBoostF_Support_Feature\envoy_1/envoy_1_AdaboostF_support_feature1/requirements.txt (line 54)) (3.1)
Requirement already satisfied: numba==0.57.1 in d:\users\dell\anaconda3\envs\myenv\lib\site-packages (from -r C:\Users\DELL\Downloads\FederatedLearning\OpenFL-extended\openfl-tutorials\boosting-examples\CoxPH\AdaBoostF_Support_Feature\envoy_1/envoy_1_AdaboostF_support_feature1/requirements.txt (line 55)) (0.57.1)
Requirement already satisfied: numpy==1.24.2 in d:\users\dell\anaconda3\envs\myenv\lib\site-packages (from -r C:\Users\DELL\Downloads\FederatedLearning\OpenFL-extended\openfl-tutorials\boosting-examples\CoxPH\AdaBoostF_Support_Feature\envoy_1/envoy_1_AdaboostF_support_feature1/requirements.txt (line 56)) (1.24.2)
Requirement already satisfied: oauthlib==3.2.2 in d:\users\dell\anaconda3\envs\myenv\lib\site-packages (from -r C:\Users\DELL\Downloads\FederatedLearning\OpenFL-extended\openfl-tutorials\boosting-examples\CoxPH\AdaBoostF_Support_Feature\envoy_1/envoy_1_AdaboostF_support_feature1/requirements.txt (line 57)) (3.2.2)
Requirement already satisfied: opt-einsum==3.3.0 in d:\users\dell\anaconda3\envs\myenv\lib\site-packages (from -r C:\Users\DELL\Downloads\FederatedLearning\OpenFL-extended\openfl-tutorials\boosting-examples\CoxPH\AdaBoostF_Support_Feature\envoy_1/envoy_1_AdaboostF_support_feature1/requirements.txt (line 58)) (3.3.0)
Requirement already satisfied: pandas==2.0.0 in d:\users\dell\anaconda3\envs\myenv\lib\site-packages (from -r C:\Users\DELL\Downloads\FederatedLearning\OpenFL-extended\openfl-tutorials\boosting-examples\CoxPH\AdaBoostF_Support_Feature\envoy_1/envoy_1_AdaboostF_support_feature1/requirements.txt (line 59)) (2.0.0)
Requirement already satisfied: pathtools==0.1.2 in c:\users\dell\appdata\roaming\python\python38\site-packages (from -r C:\Users\DELL\Downloads\FederatedLearning\OpenFL-extended\openfl-tutorials\boosting-examples\CoxPH\AdaBoostF_Support_Feature\envoy_1/envoy_1_AdaboostF_support_feature1/requirements.txt (line 60)) (0.1.2)
Requirement already satisfied: Pillow==9.5.0 in d:\users\dell\anaconda3\envs\myenv\lib\site-packages (from -r C:\Users\DELL\Downloads\FederatedLearning\OpenFL-extended\openfl-tutorials\boosting-examples\CoxPH\AdaBoostF_Support_Feature\envoy_1/envoy_1_AdaboostF_support_feature1/requirements.txt (line 61)) (9.5.0)
Requirement already satisfied: pip==21.3.1 in d:\users\dell\anaconda3\envs\myenv\lib\site-packages (from -r C:\Users\DELL\Downloads\FederatedLearning\OpenFL-extended\openfl-tutorials\boosting-examples\CoxPH\AdaBoostF_Support_Feature\envoy_1/envoy_1_AdaboostF_support_feature1/requirements.txt (line 62)) (21.3.1)
Requirement already satisfied: ply==3.11 in d:\users\dell\anaconda3\envs\myenv\lib\site-packages (from -r C:\Users\DELL\Downloads\FederatedLearning\OpenFL-extended\openfl-tutorials\boosting-examples\CoxPH\AdaBoostF_Support_Feature\envoy_1/envoy_1_AdaboostF_support_feature1/requirements.txt (line 63)) (3.11)
Requirement already satisfied: protobuf==3.19.5 in c:\users\dell\appdata\roaming\python\python38\site-packages (from -r C:\Users\DELL\Downloads\FederatedLearning\OpenFL-extended\openfl-tutorials\boosting-examples\CoxPH\AdaBoostF_Support_Feature\envoy_1/envoy_1_AdaboostF_support_feature1/requirements.txt (line 64)) (3.19.5)
Requirement already satisfied: py7zr==0.20.5 in d:\users\dell\anaconda3\envs\myenv\lib\site-packages (from -r C:\Users\DELL\Downloads\FederatedLearning\OpenFL-extended\openfl-tutorials\boosting-examples\CoxPH\AdaBoostF_Support_Feature\envoy_1/envoy_1_AdaboostF_support_feature1/requirements.txt (line 65)) (0.20.5)
Requirement already satisfied: pyarrow==12.0.1 in d:\users\dell\anaconda3\envs\myenv\lib\site-packages (from -r C:\Users\DELL\Downloads\FederatedLearning\OpenFL-extended\openfl-tutorials\boosting-examples\CoxPH\AdaBoostF_Support_Feature\envoy_1/envoy_1_AdaboostF_support_feature1/requirements.txt (line 66)) (12.0.1)
Requirement already satisfied: pyasn1==0.4.8 in d:\users\dell\anaconda3\envs\myenv\lib\site-packages (from -r C:\Users\DELL\Downloads\FederatedLearning\OpenFL-extended\openfl-tutorials\boosting-examples\CoxPH\AdaBoostF_Support_Feature\envoy_1/envoy_1_AdaboostF_support_feature1/requirements.txt (line 67)) (0.4.8)
Requirement already satisfied: pyasn1-modules==0.2.8 in d:\users\dell\anaconda3\envs\myenv\lib\site-packages (from -r C:\Users\DELL\Downloads\FederatedLearning\OpenFL-extended\openfl-tutorials\boosting-examples\CoxPH\AdaBoostF_Support_Feature\envoy_1/envoy_1_AdaboostF_support_feature1/requirements.txt (line 68)) (0.2.8)
Requirement already satisfied: pybcj==1.0.1 in d:\users\dell\anaconda3\envs\myenv\lib\site-packages (from -r C:\Users\DELL\Downloads\FederatedLearning\OpenFL-extended\openfl-tutorials\boosting-examples\CoxPH\AdaBoostF_Support_Feature\envoy_1/envoy_1_AdaboostF_support_feature1/requirements.txt (line 69)) (1.0.1)
Requirement already satisfied: pycox==0.2.3 in d:\users\dell\anaconda3\envs\myenv\lib\site-packages (from -r C:\Users\DELL\Downloads\FederatedLearning\OpenFL-extended\openfl-tutorials\boosting-examples\CoxPH\AdaBoostF_Support_Feature\envoy_1/envoy_1_AdaboostF_support_feature1/requirements.txt (line 70)) (0.2.3)
Requirement already satisfied: pycryptodomex==3.18.0 in d:\users\dell\anaconda3\envs\myenv\lib\site-packages (from -r C:\Users\DELL\Downloads\FederatedLearning\OpenFL-extended\openfl-tutorials\boosting-examples\CoxPH\AdaBoostF_Support_Feature\envoy_1/envoy_1_AdaboostF_support_feature1/requirements.txt (line 71)) (3.18.0)
Requirement already satisfied: Pygments==2.15.0 in c:\users\dell\appdata\roaming\python\python38\site-packages (from -r C:\Users\DELL\Downloads\FederatedLearning\OpenFL-extended\openfl-tutorials\boosting-examples\CoxPH\AdaBoostF_Support_Feature\envoy_1/envoy_1_AdaboostF_support_feature1/requirements.txt (line 72)) (2.15.0)
Requirement already satisfied: pyparsing==3.0.9 in d:\users\dell\anaconda3\envs\myenv\lib\site-packages (from -r C:\Users\DELL\Downloads\FederatedLearning\OpenFL-extended\openfl-tutorials\boosting-examples\CoxPH\AdaBoostF_Support_Feature\envoy_1/envoy_1_AdaboostF_support_feature1/requirements.txt (line 73)) (3.0.9)
Requirement already satisfied: pyppmd==1.0.0 in d:\users\dell\anaconda3\envs\myenv\lib\site-packages (from -r C:\Users\DELL\Downloads\FederatedLearning\OpenFL-extended\openfl-tutorials\boosting-examples\CoxPH\AdaBoostF_Support_Feature\envoy_1/envoy_1_AdaboostF_support_feature1/requirements.txt (line 74)) (1.0.0)
Requirement already satisfied: PyQt5==5.15.7 in d:\users\dell\anaconda3\envs\myenv\lib\site-packages (from -r C:\Users\DELL\Downloads\FederatedLearning\OpenFL-extended\openfl-tutorials\boosting-examples\CoxPH\AdaBoostF_Support_Feature\envoy_1/envoy_1_AdaboostF_support_feature1/requirements.txt (line 75)) (5.15.7)
Requirement already satisfied: pywin32==306 in c:\users\dell\appdata\roaming\python\python38\site-packages (from -r C:\Users\DELL\Downloads\FederatedLearning\OpenFL-extended\openfl-tutorials\boosting-examples\CoxPH\AdaBoostF_Support_Feature\envoy_1/envoy_1_AdaboostF_support_feature1/requirements.txt (line 76)) (306)
Requirement already satisfied: PyYAML==6.0 in d:\users\dell\anaconda3\envs\myenv\lib\site-packages (from -r C:\Users\DELL\Downloads\FederatedLearning\OpenFL-extended\openfl-tutorials\boosting-examples\CoxPH\AdaBoostF_Support_Feature\envoy_1/envoy_1_AdaboostF_support_feature1/requirements.txt (line 77)) (6.0)
Requirement already satisfied: pyzstd==0.15.9 in d:\users\dell\anaconda3\envs\myenv\lib\site-packages (from -r C:\Users\DELL\Downloads\FederatedLearning\OpenFL-extended\openfl-tutorials\boosting-examples\CoxPH\AdaBoostF_Support_Feature\envoy_1/envoy_1_AdaboostF_support_feature1/requirements.txt (line 78)) (0.15.9)
Requirement already satisfied: requests==2.28.2 in c:\users\dell\appdata\roaming\python\python38\site-packages (from -r C:\Users\DELL\Downloads\FederatedLearning\OpenFL-extended\openfl-tutorials\boosting-examples\CoxPH\AdaBoostF_Support_Feature\envoy_1/envoy_1_AdaboostF_support_feature1/requirements.txt (line 79)) (2.28.2)
Requirement already satisfied: requests-oauthlib==1.3.1 in d:\users\dell\anaconda3\envs\myenv\lib\site-packages (from -r C:\Users\DELL\Downloads\FederatedLearning\OpenFL-extended\openfl-tutorials\boosting-examples\CoxPH\AdaBoostF_Support_Feature\envoy_1/envoy_1_AdaboostF_support_feature1/requirements.txt (line 80)) (1.3.1)
Requirement already satisfied: rich==13.3.4 in c:\users\dell\appdata\roaming\python\python38\site-packages (from -r C:\Users\DELL\Downloads\FederatedLearning\OpenFL-extended\openfl-tutorials\boosting-examples\CoxPH\AdaBoostF_Support_Feature\envoy_1/envoy_1_AdaboostF_support_feature1/requirements.txt (line 81)) (13.3.4)
Requirement already satisfied: rsa==4.9 in d:\users\dell\anaconda3\envs\myenv\lib\site-packages (from -r C:\Users\DELL\Downloads\FederatedLearning\OpenFL-extended\openfl-tutorials\boosting-examples\CoxPH\AdaBoostF_Support_Feature\envoy_1/envoy_1_AdaboostF_support_feature1/requirements.txt (line 82)) (4.9)
Requirement already satisfied: scikit-survival==0.21.0 in d:\users\dell\anaconda3\envs\myenv\lib\site-packages (from -r C:\Users\DELL\Downloads\FederatedLearning\OpenFL-extended\openfl-tutorials\boosting-examples\CoxPH\AdaBoostF_Support_Feature\envoy_1/envoy_1_AdaboostF_support_feature1/requirements.txt (line 83)) (0.21.0)
Requirement already satisfied: scipy==1.10.1 in d:\users\dell\anaconda3\envs\myenv\lib\site-packages (from -r C:\Users\DELL\Downloads\FederatedLearning\OpenFL-extended\openfl-tutorials\boosting-examples\CoxPH\AdaBoostF_Support_Feature\envoy_1/envoy_1_AdaboostF_support_feature1/requirements.txt (line 84)) (1.10.1)
Requirement already satisfied: seaborn==0.12.2 in d:\users\dell\anaconda3\envs\myenv\lib\site-packages (from -r C:\Users\DELL\Downloads\FederatedLearning\OpenFL-extended\openfl-tutorials\boosting-examples\CoxPH\AdaBoostF_Support_Feature\envoy_1/envoy_1_AdaboostF_support_feature1/requirements.txt (line 85)) (0.12.2)
Requirement already satisfied: sentry-sdk==1.19.1 in c:\users\dell\appdata\roaming\python\python38\site-packages (from -r C:\Users\DELL\Downloads\FederatedLearning\OpenFL-extended\openfl-tutorials\boosting-examples\CoxPH\AdaBoostF_Support_Feature\envoy_1/envoy_1_AdaboostF_support_feature1/requirements.txt (line 86)) (1.19.1)
Requirement already satisfied: setproctitle==1.3.2 in c:\users\dell\appdata\roaming\python\python38\site-packages (from -r C:\Users\DELL\Downloads\FederatedLearning\OpenFL-extended\openfl-tutorials\boosting-examples\CoxPH\AdaBoostF_Support_Feature\envoy_1/envoy_1_AdaboostF_support_feature1/requirements.txt (line 87)) (1.3.2)
Requirement already satisfied: setuptools==67.6.1 in d:\users\dell\anaconda3\envs\myenv\lib\site-packages (from -r C:\Users\DELL\Downloads\FederatedLearning\OpenFL-extended\openfl-tutorials\boosting-examples\CoxPH\AdaBoostF_Support_Feature\envoy_1/envoy_1_AdaboostF_support_feature1/requirements.txt (line 88)) (67.6.1)
Requirement already satisfied: sklearn-pandas==2.2.0 in d:\users\dell\anaconda3\envs\myenv\lib\site-packages (from -r C:\Users\DELL\Downloads\FederatedLearning\OpenFL-extended\openfl-tutorials\boosting-examples\CoxPH\AdaBoostF_Support_Feature\envoy_1/envoy_1_AdaboostF_support_feature1/requirements.txt (line 89)) (2.2.0)
Requirement already satisfied: sklearndf==2.2.1 in d:\users\dell\anaconda3\envs\myenv\lib\site-packages (from -r C:\Users\DELL\Downloads\FederatedLearning\OpenFL-extended\openfl-tutorials\boosting-examples\CoxPH\AdaBoostF_Support_Feature\envoy_1/envoy_1_AdaboostF_support_feature1/requirements.txt (line 90)) (2.2.1)
Requirement already satisfied: smmap==5.0.0 in d:\users\dell\anaconda3\envs\myenv\lib\site-packages (from -r C:\Users\DELL\Downloads\FederatedLearning\OpenFL-extended\openfl-tutorials\boosting-examples\CoxPH\AdaBoostF_Support_Feature\envoy_1/envoy_1_AdaboostF_support_feature1/requirements.txt (line 91)) (5.0.0)
Requirement already satisfied: SurvSet==0.2.6 in d:\users\dell\anaconda3\envs\myenv\lib\site-packages (from -r C:\Users\DELL\Downloads\FederatedLearning\OpenFL-extended\openfl-tutorials\boosting-examples\CoxPH\AdaBoostF_Support_Feature\envoy_1/envoy_1_AdaboostF_support_feature1/requirements.txt (line 92)) (0.2.6)
Requirement already satisfied: sympy==1.12 in d:\users\dell\anaconda3\envs\myenv\lib\site-packages (from -r C:\Users\DELL\Downloads\FederatedLearning\OpenFL-extended\openfl-tutorials\boosting-examples\CoxPH\AdaBoostF_Support_Feature\envoy_1/envoy_1_AdaboostF_support_feature1/requirements.txt (line 93)) (1.12)
Requirement already satisfied: tensorboard==2.8.0 in d:\users\dell\anaconda3\envs\myenv\lib\site-packages (from -r C:\Users\DELL\Downloads\FederatedLearning\OpenFL-extended\openfl-tutorials\boosting-examples\CoxPH\AdaBoostF_Support_Feature\envoy_1/envoy_1_AdaboostF_support_feature1/requirements.txt (line 94)) (2.8.0)
Requirement already satisfied: tensorboard-data-server==0.6.1 in d:\users\dell\anaconda3\envs\myenv\lib\site-packages (from -r C:\Users\DELL\Downloads\FederatedLearning\OpenFL-extended\openfl-tutorials\boosting-examples\CoxPH\AdaBoostF_Support_Feature\envoy_1/envoy_1_AdaboostF_support_feature1/requirements.txt (line 95)) (0.6.1)
Requirement already satisfied: tensorboard-plugin-wit==1.8.1 in d:\users\dell\anaconda3\envs\myenv\lib\site-packages (from -r C:\Users\DELL\Downloads\FederatedLearning\OpenFL-extended\openfl-tutorials\boosting-examples\CoxPH\AdaBoostF_Support_Feature\envoy_1/envoy_1_AdaboostF_support_feature1/requirements.txt (line 96)) (1.8.1)
Requirement already satisfied: tensorboardX==2.6 in c:\users\dell\appdata\roaming\python\python38\site-packages (from -r C:\Users\DELL\Downloads\FederatedLearning\OpenFL-extended\openfl-tutorials\boosting-examples\CoxPH\AdaBoostF_Support_Feature\envoy_1/envoy_1_AdaboostF_support_feature1/requirements.txt (line 97)) (2.6)
Requirement already satisfied: tensorflow==2.8.3 in d:\users\dell\anaconda3\envs\myenv\lib\site-packages (from -r C:\Users\DELL\Downloads\FederatedLearning\OpenFL-extended\openfl-tutorials\boosting-examples\CoxPH\AdaBoostF_Support_Feature\envoy_1/envoy_1_AdaboostF_support_feature1/requirements.txt (line 98)) (2.8.3)
Requirement already satisfied: tensorflow-estimator==2.8.0 in d:\users\dell\anaconda3\envs\myenv\lib\site-packages (from -r C:\Users\DELL\Downloads\FederatedLearning\OpenFL-extended\openfl-tutorials\boosting-examples\CoxPH\AdaBoostF_Support_Feature\envoy_1/envoy_1_AdaboostF_support_feature1/requirements.txt (line 99)) (2.8.0)
Requirement already satisfied: tensorflow-io-gcs-filesystem==0.31.0 in d:\users\dell\anaconda3\envs\myenv\lib\site-packages (from -r C:\Users\DELL\Downloads\FederatedLearning\OpenFL-extended\openfl-tutorials\boosting-examples\CoxPH\AdaBoostF_Support_Feature\envoy_1/envoy_1_AdaboostF_support_feature1/requirements.txt (line 100)) (0.31.0)
Requirement already satisfied: termcolor==2.3.0 in d:\users\dell\anaconda3\envs\myenv\lib\site-packages (from -r C:\Users\DELL\Downloads\FederatedLearning\OpenFL-extended\openfl-tutorials\boosting-examples\CoxPH\AdaBoostF_Support_Feature\envoy_1/envoy_1_AdaboostF_support_feature1/requirements.txt (line 101)) (2.3.0)
Requirement already satisfied: texttable==1.6.7 in d:\users\dell\anaconda3\envs\myenv\lib\site-packages (from -r C:\Users\DELL\Downloads\FederatedLearning\OpenFL-extended\openfl-tutorials\boosting-examples\CoxPH\AdaBoostF_Support_Feature\envoy_1/envoy_1_AdaboostF_support_feature1/requirements.txt (line 102)) (1.6.7)
Requirement already satisfied: threadpoolctl==3.1.0 in d:\users\dell\anaconda3\envs\myenv\lib\site-packages (from -r C:\Users\DELL\Downloads\FederatedLearning\OpenFL-extended\openfl-tutorials\boosting-examples\CoxPH\AdaBoostF_Support_Feature\envoy_1/envoy_1_AdaboostF_support_feature1/requirements.txt (line 103)) (3.1.0)
Requirement already satisfied: torch==2.0.1 in d:\users\dell\anaconda3\envs\myenv\lib\site-packages (from -r C:\Users\DELL\Downloads\FederatedLearning\OpenFL-extended\openfl-tutorials\boosting-examples\CoxPH\AdaBoostF_Support_Feature\envoy_1/envoy_1_AdaboostF_support_feature1/requirements.txt (line 104)) (2.0.1)
Requirement already satisfied: torchtuples==0.2.2 in d:\users\dell\anaconda3\envs\myenv\lib\site-packages (from -r C:\Users\DELL\Downloads\FederatedLearning\OpenFL-extended\openfl-tutorials\boosting-examples\CoxPH\AdaBoostF_Support_Feature\envoy_1/envoy_1_AdaboostF_support_feature1/requirements.txt (line 105)) (0.2.2)
Requirement already satisfied: tqdm==4.65.0 in d:\users\dell\anaconda3\envs\myenv\lib\site-packages (from -r C:\Users\DELL\Downloads\FederatedLearning\OpenFL-extended\openfl-tutorials\boosting-examples\CoxPH\AdaBoostF_Support_Feature\envoy_1/envoy_1_AdaboostF_support_feature1/requirements.txt (line 106)) (4.65.0)
Requirement already satisfied: typing-inspect==0.9.0 in d:\users\dell\anaconda3\envs\myenv\lib\site-packages (from -r C:\Users\DELL\Downloads\FederatedLearning\OpenFL-extended\openfl-tutorials\boosting-examples\CoxPH\AdaBoostF_Support_Feature\envoy_1/envoy_1_AdaboostF_support_feature1/requirements.txt (line 107)) (0.9.0)
Requirement already satisfied: typing_extensions==4.5.0 in c:\users\dell\appdata\roaming\python\python38\site-packages (from -r C:\Users\DELL\Downloads\FederatedLearning\OpenFL-extended\openfl-tutorials\boosting-examples\CoxPH\AdaBoostF_Support_Feature\envoy_1/envoy_1_AdaboostF_support_feature1/requirements.txt (line 108)) (4.5.0)
Requirement already satisfied: tzdata==2023.3 in d:\users\dell\anaconda3\envs\myenv\lib\site-packages (from -r C:\Users\DELL\Downloads\FederatedLearning\OpenFL-extended\openfl-tutorials\boosting-examples\CoxPH\AdaBoostF_Support_Feature\envoy_1/envoy_1_AdaboostF_support_feature1/requirements.txt (line 109)) (2023.3)
Requirement already satisfied: urllib3==1.26.15 in c:\users\dell\appdata\roaming\python\python38\site-packages (from -r C:\Users\DELL\Downloads\FederatedLearning\OpenFL-extended\openfl-tutorials\boosting-examples\CoxPH\AdaBoostF_Support_Feature\envoy_1/envoy_1_AdaboostF_support_feature1/requirements.txt (line 110)) (1.26.15)
Requirement already satisfied: wandb==0.14.2 in c:\users\dell\appdata\roaming\python\python38\site-packages (from -r C:\Users\DELL\Downloads\FederatedLearning\OpenFL-extended\openfl-tutorials\boosting-examples\CoxPH\AdaBoostF_Support_Feature\envoy_1/envoy_1_AdaboostF_support_feature1/requirements.txt (line 111)) (0.14.2)
Requirement already satisfied: webencodings==0.5.1 in d:\users\dell\anaconda3\envs\myenv\lib\site-packages (from -r C:\Users\DELL\Downloads\FederatedLearning\OpenFL-extended\openfl-tutorials\boosting-examples\CoxPH\AdaBoostF_Support_Feature\envoy_1/envoy_1_AdaboostF_support_feature1/requirements.txt (line 112)) (0.5.1)
Requirement already satisfied: websocket-client==1.5.1 in c:\users\dell\appdata\roaming\python\python38\site-packages (from -r C:\Users\DELL\Downloads\FederatedLearning\OpenFL-extended\openfl-tutorials\boosting-examples\CoxPH\AdaBoostF_Support_Feature\envoy_1/envoy_1_AdaboostF_support_feature1/requirements.txt (line 113)) (1.5.1)
Requirement already satisfied: Werkzeug==2.2.3 in d:\users\dell\anaconda3\envs\myenv\lib\site-packages (from -r C:\Users\DELL\Downloads\FederatedLearning\OpenFL-extended\openfl-tutorials\boosting-examples\CoxPH\AdaBoostF_Support_Feature\envoy_1/envoy_1_AdaboostF_support_feature1/requirements.txt (line 114)) (2.2.3)
Requirement already satisfied: wheel==0.40.0 in d:\users\dell\anaconda3\envs\myenv\lib\site-packages (from -r C:\Users\DELL\Downloads\FederatedLearning\OpenFL-extended\openfl-tutorials\boosting-examples\CoxPH\AdaBoostF_Support_Feature\envoy_1/envoy_1_AdaboostF_support_feature1/requirements.txt (line 115)) (0.40.0)
Requirement already satisfied: wincertstore==0.2 in d:\users\dell\anaconda3\envs\myenv\lib\site-packages (from -r C:\Users\DELL\Downloads\FederatedLearning\OpenFL-extended\openfl-tutorials\boosting-examples\CoxPH\AdaBoostF_Support_Feature\envoy_1/envoy_1_AdaboostF_support_feature1/requirements.txt (line 116)) (0.2)
Requirement already satisfied: wrapt==1.15.0 in d:\users\dell\anaconda3\envs\myenv\lib\site-packages (from -r C:\Users\DELL\Downloads\FederatedLearning\OpenFL-extended\openfl-tutorials\boosting-examples\CoxPH\AdaBoostF_Support_Feature\envoy_1/envoy_1_AdaboostF_support_feature1/requirements.txt (line 117)) (1.15.0)
Requirement already satisfied: six<2.0,>=1.6.1 in d:\users\dell\anaconda3\envs\myenv\lib\site-packages (from astunparse==1.6.3->-r C:\Users\DELL\Downloads\FederatedLearning\OpenFL-extended\openfl-tutorials\boosting-examples\CoxPH\AdaBoostF_Support_Feature\envoy_1/envoy_1_AdaboostF_support_feature1/requirements.txt (line 4)) (1.16.0)
Requirement already satisfied: future>=0.15.2 in d:\users\dell\anaconda3\envs\myenv\lib\site-packages (from autograd==1.6.2->-r C:\Users\DELL\Downloads\FederatedLearning\OpenFL-extended\openfl-tutorials\boosting-examples\CoxPH\AdaBoostF_Support_Feature\envoy_1/envoy_1_AdaboostF_support_feature1/requirements.txt (line 5)) (0.18.3)
Requirement already satisfied: cffi>=1.0.0 in d:\users\dell\anaconda3\envs\myenv\lib\site-packages (from brotlipy==0.7.0->-r C:\Users\DELL\Downloads\FederatedLearning\OpenFL-extended\openfl-tutorials\boosting-examples\CoxPH\AdaBoostF_Support_Feature\envoy_1/envoy_1_AdaboostF_support_feature1/requirements.txt (line 8)) (1.15.1)
Requirement already satisfied: colorama in d:\users\dell\anaconda3\envs\myenv\lib\site-packages (from click==8.0.1->-r C:\Users\DELL\Downloads\FederatedLearning\OpenFL-extended\openfl-tutorials\boosting-examples\CoxPH\AdaBoostF_Support_Feature\envoy_1/envoy_1_AdaboostF_support_feature1/requirements.txt (line 11)) (0.4.6)
Requirement already satisfied: packaging>=14.0 in d:\users\dell\anaconda3\envs\myenv\lib\site-packages (from docker==6.0.1->-r C:\Users\DELL\Downloads\FederatedLearning\OpenFL-extended\openfl-tutorials\boosting-examples\CoxPH\AdaBoostF_Support_Feature\envoy_1/envoy_1_AdaboostF_support_feature1/requirements.txt (line 16)) (23.0)
Requirement already satisfied: importlib-metadata>=4.4 in d:\users\dell\anaconda3\envs\myenv\lib\site-packages (from Markdown==3.4.3->-r C:\Users\DELL\Downloads\FederatedLearning\OpenFL-extended\openfl-tutorials\boosting-examples\CoxPH\AdaBoostF_Support_Feature\envoy_1/envoy_1_AdaboostF_support_feature1/requirements.txt (line 44)) (6.0.0)
Requirement already satisfied: python-dateutil>=2.7 in d:\users\dell\anaconda3\envs\myenv\lib\site-packages (from matplotlib==3.7.1->-r C:\Users\DELL\Downloads\FederatedLearning\OpenFL-extended\openfl-tutorials\boosting-examples\CoxPH\AdaBoostF_Support_Feature\envoy_1/envoy_1_AdaboostF_support_feature1/requirements.txt (line 46)) (2.8.2)
Requirement already satisfied: importlib-resources>=3.2.0 in d:\users\dell\anaconda3\envs\myenv\lib\site-packages (from matplotlib==3.7.1->-r C:\Users\DELL\Downloads\FederatedLearning\OpenFL-extended\openfl-tutorials\boosting-examples\CoxPH\AdaBoostF_Support_Feature\envoy_1/envoy_1_AdaboostF_support_feature1/requirements.txt (line 46)) (5.2.0)
Requirement already satisfied: pytz>=2020.1 in d:\users\dell\anaconda3\envs\myenv\lib\site-packages (from pandas==2.0.0->-r C:\Users\DELL\Downloads\FederatedLearning\OpenFL-extended\openfl-tutorials\boosting-examples\CoxPH\AdaBoostF_Support_Feature\envoy_1/envoy_1_AdaboostF_support_feature1/requirements.txt (line 59)) (2022.7)
Requirement already satisfied: psutil in d:\users\dell\anaconda3\envs\myenv\lib\site-packages (from py7zr==0.20.5->-r C:\Users\DELL\Downloads\FederatedLearning\OpenFL-extended\openfl-tutorials\boosting-examples\CoxPH\AdaBoostF_Support_Feature\envoy_1/envoy_1_AdaboostF_support_feature1/requirements.txt (line 65)) (5.9.0)
Requirement already satisfied: scikit-learn>=0.21.2 in d:\users\dell\anaconda3\envs\myenv\lib\site-packages (from pycox==0.2.3->-r C:\Users\DELL\Downloads\FederatedLearning\OpenFL-extended\openfl-tutorials\boosting-examples\CoxPH\AdaBoostF_Support_Feature\envoy_1/envoy_1_AdaboostF_support_feature1/requirements.txt (line 70)) (1.2.2)
Requirement already satisfied: PyQt5-sip<13,>=12.11 in d:\users\dell\anaconda3\envs\myenv\lib\site-packages (from PyQt5==5.15.7->-r C:\Users\DELL\Downloads\FederatedLearning\OpenFL-extended\openfl-tutorials\boosting-examples\CoxPH\AdaBoostF_Support_Feature\envoy_1/envoy_1_AdaboostF_support_feature1/requirements.txt (line 75)) (12.11.0)
Requirement already satisfied: idna<4,>=2.5 in d:\users\dell\anaconda3\envs\myenv\lib\site-packages (from requests==2.28.2->-r C:\Users\DELL\Downloads\FederatedLearning\OpenFL-extended\openfl-tutorials\boosting-examples\CoxPH\AdaBoostF_Support_Feature\envoy_1/envoy_1_AdaboostF_support_feature1/requirements.txt (line 79)) (3.4)
Requirement already satisfied: certifi>=2017.4.17 in d:\users\dell\anaconda3\envs\myenv\lib\site-packages (from requests==2.28.2->-r C:\Users\DELL\Downloads\FederatedLearning\OpenFL-extended\openfl-tutorials\boosting-examples\CoxPH\AdaBoostF_Support_Feature\envoy_1/envoy_1_AdaboostF_support_feature1/requirements.txt (line 79)) (2022.12.7)
Requirement already satisfied: ecos in d:\users\dell\anaconda3\envs\myenv\lib\site-packages (from scikit-survival==0.21.0->-r C:\Users\DELL\Downloads\FederatedLearning\OpenFL-extended\openfl-tutorials\boosting-examples\CoxPH\AdaBoostF_Support_Feature\envoy_1/envoy_1_AdaboostF_support_feature1/requirements.txt (line 83)) (2.0.12)
Requirement already satisfied: numexpr in d:\users\dell\anaconda3\envs\myenv\lib\site-packages (from scikit-survival==0.21.0->-r C:\Users\DELL\Downloads\FederatedLearning\OpenFL-extended\openfl-tutorials\boosting-examples\CoxPH\AdaBoostF_Support_Feature\envoy_1/envoy_1_AdaboostF_support_feature1/requirements.txt (line 83)) (2.8.4)
Requirement already satisfied: osqp!=0.6.0,!=0.6.1 in d:\users\dell\anaconda3\envs\myenv\lib\site-packages (from scikit-survival==0.21.0->-r C:\Users\DELL\Downloads\FederatedLearning\OpenFL-extended\openfl-tutorials\boosting-examples\CoxPH\AdaBoostF_Support_Feature\envoy_1/envoy_1_AdaboostF_support_feature1/requirements.txt (line 83)) (0.6.2.post8)
Requirement already satisfied: jinja2 in d:\users\dell\anaconda3\envs\myenv\lib\site-packages (from torch==2.0.1->-r C:\Users\DELL\Downloads\FederatedLearning\OpenFL-extended\openfl-tutorials\boosting-examples\CoxPH\AdaBoostF_Support_Feature\envoy_1/envoy_1_AdaboostF_support_feature1/requirements.txt (line 104)) (3.1.2)
Requirement already satisfied: MarkupSafe>=2.1.1 in d:\users\dell\anaconda3\envs\myenv\lib\site-packages (from Werkzeug==2.2.3->-r C:\Users\DELL\Downloads\FederatedLearning\OpenFL-extended\openfl-tutorials\boosting-examples\CoxPH\AdaBoostF_Support_Feature\envoy_1/envoy_1_AdaboostF_support_feature1/requirements.txt (line 114)) (2.1.1)
Requirement already satisfied: pycparser in d:\users\dell\anaconda3\envs\myenv\lib\site-packages (from cffi>=1.0.0->brotlipy==0.7.0->-r C:\Users\DELL\Downloads\FederatedLearning\OpenFL-extended\openfl-tutorials\boosting-examples\CoxPH\AdaBoostF_Support_Feature\envoy_1/envoy_1_AdaboostF_support_feature1/requirements.txt (line 8)) (2.21)
Requirement already satisfied: zipp>=0.5 in d:\users\dell\anaconda3\envs\myenv\lib\site-packages (from importlib-metadata>=4.4->Markdown==3.4.3->-r C:\Users\DELL\Downloads\FederatedLearning\OpenFL-extended\openfl-tutorials\boosting-examples\CoxPH\AdaBoostF_Support_Feature\envoy_1/envoy_1_AdaboostF_support_feature1/requirements.txt (line 44)) (3.11.0)
Requirement already satisfied: qdldl in d:\users\dell\anaconda3\envs\myenv\lib\site-packages (from osqp!=0.6.0,!=0.6.1->scikit-survival==0.21.0->-r C:\Users\DELL\Downloads\FederatedLearning\OpenFL-extended\openfl-tutorials\boosting-examples\CoxPH\AdaBoostF_Support_Feature\envoy_1/envoy_1_AdaboostF_support_feature1/requirements.txt (line 83)) (0.1.5.post3)
WARNING: You are using pip version 21.3.1; however, version 23.2 is available.
You should consider upgrading via the 'C:\Users\DELL\anaconda3\envs\myenv\python.exe -m pip install --upgrade pip' command.
[20:16:03] INFO     [20:16:03] INFO       File "C:\Users\DELL\AppData\Roaming\Python\Python38\site-packages\rich\logging.py", line 172, in emit
    self.handleError(record)
Message: 'Send WaitExperiment request'
Arguments: ()
--- Logging error ---
Traceback (most recent call last):
  File "C:\Users\DELL\AppData\Roaming\Python\Python38\site-packages\rich\logging.py", line 170, in emit
    self.console.print(log_renderable)
  File "C:\Users\DELL\AppData\Roaming\Python\Python38\site-packages\rich\console.py", line 1720, in print
    self._buffer.extend(new_segments)
  File "C:\Users\DELL\AppData\Roaming\Python\Python38\site-packages\rich\console.py", line 864, in __exit__
    self._exit_buffer()
  File "C:\Users\DELL\AppData\Roaming\Python\Python38\site-packages\rich\console.py", line 822, in _exit_buffer
    self._check_buffer()
  File "C:\Users\DELL\AppData\Roaming\Python\Python38\site-packages\rich\console.py", line 2027, in _check_buffer
    legacy_windows_render(buffer, LegacyWindowsTerm(self.file))
  File "C:\Users\DELL\AppData\Roaming\Python\Python38\site-packages\rich\_windows_renderer.py", line 19, in legacy_windows_render
    term.write_text(text)
  File "C:\Users\DELL\AppData\Roaming\Python\Python38\site-packages\rich\_win32_console.py", line 403, in write_text
    self.write(text)
  File "C:\Users\DELL\anaconda3\envs\myenv\lib\encodings\cp1252.py", line 19, in encode
    return codecs.charmap_encode(input,self.errors,encoding_table)[0]
UnicodeEncodeError: 'charmap' codec can't encode character '\U0001f9ff' in position 0: character maps to <undefined>
Call stack:
  File "C:\Users\DELL\anaconda3\envs\myenv\lib\runpy.py", line 194, in _run_module_as_main
    return _run_code(code, main_globals, None,
  File "C:\Users\DELL\anaconda3\envs\myenv\lib\runpy.py", line 87, in _run_code
    exec(code, run_globals)
  File "C:\Users\DELL\anaconda3\envs\myenv\Scripts\fx.exe\__main__.py", line 7, in <module>
    sys.exit(entry())
  File "C:\Users\DELL\AppData\Roaming\Python\Python38\site-packages\openfl\interface\cli.py", line 212, in entry
    cli()
  File "C:\Users\DELL\AppData\Roaming\Python\Python38\site-packages\click\core.py", line 1137, in __call__
    return self.main(*args, **kwargs)
  File "C:\Users\DELL\AppData\Roaming\Python\Python38\site-packages\click\core.py", line 1062, in main
    rv = self.invoke(ctx)
  File "C:\Users\DELL\AppData\Roaming\Python\Python38\site-packages\click\core.py", line 1668, in invoke
    return _process_result(sub_ctx.command.invoke(sub_ctx))
  File "C:\Users\DELL\AppData\Roaming\Python\Python38\site-packages\click\core.py", line 1668, in invoke
    return _process_result(sub_ctx.command.invoke(sub_ctx))
  File "C:\Users\DELL\AppData\Roaming\Python\Python38\site-packages\click\core.py", line 1404, in invoke
    return ctx.invoke(self.callback, **ctx.params)
  File "C:\Users\DELL\AppData\Roaming\Python\Python38\site-packages\click\core.py", line 763, in invoke
    return __callback(*args, **kwargs)
  File "C:\Users\DELL\AppData\Roaming\Python\Python38\site-packages\openfl\interface\envoy.py", line 111, in start_
    envoy.start()
  File "C:\Users\DELL\AppData\Roaming\Python\Python38\site-packages\openfl\component\envoy\envoy.py", line 179, in start
    self.run()
  File "C:\Users\DELL\AppData\Roaming\Python\Python38\site-packages\openfl\component\envoy\envoy.py", line 77, in run
    experiment_name = self.director_client.wait_experiment()
  File "C:\Users\DELL\AppData\Roaming\Python\Python38\site-packages\openfl\transport\grpc\director_client.py", line 83, in wait_experiment
    logger.info('WaitExperiment response has received')
  File "C:\Users\DELL\anaconda3\envs\myenv\lib\logging\__init__.py", line 1446, in info
    self._log(INFO, msg, args, **kwargs)
  File "C:\Users\DELL\anaconda3\envs\myenv\lib\logging\__init__.py", line 1589, in _log
    self.handle(record)
  File "C:\Users\DELL\anaconda3\envs\myenv\lib\logging\__init__.py", line 1599, in handle
    self.callHandlers(record)
  File "C:\Users\DELL\anaconda3\envs\myenv\lib\logging\__init__.py", line 1661, in callHandlers
    hdlr.handle(record)
  File "C:\Users\DELL\anaconda3\envs\myenv\lib\logging\__init__.py", line 954, in handle
    self.emit(record)
  File "C:\Users\DELL\AppData\Roaming\Python\Python38\site-packages\rich\logging.py", line 172, in emit
    self.handleError(record)
Message: 'WaitExperiment response has received'
Arguments: ()
--- Logging error ---
Traceback (most recent call last):
  File "C:\Users\DELL\AppData\Roaming\Python\Python38\site-packages\rich\logging.py", line 170, in emit
    self.console.print(log_renderable)
  File "C:\Users\DELL\AppData\Roaming\Python\Python38\site-packages\rich\console.py", line 1720, in print
    self._buffer.extend(new_segments)
  File "C:\Users\DELL\AppData\Roaming\Python\Python38\site-packages\rich\console.py", line 864, in __exit__
    self._exit_buffer()
  File "C:\Users\DELL\AppData\Roaming\Python\Python38\site-packages\rich\console.py", line 822, in _exit_buffer
    self._check_buffer()
  File "C:\Users\DELL\AppData\Roaming\Python\Python38\site-packages\rich\console.py", line 2027, in _check_buffer
    legacy_windows_render(buffer, LegacyWindowsTerm(self.file))
  File "C:\Users\DELL\AppData\Roaming\Python\Python38\site-packages\rich\_windows_renderer.py", line 19, in legacy_windows_render
    term.write_text(text)
  File "C:\Users\DELL\AppData\Roaming\Python\Python38\site-packages\rich\_win32_console.py", line 403, in write_text
    self.write(text)
  File "C:\Users\DELL\anaconda3\envs\myenv\lib\encodings\cp1252.py", line 19, in encode
    return codecs.charmap_encode(input,self.errors,encoding_table)[0]
UnicodeEncodeError: 'charmap' codec can't encode character '\U0001f9ff' in position 0: character maps to <undefined>
Call stack:
  File "C:\Users\DELL\anaconda3\envs\myenv\lib\runpy.py", line 194, in _run_module_as_main
    return _run_code(code, main_globals, None,
  File "C:\Users\DELL\anaconda3\envs\myenv\lib\runpy.py", line 87, in _run_code
    exec(code, run_globals)
  File "C:\Users\DELL\anaconda3\envs\myenv\Scripts\fx.exe\__main__.py", line 7, in <module>
    sys.exit(entry())
  File "C:\Users\DELL\AppData\Roaming\Python\Python38\site-packages\openfl\interface\cli.py", line 212, in entry
    cli()
  File "C:\Users\DELL\AppData\Roaming\Python\Python38\site-packages\click\core.py", line 1137, in __call__
    return self.main(*args, **kwargs)
  File "C:\Users\DELL\AppData\Roaming\Python\Python38\site-packages\click\core.py", line 1062, in main
    rv = self.invoke(ctx)
  File "C:\Users\DELL\AppData\Roaming\Python\Python38\site-packages\click\core.py", line 1668, in invoke
    return _process_result(sub_ctx.command.invoke(sub_ctx))
  File "C:\Users\DELL\AppData\Roaming\Python\Python38\site-packages\click\core.py", line 1668, in invoke
    return _process_result(sub_ctx.command.invoke(sub_ctx))
  File "C:\Users\DELL\AppData\Roaming\Python\Python38\site-packages\click\core.py", line 1404, in invoke
    return ctx.invoke(self.callback, **ctx.params)
  File "C:\Users\DELL\AppData\Roaming\Python\Python38\site-packages\click\core.py", line 763, in invoke
    return __callback(*args, **kwargs)
  File "C:\Users\DELL\AppData\Roaming\Python\Python38\site-packages\openfl\interface\envoy.py", line 111, in start_
    envoy.start()
  File "C:\Users\DELL\AppData\Roaming\Python\Python38\site-packages\openfl\component\envoy\envoy.py", line 179, in start
    self.run()
  File "C:\Users\DELL\AppData\Roaming\Python\Python38\site-packages\openfl\component\envoy\envoy.py", line 78, in run
    data_stream = self.director_client.get_experiment_data(experiment_name)
  File "C:\Users\DELL\AppData\Roaming\Python\Python38\site-packages\openfl\transport\grpc\director_client.py", line 93, in get_experiment_data
    logger.info(f'Request experiment {experiment_name}')
  File "C:\Users\DELL\anaconda3\envs\myenv\lib\logging\__init__.py", line 1446, in info
    self._log(INFO, msg, args, **kwargs)
  File "C:\Users\DELL\anaconda3\envs\myenv\lib\logging\__init__.py", line 1589, in _log
    self.handle(record)
[20:16:03] INFO     [20:16:03] INFO       File "C:\Users\DELL\anaconda3\envs\myenv\lib\logging\__init__.py", line 1599, in handle
    self.callHandlers(record)
  File "C:\Users\DELL\anaconda3\envs\myenv\lib\logging\__init__.py", line 1661, in callHandlers
    hdlr.handle(record)
  File "C:\Users\DELL\anaconda3\envs\myenv\lib\logging\__init__.py", line 954, in handle
    self.emit(record)
  File "C:\Users\DELL\AppData\Roaming\Python\Python38\site-packages\rich\logging.py", line 172, in emit
    self.handleError(record)
Message: 'Request experiment AdaboostF_support_feature1'
Arguments: ()
--- Logging error ---
Traceback (most recent call last):
  File "C:\Users\DELL\AppData\Roaming\Python\Python38\site-packages\rich\logging.py", line 170, in emit
    self.console.print(log_renderable)
  File "C:\Users\DELL\AppData\Roaming\Python\Python38\site-packages\rich\console.py", line 1720, in print
    self._buffer.extend(new_segments)
  File "C:\Users\DELL\AppData\Roaming\Python\Python38\site-packages\rich\console.py", line 864, in __exit__
    self._exit_buffer()
  File "C:\Users\DELL\AppData\Roaming\Python\Python38\site-packages\rich\console.py", line 822, in _exit_buffer
    self._check_buffer()
  File "C:\Users\DELL\AppData\Roaming\Python\Python38\site-packages\rich\console.py", line 2027, in _check_buffer
    legacy_windows_render(buffer, LegacyWindowsTerm(self.file))
  File "C:\Users\DELL\AppData\Roaming\Python\Python38\site-packages\rich\_windows_renderer.py", line 19, in legacy_windows_render
    term.write_text(text)
  File "C:\Users\DELL\AppData\Roaming\Python\Python38\site-packages\rich\_win32_console.py", line 403, in write_text
    self.write(text)
  File "C:\Users\DELL\anaconda3\envs\myenv\lib\encodings\cp1252.py", line 19, in encode
    return codecs.charmap_encode(input,self.errors,encoding_table)[0]
UnicodeEncodeError: 'charmap' codec can't encode character '\U0001f9ff' in position 0: character maps to <undefined>
Call stack:
  File "C:\Users\DELL\anaconda3\envs\myenv\lib\runpy.py", line 194, in _run_module_as_main
    return _run_code(code, main_globals, None,
  File "C:\Users\DELL\anaconda3\envs\myenv\lib\runpy.py", line 87, in _run_code
    exec(code, run_globals)
  File "C:\Users\DELL\anaconda3\envs\myenv\Scripts\fx.exe\__main__.py", line 7, in <module>
    sys.exit(entry())
  File "C:\Users\DELL\AppData\Roaming\Python\Python38\site-packages\openfl\interface\cli.py", line 212, in entry
    cli()
  File "C:\Users\DELL\AppData\Roaming\Python\Python38\site-packages\click\core.py", line 1137, in __call__
    return self.main(*args, **kwargs)
  File "C:\Users\DELL\AppData\Roaming\Python\Python38\site-packages\click\core.py", line 1062, in main
    rv = self.invoke(ctx)
  File "C:\Users\DELL\AppData\Roaming\Python\Python38\site-packages\click\core.py", line 1668, in invoke
    return _process_result(sub_ctx.command.invoke(sub_ctx))
  File "C:\Users\DELL\AppData\Roaming\Python\Python38\site-packages\click\core.py", line 1668, in invoke
    return _process_result(sub_ctx.command.invoke(sub_ctx))
  File "C:\Users\DELL\AppData\Roaming\Python\Python38\site-packages\click\core.py", line 1404, in invoke
    return ctx.invoke(self.callback, **ctx.params)
  File "C:\Users\DELL\AppData\Roaming\Python\Python38\site-packages\click\core.py", line 763, in invoke
    return __callback(*args, **kwargs)
  File "C:\Users\DELL\AppData\Roaming\Python\Python38\site-packages\openfl\interface\envoy.py", line 111, in start_
    envoy.start()
  File "C:\Users\DELL\AppData\Roaming\Python\Python38\site-packages\openfl\component\envoy\envoy.py", line 179, in start
    self.run()
  File "C:\Users\DELL\AppData\Roaming\Python\Python38\site-packages\openfl\component\envoy\envoy.py", line 91, in run
    self._run_collaborator()
  File "C:\Users\DELL\AppData\Roaming\Python\Python38\site-packages\openfl\component\envoy\envoy.py", line 155, in _run_collaborator
    plan = Plan.parse(plan_config_path=Path(plan))
  File "C:\Users\DELL\AppData\Roaming\Python\Python38\site-packages\openfl\federated\plan\plan.py", line 140, in parse
    plan.resolve()
  File "C:\Users\DELL\AppData\Roaming\Python\Python38\site-packages\openfl\federated\plan\plan.py", line 242, in resolve
    self.federation_uuid = f'{self.name}_{self.hash[:8]}'
  File "C:\Users\DELL\AppData\Roaming\Python\Python38\site-packages\openfl\federated\plan\plan.py", line 235, in hash
    Plan.logger.info(f'FL-Plan hash is [blue]{self.hash_.hexdigest()}[/]',
  File "C:\Users\DELL\anaconda3\envs\myenv\lib\logging\__init__.py", line 1446, in info
    self._log(INFO, msg, args, **kwargs)
  File "C:\Users\DELL\anaconda3\envs\myenv\lib\logging\__init__.py", line 1589, in _log
    self.handle(record)
  File "C:\Users\DELL\anaconda3\envs\myenv\lib\logging\__init__.py", line 1599, in handle
    self.callHandlers(record)
  File "C:\Users\DELL\anaconda3\envs\myenv\lib\logging\__init__.py", line 1661, in callHandlers
    hdlr.handle(record)
  File "C:\Users\DELL\anaconda3\envs\myenv\lib\logging\__init__.py", line 954, in handle
    self.emit(record)
  File "C:\Users\DELL\AppData\Roaming\Python\Python38\site-packages\rich\logging.py", line 172, in emit
    self.handleError(record)
Message: 'FL-Plan hash is [blue]b3a3507103d6ab2384292d1489f3f2880501b0a8de404eae1b53062689019a971567a2548df5c97c8178358be77d5195[/]'
Arguments: ()
--- Logging error ---
Traceback (most recent call last):
  File "C:\Users\DELL\AppData\Roaming\Python\Python38\site-packages\rich\logging.py", line 170, in emit
    self.console.print(log_renderable)
  File "C:\Users\DELL\AppData\Roaming\Python\Python38\site-packages\rich\console.py", line 1720, in print
    self._buffer.extend(new_segments)
  File "C:\Users\DELL\AppData\Roaming\Python\Python38\site-packages\rich\console.py", line 864, in __exit__
    self._exit_buffer()
  File "C:\Users\DELL\AppData\Roaming\Python\Python38\site-packages\rich\console.py", line 822, in _exit_buffer
    self._check_buffer()
  File "C:\Users\DELL\AppData\Roaming\Python\Python38\site-packages\rich\console.py", line 2027, in _check_buffer
    legacy_windows_render(buffer, LegacyWindowsTerm(self.file))
  File "C:\Users\DELL\AppData\Roaming\Python\Python38\site-packages\rich\_windows_renderer.py", line 19, in legacy_windows_render
    term.write_text(text)
  File "C:\Users\DELL\AppData\Roaming\Python\Python38\site-packages\rich\_win32_console.py", line 403, in write_text
    self.write(text)
  File "C:\Users\DELL\anaconda3\envs\myenv\lib\encodings\cp1252.py", line 19, in encode
    return codecs.charmap_encode(input,self.errors,encoding_table)[0]
UnicodeEncodeError: 'charmap' codec can't encode character '\U0001f9ff' in position 0: character maps to <undefined>
Call stack:
  File "C:\Users\DELL\anaconda3\envs\myenv\lib\runpy.py", line 194, in _run_module_as_main
    return _run_code(code, main_globals, None,
  File "C:\Users\DELL\anaconda3\envs\myenv\lib\runpy.py", line 87, in _run_code
    exec(code, run_globals)
  File "C:\Users\DELL\anaconda3\envs\myenv\Scripts\fx.exe\__main__.py", line 7, in <module>
    sys.exit(entry())
  File "C:\Users\DELL\AppData\Roaming\Python\Python38\site-packages\openfl\interface\cli.py", line 212, in entry
    cli()
  File "C:\Users\DELL\AppData\Roaming\Python\Python38\site-packages\click\core.py", line 1137, in __call__
    return self.main(*args, **kwargs)
  File "C:\Users\DELL\AppData\Roaming\Python\Python38\site-packages\click\core.py", line 1062, in main
    rv = self.invoke(ctx)
  File "C:\Users\DELL\AppData\Roaming\Python\Python38\site-packages\click\core.py", line 1668, in invoke
    return _process_result(sub_ctx.command.invoke(sub_ctx))
  File "C:\Users\DELL\AppData\Roaming\Python\Python38\site-packages\click\core.py", line 1668, in invoke
    return _process_result(sub_ctx.command.invoke(sub_ctx))
  File "C:\Users\DELL\AppData\Roaming\Python\Python38\site-packages\click\core.py", line 1404, in invoke
    return ctx.invoke(self.callback, **ctx.params)
  File "C:\Users\DELL\AppData\Roaming\Python\Python38\site-packages\click\core.py", line 763, in invoke
    return __callback(*args, **kwargs)
Data = {}
[20:16:03] INFO       File "C:\Users\DELL\AppData\Roaming\Python\Python38\site-packages\openfl\interface\envoy.py", line 111, in start_
    envoy.start()
  File "C:\Users\DELL\AppData\Roaming\Python\Python38\site-packages\openfl\component\envoy\envoy.py", line 179, in start
    self.run()
  File "C:\Users\DELL\AppData\Roaming\Python\Python38\site-packages\openfl\component\envoy\envoy.py", line 91, in run
    self._run_collaborator()
  File "C:\Users\DELL\AppData\Roaming\Python\Python38\site-packages\openfl\component\envoy\envoy.py", line 155, in _run_collaborator
    plan = Plan.parse(plan_config_path=Path(plan))
  File "C:\Users\DELL\AppData\Roaming\Python\Python38\site-packages\openfl\federated\plan\plan.py", line 140, in parse
    plan.resolve()
  File "C:\Users\DELL\AppData\Roaming\Python\Python38\site-packages\openfl\federated\plan\plan.py", line 253, in resolve
    self.hash[:8], 16
  File "C:\Users\DELL\AppData\Roaming\Python\Python38\site-packages\openfl\federated\plan\plan.py", line 235, in hash
    Plan.logger.info(f'FL-Plan hash is [blue]{self.hash_.hexdigest()}[/]',
  File "C:\Users\DELL\anaconda3\envs\myenv\lib\logging\__init__.py", line 1446, in info
    self._log(INFO, msg, args, **kwargs)
  File "C:\Users\DELL\anaconda3\envs\myenv\lib\logging\__init__.py", line 1589, in _log
    self.handle(record)
  File "C:\Users\DELL\anaconda3\envs\myenv\lib\logging\__init__.py", line 1599, in handle
    self.callHandlers(record)
  File "C:\Users\DELL\anaconda3\envs\myenv\lib\logging\__init__.py", line 1661, in callHandlers
    hdlr.handle(record)
  File "C:\Users\DELL\anaconda3\envs\myenv\lib\logging\__init__.py", line 954, in handle
    self.emit(record)
  File "C:\Users\DELL\AppData\Roaming\Python\Python38\site-packages\rich\logging.py", line 172, in emit
    self.handleError(record)
Message: 'FL-Plan hash is [blue]b3a3507103d6ab2384292d1489f3f2880501b0a8de404eae1b53062689019a971567a2548df5c97c8178358be77d5195[/]'
Arguments: ()
--- Logging error ---
Traceback (most recent call last):
  File "C:\Users\DELL\AppData\Roaming\Python\Python38\site-packages\rich\logging.py", line 170, in emit
    self.console.print(log_renderable)
  File "C:\Users\DELL\AppData\Roaming\Python\Python38\site-packages\rich\console.py", line 1720, in print
    self._buffer.extend(new_segments)
  File "C:\Users\DELL\AppData\Roaming\Python\Python38\site-packages\rich\console.py", line 864, in __exit__
    self._exit_buffer()
  File "C:\Users\DELL\AppData\Roaming\Python\Python38\site-packages\rich\console.py", line 822, in _exit_buffer
    self._check_buffer()
  File "C:\Users\DELL\AppData\Roaming\Python\Python38\site-packages\rich\console.py", line 2027, in _check_buffer
    legacy_windows_render(buffer, LegacyWindowsTerm(self.file))
  File "C:\Users\DELL\AppData\Roaming\Python\Python38\site-packages\rich\_windows_renderer.py", line 19, in legacy_windows_render
    term.write_text(text)
  File "C:\Users\DELL\AppData\Roaming\Python\Python38\site-packages\rich\_win32_console.py", line 403, in write_text
    self.write(text)
  File "C:\Users\DELL\anaconda3\envs\myenv\lib\encodings\cp1252.py", line 19, in encode
    return codecs.charmap_encode(input,self.errors,encoding_table)[0]
UnicodeEncodeError: 'charmap' codec can't encode character '\U0001f9ff' in position 0: character maps to <undefined>
Call stack:
  File "C:\Users\DELL\anaconda3\envs\myenv\lib\runpy.py", line 194, in _run_module_as_main
    return _run_code(code, main_globals, None,
  File "C:\Users\DELL\anaconda3\envs\myenv\lib\runpy.py", line 87, in _run_code
    exec(code, run_globals)
  File "C:\Users\DELL\anaconda3\envs\myenv\Scripts\fx.exe\__main__.py", line 7, in <module>
    sys.exit(entry())
  File "C:\Users\DELL\AppData\Roaming\Python\Python38\site-packages\openfl\interface\cli.py", line 212, in entry
    cli()
  File "C:\Users\DELL\AppData\Roaming\Python\Python38\site-packages\click\core.py", line 1137, in __call__
    return self.main(*args, **kwargs)
  File "C:\Users\DELL\AppData\Roaming\Python\Python38\site-packages\click\core.py", line 1062, in main
    rv = self.invoke(ctx)
  File "C:\Users\DELL\AppData\Roaming\Python\Python38\site-packages\click\core.py", line 1668, in invoke
    return _process_result(sub_ctx.command.invoke(sub_ctx))
  File "C:\Users\DELL\AppData\Roaming\Python\Python38\site-packages\click\core.py", line 1668, in invoke
    return _process_result(sub_ctx.command.invoke(sub_ctx))
  File "C:\Users\DELL\AppData\Roaming\Python\Python38\site-packages\click\core.py", line 1404, in invoke
    return ctx.invoke(self.callback, **ctx.params)
  File "C:\Users\DELL\AppData\Roaming\Python\Python38\site-packages\click\core.py", line 763, in invoke
    return __callback(*args, **kwargs)
  File "C:\Users\DELL\AppData\Roaming\Python\Python38\site-packages\openfl\interface\envoy.py", line 111, in start_
    envoy.start()
  File "C:\Users\DELL\AppData\Roaming\Python\Python38\site-packages\openfl\component\envoy\envoy.py", line 179, in start
    self.run()
  File "C:\Users\DELL\AppData\Roaming\Python\Python38\site-packages\openfl\component\envoy\envoy.py", line 91, in run
    self._run_collaborator()
  File "C:\Users\DELL\AppData\Roaming\Python\Python38\site-packages\openfl\component\envoy\envoy.py", line 155, in _run_collaborator
    plan = Plan.parse(plan_config_path=Path(plan))
  File "C:\Users\DELL\AppData\Roaming\Python\Python38\site-packages\openfl\federated\plan\plan.py", line 142, in parse
    Plan.logger.info(
  File "C:\Users\DELL\anaconda3\envs\myenv\lib\logging\__init__.py", line 1446, in info
    self._log(INFO, msg, args, **kwargs)
  File "C:\Users\DELL\anaconda3\envs\myenv\lib\logging\__init__.py", line 1589, in _log
    self.handle(record)
  File "C:\Users\DELL\anaconda3\envs\myenv\lib\logging\__init__.py", line 1599, in handle
    self.callHandlers(record)
  File "C:\Users\DELL\anaconda3\envs\myenv\lib\logging\__init__.py", line 1661, in callHandlers
    hdlr.handle(record)
  File "C:\Users\DELL\anaconda3\envs\myenv\lib\logging\__init__.py", line 954, in handle
    self.emit(record)
  File "C:\Users\DELL\AppData\Roaming\Python\Python38\site-packages\rich\logging.py", line 172, in emit
    self.handleError(record)
Message: 'Parsing Federated Learning Plan : [green]SUCCESS[/] : [blue]plan\\plan.yaml[/].'
Arguments: ()
--- Logging error ---
Traceback (most recent call last):
  File "C:\Users\DELL\AppData\Roaming\Python\Python38\site-packages\rich\logging.py", line 170, in emit
    self.console.print(log_renderable)
  File "C:\Users\DELL\AppData\Roaming\Python\Python38\site-packages\rich\console.py", line 1720, in print
    self._buffer.extend(new_segments)
  File "C:\Users\DELL\AppData\Roaming\Python\Python38\site-packages\rich\console.py", line 864, in __exit__
    self._exit_buffer()
  File "C:\Users\DELL\AppData\Roaming\Python\Python38\site-packages\rich\console.py", line 822, in _exit_buffer
    self._check_buffer()
  File "C:\Users\DELL\AppData\Roaming\Python\Python38\site-packages\rich\console.py", line 2027, in _check_buffer
    legacy_windows_render(buffer, LegacyWindowsTerm(self.file))
  File "C:\Users\DELL\AppData\Roaming\Python\Python38\site-packages\rich\_windows_renderer.py", line 19, in legacy_windows_render
    term.write_text(text)
  File "C:\Users\DELL\AppData\Roaming\Python\Python38\site-packages\rich\_win32_console.py", line 403, in write_text
    self.write(text)
  File "C:\Users\DELL\anaconda3\envs\myenv\lib\encodings\cp1252.py", line 19, in encode
    return codecs.charmap_encode(input,self.errors,encoding_table)[0]
UnicodeEncodeError: 'charmap' codec can't encode character '\U0001f9ff' in position 0: character maps to <undefined>
Call stack:
  File "C:\Users\DELL\anaconda3\envs\myenv\lib\runpy.py", line 194, in _run_module_as_main
    return _run_code(code, main_globals, None,
  File "C:\Users\DELL\anaconda3\envs\myenv\lib\runpy.py", line 87, in _run_code
    exec(code, run_globals)
  File "C:\Users\DELL\anaconda3\envs\myenv\Scripts\fx.exe\__main__.py", line 7, in <module>
    sys.exit(entry())
[20:16:03] INFO     [20:16:03] INFO       File "C:\Users\DELL\AppData\Roaming\Python\Python38\site-packages\openfl\interface\cli.py", line 212, in entry
    cli()
  File "C:\Users\DELL\AppData\Roaming\Python\Python38\site-packages\click\core.py", line 1137, in __call__
    return self.main(*args, **kwargs)
  File "C:\Users\DELL\AppData\Roaming\Python\Python38\site-packages\click\core.py", line 1062, in main
    rv = self.invoke(ctx)
  File "C:\Users\DELL\AppData\Roaming\Python\Python38\site-packages\click\core.py", line 1668, in invoke
    return _process_result(sub_ctx.command.invoke(sub_ctx))
  File "C:\Users\DELL\AppData\Roaming\Python\Python38\site-packages\click\core.py", line 1668, in invoke
    return _process_result(sub_ctx.command.invoke(sub_ctx))
  File "C:\Users\DELL\AppData\Roaming\Python\Python38\site-packages\click\core.py", line 1404, in invoke
    return ctx.invoke(self.callback, **ctx.params)
  File "C:\Users\DELL\AppData\Roaming\Python\Python38\site-packages\click\core.py", line 763, in invoke
    return __callback(*args, **kwargs)
  File "C:\Users\DELL\AppData\Roaming\Python\Python38\site-packages\openfl\interface\envoy.py", line 111, in start_
    envoy.start()
  File "C:\Users\DELL\AppData\Roaming\Python\Python38\site-packages\openfl\component\envoy\envoy.py", line 179, in start
    self.run()
  File "C:\Users\DELL\AppData\Roaming\Python\Python38\site-packages\openfl\component\envoy\envoy.py", line 91, in run
    self._run_collaborator()
  File "C:\Users\DELL\AppData\Roaming\Python\Python38\site-packages\openfl\component\envoy\envoy.py", line 155, in _run_collaborator
    plan = Plan.parse(plan_config_path=Path(plan))
  File "C:\Users\DELL\AppData\Roaming\Python\Python38\site-packages\openfl\federated\plan\plan.py", line 146, in parse
    Plan.logger.info(dump(plan.config))
  File "C:\Users\DELL\anaconda3\envs\myenv\lib\logging\__init__.py", line 1446, in info
    self._log(INFO, msg, args, **kwargs)
  File "C:\Users\DELL\anaconda3\envs\myenv\lib\logging\__init__.py", line 1589, in _log
    self.handle(record)
  File "C:\Users\DELL\anaconda3\envs\myenv\lib\logging\__init__.py", line 1599, in handle
    self.callHandlers(record)
  File "C:\Users\DELL\anaconda3\envs\myenv\lib\logging\__init__.py", line 1661, in callHandlers
    hdlr.handle(record)
  File "C:\Users\DELL\anaconda3\envs\myenv\lib\logging\__init__.py", line 954, in handle
    self.emit(record)
  File "C:\Users\DELL\AppData\Roaming\Python\Python38\site-packages\rich\logging.py", line 172, in emit
    self.handleError(record)
Message: 'aggregator:\n  settings:\n    assigner: openfl.component.assigner.AdaBoostAssigner\n    best_state_path: save/best.pbuf\n    db_store_rounds: 1\n    init_state_path: save/init.pbuf\n    last_state_path: save/last.pbuf\n    nn: false\n    rounds_to_train: 100\n    write_logs: false\n  template: openfl.component.aggregator.Aggregator\napi_layer:\n  required_plugin_components:\n    serializer_plugin: openfl.plugins.interface_serializer.dill_serializer.DillSerializer\n  settings:\n    aggregation_function_interface_file: aggregation_function_obj.pkl\n    dataloader_interface_file: loader_obj.pkl\n    model_interface_file: model_obj.pkl\n    task_assigner_file: task_assigner_obj.pkl\n    tasks_interface_file: tasks_obj.pkl\nassigner:\n  settings:\n    task_groups:\n    - name: train_and_validate\n      percentage: 1.0\n      tasks:\n      - 1_train\n      - 2_weak_learners_validate\n      - 3_adaboost_update\n      - 4_adaboost_validate\n  template: openfl.component.assigner.AdaBoostAssigner\ncollaborator:\n  settings:\n    db_store_rounds: 2\n    delta_updates: false\n    device_assignment_policy: CPU_ONLY\n    nn: false\n    opt_treatment: CONTINUE_GLOBAL\n  template: openfl.component.collaborator.Collaborator\ncompression_pipeline:\n  settings:\n    nn: false\n  template: openfl.pipelines.GenericPipeline\nnetwork:\n  settings:\n    agg_addr: localhost\n    agg_port: 56212\n    cert_folder: cert\n    client_reconnect_interval: 5\n    disable_client_auth: false\n    hash_salt: auto\n    tls: false\n  template: openfl.federation.Network\ntask_runner:\n  required_plugin_components:\n    framework_adapters: openfl.plugins.frameworks_adapters.generic_adapter.GenericAdapter\n  settings: {}\n  template: openfl.federated.task.runner_generic.GenericTaskRunner\ntasks:\n  1_train:\n    aggregation_type: openfl.interface.aggregation_functions.AggregateRandomForest\n    function: train_adaboost\n    kwargs:\n      apply: global\n      data: train\n      retrieve: weak_learner\n  2_weak_learners_validate:\n    aggregation_type: openfl.interface.aggregation_functions.AggregateAdaboost\n    function: validate_weak_learners\n    kwargs:\n      apply: global\n      data: train\n      retrieve: model\n    n_classes: 2\n  3_adaboost_update:\n    aggregation_type: openfl.interface.aggregation_functions.WeightedAverage\n    function: adaboost_update\n    kwargs:\n      apply: global\n      retrieve: adaboost_coeff\n  4_adaboost_validate:\n    aggregation_type: openfl.interface.aggregation_functions.WeightedAverage\n    function: validate_adaboost\n    kwargs:\n      apply: local\n      data: test\n      retrieve: adaboost\n  settings: {}\n'
Arguments: ()
--- Logging error ---
Traceback (most recent call last):
  File "C:\Users\DELL\AppData\Roaming\Python\Python38\site-packages\rich\logging.py", line 170, in emit
    self.console.print(log_renderable)
  File "C:\Users\DELL\AppData\Roaming\Python\Python38\site-packages\rich\console.py", line 1720, in print
    self._buffer.extend(new_segments)
  File "C:\Users\DELL\AppData\Roaming\Python\Python38\site-packages\rich\console.py", line 864, in __exit__
    self._exit_buffer()
  File "C:\Users\DELL\AppData\Roaming\Python\Python38\site-packages\rich\console.py", line 822, in _exit_buffer
    self._check_buffer()
  File "C:\Users\DELL\AppData\Roaming\Python\Python38\site-packages\rich\console.py", line 2027, in _check_buffer
    legacy_windows_render(buffer, LegacyWindowsTerm(self.file))
  File "C:\Users\DELL\AppData\Roaming\Python\Python38\site-packages\rich\_windows_renderer.py", line 19, in legacy_windows_render
    term.write_text(text)
  File "C:\Users\DELL\AppData\Roaming\Python\Python38\site-packages\rich\_win32_console.py", line 403, in write_text
    self.write(text)
  File "C:\Users\DELL\anaconda3\envs\myenv\lib\encodings\cp1252.py", line 19, in encode
    return codecs.charmap_encode(input,self.errors,encoding_table)[0]
UnicodeEncodeError: 'charmap' codec can't encode character '\U0001f9ff' in position 0: character maps to <undefined>
Call stack:
  File "C:\Users\DELL\anaconda3\envs\myenv\lib\runpy.py", line 194, in _run_module_as_main
    return _run_code(code, main_globals, None,
  File "C:\Users\DELL\anaconda3\envs\myenv\lib\runpy.py", line 87, in _run_code
    exec(code, run_globals)
  File "C:\Users\DELL\anaconda3\envs\myenv\Scripts\fx.exe\__main__.py", line 7, in <module>
    sys.exit(entry())
  File "C:\Users\DELL\AppData\Roaming\Python\Python38\site-packages\openfl\interface\cli.py", line 212, in entry
    cli()
  File "C:\Users\DELL\AppData\Roaming\Python\Python38\site-packages\click\core.py", line 1137, in __call__
    return self.main(*args, **kwargs)
  File "C:\Users\DELL\AppData\Roaming\Python\Python38\site-packages\click\core.py", line 1062, in main
    rv = self.invoke(ctx)
  File "C:\Users\DELL\AppData\Roaming\Python\Python38\site-packages\click\core.py", line 1668, in invoke
    return _process_result(sub_ctx.command.invoke(sub_ctx))
  File "C:\Users\DELL\AppData\Roaming\Python\Python38\site-packages\click\core.py", line 1668, in invoke
    return _process_result(sub_ctx.command.invoke(sub_ctx))
  File "C:\Users\DELL\AppData\Roaming\Python\Python38\site-packages\click\core.py", line 1404, in invoke
    return ctx.invoke(self.callback, **ctx.params)
  File "C:\Users\DELL\AppData\Roaming\Python\Python38\site-packages\click\core.py", line 763, in invoke
    return __callback(*args, **kwargs)
  File "C:\Users\DELL\AppData\Roaming\Python\Python38\site-packages\openfl\interface\envoy.py", line 111, in start_
    envoy.start()
[20:16:03] INFO       File "C:\Users\DELL\AppData\Roaming\Python\Python38\site-packages\openfl\component\envoy\envoy.py", line 179, in start
    self.run()
  File "C:\Users\DELL\AppData\Roaming\Python\Python38\site-packages\openfl\component\envoy\envoy.py", line 91, in run
    self._run_collaborator()
  File "C:\Users\DELL\AppData\Roaming\Python\Python38\site-packages\openfl\component\envoy\envoy.py", line 159, in _run_collaborator
    logger.info('\U0001f9ff Starting a Collaborator Service.')
  File "C:\Users\DELL\anaconda3\envs\myenv\lib\logging\__init__.py", line 1446, in info
    self._log(INFO, msg, args, **kwargs)
  File "C:\Users\DELL\anaconda3\envs\myenv\lib\logging\__init__.py", line 1589, in _log
    self.handle(record)
  File "C:\Users\DELL\anaconda3\envs\myenv\lib\logging\__init__.py", line 1599, in handle
    self.callHandlers(record)
  File "C:\Users\DELL\anaconda3\envs\myenv\lib\logging\__init__.py", line 1661, in callHandlers
    hdlr.handle(record)
  File "C:\Users\DELL\anaconda3\envs\myenv\lib\logging\__init__.py", line 954, in handle
    self.emit(record)
  File "C:\Users\DELL\AppData\Roaming\Python\Python38\site-packages\rich\logging.py", line 172, in emit
    self.handleError(record)
Message: '\U0001f9ff Starting a Collaborator Service.'
Arguments: ()
--- Logging error ---
Traceback (most recent call last):
  File "C:\Users\DELL\AppData\Roaming\Python\Python38\site-packages\rich\logging.py", line 170, in emit
    self.console.print(log_renderable)
  File "C:\Users\DELL\AppData\Roaming\Python\Python38\site-packages\rich\console.py", line 1720, in print
    self._buffer.extend(new_segments)
  File "C:\Users\DELL\AppData\Roaming\Python\Python38\site-packages\rich\console.py", line 864, in __exit__
    self._exit_buffer()
  File "C:\Users\DELL\AppData\Roaming\Python\Python38\site-packages\rich\console.py", line 822, in _exit_buffer
    self._check_buffer()
  File "C:\Users\DELL\AppData\Roaming\Python\Python38\site-packages\rich\console.py", line 2027, in _check_buffer
    legacy_windows_render(buffer, LegacyWindowsTerm(self.file))
  File "C:\Users\DELL\AppData\Roaming\Python\Python38\site-packages\rich\_windows_renderer.py", line 19, in legacy_windows_render
    term.write_text(text)
  File "C:\Users\DELL\AppData\Roaming\Python\Python38\site-packages\rich\_win32_console.py", line 403, in write_text
    self.write(text)
  File "C:\Users\DELL\anaconda3\envs\myenv\lib\encodings\cp1252.py", line 19, in encode
    return codecs.charmap_encode(input,self.errors,encoding_table)[0]
UnicodeEncodeError: 'charmap' codec can't encode character '\U0001f9ff' in position 0: character maps to <undefined>
Call stack:
  File "C:\Users\DELL\anaconda3\envs\myenv\lib\runpy.py", line 194, in _run_module_as_main
    return _run_code(code, main_globals, None,
  File "C:\Users\DELL\anaconda3\envs\myenv\lib\runpy.py", line 87, in _run_code
    exec(code, run_globals)
  File "C:\Users\DELL\anaconda3\envs\myenv\Scripts\fx.exe\__main__.py", line 7, in <module>
    sys.exit(entry())
  File "C:\Users\DELL\AppData\Roaming\Python\Python38\site-packages\openfl\interface\cli.py", line 212, in entry
    cli()
  File "C:\Users\DELL\AppData\Roaming\Python\Python38\site-packages\click\core.py", line 1137, in __call__
    return self.main(*args, **kwargs)
  File "C:\Users\DELL\AppData\Roaming\Python\Python38\site-packages\click\core.py", line 1062, in main
    rv = self.invoke(ctx)
  File "C:\Users\DELL\AppData\Roaming\Python\Python38\site-packages\click\core.py", line 1668, in invoke
    return _process_result(sub_ctx.command.invoke(sub_ctx))
  File "C:\Users\DELL\AppData\Roaming\Python\Python38\site-packages\click\core.py", line 1668, in invoke
    return _process_result(sub_ctx.command.invoke(sub_ctx))
  File "C:\Users\DELL\AppData\Roaming\Python\Python38\site-packages\click\core.py", line 1404, in invoke
    return ctx.invoke(self.callback, **ctx.params)
  File "C:\Users\DELL\AppData\Roaming\Python\Python38\site-packages\click\core.py", line 763, in invoke
    return __callback(*args, **kwargs)
  File "C:\Users\DELL\AppData\Roaming\Python\Python38\site-packages\openfl\interface\envoy.py", line 111, in start_
    envoy.start()
  File "C:\Users\DELL\AppData\Roaming\Python\Python38\site-packages\openfl\component\envoy\envoy.py", line 179, in start
    self.run()
  File "C:\Users\DELL\AppData\Roaming\Python\Python38\site-packages\openfl\component\envoy\envoy.py", line 91, in run
    self._run_collaborator()
  File "C:\Users\DELL\AppData\Roaming\Python\Python38\site-packages\openfl\component\envoy\envoy.py", line 161, in _run_collaborator
    col = plan.get_collaborator(self.name, self.root_certificate, self.private_key,
  File "C:\Users\DELL\AppData\Roaming\Python\Python38\site-packages\openfl\federated\plan\plan.py", line 474, in get_collaborator
    model_provider, task_keeper, data_loader = self.deserialize_interface_objects()
  File "C:\Users\DELL\AppData\Roaming\Python\Python38\site-packages\openfl\federated\plan\plan.py", line 581, in <genexpr>
    return (self.restore_object(api_layer['settings'][filename]) for filename in filenames)
  File "C:\Users\DELL\AppData\Roaming\Python\Python38\site-packages\openfl\federated\plan\plan.py", line 598, in restore_object
    serializer_plugin = self.get_serializer_plugin()
  File "C:\Users\DELL\AppData\Roaming\Python\Python38\site-packages\openfl\federated\plan\plan.py", line 593, in get_serializer_plugin
    self.serializer_ = Plan.build(serializer_plugin, kwargs)
  File "C:\Users\DELL\AppData\Roaming\Python\Python38\site-packages\openfl\federated\plan\plan.py", line 171, in build
    Plan.logger.info(f'Building [red]\U0001f846[/] Object [red]{class_name}[/] '
  File "C:\Users\DELL\anaconda3\envs\myenv\lib\logging\__init__.py", line 1446, in info
    self._log(INFO, msg, args, **kwargs)
  File "C:\Users\DELL\anaconda3\envs\myenv\lib\logging\__init__.py", line 1589, in _log
    self.handle(record)
  File "C:\Users\DELL\anaconda3\envs\myenv\lib\logging\__init__.py", line 1599, in handle
    self.callHandlers(record)
  File "C:\Users\DELL\anaconda3\envs\myenv\lib\logging\__init__.py", line 1661, in callHandlers
    hdlr.handle(record)
  File "C:\Users\DELL\anaconda3\envs\myenv\lib\logging\__init__.py", line 954, in handle
    self.emit(record)
  File "C:\Users\DELL\AppData\Roaming\Python\Python38\site-packages\rich\logging.py", line 172, in emit
    self.handleError(record)
Message: 'Building [red]\U0001f846[/] Object [red]DillSerializer[/] from [red]openfl.plugins.interface_serializer.dill_serializer[/] Module.'
Arguments: ()
--- Logging error ---
Traceback (most recent call last):
  File "C:\Users\DELL\AppData\Roaming\Python\Python38\site-packages\rich\logging.py", line 170, in emit
    self.console.print(log_renderable)
  File "C:\Users\DELL\AppData\Roaming\Python\Python38\site-packages\rich\console.py", line 1720, in print
    self._buffer.extend(new_segments)
  File "C:\Users\DELL\AppData\Roaming\Python\Python38\site-packages\rich\console.py", line 864, in __exit__
    self._exit_buffer()
  File "C:\Users\DELL\AppData\Roaming\Python\Python38\site-packages\rich\console.py", line 822, in _exit_buffer
    self._check_buffer()
  File "C:\Users\DELL\AppData\Roaming\Python\Python38\site-packages\rich\console.py", line 2027, in _check_buffer
    legacy_windows_render(buffer, LegacyWindowsTerm(self.file))
  File "C:\Users\DELL\AppData\Roaming\Python\Python38\site-packages\rich\_windows_renderer.py", line 19, in legacy_windows_render
    term.write_text(text)
  File "C:\Users\DELL\AppData\Roaming\Python\Python38\site-packages\rich\_win32_console.py", line 403, in write_text
    self.write(text)
  File "C:\Users\DELL\anaconda3\envs\myenv\lib\encodings\cp1252.py", line 19, in encode
    return codecs.charmap_encode(input,self.errors,encoding_table)[0]
UnicodeEncodeError: 'charmap' codec can't encode character '\U0001f9ff' in position 0: character maps to <undefined>
Call stack:
  File "C:\Users\DELL\anaconda3\envs\myenv\lib\runpy.py", line 194, in _run_module_as_main
    return _run_code(code, main_globals, None,
[20:16:03] INFO     [20:16:03] INFO       File "C:\Users\DELL\anaconda3\envs\myenv\lib\runpy.py", line 87, in _run_code
    exec(code, run_globals)
  File "C:\Users\DELL\anaconda3\envs\myenv\Scripts\fx.exe\__main__.py", line 7, in <module>
    sys.exit(entry())
  File "C:\Users\DELL\AppData\Roaming\Python\Python38\site-packages\openfl\interface\cli.py", line 212, in entry
    cli()
  File "C:\Users\DELL\AppData\Roaming\Python\Python38\site-packages\click\core.py", line 1137, in __call__
    return self.main(*args, **kwargs)
  File "C:\Users\DELL\AppData\Roaming\Python\Python38\site-packages\click\core.py", line 1062, in main
    rv = self.invoke(ctx)
  File "C:\Users\DELL\AppData\Roaming\Python\Python38\site-packages\click\core.py", line 1668, in invoke
    return _process_result(sub_ctx.command.invoke(sub_ctx))
  File "C:\Users\DELL\AppData\Roaming\Python\Python38\site-packages\click\core.py", line 1668, in invoke
    return _process_result(sub_ctx.command.invoke(sub_ctx))
  File "C:\Users\DELL\AppData\Roaming\Python\Python38\site-packages\click\core.py", line 1404, in invoke
    return ctx.invoke(self.callback, **ctx.params)
  File "C:\Users\DELL\AppData\Roaming\Python\Python38\site-packages\click\core.py", line 763, in invoke
    return __callback(*args, **kwargs)
  File "C:\Users\DELL\AppData\Roaming\Python\Python38\site-packages\openfl\interface\envoy.py", line 111, in start_
    envoy.start()
  File "C:\Users\DELL\AppData\Roaming\Python\Python38\site-packages\openfl\component\envoy\envoy.py", line 179, in start
    self.run()
  File "C:\Users\DELL\AppData\Roaming\Python\Python38\site-packages\openfl\component\envoy\envoy.py", line 91, in run
    self._run_collaborator()
  File "C:\Users\DELL\AppData\Roaming\Python\Python38\site-packages\openfl\component\envoy\envoy.py", line 161, in _run_collaborator
    col = plan.get_collaborator(self.name, self.root_certificate, self.private_key,
  File "C:\Users\DELL\AppData\Roaming\Python\Python38\site-packages\openfl\federated\plan\plan.py", line 476, in get_collaborator
    defaults[SETTINGS]['task_runner'] = self.get_core_task_runner(
  File "C:\Users\DELL\AppData\Roaming\Python\Python38\site-packages\openfl\federated\plan\plan.py", line 429, in get_core_task_runner
    self.runner_ = Plan.build(**defaults)
  File "C:\Users\DELL\AppData\Roaming\Python\Python38\site-packages\openfl\federated\plan\plan.py", line 171, in build
    Plan.logger.info(f'Building [red]\U0001f846[/] Object [red]{class_name}[/] '
  File "C:\Users\DELL\anaconda3\envs\myenv\lib\logging\__init__.py", line 1446, in info
    self._log(INFO, msg, args, **kwargs)
  File "C:\Users\DELL\anaconda3\envs\myenv\lib\logging\__init__.py", line 1589, in _log
    self.handle(record)
  File "C:\Users\DELL\anaconda3\envs\myenv\lib\logging\__init__.py", line 1599, in handle
    self.callHandlers(record)
  File "C:\Users\DELL\anaconda3\envs\myenv\lib\logging\__init__.py", line 1661, in callHandlers
    hdlr.handle(record)
  File "C:\Users\DELL\anaconda3\envs\myenv\lib\logging\__init__.py", line 954, in handle
    self.emit(record)
  File "C:\Users\DELL\AppData\Roaming\Python\Python38\site-packages\rich\logging.py", line 172, in emit
    self.handleError(record)
Message: 'Building [red]\U0001f846[/] Object [red]GenericTaskRunner[/] from [red]openfl.federated.task.runner_generic[/] Module.'
Arguments: ()
--- Logging error ---
Traceback (most recent call last):
  File "C:\Users\DELL\AppData\Roaming\Python\Python38\site-packages\rich\logging.py", line 170, in emit
    self.console.print(log_renderable)
  File "C:\Users\DELL\AppData\Roaming\Python\Python38\site-packages\rich\console.py", line 1720, in print
    self._buffer.extend(new_segments)
  File "C:\Users\DELL\AppData\Roaming\Python\Python38\site-packages\rich\console.py", line 864, in __exit__
    self._exit_buffer()
  File "C:\Users\DELL\AppData\Roaming\Python\Python38\site-packages\rich\console.py", line 822, in _exit_buffer
    self._check_buffer()
  File "C:\Users\DELL\AppData\Roaming\Python\Python38\site-packages\rich\console.py", line 2027, in _check_buffer
    legacy_windows_render(buffer, LegacyWindowsTerm(self.file))
  File "C:\Users\DELL\AppData\Roaming\Python\Python38\site-packages\rich\_windows_renderer.py", line 19, in legacy_windows_render
    term.write_text(text)
  File "C:\Users\DELL\AppData\Roaming\Python\Python38\site-packages\rich\_win32_console.py", line 403, in write_text
    self.write(text)
  File "C:\Users\DELL\anaconda3\envs\myenv\lib\encodings\cp1252.py", line 19, in encode
    return codecs.charmap_encode(input,self.errors,encoding_table)[0]
UnicodeEncodeError: 'charmap' codec can't encode character '\U0001f9ff' in position 0: character maps to <undefined>
Call stack:
  File "C:\Users\DELL\anaconda3\envs\myenv\lib\runpy.py", line 194, in _run_module_as_main
    return _run_code(code, main_globals, None,
  File "C:\Users\DELL\anaconda3\envs\myenv\lib\runpy.py", line 87, in _run_code
    exec(code, run_globals)
  File "C:\Users\DELL\anaconda3\envs\myenv\Scripts\fx.exe\__main__.py", line 7, in <module>
    sys.exit(entry())
  File "C:\Users\DELL\AppData\Roaming\Python\Python38\site-packages\openfl\interface\cli.py", line 212, in entry
    cli()
  File "C:\Users\DELL\AppData\Roaming\Python\Python38\site-packages\click\core.py", line 1137, in __call__
    return self.main(*args, **kwargs)
  File "C:\Users\DELL\AppData\Roaming\Python\Python38\site-packages\click\core.py", line 1062, in main
    rv = self.invoke(ctx)
  File "C:\Users\DELL\AppData\Roaming\Python\Python38\site-packages\click\core.py", line 1668, in invoke
    return _process_result(sub_ctx.command.invoke(sub_ctx))
  File "C:\Users\DELL\AppData\Roaming\Python\Python38\site-packages\click\core.py", line 1668, in invoke
    return _process_result(sub_ctx.command.invoke(sub_ctx))
  File "C:\Users\DELL\AppData\Roaming\Python\Python38\site-packages\click\core.py", line 1404, in invoke
    return ctx.invoke(self.callback, **ctx.params)
  File "C:\Users\DELL\AppData\Roaming\Python\Python38\site-packages\click\core.py", line 763, in invoke
    return __callback(*args, **kwargs)
  File "C:\Users\DELL\AppData\Roaming\Python\Python38\site-packages\openfl\interface\envoy.py", line 111, in start_
    envoy.start()
  File "C:\Users\DELL\AppData\Roaming\Python\Python38\site-packages\openfl\component\envoy\envoy.py", line 179, in start
    self.run()
  File "C:\Users\DELL\AppData\Roaming\Python\Python38\site-packages\openfl\component\envoy\envoy.py", line 91, in run
    self._run_collaborator()
  File "C:\Users\DELL\AppData\Roaming\Python\Python38\site-packages\openfl\component\envoy\envoy.py", line 161, in _run_collaborator
    col = plan.get_collaborator(self.name, self.root_certificate, self.private_key,
  File "C:\Users\DELL\AppData\Roaming\Python\Python38\site-packages\openfl\federated\plan\plan.py", line 476, in get_collaborator
    defaults[SETTINGS]['task_runner'] = self.get_core_task_runner(
  File "C:\Users\DELL\AppData\Roaming\Python\Python38\site-packages\openfl\federated\plan\plan.py", line 436, in get_core_task_runner
    framework_adapter = Plan.build(
  File "C:\Users\DELL\AppData\Roaming\Python\Python38\site-packages\openfl\federated\plan\plan.py", line 171, in build
    Plan.logger.info(f'Building [red]\U0001f846[/] Object [red]{class_name}[/] '
  File "C:\Users\DELL\anaconda3\envs\myenv\lib\logging\__init__.py", line 1446, in info
    self._log(INFO, msg, args, **kwargs)
  File "C:\Users\DELL\anaconda3\envs\myenv\lib\logging\__init__.py", line 1589, in _log
    self.handle(record)
  File "C:\Users\DELL\anaconda3\envs\myenv\lib\logging\__init__.py", line 1599, in handle
    self.callHandlers(record)
  File "C:\Users\DELL\anaconda3\envs\myenv\lib\logging\__init__.py", line 1661, in callHandlers
    hdlr.handle(record)
  File "C:\Users\DELL\anaconda3\envs\myenv\lib\logging\__init__.py", line 954, in handle
    self.emit(record)
  File "C:\Users\DELL\AppData\Roaming\Python\Python38\site-packages\rich\logging.py", line 172, in emit
    self.handleError(record)
[20:16:03] INFO     Message: 'Building [red]\U0001f846[/] Object [red]GenericAdapter[/] from [red]openfl.plugins.frameworks_adapters.generic_adapter[/] Module.'
Arguments: ()
--- Logging error ---
Traceback (most recent call last):
  File "C:\Users\DELL\AppData\Roaming\Python\Python38\site-packages\rich\logging.py", line 170, in emit
    self.console.print(log_renderable)
  File "C:\Users\DELL\AppData\Roaming\Python\Python38\site-packages\rich\console.py", line 1720, in print
    self._buffer.extend(new_segments)
  File "C:\Users\DELL\AppData\Roaming\Python\Python38\site-packages\rich\console.py", line 864, in __exit__
    self._exit_buffer()
  File "C:\Users\DELL\AppData\Roaming\Python\Python38\site-packages\rich\console.py", line 822, in _exit_buffer
    self._check_buffer()
  File "C:\Users\DELL\AppData\Roaming\Python\Python38\site-packages\rich\console.py", line 2027, in _check_buffer
    legacy_windows_render(buffer, LegacyWindowsTerm(self.file))
  File "C:\Users\DELL\AppData\Roaming\Python\Python38\site-packages\rich\_windows_renderer.py", line 19, in legacy_windows_render
    term.write_text(text)
  File "C:\Users\DELL\AppData\Roaming\Python\Python38\site-packages\rich\_win32_console.py", line 403, in write_text
    self.write(text)
  File "C:\Users\DELL\anaconda3\envs\myenv\lib\encodings\cp1252.py", line 19, in encode
    return codecs.charmap_encode(input,self.errors,encoding_table)[0]
UnicodeEncodeError: 'charmap' codec can't encode character '\U0001f9ff' in position 0: character maps to <undefined>
Call stack:
  File "C:\Users\DELL\anaconda3\envs\myenv\lib\runpy.py", line 194, in _run_module_as_main
    return _run_code(code, main_globals, None,
  File "C:\Users\DELL\anaconda3\envs\myenv\lib\runpy.py", line 87, in _run_code
    exec(code, run_globals)
  File "C:\Users\DELL\anaconda3\envs\myenv\Scripts\fx.exe\__main__.py", line 7, in <module>
    sys.exit(entry())
  File "C:\Users\DELL\AppData\Roaming\Python\Python38\site-packages\openfl\interface\cli.py", line 212, in entry
    cli()
  File "C:\Users\DELL\AppData\Roaming\Python\Python38\site-packages\click\core.py", line 1137, in __call__
    return self.main(*args, **kwargs)
  File "C:\Users\DELL\AppData\Roaming\Python\Python38\site-packages\click\core.py", line 1062, in main
    rv = self.invoke(ctx)
  File "C:\Users\DELL\AppData\Roaming\Python\Python38\site-packages\click\core.py", line 1668, in invoke
    return _process_result(sub_ctx.command.invoke(sub_ctx))
  File "C:\Users\DELL\AppData\Roaming\Python\Python38\site-packages\click\core.py", line 1668, in invoke
    return _process_result(sub_ctx.command.invoke(sub_ctx))
  File "C:\Users\DELL\AppData\Roaming\Python\Python38\site-packages\click\core.py", line 1404, in invoke
    return ctx.invoke(self.callback, **ctx.params)
  File "C:\Users\DELL\AppData\Roaming\Python\Python38\site-packages\click\core.py", line 763, in invoke
    return __callback(*args, **kwargs)
  File "C:\Users\DELL\AppData\Roaming\Python\Python38\site-packages\openfl\interface\envoy.py", line 111, in start_
    envoy.start()
  File "C:\Users\DELL\AppData\Roaming\Python\Python38\site-packages\openfl\component\envoy\envoy.py", line 179, in start
    self.run()
  File "C:\Users\DELL\AppData\Roaming\Python\Python38\site-packages\openfl\component\envoy\envoy.py", line 91, in run
    self._run_collaborator()
  File "C:\Users\DELL\AppData\Roaming\Python\Python38\site-packages\openfl\component\envoy\envoy.py", line 161, in _run_collaborator
    col = plan.get_collaborator(self.name, self.root_certificate, self.private_key,
  File "C:\Users\DELL\AppData\Roaming\Python\Python38\site-packages\openfl\federated\plan\plan.py", line 486, in get_collaborator
    defaults[SETTINGS]['compression_pipeline'] = self.get_tensor_pipe()
  File "C:\Users\DELL\AppData\Roaming\Python\Python38\site-packages\openfl\federated\plan\plan.py", line 353, in get_tensor_pipe
    self.pipe_ = Plan.build(**defaults)
  File "C:\Users\DELL\AppData\Roaming\Python\Python38\site-packages\openfl\federated\plan\plan.py", line 171, in build
    Plan.logger.info(f'Building [red]\U0001f846[/] Object [red]{class_name}[/] '
  File "C:\Users\DELL\anaconda3\envs\myenv\lib\logging\__init__.py", line 1446, in info
    self._log(INFO, msg, args, **kwargs)
  File "C:\Users\DELL\anaconda3\envs\myenv\lib\logging\__init__.py", line 1589, in _log
    self.handle(record)
  File "C:\Users\DELL\anaconda3\envs\myenv\lib\logging\__init__.py", line 1599, in handle
    self.callHandlers(record)
  File "C:\Users\DELL\anaconda3\envs\myenv\lib\logging\__init__.py", line 1661, in callHandlers
    hdlr.handle(record)
  File "C:\Users\DELL\anaconda3\envs\myenv\lib\logging\__init__.py", line 954, in handle
    self.emit(record)
  File "C:\Users\DELL\AppData\Roaming\Python\Python38\site-packages\rich\logging.py", line 172, in emit
    self.handleError(record)
Message: 'Building [red]\U0001f846[/] Object [red]GenericPipeline[/] from [red]openfl.pipelines[/] Module.'
Arguments: ()
--- Logging error ---
Traceback (most recent call last):
  File "C:\Users\DELL\AppData\Roaming\Python\Python38\site-packages\rich\logging.py", line 170, in emit
    self.console.print(log_renderable)
  File "C:\Users\DELL\AppData\Roaming\Python\Python38\site-packages\rich\console.py", line 1720, in print
    self._buffer.extend(new_segments)
  File "C:\Users\DELL\AppData\Roaming\Python\Python38\site-packages\rich\console.py", line 864, in __exit__
    self._exit_buffer()
  File "C:\Users\DELL\AppData\Roaming\Python\Python38\site-packages\rich\console.py", line 822, in _exit_buffer
    self._check_buffer()
  File "C:\Users\DELL\AppData\Roaming\Python\Python38\site-packages\rich\console.py", line 2027, in _check_buffer
    legacy_windows_render(buffer, LegacyWindowsTerm(self.file))
  File "C:\Users\DELL\AppData\Roaming\Python\Python38\site-packages\rich\_windows_renderer.py", line 19, in legacy_windows_render
    term.write_text(text)
  File "C:\Users\DELL\AppData\Roaming\Python\Python38\site-packages\rich\_win32_console.py", line 403, in write_text
    self.write(text)
  File "C:\Users\DELL\anaconda3\envs\myenv\lib\encodings\cp1252.py", line 19, in encode
    return codecs.charmap_encode(input,self.errors,encoding_table)[0]
UnicodeEncodeError: 'charmap' codec can't encode character '\U0001f9ff' in position 0: character maps to <undefined>
Call stack:
  File "C:\Users\DELL\anaconda3\envs\myenv\lib\runpy.py", line 194, in _run_module_as_main
    return _run_code(code, main_globals, None,
  File "C:\Users\DELL\anaconda3\envs\myenv\lib\runpy.py", line 87, in _run_code
    exec(code, run_globals)
  File "C:\Users\DELL\anaconda3\envs\myenv\Scripts\fx.exe\__main__.py", line 7, in <module>
    sys.exit(entry())
  File "C:\Users\DELL\AppData\Roaming\Python\Python38\site-packages\openfl\interface\cli.py", line 212, in entry
    cli()
  File "C:\Users\DELL\AppData\Roaming\Python\Python38\site-packages\click\core.py", line 1137, in __call__
    return self.main(*args, **kwargs)
  File "C:\Users\DELL\AppData\Roaming\Python\Python38\site-packages\click\core.py", line 1062, in main
    rv = self.invoke(ctx)
  File "C:\Users\DELL\AppData\Roaming\Python\Python38\site-packages\click\core.py", line 1668, in invoke
    return _process_result(sub_ctx.command.invoke(sub_ctx))
  File "C:\Users\DELL\AppData\Roaming\Python\Python38\site-packages\click\core.py", line 1668, in invoke
    return _process_result(sub_ctx.command.invoke(sub_ctx))
  File "C:\Users\DELL\AppData\Roaming\Python\Python38\site-packages\click\core.py", line 1404, in invoke
    return ctx.invoke(self.callback, **ctx.params)
  File "C:\Users\DELL\AppData\Roaming\Python\Python38\site-packages\click\core.py", line 763, in invoke
    return __callback(*args, **kwargs)
  File "C:\Users\DELL\AppData\Roaming\Python\Python38\site-packages\openfl\interface\envoy.py", line 111, in start_
    envoy.start()
  File "C:\Users\DELL\AppData\Roaming\Python\Python38\site-packages\openfl\component\envoy\envoy.py", line 179, in start
    self.run()
  File "C:\Users\DELL\AppData\Roaming\Python\Python38\site-packages\openfl\component\envoy\envoy.py", line 91, in run
    self._run_collaborator()
  File "C:\Users\DELL\AppData\Roaming\Python\Python38\site-packages\openfl\component\envoy\envoy.py", line 161, in _run_collaborator
    col = plan.get_collaborator(self.name, self.root_certificate, self.private_key,
  File "C:\Users\DELL\AppData\Roaming\Python\Python38\site-packages\openfl\federated\plan\plan.py", line 491, in get_collaborator
    defaults[SETTINGS]['client'] = self.get_client(
  File "C:\Users\DELL\AppData\Roaming\Python\Python38\site-packages\openfl\federated\plan\plan.py", line 526, in get_client
    self.client_ = AggregatorGRPCClient(**client_args)
  File "C:\Users\DELL\AppData\Roaming\Python\Python38\site-packages\openfl\transport\grpc\aggregator_client.py", line 133, in __init__
    self.logger.warn(
  File "C:\Users\DELL\anaconda3\envs\myenv\lib\logging\__init__.py", line 1463, in warn
    self.warning(msg, *args, **kwargs)
  File "C:\Users\DELL\anaconda3\envs\myenv\lib\logging\__init__.py", line 1458, in warning
    self._log(WARNING, msg, args, **kwargs)
  File "C:\Users\DELL\anaconda3\envs\myenv\lib\logging\__init__.py", line 1589, in _log
    self.handle(record)
  File "C:\Users\DELL\anaconda3\envs\myenv\lib\logging\__init__.py", line 1599, in handle
    self.callHandlers(record)
  File "C:\Users\DELL\anaconda3\envs\myenv\lib\logging\__init__.py", line 1661, in callHandlers
    hdlr.handle(record)
  File "C:\Users\DELL\anaconda3\envs\myenv\lib\logging\__init__.py", line 954, in handle
    self.emit(record)
  File "C:\Users\DELL\AppData\Roaming\Python\Python38\site-packages\rich\logging.py", line 172, in emit
    self.handleError(record)
Message: 'gRPC is running on insecure channel with TLS disabled.'
Arguments: ()
--- Logging error ---
Traceback (most recent call last):
  File "C:\Users\DELL\AppData\Roaming\Python\Python38\site-packages\rich\logging.py", line 170, in emit
    self.console.print(log_renderable)
  File "C:\Users\DELL\AppData\Roaming\Python\Python38\site-packages\rich\console.py", line 1720, in print
    self._buffer.extend(new_segments)
  File "C:\Users\DELL\AppData\Roaming\Python\Python38\site-packages\rich\console.py", line 864, in __exit__
    self._exit_buffer()
  File "C:\Users\DELL\AppData\Roaming\Python\Python38\site-packages\rich\console.py", line 822, in _exit_buffer
    self._check_buffer()
  File "C:\Users\DELL\AppData\Roaming\Python\Python38\site-packages\rich\console.py", line 2027, in _check_buffer
    legacy_windows_render(buffer, LegacyWindowsTerm(self.file))
  File "C:\Users\DELL\AppData\Roaming\Python\Python38\site-packages\rich\_windows_renderer.py", line 19, in legacy_windows_render
    term.write_text(text)
  File "C:\Users\DELL\AppData\Roaming\Python\Python38\site-packages\rich\_win32_console.py", line 403, in write_text
    self.write(text)
  File "C:\Users\DELL\anaconda3\envs\myenv\lib\encodings\cp1252.py", line 19, in encode
    return codecs.charmap_encode(input,self.errors,encoding_table)[0]
UnicodeEncodeError: 'charmap' codec can't encode character '\U0001f9ff' in position 0: character maps to <undefined>
Call stack:
  File "C:\Users\DELL\anaconda3\envs\myenv\lib\runpy.py", line 194, in _run_module_as_main
    return _run_code(code, main_globals, None,
  File "C:\Users\DELL\anaconda3\envs\myenv\lib\runpy.py", line 87, in _run_code
    exec(code, run_globals)
  File "C:\Users\DELL\anaconda3\envs\myenv\Scripts\fx.exe\__main__.py", line 7, in <module>
    sys.exit(entry())
  File "C:\Users\DELL\AppData\Roaming\Python\Python38\site-packages\openfl\interface\cli.py", line 212, in entry
    cli()
  File "C:\Users\DELL\AppData\Roaming\Python\Python38\site-packages\click\core.py", line 1137, in __call__
    return self.main(*args, **kwargs)
  File "C:\Users\DELL\AppData\Roaming\Python\Python38\site-packages\click\core.py", line 1062, in main
    rv = self.invoke(ctx)
  File "C:\Users\DELL\AppData\Roaming\Python\Python38\site-packages\click\core.py", line 1668, in invoke
    return _process_result(sub_ctx.command.invoke(sub_ctx))
  File "C:\Users\DELL\AppData\Roaming\Python\Python38\site-packages\click\core.py", line 1668, in invoke
    return _process_result(sub_ctx.command.invoke(sub_ctx))
  File "C:\Users\DELL\AppData\Roaming\Python\Python38\site-packages\click\core.py", line 1404, in invoke
    return ctx.invoke(self.callback, **ctx.params)
  File "C:\Users\DELL\AppData\Roaming\Python\Python38\site-packages\click\core.py", line 763, in invoke
    return __callback(*args, **kwargs)
  File "C:\Users\DELL\AppData\Roaming\Python\Python38\site-packages\openfl\interface\envoy.py", line 111, in start_
    envoy.start()
  File "C:\Users\DELL\AppData\Roaming\Python\Python38\site-packages\openfl\component\envoy\envoy.py", line 179, in start
    self.run()
  File "C:\Users\DELL\AppData\Roaming\Python\Python38\site-packages\openfl\component\envoy\envoy.py", line 91, in run
    self._run_collaborator()
  File "C:\Users\DELL\AppData\Roaming\Python\Python38\site-packages\openfl\component\envoy\envoy.py", line 161, in _run_collaborator
    col = plan.get_collaborator(self.name, self.root_certificate, self.private_key,
  File "C:\Users\DELL\AppData\Roaming\Python\Python38\site-packages\openfl\federated\plan\plan.py", line 501, in get_collaborator
    self.collaborator_ = Plan.build(**defaults)
  File "C:\Users\DELL\AppData\Roaming\Python\Python38\site-packages\openfl\federated\plan\plan.py", line 171, in build
    Plan.logger.info(f'Building [red]\U0001f846[/] Object [red]{class_name}[/] '
  File "C:\Users\DELL\anaconda3\envs\myenv\lib\logging\__init__.py", line 1446, in info
    self._log(INFO, msg, args, **kwargs)
  File "C:\Users\DELL\anaconda3\envs\myenv\lib\logging\__init__.py", line 1589, in _log
    self.handle(record)
  File "C:\Users\DELL\anaconda3\envs\myenv\lib\logging\__init__.py", line 1599, in handle
    self.callHandlers(record)
  File "C:\Users\DELL\anaconda3\envs\myenv\lib\logging\__init__.py", line 1661, in callHandlers
    hdlr.handle(record)
  File "C:\Users\DELL\anaconda3\envs\myenv\lib\logging\__init__.py", line 954, in handle
    self.emit(record)
  File "C:\Users\DELL\AppData\Roaming\Python\Python38\site-packages\rich\logging.py", line 172, in emit
    self.handleError(record)
Message: 'Building [red]\U0001f846[/] Object [red]Collaborator[/] from [red]openfl.component.collaborator[/] Module.'
Arguments: ()
wandb: Currently logged in as: harrak-oussama2002. Use `wandb login --relogin` to force relogin
wandb: wandb version 0.15.5 is available!  To upgrade, please run:
wandb:  $ pip install wandb --upgrade
wandb: Tracking run with wandb version 0.14.2
wandb: Run data is saved locally in C:\Users\DELL\Downloads\FederatedLearning\OpenFL-extended\openfl-tutorials\boosting-examples\CoxPH\AdaBoostF_Support_Feature\envoy_1\envoy_1_AdaboostF_support_feature1\wandb\run-20230723_201645-n17stzvp
wandb: Run `wandb offline` to turn off syncing.
wandb: Syncing run envoy_1
wandb:  View project at https://wandb.ai/harrak-oussama2002/OpenFL-extended-openfl-tutorials_boosting-examples_CoxPH_AdaBoostF_Support_Feature_envoy_1_envoy_1_AdaboostF_support_feature1
wandb:  View run at https://wandb.ai/harrak-oussama2002/OpenFL-extended-openfl-tutorials_boosting-examples_CoxPH_AdaBoostF_Support_Feature_envoy_1_envoy_1_AdaboostF_support_feature1/runs/n17stzvp
[20:16:03] INFO     [20:16:03] INFO     [20:16:03] INFO     [20:16:03] INFO     --- Logging error ---
Traceback (most recent call last):
  File "C:\Users\DELL\AppData\Roaming\Python\Python38\site-packages\rich\logging.py", line 170, in emit
    self.console.print(log_renderable)
  File "C:\Users\DELL\AppData\Roaming\Python\Python38\site-packages\rich\console.py", line 1720, in print
    self._buffer.extend(new_segments)
  File "C:\Users\DELL\AppData\Roaming\Python\Python38\site-packages\rich\console.py", line 864, in __exit__
    self._exit_buffer()
  File "C:\Users\DELL\AppData\Roaming\Python\Python38\site-packages\rich\console.py", line 822, in _exit_buffer
    self._check_buffer()
  File "C:\Users\DELL\AppData\Roaming\Python\Python38\site-packages\rich\console.py", line 2027, in _check_buffer
    legacy_windows_render(buffer, LegacyWindowsTerm(self.file))
  File "C:\Users\DELL\AppData\Roaming\Python\Python38\site-packages\rich\_windows_renderer.py", line 19, in legacy_windows_render
    term.write_text(text)
  File "C:\Users\DELL\AppData\Roaming\Python\Python38\site-packages\rich\_win32_console.py", line 403, in write_text
    self.write(text)
  File "C:\Users\DELL\AppData\Roaming\Python\Python38\site-packages\wandb\sdk\lib\redirect.py", line 640, in write
    self._old_write(data)
  File "C:\Users\DELL\anaconda3\envs\myenv\lib\encodings\cp1252.py", line 19, in encode
    return codecs.charmap_encode(input,self.errors,encoding_table)[0]
UnicodeEncodeError: 'charmap' codec can't encode character '\U0001f9ff' in position 0: character maps to <undefined>
Call stack:
  File "C:\Users\DELL\anaconda3\envs\myenv\lib\runpy.py", line 194, in _run_module_as_main
    return _run_code(code, main_globals, None,
  File "C:\Users\DELL\anaconda3\envs\myenv\lib\runpy.py", line 87, in _run_code
    exec(code, run_globals)
  File "C:\Users\DELL\anaconda3\envs\myenv\Scripts\fx.exe\__main__.py", line 7, in <module>
    sys.exit(entry())
  File "C:\Users\DELL\AppData\Roaming\Python\Python38\site-packages\openfl\interface\cli.py", line 212, in entry
    cli()
  File "C:\Users\DELL\AppData\Roaming\Python\Python38\site-packages\click\core.py", line 1137, in __call__
    return self.main(*args, **kwargs)
  File "C:\Users\DELL\AppData\Roaming\Python\Python38\site-packages\click\core.py", line 1062, in main
    rv = self.invoke(ctx)
  File "C:\Users\DELL\AppData\Roaming\Python\Python38\site-packages\click\core.py", line 1668, in invoke
    return _process_result(sub_ctx.command.invoke(sub_ctx))
  File "C:\Users\DELL\AppData\Roaming\Python\Python38\site-packages\click\core.py", line 1668, in invoke
    return _process_result(sub_ctx.command.invoke(sub_ctx))
  File "C:\Users\DELL\AppData\Roaming\Python\Python38\site-packages\click\core.py", line 1404, in invoke
    return ctx.invoke(self.callback, **ctx.params)
  File "C:\Users\DELL\AppData\Roaming\Python\Python38\site-packages\click\core.py", line 763, in invoke
    return __callback(*args, **kwargs)
  File "C:\Users\DELL\AppData\Roaming\Python\Python38\site-packages\openfl\interface\envoy.py", line 111, in start_
    envoy.start()
  File "C:\Users\DELL\AppData\Roaming\Python\Python38\site-packages\openfl\component\envoy\envoy.py", line 179, in start
    self.run()
  File "C:\Users\DELL\AppData\Roaming\Python\Python38\site-packages\openfl\component\envoy\envoy.py", line 91, in run
    self._run_collaborator()
  File "C:\Users\DELL\AppData\Roaming\Python\Python38\site-packages\openfl\component\envoy\envoy.py", line 164, in _run_collaborator
    col.run()
  File "C:\Users\DELL\AppData\Roaming\Python\Python38\site-packages\openfl\component\collaborator\collaborator.py", line 166, in run
    tasks, round_number, sleep_time, time_to_quit = self.get_tasks()
  File "C:\Users\DELL\AppData\Roaming\Python\Python38\site-packages\openfl\component\collaborator\collaborator.py", line 210, in get_tasks
    self.logger.info('Waiting for tasks...')
  File "C:\Users\DELL\anaconda3\envs\myenv\lib\logging\__init__.py", line 1446, in info
    self._log(INFO, msg, args, **kwargs)
  File "C:\Users\DELL\anaconda3\envs\myenv\lib\logging\__init__.py", line 1589, in _log
    self.handle(record)
  File "C:\Users\DELL\anaconda3\envs\myenv\lib\logging\__init__.py", line 1599, in handle
    self.callHandlers(record)
  File "C:\Users\DELL\anaconda3\envs\myenv\lib\logging\__init__.py", line 1661, in callHandlers
    hdlr.handle(record)
  File "C:\Users\DELL\anaconda3\envs\myenv\lib\logging\__init__.py", line 954, in handle
    self.emit(record)
  File "C:\Users\DELL\AppData\Roaming\Python\Python38\site-packages\rich\logging.py", line 172, in emit
    self.handleError(record)
Message: 'Waiting for tasks...'
Arguments: ()
--- Logging error ---
Traceback (most recent call last):
  File "C:\Users\DELL\AppData\Roaming\Python\Python38\site-packages\rich\logging.py", line 170, in emit
    self.console.print(log_renderable)
  File "C:\Users\DELL\AppData\Roaming\Python\Python38\site-packages\rich\console.py", line 1720, in print
    self._buffer.extend(new_segments)
  File "C:\Users\DELL\AppData\Roaming\Python\Python38\site-packages\rich\console.py", line 864, in __exit__
    self._exit_buffer()
  File "C:\Users\DELL\AppData\Roaming\Python\Python38\site-packages\rich\console.py", line 822, in _exit_buffer
    self._check_buffer()
  File "C:\Users\DELL\AppData\Roaming\Python\Python38\site-packages\rich\console.py", line 2027, in _check_buffer
    legacy_windows_render(buffer, LegacyWindowsTerm(self.file))
  File "C:\Users\DELL\AppData\Roaming\Python\Python38\site-packages\rich\_windows_renderer.py", line 19, in legacy_windows_render
    term.write_text(text)
  File "C:\Users\DELL\AppData\Roaming\Python\Python38\site-packages\rich\_win32_console.py", line 403, in write_text
    self.write(text)
  File "C:\Users\DELL\AppData\Roaming\Python\Python38\site-packages\wandb\sdk\lib\redirect.py", line 640, in write
    self._old_write(data)
  File "C:\Users\DELL\anaconda3\envs\myenv\lib\encodings\cp1252.py", line 19, in encode
    return codecs.charmap_encode(input,self.errors,encoding_table)[0]
UnicodeEncodeError: 'charmap' codec can't encode character '\U0001f9ff' in position 0: character maps to <undefined>
Call stack:
  File "C:\Users\DELL\anaconda3\envs\myenv\lib\runpy.py", line 194, in _run_module_as_main
    return _run_code(code, main_globals, None,
  File "C:\Users\DELL\anaconda3\envs\myenv\lib\runpy.py", line 87, in _run_code
    exec(code, run_globals)
  File "C:\Users\DELL\anaconda3\envs\myenv\Scripts\fx.exe\__main__.py", line 7, in <module>
    sys.exit(entry())
  File "C:\Users\DELL\AppData\Roaming\Python\Python38\site-packages\openfl\interface\cli.py", line 212, in entry
    cli()
  File "C:\Users\DELL\AppData\Roaming\Python\Python38\site-packages\click\core.py", line 1137, in __call__
    return self.main(*args, **kwargs)
  File "C:\Users\DELL\AppData\Roaming\Python\Python38\site-packages\click\core.py", line 1062, in main
    rv = self.invoke(ctx)
  File "C:\Users\DELL\AppData\Roaming\Python\Python38\site-packages\click\core.py", line 1668, in invoke
    return _process_result(sub_ctx.command.invoke(sub_ctx))
  File "C:\Users\DELL\AppData\Roaming\Python\Python38\site-packages\click\core.py", line 1668, in invoke
    return _process_result(sub_ctx.command.invoke(sub_ctx))
  File "C:\Users\DELL\AppData\Roaming\Python\Python38\site-packages\click\core.py", line 1404, in invoke
    return ctx.invoke(self.callback, **ctx.params)
  File "C:\Users\DELL\AppData\Roaming\Python\Python38\site-packages\click\core.py", line 763, in invoke
    return __callback(*args, **kwargs)
  File "C:\Users\DELL\AppData\Roaming\Python\Python38\site-packages\openfl\interface\envoy.py", line 111, in start_
    envoy.start()
  File "C:\Users\DELL\AppData\Roaming\Python\Python38\site-packages\openfl\component\envoy\envoy.py", line 179, in start
    self.run()
  File "C:\Users\DELL\AppData\Roaming\Python\Python38\site-packages\openfl\component\envoy\envoy.py", line 91, in run
    self._run_collaborator()
[20:16:03] INFO     [20:16:03] INFO       File "C:\Users\DELL\AppData\Roaming\Python\Python38\site-packages\openfl\component\envoy\envoy.py", line 164, in _run_collaborator
    col.run()
  File "C:\Users\DELL\AppData\Roaming\Python\Python38\site-packages\openfl\component\collaborator\collaborator.py", line 172, in run
    self.logger.info(f'Received the following tasks: {tasks}')
  File "C:\Users\DELL\anaconda3\envs\myenv\lib\logging\__init__.py", line 1446, in info
    self._log(INFO, msg, args, **kwargs)
  File "C:\Users\DELL\anaconda3\envs\myenv\lib\logging\__init__.py", line 1589, in _log
    self.handle(record)
  File "C:\Users\DELL\anaconda3\envs\myenv\lib\logging\__init__.py", line 1599, in handle
    self.callHandlers(record)
  File "C:\Users\DELL\anaconda3\envs\myenv\lib\logging\__init__.py", line 1661, in callHandlers
    hdlr.handle(record)
  File "C:\Users\DELL\anaconda3\envs\myenv\lib\logging\__init__.py", line 954, in handle
    self.emit(record)
  File "C:\Users\DELL\AppData\Roaming\Python\Python38\site-packages\rich\logging.py", line 172, in emit
    self.handleError(record)
Message: 'Received the following tasks: [name: "1_train"\n, name: "2_weak_learners_validate"\n, name: "3_adaboost_update"\n, name: "4_adaboost_validate"\n]'
Arguments: ()
--- Logging error ---
Traceback (most recent call last):
  File "C:\Users\DELL\AppData\Roaming\Python\Python38\site-packages\rich\logging.py", line 170, in emit
    self.console.print(log_renderable)
  File "C:\Users\DELL\AppData\Roaming\Python\Python38\site-packages\rich\console.py", line 1720, in print
    self._buffer.extend(new_segments)
  File "C:\Users\DELL\AppData\Roaming\Python\Python38\site-packages\rich\console.py", line 864, in __exit__
    self._exit_buffer()
  File "C:\Users\DELL\AppData\Roaming\Python\Python38\site-packages\rich\console.py", line 822, in _exit_buffer
    self._check_buffer()
  File "C:\Users\DELL\AppData\Roaming\Python\Python38\site-packages\rich\console.py", line 2027, in _check_buffer
    legacy_windows_render(buffer, LegacyWindowsTerm(self.file))
  File "C:\Users\DELL\AppData\Roaming\Python\Python38\site-packages\rich\_windows_renderer.py", line 19, in legacy_windows_render
    term.write_text(text)
  File "C:\Users\DELL\AppData\Roaming\Python\Python38\site-packages\rich\_win32_console.py", line 403, in write_text
    self.write(text)
  File "C:\Users\DELL\AppData\Roaming\Python\Python38\site-packages\wandb\sdk\lib\redirect.py", line 640, in write
    self._old_write(data)
  File "C:\Users\DELL\anaconda3\envs\myenv\lib\encodings\cp1252.py", line 19, in encode
    return codecs.charmap_encode(input,self.errors,encoding_table)[0]
UnicodeEncodeError: 'charmap' codec can't encode character '\U0001f9ff' in position 0: character maps to <undefined>
Call stack:
  File "C:\Users\DELL\anaconda3\envs\myenv\lib\runpy.py", line 194, in _run_module_as_main
    return _run_code(code, main_globals, None,
  File "C:\Users\DELL\anaconda3\envs\myenv\lib\runpy.py", line 87, in _run_code
    exec(code, run_globals)
  File "C:\Users\DELL\anaconda3\envs\myenv\Scripts\fx.exe\__main__.py", line 7, in <module>
    sys.exit(entry())
  File "C:\Users\DELL\AppData\Roaming\Python\Python38\site-packages\openfl\interface\cli.py", line 212, in entry
    cli()
  File "C:\Users\DELL\AppData\Roaming\Python\Python38\site-packages\click\core.py", line 1137, in __call__
    return self.main(*args, **kwargs)
  File "C:\Users\DELL\AppData\Roaming\Python\Python38\site-packages\click\core.py", line 1062, in main
    rv = self.invoke(ctx)
  File "C:\Users\DELL\AppData\Roaming\Python\Python38\site-packages\click\core.py", line 1668, in invoke
    return _process_result(sub_ctx.command.invoke(sub_ctx))
  File "C:\Users\DELL\AppData\Roaming\Python\Python38\site-packages\click\core.py", line 1668, in invoke
    return _process_result(sub_ctx.command.invoke(sub_ctx))
  File "C:\Users\DELL\AppData\Roaming\Python\Python38\site-packages\click\core.py", line 1404, in invoke
    return ctx.invoke(self.callback, **ctx.params)
  File "C:\Users\DELL\AppData\Roaming\Python\Python38\site-packages\click\core.py", line 763, in invoke
    return __callback(*args, **kwargs)
  File "C:\Users\DELL\AppData\Roaming\Python\Python38\site-packages\openfl\interface\envoy.py", line 111, in start_
    envoy.start()
  File "C:\Users\DELL\AppData\Roaming\Python\Python38\site-packages\openfl\component\envoy\envoy.py", line 179, in start
    self.run()
  File "C:\Users\DELL\AppData\Roaming\Python\Python38\site-packages\openfl\component\envoy\envoy.py", line 91, in run
    self._run_collaborator()
  File "C:\Users\DELL\AppData\Roaming\Python\Python38\site-packages\openfl\component\envoy\envoy.py", line 164, in _run_collaborator
    col.run()
  File "C:\Users\DELL\AppData\Roaming\Python\Python38\site-packages\openfl\component\collaborator\collaborator.py", line 174, in run
    self.do_task(task, round_number)
  File "C:\Users\DELL\AppData\Roaming\Python\Python38\site-packages\openfl\component\collaborator\collaborator.py", line 269, in do_task
    self.logger.info('Using Interactive Python API')
  File "C:\Users\DELL\anaconda3\envs\myenv\lib\logging\__init__.py", line 1446, in info
    self._log(INFO, msg, args, **kwargs)
  File "C:\Users\DELL\anaconda3\envs\myenv\lib\logging\__init__.py", line 1589, in _log
    self.handle(record)
  File "C:\Users\DELL\anaconda3\envs\myenv\lib\logging\__init__.py", line 1599, in handle
    self.callHandlers(record)
  File "C:\Users\DELL\anaconda3\envs\myenv\lib\logging\__init__.py", line 1661, in callHandlers
    hdlr.handle(record)
  File "C:\Users\DELL\anaconda3\envs\myenv\lib\logging\__init__.py", line 954, in handle
    self.emit(record)
  File "C:\Users\DELL\AppData\Roaming\Python\Python38\site-packages\rich\logging.py", line 172, in emit
    self.handleError(record)
Message: 'Using Interactive Python API'
Arguments: ()
--- Logging error ---
Traceback (most recent call last):
  File "C:\Users\DELL\AppData\Roaming\Python\Python38\site-packages\rich\logging.py", line 170, in emit
    self.console.print(log_renderable)
  File "C:\Users\DELL\AppData\Roaming\Python\Python38\site-packages\rich\console.py", line 1720, in print
    self._buffer.extend(new_segments)
  File "C:\Users\DELL\AppData\Roaming\Python\Python38\site-packages\rich\console.py", line 864, in __exit__
    self._exit_buffer()
  File "C:\Users\DELL\AppData\Roaming\Python\Python38\site-packages\rich\console.py", line 822, in _exit_buffer
    self._check_buffer()
  File "C:\Users\DELL\AppData\Roaming\Python\Python38\site-packages\rich\console.py", line 2027, in _check_buffer
    legacy_windows_render(buffer, LegacyWindowsTerm(self.file))
  File "C:\Users\DELL\AppData\Roaming\Python\Python38\site-packages\rich\_windows_renderer.py", line 19, in legacy_windows_render
    term.write_text(text)
  File "C:\Users\DELL\AppData\Roaming\Python\Python38\site-packages\rich\_win32_console.py", line 403, in write_text
    self.write(text)
  File "C:\Users\DELL\AppData\Roaming\Python\Python38\site-packages\wandb\sdk\lib\redirect.py", line 640, in write
    self._old_write(data)
  File "C:\Users\DELL\anaconda3\envs\myenv\lib\encodings\cp1252.py", line 19, in encode
    return codecs.charmap_encode(input,self.errors,encoding_table)[0]
UnicodeEncodeError: 'charmap' codec can't encode character '\U0001f9ff' in position 0: character maps to <undefined>
Call stack:
  File "C:\Users\DELL\anaconda3\envs\myenv\lib\runpy.py", line 194, in _run_module_as_main
    return _run_code(code, main_globals, None,
  File "C:\Users\DELL\anaconda3\envs\myenv\lib\runpy.py", line 87, in _run_code
    exec(code, run_globals)
  File "C:\Users\DELL\anaconda3\envs\myenv\Scripts\fx.exe\__main__.py", line 7, in <module>
    sys.exit(entry())
  File "C:\Users\DELL\AppData\Roaming\Python\Python38\site-packages\openfl\interface\cli.py", line 212, in entry
    cli()
  File "C:\Users\DELL\AppData\Roaming\Python\Python38\site-packages\click\core.py", line 1137, in __call__
    return self.main(*args, **kwargs)
[20:16:03] INFO       File "C:\Users\DELL\AppData\Roaming\Python\Python38\site-packages\click\core.py", line 1062, in main
    rv = self.invoke(ctx)
  File "C:\Users\DELL\AppData\Roaming\Python\Python38\site-packages\click\core.py", line 1668, in invoke
    return _process_result(sub_ctx.command.invoke(sub_ctx))
  File "C:\Users\DELL\AppData\Roaming\Python\Python38\site-packages\click\core.py", line 1668, in invoke
    return _process_result(sub_ctx.command.invoke(sub_ctx))
  File "C:\Users\DELL\AppData\Roaming\Python\Python38\site-packages\click\core.py", line 1404, in invoke
    return ctx.invoke(self.callback, **ctx.params)
  File "C:\Users\DELL\AppData\Roaming\Python\Python38\site-packages\click\core.py", line 763, in invoke
    return __callback(*args, **kwargs)
  File "C:\Users\DELL\AppData\Roaming\Python\Python38\site-packages\openfl\interface\envoy.py", line 111, in start_
    envoy.start()
  File "C:\Users\DELL\AppData\Roaming\Python\Python38\site-packages\openfl\component\envoy\envoy.py", line 179, in start
    self.run()
  File "C:\Users\DELL\AppData\Roaming\Python\Python38\site-packages\openfl\component\envoy\envoy.py", line 91, in run
    self._run_collaborator()
  File "C:\Users\DELL\AppData\Roaming\Python\Python38\site-packages\openfl\component\envoy\envoy.py", line 164, in _run_collaborator
    col.run()
  File "C:\Users\DELL\AppData\Roaming\Python\Python38\site-packages\openfl\component\collaborator\collaborator.py", line 174, in run
    self.do_task(task, round_number)
  File "C:\Users\DELL\AppData\Roaming\Python\Python38\site-packages\openfl\component\collaborator\collaborator.py", line 346, in do_task
    self.send_task_results(global_output_tensor_dict, round_number, task_name)
  File "C:\Users\DELL\AppData\Roaming\Python\Python38\site-packages\openfl\component\collaborator\collaborator.py", line 526, in send_task_results
    self.logger.metric(
  File "C:\Users\DELL\AppData\Roaming\Python\Python38\site-packages\openfl\utilities\utils.py", line 83, in log_for_level
    self._log(level_num, message, args, **kwargs)
  File "C:\Users\DELL\anaconda3\envs\myenv\lib\logging\__init__.py", line 1589, in _log
    self.handle(record)
  File "C:\Users\DELL\anaconda3\envs\myenv\lib\logging\__init__.py", line 1599, in handle
    self.callHandlers(record)
  File "C:\Users\DELL\anaconda3\envs\myenv\lib\logging\__init__.py", line 1661, in callHandlers
    hdlr.handle(record)
  File "C:\Users\DELL\anaconda3\envs\myenv\lib\logging\__init__.py", line 954, in handle
    self.emit(record)
  File "C:\Users\DELL\AppData\Roaming\Python\Python38\site-packages\rich\logging.py", line 172, in emit
    self.handleError(record)
Message: 'Round 0, collaborator envoy_1 is sending metric for task 1_train: Corcondance-index\t0.842792150702264'
Arguments: ()
--- Logging error ---
Traceback (most recent call last):
  File "C:\Users\DELL\AppData\Roaming\Python\Python38\site-packages\rich\logging.py", line 170, in emit
    self.console.print(log_renderable)
  File "C:\Users\DELL\AppData\Roaming\Python\Python38\site-packages\rich\console.py", line 1720, in print
    self._buffer.extend(new_segments)
  File "C:\Users\DELL\AppData\Roaming\Python\Python38\site-packages\rich\console.py", line 864, in __exit__
    self._exit_buffer()
  File "C:\Users\DELL\AppData\Roaming\Python\Python38\site-packages\rich\console.py", line 822, in _exit_buffer
    self._check_buffer()
  File "C:\Users\DELL\AppData\Roaming\Python\Python38\site-packages\rich\console.py", line 2027, in _check_buffer
    legacy_windows_render(buffer, LegacyWindowsTerm(self.file))
  File "C:\Users\DELL\AppData\Roaming\Python\Python38\site-packages\rich\_windows_renderer.py", line 19, in legacy_windows_render
    term.write_text(text)
  File "C:\Users\DELL\AppData\Roaming\Python\Python38\site-packages\rich\_win32_console.py", line 403, in write_text
    self.write(text)
  File "C:\Users\DELL\AppData\Roaming\Python\Python38\site-packages\wandb\sdk\lib\redirect.py", line 640, in write
    self._old_write(data)
  File "C:\Users\DELL\anaconda3\envs\myenv\lib\encodings\cp1252.py", line 19, in encode
    return codecs.charmap_encode(input,self.errors,encoding_table)[0]
UnicodeEncodeError: 'charmap' codec can't encode character '\U0001f9ff' in position 0: character maps to <undefined>
Call stack:
  File "C:\Users\DELL\anaconda3\envs\myenv\lib\runpy.py", line 194, in _run_module_as_main
    return _run_code(code, main_globals, None,
  File "C:\Users\DELL\anaconda3\envs\myenv\lib\runpy.py", line 87, in _run_code
    exec(code, run_globals)
  File "C:\Users\DELL\anaconda3\envs\myenv\Scripts\fx.exe\__main__.py", line 7, in <module>
    sys.exit(entry())
  File "C:\Users\DELL\AppData\Roaming\Python\Python38\site-packages\openfl\interface\cli.py", line 212, in entry
    cli()
  File "C:\Users\DELL\AppData\Roaming\Python\Python38\site-packages\click\core.py", line 1137, in __call__
    return self.main(*args, **kwargs)
  File "C:\Users\DELL\AppData\Roaming\Python\Python38\site-packages\click\core.py", line 1062, in main
    rv = self.invoke(ctx)
  File "C:\Users\DELL\AppData\Roaming\Python\Python38\site-packages\click\core.py", line 1668, in invoke
    return _process_result(sub_ctx.command.invoke(sub_ctx))
  File "C:\Users\DELL\AppData\Roaming\Python\Python38\site-packages\click\core.py", line 1668, in invoke
    return _process_result(sub_ctx.command.invoke(sub_ctx))
  File "C:\Users\DELL\AppData\Roaming\Python\Python38\site-packages\click\core.py", line 1404, in invoke
    return ctx.invoke(self.callback, **ctx.params)
  File "C:\Users\DELL\AppData\Roaming\Python\Python38\site-packages\click\core.py", line 763, in invoke
    return __callback(*args, **kwargs)
  File "C:\Users\DELL\AppData\Roaming\Python\Python38\site-packages\openfl\interface\envoy.py", line 111, in start_
    envoy.start()
  File "C:\Users\DELL\AppData\Roaming\Python\Python38\site-packages\openfl\component\envoy\envoy.py", line 179, in start
    self.run()
  File "C:\Users\DELL\AppData\Roaming\Python\Python38\site-packages\openfl\component\envoy\envoy.py", line 91, in run
    self._run_collaborator()
  File "C:\Users\DELL\AppData\Roaming\Python\Python38\site-packages\openfl\component\envoy\envoy.py", line 164, in _run_collaborator
    col.run()
  File "C:\Users\DELL\AppData\Roaming\Python\Python38\site-packages\openfl\component\collaborator\collaborator.py", line 174, in run
    self.do_task(task, round_number)
  File "C:\Users\DELL\AppData\Roaming\Python\Python38\site-packages\openfl\component\collaborator\collaborator.py", line 346, in do_task
    self.send_task_results(global_output_tensor_dict, round_number, task_name)
  File "C:\Users\DELL\AppData\Roaming\Python\Python38\site-packages\openfl\component\collaborator\collaborator.py", line 526, in send_task_results
    self.logger.metric(
  File "C:\Users\DELL\AppData\Roaming\Python\Python38\site-packages\openfl\utilities\utils.py", line 83, in log_for_level
    self._log(level_num, message, args, **kwargs)
  File "C:\Users\DELL\anaconda3\envs\myenv\lib\logging\__init__.py", line 1589, in _log
    self.handle(record)
  File "C:\Users\DELL\anaconda3\envs\myenv\lib\logging\__init__.py", line 1599, in handle
    self.callHandlers(record)
  File "C:\Users\DELL\anaconda3\envs\myenv\lib\logging\__init__.py", line 1661, in callHandlers
    hdlr.handle(record)
  File "C:\Users\DELL\anaconda3\envs\myenv\lib\logging\__init__.py", line 954, in handle
    self.emit(record)
  File "C:\Users\DELL\AppData\Roaming\Python\Python38\site-packages\rich\logging.py", line 172, in emit
    self.handleError(record)
Message: 'Round 0, collaborator envoy_1 is sending metric for task 1_train: Integrated-Brier-Score\t0.27053435769184475'
Arguments: ()
--- Logging error ---
Traceback (most recent call last):
  File "C:\Users\DELL\AppData\Roaming\Python\Python38\site-packages\rich\logging.py", line 170, in emit
    self.console.print(log_renderable)
  File "C:\Users\DELL\AppData\Roaming\Python\Python38\site-packages\rich\console.py", line 1720, in print
    self._buffer.extend(new_segments)
[20:16:03] INFO     [20:16:03] INFO       File "C:\Users\DELL\AppData\Roaming\Python\Python38\site-packages\rich\console.py", line 864, in __exit__
    self._exit_buffer()
  File "C:\Users\DELL\AppData\Roaming\Python\Python38\site-packages\rich\console.py", line 822, in _exit_buffer
    self._check_buffer()
  File "C:\Users\DELL\AppData\Roaming\Python\Python38\site-packages\rich\console.py", line 2027, in _check_buffer
    legacy_windows_render(buffer, LegacyWindowsTerm(self.file))
  File "C:\Users\DELL\AppData\Roaming\Python\Python38\site-packages\rich\_windows_renderer.py", line 19, in legacy_windows_render
    term.write_text(text)
  File "C:\Users\DELL\AppData\Roaming\Python\Python38\site-packages\rich\_win32_console.py", line 403, in write_text
    self.write(text)
  File "C:\Users\DELL\AppData\Roaming\Python\Python38\site-packages\wandb\sdk\lib\redirect.py", line 640, in write
    self._old_write(data)
  File "C:\Users\DELL\anaconda3\envs\myenv\lib\encodings\cp1252.py", line 19, in encode
    return codecs.charmap_encode(input,self.errors,encoding_table)[0]
UnicodeEncodeError: 'charmap' codec can't encode character '\U0001f9ff' in position 0: character maps to <undefined>
Call stack:
  File "C:\Users\DELL\anaconda3\envs\myenv\lib\runpy.py", line 194, in _run_module_as_main
    return _run_code(code, main_globals, None,
  File "C:\Users\DELL\anaconda3\envs\myenv\lib\runpy.py", line 87, in _run_code
    exec(code, run_globals)
  File "C:\Users\DELL\anaconda3\envs\myenv\Scripts\fx.exe\__main__.py", line 7, in <module>
    sys.exit(entry())
  File "C:\Users\DELL\AppData\Roaming\Python\Python38\site-packages\openfl\interface\cli.py", line 212, in entry
    cli()
  File "C:\Users\DELL\AppData\Roaming\Python\Python38\site-packages\click\core.py", line 1137, in __call__
    return self.main(*args, **kwargs)
  File "C:\Users\DELL\AppData\Roaming\Python\Python38\site-packages\click\core.py", line 1062, in main
    rv = self.invoke(ctx)
  File "C:\Users\DELL\AppData\Roaming\Python\Python38\site-packages\click\core.py", line 1668, in invoke
    return _process_result(sub_ctx.command.invoke(sub_ctx))
  File "C:\Users\DELL\AppData\Roaming\Python\Python38\site-packages\click\core.py", line 1668, in invoke
    return _process_result(sub_ctx.command.invoke(sub_ctx))
  File "C:\Users\DELL\AppData\Roaming\Python\Python38\site-packages\click\core.py", line 1404, in invoke
    return ctx.invoke(self.callback, **ctx.params)
  File "C:\Users\DELL\AppData\Roaming\Python\Python38\site-packages\click\core.py", line 763, in invoke
    return __callback(*args, **kwargs)
  File "C:\Users\DELL\AppData\Roaming\Python\Python38\site-packages\openfl\interface\envoy.py", line 111, in start_
    envoy.start()
  File "C:\Users\DELL\AppData\Roaming\Python\Python38\site-packages\openfl\component\envoy\envoy.py", line 179, in start
    self.run()
  File "C:\Users\DELL\AppData\Roaming\Python\Python38\site-packages\openfl\component\envoy\envoy.py", line 91, in run
    self._run_collaborator()
  File "C:\Users\DELL\AppData\Roaming\Python\Python38\site-packages\openfl\component\envoy\envoy.py", line 164, in _run_collaborator
    col.run()
  File "C:\Users\DELL\AppData\Roaming\Python\Python38\site-packages\openfl\component\collaborator\collaborator.py", line 174, in run
    self.do_task(task, round_number)
  File "C:\Users\DELL\AppData\Roaming\Python\Python38\site-packages\openfl\component\collaborator\collaborator.py", line 351, in do_task
    while not self.synch(task_name, round_number, self.collaborator_name):
  File "C:\Users\DELL\AppData\Roaming\Python\Python38\site-packages\openfl\component\collaborator\collaborator.py", line 355, in synch
    self.logger.info('Waiting for global task completion...')
  File "C:\Users\DELL\anaconda3\envs\myenv\lib\logging\__init__.py", line 1446, in info
    self._log(INFO, msg, args, **kwargs)
  File "C:\Users\DELL\anaconda3\envs\myenv\lib\logging\__init__.py", line 1589, in _log
    self.handle(record)
  File "C:\Users\DELL\anaconda3\envs\myenv\lib\logging\__init__.py", line 1599, in handle
    self.callHandlers(record)
  File "C:\Users\DELL\anaconda3\envs\myenv\lib\logging\__init__.py", line 1661, in callHandlers
    hdlr.handle(record)
  File "C:\Users\DELL\anaconda3\envs\myenv\lib\logging\__init__.py", line 954, in handle
    self.emit(record)
  File "C:\Users\DELL\AppData\Roaming\Python\Python38\site-packages\rich\logging.py", line 172, in emit
    self.handleError(record)
Message: 'Waiting for global task completion...'
Arguments: ()
--- Logging error ---
Traceback (most recent call last):
  File "C:\Users\DELL\AppData\Roaming\Python\Python38\site-packages\rich\logging.py", line 170, in emit
    self.console.print(log_renderable)
  File "C:\Users\DELL\AppData\Roaming\Python\Python38\site-packages\rich\console.py", line 1720, in print
    self._buffer.extend(new_segments)
  File "C:\Users\DELL\AppData\Roaming\Python\Python38\site-packages\rich\console.py", line 864, in __exit__
    self._exit_buffer()
  File "C:\Users\DELL\AppData\Roaming\Python\Python38\site-packages\rich\console.py", line 822, in _exit_buffer
    self._check_buffer()
  File "C:\Users\DELL\AppData\Roaming\Python\Python38\site-packages\rich\console.py", line 2027, in _check_buffer
    legacy_windows_render(buffer, LegacyWindowsTerm(self.file))
  File "C:\Users\DELL\AppData\Roaming\Python\Python38\site-packages\rich\_windows_renderer.py", line 19, in legacy_windows_render
    term.write_text(text)
  File "C:\Users\DELL\AppData\Roaming\Python\Python38\site-packages\rich\_win32_console.py", line 403, in write_text
    self.write(text)
  File "C:\Users\DELL\AppData\Roaming\Python\Python38\site-packages\wandb\sdk\lib\redirect.py", line 640, in write
    self._old_write(data)
  File "C:\Users\DELL\anaconda3\envs\myenv\lib\encodings\cp1252.py", line 19, in encode
    return codecs.charmap_encode(input,self.errors,encoding_table)[0]
UnicodeEncodeError: 'charmap' codec can't encode character '\U0001f9ff' in position 0: character maps to <undefined>
Call stack:
  File "C:\Users\DELL\anaconda3\envs\myenv\lib\runpy.py", line 194, in _run_module_as_main
    return _run_code(code, main_globals, None,
  File "C:\Users\DELL\anaconda3\envs\myenv\lib\runpy.py", line 87, in _run_code
    exec(code, run_globals)
  File "C:\Users\DELL\anaconda3\envs\myenv\Scripts\fx.exe\__main__.py", line 7, in <module>
    sys.exit(entry())
  File "C:\Users\DELL\AppData\Roaming\Python\Python38\site-packages\openfl\interface\cli.py", line 212, in entry
    cli()
  File "C:\Users\DELL\AppData\Roaming\Python\Python38\site-packages\click\core.py", line 1137, in __call__
    return self.main(*args, **kwargs)
  File "C:\Users\DELL\AppData\Roaming\Python\Python38\site-packages\click\core.py", line 1062, in main
    rv = self.invoke(ctx)
  File "C:\Users\DELL\AppData\Roaming\Python\Python38\site-packages\click\core.py", line 1668, in invoke
    return _process_result(sub_ctx.command.invoke(sub_ctx))
  File "C:\Users\DELL\AppData\Roaming\Python\Python38\site-packages\click\core.py", line 1668, in invoke
    return _process_result(sub_ctx.command.invoke(sub_ctx))
  File "C:\Users\DELL\AppData\Roaming\Python\Python38\site-packages\click\core.py", line 1404, in invoke
    return ctx.invoke(self.callback, **ctx.params)
  File "C:\Users\DELL\AppData\Roaming\Python\Python38\site-packages\click\core.py", line 763, in invoke
    return __callback(*args, **kwargs)
  File "C:\Users\DELL\AppData\Roaming\Python\Python38\site-packages\openfl\interface\envoy.py", line 111, in start_
    envoy.start()
  File "C:\Users\DELL\AppData\Roaming\Python\Python38\site-packages\openfl\component\envoy\envoy.py", line 179, in start
    self.run()
  File "C:\Users\DELL\AppData\Roaming\Python\Python38\site-packages\openfl\component\envoy\envoy.py", line 91, in run
    self._run_collaborator()
  File "C:\Users\DELL\AppData\Roaming\Python\Python38\site-packages\openfl\component\envoy\envoy.py", line 164, in _run_collaborator
    col.run()
[20:16:03] INFO     [20:16:03] INFO       File "C:\Users\DELL\AppData\Roaming\Python\Python38\site-packages\openfl\component\collaborator\collaborator.py", line 174, in run
    self.do_task(task, round_number)
  File "C:\Users\DELL\AppData\Roaming\Python\Python38\site-packages\openfl\component\collaborator\collaborator.py", line 269, in do_task
    self.logger.info('Using Interactive Python API')
  File "C:\Users\DELL\anaconda3\envs\myenv\lib\logging\__init__.py", line 1446, in info
    self._log(INFO, msg, args, **kwargs)
  File "C:\Users\DELL\anaconda3\envs\myenv\lib\logging\__init__.py", line 1589, in _log
    self.handle(record)
  File "C:\Users\DELL\anaconda3\envs\myenv\lib\logging\__init__.py", line 1599, in handle
    self.callHandlers(record)
  File "C:\Users\DELL\anaconda3\envs\myenv\lib\logging\__init__.py", line 1661, in callHandlers
    hdlr.handle(record)
  File "C:\Users\DELL\anaconda3\envs\myenv\lib\logging\__init__.py", line 954, in handle
    self.emit(record)
  File "C:\Users\DELL\AppData\Roaming\Python\Python38\site-packages\rich\logging.py", line 172, in emit
    self.handleError(record)
Message: 'Using Interactive Python API'
Arguments: ()
--- Logging error ---
Traceback (most recent call last):
  File "C:\Users\DELL\AppData\Roaming\Python\Python38\site-packages\rich\logging.py", line 170, in emit
    self.console.print(log_renderable)
  File "C:\Users\DELL\AppData\Roaming\Python\Python38\site-packages\rich\console.py", line 1720, in print
    self._buffer.extend(new_segments)
  File "C:\Users\DELL\AppData\Roaming\Python\Python38\site-packages\rich\console.py", line 864, in __exit__
    self._exit_buffer()
  File "C:\Users\DELL\AppData\Roaming\Python\Python38\site-packages\rich\console.py", line 822, in _exit_buffer
    self._check_buffer()
  File "C:\Users\DELL\AppData\Roaming\Python\Python38\site-packages\rich\console.py", line 2027, in _check_buffer
    legacy_windows_render(buffer, LegacyWindowsTerm(self.file))
  File "C:\Users\DELL\AppData\Roaming\Python\Python38\site-packages\rich\_windows_renderer.py", line 19, in legacy_windows_render
    term.write_text(text)
  File "C:\Users\DELL\AppData\Roaming\Python\Python38\site-packages\rich\_win32_console.py", line 403, in write_text
    self.write(text)
  File "C:\Users\DELL\AppData\Roaming\Python\Python38\site-packages\wandb\sdk\lib\redirect.py", line 640, in write
    self._old_write(data)
  File "C:\Users\DELL\anaconda3\envs\myenv\lib\encodings\cp1252.py", line 19, in encode
    return codecs.charmap_encode(input,self.errors,encoding_table)[0]
UnicodeEncodeError: 'charmap' codec can't encode character '\U0001f9ff' in position 0: character maps to <undefined>
Call stack:
  File "C:\Users\DELL\anaconda3\envs\myenv\lib\runpy.py", line 194, in _run_module_as_main
    return _run_code(code, main_globals, None,
  File "C:\Users\DELL\anaconda3\envs\myenv\lib\runpy.py", line 87, in _run_code
    exec(code, run_globals)
  File "C:\Users\DELL\anaconda3\envs\myenv\Scripts\fx.exe\__main__.py", line 7, in <module>
    sys.exit(entry())
  File "C:\Users\DELL\AppData\Roaming\Python\Python38\site-packages\openfl\interface\cli.py", line 212, in entry
    cli()
  File "C:\Users\DELL\AppData\Roaming\Python\Python38\site-packages\click\core.py", line 1137, in __call__
    return self.main(*args, **kwargs)
  File "C:\Users\DELL\AppData\Roaming\Python\Python38\site-packages\click\core.py", line 1062, in main
    rv = self.invoke(ctx)
  File "C:\Users\DELL\AppData\Roaming\Python\Python38\site-packages\click\core.py", line 1668, in invoke
    return _process_result(sub_ctx.command.invoke(sub_ctx))
  File "C:\Users\DELL\AppData\Roaming\Python\Python38\site-packages\click\core.py", line 1668, in invoke
    return _process_result(sub_ctx.command.invoke(sub_ctx))
  File "C:\Users\DELL\AppData\Roaming\Python\Python38\site-packages\click\core.py", line 1404, in invoke
    return ctx.invoke(self.callback, **ctx.params)
  File "C:\Users\DELL\AppData\Roaming\Python\Python38\site-packages\click\core.py", line 763, in invoke
    return __callback(*args, **kwargs)
  File "C:\Users\DELL\AppData\Roaming\Python\Python38\site-packages\openfl\interface\envoy.py", line 111, in start_
    envoy.start()
  File "C:\Users\DELL\AppData\Roaming\Python\Python38\site-packages\openfl\component\envoy\envoy.py", line 179, in start
    self.run()
  File "C:\Users\DELL\AppData\Roaming\Python\Python38\site-packages\openfl\component\envoy\envoy.py", line 91, in run
    self._run_collaborator()
  File "C:\Users\DELL\AppData\Roaming\Python\Python38\site-packages\openfl\component\envoy\envoy.py", line 164, in _run_collaborator
    col.run()
  File "C:\Users\DELL\AppData\Roaming\Python\Python38\site-packages\openfl\component\collaborator\collaborator.py", line 174, in run
    self.do_task(task, round_number)
  File "C:\Users\DELL\AppData\Roaming\Python\Python38\site-packages\openfl\component\collaborator\collaborator.py", line 346, in do_task
    self.send_task_results(global_output_tensor_dict, round_number, task_name)
  File "C:\Users\DELL\AppData\Roaming\Python\Python38\site-packages\openfl\component\collaborator\collaborator.py", line 526, in send_task_results
    self.logger.metric(
  File "C:\Users\DELL\AppData\Roaming\Python\Python38\site-packages\openfl\utilities\utils.py", line 83, in log_for_level
    self._log(level_num, message, args, **kwargs)
  File "C:\Users\DELL\anaconda3\envs\myenv\lib\logging\__init__.py", line 1589, in _log
    self.handle(record)
  File "C:\Users\DELL\anaconda3\envs\myenv\lib\logging\__init__.py", line 1599, in handle
    self.callHandlers(record)
  File "C:\Users\DELL\anaconda3\envs\myenv\lib\logging\__init__.py", line 1661, in callHandlers
    hdlr.handle(record)
  File "C:\Users\DELL\anaconda3\envs\myenv\lib\logging\__init__.py", line 954, in handle
    self.emit(record)
  File "C:\Users\DELL\AppData\Roaming\Python\Python38\site-packages\rich\logging.py", line 172, in emit
    self.handleError(record)
Message: 'Round 0, collaborator envoy_1 is sending metric for task 2_weak_learners_validate: errors\t[ 627.46100348  641.22430437 1268.68530785]'
Arguments: ()
--- Logging error ---
Traceback (most recent call last):
  File "C:\Users\DELL\AppData\Roaming\Python\Python38\site-packages\rich\logging.py", line 170, in emit
    self.console.print(log_renderable)
  File "C:\Users\DELL\AppData\Roaming\Python\Python38\site-packages\rich\console.py", line 1720, in print
    self._buffer.extend(new_segments)
  File "C:\Users\DELL\AppData\Roaming\Python\Python38\site-packages\rich\console.py", line 864, in __exit__
    self._exit_buffer()
  File "C:\Users\DELL\AppData\Roaming\Python\Python38\site-packages\rich\console.py", line 822, in _exit_buffer
    self._check_buffer()
  File "C:\Users\DELL\AppData\Roaming\Python\Python38\site-packages\rich\console.py", line 2027, in _check_buffer
    legacy_windows_render(buffer, LegacyWindowsTerm(self.file))
  File "C:\Users\DELL\AppData\Roaming\Python\Python38\site-packages\rich\_windows_renderer.py", line 19, in legacy_windows_render
    term.write_text(text)
  File "C:\Users\DELL\AppData\Roaming\Python\Python38\site-packages\rich\_win32_console.py", line 403, in write_text
    self.write(text)
  File "C:\Users\DELL\AppData\Roaming\Python\Python38\site-packages\wandb\sdk\lib\redirect.py", line 640, in write
    self._old_write(data)
  File "C:\Users\DELL\anaconda3\envs\myenv\lib\encodings\cp1252.py", line 19, in encode
    return codecs.charmap_encode(input,self.errors,encoding_table)[0]
UnicodeEncodeError: 'charmap' codec can't encode character '\U0001f9ff' in position 0: character maps to <undefined>
Call stack:
  File "C:\Users\DELL\anaconda3\envs\myenv\lib\runpy.py", line 194, in _run_module_as_main
    return _run_code(code, main_globals, None,
  File "C:\Users\DELL\anaconda3\envs\myenv\lib\runpy.py", line 87, in _run_code
    exec(code, run_globals)
  File "C:\Users\DELL\anaconda3\envs\myenv\Scripts\fx.exe\__main__.py", line 7, in <module>
    sys.exit(entry())
[20:16:03] INFO       File "C:\Users\DELL\AppData\Roaming\Python\Python38\site-packages\openfl\interface\cli.py", line 212, in entry
    cli()
  File "C:\Users\DELL\AppData\Roaming\Python\Python38\site-packages\click\core.py", line 1137, in __call__
    return self.main(*args, **kwargs)
  File "C:\Users\DELL\AppData\Roaming\Python\Python38\site-packages\click\core.py", line 1062, in main
    rv = self.invoke(ctx)
  File "C:\Users\DELL\AppData\Roaming\Python\Python38\site-packages\click\core.py", line 1668, in invoke
    return _process_result(sub_ctx.command.invoke(sub_ctx))
  File "C:\Users\DELL\AppData\Roaming\Python\Python38\site-packages\click\core.py", line 1668, in invoke
    return _process_result(sub_ctx.command.invoke(sub_ctx))
  File "C:\Users\DELL\AppData\Roaming\Python\Python38\site-packages\click\core.py", line 1404, in invoke
    return ctx.invoke(self.callback, **ctx.params)
  File "C:\Users\DELL\AppData\Roaming\Python\Python38\site-packages\click\core.py", line 763, in invoke
    return __callback(*args, **kwargs)
  File "C:\Users\DELL\AppData\Roaming\Python\Python38\site-packages\openfl\interface\envoy.py", line 111, in start_
    envoy.start()
  File "C:\Users\DELL\AppData\Roaming\Python\Python38\site-packages\openfl\component\envoy\envoy.py", line 179, in start
    self.run()
  File "C:\Users\DELL\AppData\Roaming\Python\Python38\site-packages\openfl\component\envoy\envoy.py", line 91, in run
    self._run_collaborator()
  File "C:\Users\DELL\AppData\Roaming\Python\Python38\site-packages\openfl\component\envoy\envoy.py", line 164, in _run_collaborator
    col.run()
  File "C:\Users\DELL\AppData\Roaming\Python\Python38\site-packages\openfl\component\collaborator\collaborator.py", line 174, in run
    self.do_task(task, round_number)
  File "C:\Users\DELL\AppData\Roaming\Python\Python38\site-packages\openfl\component\collaborator\collaborator.py", line 351, in do_task
    while not self.synch(task_name, round_number, self.collaborator_name):
  File "C:\Users\DELL\AppData\Roaming\Python\Python38\site-packages\openfl\component\collaborator\collaborator.py", line 355, in synch
    self.logger.info('Waiting for global task completion...')
  File "C:\Users\DELL\anaconda3\envs\myenv\lib\logging\__init__.py", line 1446, in info
    self._log(INFO, msg, args, **kwargs)
  File "C:\Users\DELL\anaconda3\envs\myenv\lib\logging\__init__.py", line 1589, in _log
    self.handle(record)
  File "C:\Users\DELL\anaconda3\envs\myenv\lib\logging\__init__.py", line 1599, in handle
    self.callHandlers(record)
  File "C:\Users\DELL\anaconda3\envs\myenv\lib\logging\__init__.py", line 1661, in callHandlers
    hdlr.handle(record)
  File "C:\Users\DELL\anaconda3\envs\myenv\lib\logging\__init__.py", line 954, in handle
    self.emit(record)
  File "C:\Users\DELL\AppData\Roaming\Python\Python38\site-packages\rich\logging.py", line 172, in emit
    self.handleError(record)
Message: 'Waiting for global task completion...'
Arguments: ()
--- Logging error ---
Traceback (most recent call last):
  File "C:\Users\DELL\AppData\Roaming\Python\Python38\site-packages\rich\logging.py", line 170, in emit
    self.console.print(log_renderable)
  File "C:\Users\DELL\AppData\Roaming\Python\Python38\site-packages\rich\console.py", line 1720, in print
    self._buffer.extend(new_segments)
  File "C:\Users\DELL\AppData\Roaming\Python\Python38\site-packages\rich\console.py", line 864, in __exit__
    self._exit_buffer()
  File "C:\Users\DELL\AppData\Roaming\Python\Python38\site-packages\rich\console.py", line 822, in _exit_buffer
    self._check_buffer()
  File "C:\Users\DELL\AppData\Roaming\Python\Python38\site-packages\rich\console.py", line 2027, in _check_buffer
    legacy_windows_render(buffer, LegacyWindowsTerm(self.file))
  File "C:\Users\DELL\AppData\Roaming\Python\Python38\site-packages\rich\_windows_renderer.py", line 19, in legacy_windows_render
    term.write_text(text)
  File "C:\Users\DELL\AppData\Roaming\Python\Python38\site-packages\rich\_win32_console.py", line 403, in write_text
    self.write(text)
  File "C:\Users\DELL\AppData\Roaming\Python\Python38\site-packages\wandb\sdk\lib\redirect.py", line 640, in write
    self._old_write(data)
  File "C:\Users\DELL\anaconda3\envs\myenv\lib\encodings\cp1252.py", line 19, in encode
    return codecs.charmap_encode(input,self.errors,encoding_table)[0]
UnicodeEncodeError: 'charmap' codec can't encode character '\U0001f9ff' in position 0: character maps to <undefined>
Call stack:
  File "C:\Users\DELL\anaconda3\envs\myenv\lib\runpy.py", line 194, in _run_module_as_main
    return _run_code(code, main_globals, None,
  File "C:\Users\DELL\anaconda3\envs\myenv\lib\runpy.py", line 87, in _run_code
    exec(code, run_globals)
  File "C:\Users\DELL\anaconda3\envs\myenv\Scripts\fx.exe\__main__.py", line 7, in <module>
    sys.exit(entry())
  File "C:\Users\DELL\AppData\Roaming\Python\Python38\site-packages\openfl\interface\cli.py", line 212, in entry
    cli()
  File "C:\Users\DELL\AppData\Roaming\Python\Python38\site-packages\click\core.py", line 1137, in __call__
    return self.main(*args, **kwargs)
  File "C:\Users\DELL\AppData\Roaming\Python\Python38\site-packages\click\core.py", line 1062, in main
    rv = self.invoke(ctx)
  File "C:\Users\DELL\AppData\Roaming\Python\Python38\site-packages\click\core.py", line 1668, in invoke
    return _process_result(sub_ctx.command.invoke(sub_ctx))
  File "C:\Users\DELL\AppData\Roaming\Python\Python38\site-packages\click\core.py", line 1668, in invoke
    return _process_result(sub_ctx.command.invoke(sub_ctx))
  File "C:\Users\DELL\AppData\Roaming\Python\Python38\site-packages\click\core.py", line 1404, in invoke
    return ctx.invoke(self.callback, **ctx.params)
  File "C:\Users\DELL\AppData\Roaming\Python\Python38\site-packages\click\core.py", line 763, in invoke
    return __callback(*args, **kwargs)
  File "C:\Users\DELL\AppData\Roaming\Python\Python38\site-packages\openfl\interface\envoy.py", line 111, in start_
    envoy.start()
  File "C:\Users\DELL\AppData\Roaming\Python\Python38\site-packages\openfl\component\envoy\envoy.py", line 179, in start
    self.run()
  File "C:\Users\DELL\AppData\Roaming\Python\Python38\site-packages\openfl\component\envoy\envoy.py", line 91, in run
    self._run_collaborator()
  File "C:\Users\DELL\AppData\Roaming\Python\Python38\site-packages\openfl\component\envoy\envoy.py", line 164, in _run_collaborator
    col.run()
  File "C:\Users\DELL\AppData\Roaming\Python\Python38\site-packages\openfl\component\collaborator\collaborator.py", line 174, in run
    self.do_task(task, round_number)
  File "C:\Users\DELL\AppData\Roaming\Python\Python38\site-packages\openfl\component\collaborator\collaborator.py", line 351, in do_task
    while not self.synch(task_name, round_number, self.collaborator_name):
  File "C:\Users\DELL\AppData\Roaming\Python\Python38\site-packages\openfl\component\collaborator\collaborator.py", line 355, in synch
    self.logger.info('Waiting for global task completion...')
  File "C:\Users\DELL\anaconda3\envs\myenv\lib\logging\__init__.py", line 1446, in info
    self._log(INFO, msg, args, **kwargs)
  File "C:\Users\DELL\anaconda3\envs\myenv\lib\logging\__init__.py", line 1589, in _log
    self.handle(record)
  File "C:\Users\DELL\anaconda3\envs\myenv\lib\logging\__init__.py", line 1599, in handle
    self.callHandlers(record)
  File "C:\Users\DELL\anaconda3\envs\myenv\lib\logging\__init__.py", line 1661, in callHandlers
    hdlr.handle(record)
  File "C:\Users\DELL\anaconda3\envs\myenv\lib\logging\__init__.py", line 954, in handle
    self.emit(record)
  File "C:\Users\DELL\AppData\Roaming\Python\Python38\site-packages\rich\logging.py", line 172, in emit
    self.handleError(record)
Message: 'Waiting for global task completion...'
Arguments: ()
--- Logging error ---
Traceback (most recent call last):
  File "C:\Users\DELL\AppData\Roaming\Python\Python38\site-packages\rich\logging.py", line 170, in emit
    self.console.print(log_renderable)
[20:16:03] INFO     [20:16:03] INFO       File "C:\Users\DELL\AppData\Roaming\Python\Python38\site-packages\rich\console.py", line 1720, in print
    self._buffer.extend(new_segments)
  File "C:\Users\DELL\AppData\Roaming\Python\Python38\site-packages\rich\console.py", line 864, in __exit__
    self._exit_buffer()
  File "C:\Users\DELL\AppData\Roaming\Python\Python38\site-packages\rich\console.py", line 822, in _exit_buffer
    self._check_buffer()
  File "C:\Users\DELL\AppData\Roaming\Python\Python38\site-packages\rich\console.py", line 2027, in _check_buffer
    legacy_windows_render(buffer, LegacyWindowsTerm(self.file))
  File "C:\Users\DELL\AppData\Roaming\Python\Python38\site-packages\rich\_windows_renderer.py", line 19, in legacy_windows_render
    term.write_text(text)
  File "C:\Users\DELL\AppData\Roaming\Python\Python38\site-packages\rich\_win32_console.py", line 403, in write_text
    self.write(text)
  File "C:\Users\DELL\AppData\Roaming\Python\Python38\site-packages\wandb\sdk\lib\redirect.py", line 640, in write
    self._old_write(data)
  File "C:\Users\DELL\anaconda3\envs\myenv\lib\encodings\cp1252.py", line 19, in encode
    return codecs.charmap_encode(input,self.errors,encoding_table)[0]
UnicodeEncodeError: 'charmap' codec can't encode character '\U0001f9ff' in position 0: character maps to <undefined>
Call stack:
  File "C:\Users\DELL\anaconda3\envs\myenv\lib\runpy.py", line 194, in _run_module_as_main
    return _run_code(code, main_globals, None,
  File "C:\Users\DELL\anaconda3\envs\myenv\lib\runpy.py", line 87, in _run_code
    exec(code, run_globals)
  File "C:\Users\DELL\anaconda3\envs\myenv\Scripts\fx.exe\__main__.py", line 7, in <module>
    sys.exit(entry())
  File "C:\Users\DELL\AppData\Roaming\Python\Python38\site-packages\openfl\interface\cli.py", line 212, in entry
    cli()
  File "C:\Users\DELL\AppData\Roaming\Python\Python38\site-packages\click\core.py", line 1137, in __call__
    return self.main(*args, **kwargs)
  File "C:\Users\DELL\AppData\Roaming\Python\Python38\site-packages\click\core.py", line 1062, in main
    rv = self.invoke(ctx)
  File "C:\Users\DELL\AppData\Roaming\Python\Python38\site-packages\click\core.py", line 1668, in invoke
    return _process_result(sub_ctx.command.invoke(sub_ctx))
  File "C:\Users\DELL\AppData\Roaming\Python\Python38\site-packages\click\core.py", line 1668, in invoke
    return _process_result(sub_ctx.command.invoke(sub_ctx))
  File "C:\Users\DELL\AppData\Roaming\Python\Python38\site-packages\click\core.py", line 1404, in invoke
    return ctx.invoke(self.callback, **ctx.params)
  File "C:\Users\DELL\AppData\Roaming\Python\Python38\site-packages\click\core.py", line 763, in invoke
    return __callback(*args, **kwargs)
  File "C:\Users\DELL\AppData\Roaming\Python\Python38\site-packages\openfl\interface\envoy.py", line 111, in start_
    envoy.start()
  File "C:\Users\DELL\AppData\Roaming\Python\Python38\site-packages\openfl\component\envoy\envoy.py", line 179, in start
    self.run()
  File "C:\Users\DELL\AppData\Roaming\Python\Python38\site-packages\openfl\component\envoy\envoy.py", line 91, in run
    self._run_collaborator()
  File "C:\Users\DELL\AppData\Roaming\Python\Python38\site-packages\openfl\component\envoy\envoy.py", line 164, in _run_collaborator
    col.run()
  File "C:\Users\DELL\AppData\Roaming\Python\Python38\site-packages\openfl\component\collaborator\collaborator.py", line 174, in run
    self.do_task(task, round_number)
  File "C:\Users\DELL\AppData\Roaming\Python\Python38\site-packages\openfl\component\collaborator\collaborator.py", line 269, in do_task
    self.logger.info('Using Interactive Python API')
  File "C:\Users\DELL\anaconda3\envs\myenv\lib\logging\__init__.py", line 1446, in info
    self._log(INFO, msg, args, **kwargs)
  File "C:\Users\DELL\anaconda3\envs\myenv\lib\logging\__init__.py", line 1589, in _log
    self.handle(record)
  File "C:\Users\DELL\anaconda3\envs\myenv\lib\logging\__init__.py", line 1599, in handle
    self.callHandlers(record)
  File "C:\Users\DELL\anaconda3\envs\myenv\lib\logging\__init__.py", line 1661, in callHandlers
    hdlr.handle(record)
  File "C:\Users\DELL\anaconda3\envs\myenv\lib\logging\__init__.py", line 954, in handle
    self.emit(record)
  File "C:\Users\DELL\AppData\Roaming\Python\Python38\site-packages\rich\logging.py", line 172, in emit
    self.handleError(record)
Message: 'Using Interactive Python API'
Arguments: ()
--- Logging error ---
Traceback (most recent call last):
  File "C:\Users\DELL\AppData\Roaming\Python\Python38\site-packages\rich\logging.py", line 170, in emit
    self.console.print(log_renderable)
  File "C:\Users\DELL\AppData\Roaming\Python\Python38\site-packages\rich\console.py", line 1720, in print
    self._buffer.extend(new_segments)
  File "C:\Users\DELL\AppData\Roaming\Python\Python38\site-packages\rich\console.py", line 864, in __exit__
    self._exit_buffer()
  File "C:\Users\DELL\AppData\Roaming\Python\Python38\site-packages\rich\console.py", line 822, in _exit_buffer
    self._check_buffer()
  File "C:\Users\DELL\AppData\Roaming\Python\Python38\site-packages\rich\console.py", line 2027, in _check_buffer
    legacy_windows_render(buffer, LegacyWindowsTerm(self.file))
  File "C:\Users\DELL\AppData\Roaming\Python\Python38\site-packages\rich\_windows_renderer.py", line 19, in legacy_windows_render
    term.write_text(text)
  File "C:\Users\DELL\AppData\Roaming\Python\Python38\site-packages\rich\_win32_console.py", line 403, in write_text
    self.write(text)
  File "C:\Users\DELL\AppData\Roaming\Python\Python38\site-packages\wandb\sdk\lib\redirect.py", line 640, in write
    self._old_write(data)
  File "C:\Users\DELL\anaconda3\envs\myenv\lib\encodings\cp1252.py", line 19, in encode
    return codecs.charmap_encode(input,self.errors,encoding_table)[0]
UnicodeEncodeError: 'charmap' codec can't encode character '\U0001f9ff' in position 0: character maps to <undefined>
Call stack:
  File "C:\Users\DELL\anaconda3\envs\myenv\lib\runpy.py", line 194, in _run_module_as_main
    return _run_code(code, main_globals, None,
  File "C:\Users\DELL\anaconda3\envs\myenv\lib\runpy.py", line 87, in _run_code
    exec(code, run_globals)
  File "C:\Users\DELL\anaconda3\envs\myenv\Scripts\fx.exe\__main__.py", line 7, in <module>
    sys.exit(entry())
  File "C:\Users\DELL\AppData\Roaming\Python\Python38\site-packages\openfl\interface\cli.py", line 212, in entry
    cli()
  File "C:\Users\DELL\AppData\Roaming\Python\Python38\site-packages\click\core.py", line 1137, in __call__
    return self.main(*args, **kwargs)
  File "C:\Users\DELL\AppData\Roaming\Python\Python38\site-packages\click\core.py", line 1062, in main
    rv = self.invoke(ctx)
  File "C:\Users\DELL\AppData\Roaming\Python\Python38\site-packages\click\core.py", line 1668, in invoke
    return _process_result(sub_ctx.command.invoke(sub_ctx))
  File "C:\Users\DELL\AppData\Roaming\Python\Python38\site-packages\click\core.py", line 1668, in invoke
    return _process_result(sub_ctx.command.invoke(sub_ctx))
  File "C:\Users\DELL\AppData\Roaming\Python\Python38\site-packages\click\core.py", line 1404, in invoke
    return ctx.invoke(self.callback, **ctx.params)
  File "C:\Users\DELL\AppData\Roaming\Python\Python38\site-packages\click\core.py", line 763, in invoke
    return __callback(*args, **kwargs)
  File "C:\Users\DELL\AppData\Roaming\Python\Python38\site-packages\openfl\interface\envoy.py", line 111, in start_
    envoy.start()
  File "C:\Users\DELL\AppData\Roaming\Python\Python38\site-packages\openfl\component\envoy\envoy.py", line 179, in start
    self.run()
  File "C:\Users\DELL\AppData\Roaming\Python\Python38\site-packages\openfl\component\envoy\envoy.py", line 91, in run
    self._run_collaborator()
  File "C:\Users\DELL\AppData\Roaming\Python\Python38\site-packages\openfl\component\envoy\envoy.py", line 164, in _run_collaborator
    col.run()
  File "C:\Users\DELL\AppData\Roaming\Python\Python38\site-packages\openfl\component\collaborator\collaborator.py", line 174, in run
    self.do_task(task, round_number)
[20:16:03] INFO     [20:16:03] INFO       File "C:\Users\DELL\AppData\Roaming\Python\Python38\site-packages\openfl\component\collaborator\collaborator.py", line 346, in do_task
    self.send_task_results(global_output_tensor_dict, round_number, task_name)
  File "C:\Users\DELL\AppData\Roaming\Python\Python38\site-packages\openfl\component\collaborator\collaborator.py", line 526, in send_task_results
    self.logger.metric(
  File "C:\Users\DELL\AppData\Roaming\Python\Python38\site-packages\openfl\utilities\utils.py", line 83, in log_for_level
    self._log(level_num, message, args, **kwargs)
  File "C:\Users\DELL\anaconda3\envs\myenv\lib\logging\__init__.py", line 1589, in _log
    self.handle(record)
  File "C:\Users\DELL\anaconda3\envs\myenv\lib\logging\__init__.py", line 1599, in handle
    self.callHandlers(record)
  File "C:\Users\DELL\anaconda3\envs\myenv\lib\logging\__init__.py", line 1661, in callHandlers
    hdlr.handle(record)
  File "C:\Users\DELL\anaconda3\envs\myenv\lib\logging\__init__.py", line 954, in handle
    self.emit(record)
  File "C:\Users\DELL\AppData\Roaming\Python\Python38\site-packages\rich\logging.py", line 172, in emit
    self.handleError(record)
Message: 'Round 0, collaborator envoy_1 is sending metric for task 3_adaboost_update: adaboost_update\t0'
Arguments: ()
--- Logging error ---
Traceback (most recent call last):
  File "C:\Users\DELL\AppData\Roaming\Python\Python38\site-packages\rich\logging.py", line 170, in emit
    self.console.print(log_renderable)
  File "C:\Users\DELL\AppData\Roaming\Python\Python38\site-packages\rich\console.py", line 1720, in print
    self._buffer.extend(new_segments)
  File "C:\Users\DELL\AppData\Roaming\Python\Python38\site-packages\rich\console.py", line 864, in __exit__
    self._exit_buffer()
  File "C:\Users\DELL\AppData\Roaming\Python\Python38\site-packages\rich\console.py", line 822, in _exit_buffer
    self._check_buffer()
  File "C:\Users\DELL\AppData\Roaming\Python\Python38\site-packages\rich\console.py", line 2027, in _check_buffer
    legacy_windows_render(buffer, LegacyWindowsTerm(self.file))
  File "C:\Users\DELL\AppData\Roaming\Python\Python38\site-packages\rich\_windows_renderer.py", line 19, in legacy_windows_render
    term.write_text(text)
  File "C:\Users\DELL\AppData\Roaming\Python\Python38\site-packages\rich\_win32_console.py", line 403, in write_text
    self.write(text)
  File "C:\Users\DELL\AppData\Roaming\Python\Python38\site-packages\wandb\sdk\lib\redirect.py", line 640, in write
    self._old_write(data)
  File "C:\Users\DELL\anaconda3\envs\myenv\lib\encodings\cp1252.py", line 19, in encode
    return codecs.charmap_encode(input,self.errors,encoding_table)[0]
UnicodeEncodeError: 'charmap' codec can't encode character '\U0001f9ff' in position 0: character maps to <undefined>
Call stack:
  File "C:\Users\DELL\anaconda3\envs\myenv\lib\runpy.py", line 194, in _run_module_as_main
    return _run_code(code, main_globals, None,
  File "C:\Users\DELL\anaconda3\envs\myenv\lib\runpy.py", line 87, in _run_code
    exec(code, run_globals)
  File "C:\Users\DELL\anaconda3\envs\myenv\Scripts\fx.exe\__main__.py", line 7, in <module>
    sys.exit(entry())
  File "C:\Users\DELL\AppData\Roaming\Python\Python38\site-packages\openfl\interface\cli.py", line 212, in entry
    cli()
  File "C:\Users\DELL\AppData\Roaming\Python\Python38\site-packages\click\core.py", line 1137, in __call__
    return self.main(*args, **kwargs)
  File "C:\Users\DELL\AppData\Roaming\Python\Python38\site-packages\click\core.py", line 1062, in main
    rv = self.invoke(ctx)
  File "C:\Users\DELL\AppData\Roaming\Python\Python38\site-packages\click\core.py", line 1668, in invoke
    return _process_result(sub_ctx.command.invoke(sub_ctx))
  File "C:\Users\DELL\AppData\Roaming\Python\Python38\site-packages\click\core.py", line 1668, in invoke
    return _process_result(sub_ctx.command.invoke(sub_ctx))
  File "C:\Users\DELL\AppData\Roaming\Python\Python38\site-packages\click\core.py", line 1404, in invoke
    return ctx.invoke(self.callback, **ctx.params)
  File "C:\Users\DELL\AppData\Roaming\Python\Python38\site-packages\click\core.py", line 763, in invoke
    return __callback(*args, **kwargs)
  File "C:\Users\DELL\AppData\Roaming\Python\Python38\site-packages\openfl\interface\envoy.py", line 111, in start_
    envoy.start()
  File "C:\Users\DELL\AppData\Roaming\Python\Python38\site-packages\openfl\component\envoy\envoy.py", line 179, in start
    self.run()
  File "C:\Users\DELL\AppData\Roaming\Python\Python38\site-packages\openfl\component\envoy\envoy.py", line 91, in run
    self._run_collaborator()
  File "C:\Users\DELL\AppData\Roaming\Python\Python38\site-packages\openfl\component\envoy\envoy.py", line 164, in _run_collaborator
    col.run()
  File "C:\Users\DELL\AppData\Roaming\Python\Python38\site-packages\openfl\component\collaborator\collaborator.py", line 174, in run
    self.do_task(task, round_number)
  File "C:\Users\DELL\AppData\Roaming\Python\Python38\site-packages\openfl\component\collaborator\collaborator.py", line 351, in do_task
    while not self.synch(task_name, round_number, self.collaborator_name):
  File "C:\Users\DELL\AppData\Roaming\Python\Python38\site-packages\openfl\component\collaborator\collaborator.py", line 355, in synch
    self.logger.info('Waiting for global task completion...')
  File "C:\Users\DELL\anaconda3\envs\myenv\lib\logging\__init__.py", line 1446, in info
    self._log(INFO, msg, args, **kwargs)
  File "C:\Users\DELL\anaconda3\envs\myenv\lib\logging\__init__.py", line 1589, in _log
    self.handle(record)
  File "C:\Users\DELL\anaconda3\envs\myenv\lib\logging\__init__.py", line 1599, in handle
    self.callHandlers(record)
  File "C:\Users\DELL\anaconda3\envs\myenv\lib\logging\__init__.py", line 1661, in callHandlers
    hdlr.handle(record)
  File "C:\Users\DELL\anaconda3\envs\myenv\lib\logging\__init__.py", line 954, in handle
    self.emit(record)
  File "C:\Users\DELL\AppData\Roaming\Python\Python38\site-packages\rich\logging.py", line 172, in emit
    self.handleError(record)
Message: 'Waiting for global task completion...'
Arguments: ()
--- Logging error ---
Traceback (most recent call last):
  File "C:\Users\DELL\AppData\Roaming\Python\Python38\site-packages\rich\logging.py", line 170, in emit
    self.console.print(log_renderable)
  File "C:\Users\DELL\AppData\Roaming\Python\Python38\site-packages\rich\console.py", line 1720, in print
    self._buffer.extend(new_segments)
  File "C:\Users\DELL\AppData\Roaming\Python\Python38\site-packages\rich\console.py", line 864, in __exit__
    self._exit_buffer()
  File "C:\Users\DELL\AppData\Roaming\Python\Python38\site-packages\rich\console.py", line 822, in _exit_buffer
    self._check_buffer()
  File "C:\Users\DELL\AppData\Roaming\Python\Python38\site-packages\rich\console.py", line 2027, in _check_buffer
    legacy_windows_render(buffer, LegacyWindowsTerm(self.file))
  File "C:\Users\DELL\AppData\Roaming\Python\Python38\site-packages\rich\_windows_renderer.py", line 19, in legacy_windows_render
    term.write_text(text)
  File "C:\Users\DELL\AppData\Roaming\Python\Python38\site-packages\rich\_win32_console.py", line 403, in write_text
    self.write(text)
  File "C:\Users\DELL\AppData\Roaming\Python\Python38\site-packages\wandb\sdk\lib\redirect.py", line 640, in write
    self._old_write(data)
  File "C:\Users\DELL\anaconda3\envs\myenv\lib\encodings\cp1252.py", line 19, in encode
    return codecs.charmap_encode(input,self.errors,encoding_table)[0]
UnicodeEncodeError: 'charmap' codec can't encode character '\U0001f9ff' in position 0: character maps to <undefined>
Call stack:
  File "C:\Users\DELL\anaconda3\envs\myenv\lib\runpy.py", line 194, in _run_module_as_main
    return _run_code(code, main_globals, None,
  File "C:\Users\DELL\anaconda3\envs\myenv\lib\runpy.py", line 87, in _run_code
    exec(code, run_globals)
  File "C:\Users\DELL\anaconda3\envs\myenv\Scripts\fx.exe\__main__.py", line 7, in <module>
    sys.exit(entry())
[20:16:03] INFO       File "C:\Users\DELL\AppData\Roaming\Python\Python38\site-packages\openfl\interface\cli.py", line 212, in entry
    cli()
  File "C:\Users\DELL\AppData\Roaming\Python\Python38\site-packages\click\core.py", line 1137, in __call__
    return self.main(*args, **kwargs)
  File "C:\Users\DELL\AppData\Roaming\Python\Python38\site-packages\click\core.py", line 1062, in main
    rv = self.invoke(ctx)
  File "C:\Users\DELL\AppData\Roaming\Python\Python38\site-packages\click\core.py", line 1668, in invoke
    return _process_result(sub_ctx.command.invoke(sub_ctx))
  File "C:\Users\DELL\AppData\Roaming\Python\Python38\site-packages\click\core.py", line 1668, in invoke
    return _process_result(sub_ctx.command.invoke(sub_ctx))
  File "C:\Users\DELL\AppData\Roaming\Python\Python38\site-packages\click\core.py", line 1404, in invoke
    return ctx.invoke(self.callback, **ctx.params)
  File "C:\Users\DELL\AppData\Roaming\Python\Python38\site-packages\click\core.py", line 763, in invoke
    return __callback(*args, **kwargs)
  File "C:\Users\DELL\AppData\Roaming\Python\Python38\site-packages\openfl\interface\envoy.py", line 111, in start_
    envoy.start()
  File "C:\Users\DELL\AppData\Roaming\Python\Python38\site-packages\openfl\component\envoy\envoy.py", line 179, in start
    self.run()
  File "C:\Users\DELL\AppData\Roaming\Python\Python38\site-packages\openfl\component\envoy\envoy.py", line 91, in run
    self._run_collaborator()
  File "C:\Users\DELL\AppData\Roaming\Python\Python38\site-packages\openfl\component\envoy\envoy.py", line 164, in _run_collaborator
    col.run()
  File "C:\Users\DELL\AppData\Roaming\Python\Python38\site-packages\openfl\component\collaborator\collaborator.py", line 174, in run
    self.do_task(task, round_number)
  File "C:\Users\DELL\AppData\Roaming\Python\Python38\site-packages\openfl\component\collaborator\collaborator.py", line 269, in do_task
    self.logger.info('Using Interactive Python API')
  File "C:\Users\DELL\anaconda3\envs\myenv\lib\logging\__init__.py", line 1446, in info
    self._log(INFO, msg, args, **kwargs)
  File "C:\Users\DELL\anaconda3\envs\myenv\lib\logging\__init__.py", line 1589, in _log
    self.handle(record)
  File "C:\Users\DELL\anaconda3\envs\myenv\lib\logging\__init__.py", line 1599, in handle
    self.callHandlers(record)
  File "C:\Users\DELL\anaconda3\envs\myenv\lib\logging\__init__.py", line 1661, in callHandlers
    hdlr.handle(record)
  File "C:\Users\DELL\anaconda3\envs\myenv\lib\logging\__init__.py", line 954, in handle
    self.emit(record)
  File "C:\Users\DELL\AppData\Roaming\Python\Python38\site-packages\rich\logging.py", line 172, in emit
    self.handleError(record)
Message: 'Using Interactive Python API'
Arguments: ()
--- Logging error ---
Traceback (most recent call last):
  File "C:\Users\DELL\AppData\Roaming\Python\Python38\site-packages\rich\logging.py", line 170, in emit
    self.console.print(log_renderable)
  File "C:\Users\DELL\AppData\Roaming\Python\Python38\site-packages\rich\console.py", line 1720, in print
    self._buffer.extend(new_segments)
  File "C:\Users\DELL\AppData\Roaming\Python\Python38\site-packages\rich\console.py", line 864, in __exit__
    self._exit_buffer()
  File "C:\Users\DELL\AppData\Roaming\Python\Python38\site-packages\rich\console.py", line 822, in _exit_buffer
    self._check_buffer()
  File "C:\Users\DELL\AppData\Roaming\Python\Python38\site-packages\rich\console.py", line 2027, in _check_buffer
    legacy_windows_render(buffer, LegacyWindowsTerm(self.file))
  File "C:\Users\DELL\AppData\Roaming\Python\Python38\site-packages\rich\_windows_renderer.py", line 19, in legacy_windows_render
    term.write_text(text)
  File "C:\Users\DELL\AppData\Roaming\Python\Python38\site-packages\rich\_win32_console.py", line 403, in write_text
    self.write(text)
  File "C:\Users\DELL\AppData\Roaming\Python\Python38\site-packages\wandb\sdk\lib\redirect.py", line 640, in write
    self._old_write(data)
  File "C:\Users\DELL\anaconda3\envs\myenv\lib\encodings\cp1252.py", line 19, in encode
    return codecs.charmap_encode(input,self.errors,encoding_table)[0]
UnicodeEncodeError: 'charmap' codec can't encode character '\U0001f9ff' in position 0: character maps to <undefined>
Call stack:
  File "C:\Users\DELL\anaconda3\envs\myenv\lib\runpy.py", line 194, in _run_module_as_main
    return _run_code(code, main_globals, None,
  File "C:\Users\DELL\anaconda3\envs\myenv\lib\runpy.py", line 87, in _run_code
    exec(code, run_globals)
  File "C:\Users\DELL\anaconda3\envs\myenv\Scripts\fx.exe\__main__.py", line 7, in <module>
    sys.exit(entry())
  File "C:\Users\DELL\AppData\Roaming\Python\Python38\site-packages\openfl\interface\cli.py", line 212, in entry
    cli()
  File "C:\Users\DELL\AppData\Roaming\Python\Python38\site-packages\click\core.py", line 1137, in __call__
    return self.main(*args, **kwargs)
  File "C:\Users\DELL\AppData\Roaming\Python\Python38\site-packages\click\core.py", line 1062, in main
    rv = self.invoke(ctx)
  File "C:\Users\DELL\AppData\Roaming\Python\Python38\site-packages\click\core.py", line 1668, in invoke
    return _process_result(sub_ctx.command.invoke(sub_ctx))
  File "C:\Users\DELL\AppData\Roaming\Python\Python38\site-packages\click\core.py", line 1668, in invoke
    return _process_result(sub_ctx.command.invoke(sub_ctx))
  File "C:\Users\DELL\AppData\Roaming\Python\Python38\site-packages\click\core.py", line 1404, in invoke
    return ctx.invoke(self.callback, **ctx.params)
  File "C:\Users\DELL\AppData\Roaming\Python\Python38\site-packages\click\core.py", line 763, in invoke
    return __callback(*args, **kwargs)
  File "C:\Users\DELL\AppData\Roaming\Python\Python38\site-packages\openfl\interface\envoy.py", line 111, in start_
    envoy.start()
  File "C:\Users\DELL\AppData\Roaming\Python\Python38\site-packages\openfl\component\envoy\envoy.py", line 179, in start
    self.run()
  File "C:\Users\DELL\AppData\Roaming\Python\Python38\site-packages\openfl\component\envoy\envoy.py", line 91, in run
    self._run_collaborator()
  File "C:\Users\DELL\AppData\Roaming\Python\Python38\site-packages\openfl\component\envoy\envoy.py", line 164, in _run_collaborator
    col.run()
  File "C:\Users\DELL\AppData\Roaming\Python\Python38\site-packages\openfl\component\collaborator\collaborator.py", line 174, in run
    self.do_task(task, round_number)
  File "C:\Users\DELL\AppData\Roaming\Python\Python38\site-packages\openfl\component\collaborator\collaborator.py", line 346, in do_task
    self.send_task_results(global_output_tensor_dict, round_number, task_name)
  File "C:\Users\DELL\AppData\Roaming\Python\Python38\site-packages\openfl\component\collaborator\collaborator.py", line 526, in send_task_results
    self.logger.metric(
  File "C:\Users\DELL\AppData\Roaming\Python\Python38\site-packages\openfl\utilities\utils.py", line 83, in log_for_level
    self._log(level_num, message, args, **kwargs)
  File "C:\Users\DELL\anaconda3\envs\myenv\lib\logging\__init__.py", line 1589, in _log
    self.handle(record)
  File "C:\Users\DELL\anaconda3\envs\myenv\lib\logging\__init__.py", line 1599, in handle
    self.callHandlers(record)
  File "C:\Users\DELL\anaconda3\envs\myenv\lib\logging\__init__.py", line 1661, in callHandlers
    hdlr.handle(record)
  File "C:\Users\DELL\anaconda3\envs\myenv\lib\logging\__init__.py", line 954, in handle
    self.emit(record)
  File "C:\Users\DELL\AppData\Roaming\Python\Python38\site-packages\rich\logging.py", line 172, in emit
    self.handleError(record)
Message: 'Round 0, collaborator envoy_1 is sending metric for task 4_adaboost_validate: Corcondance-index\t0.8342709682453535'
Arguments: ()
--- Logging error ---
Traceback (most recent call last):
  File "C:\Users\DELL\AppData\Roaming\Python\Python38\site-packages\rich\logging.py", line 170, in emit
    self.console.print(log_renderable)
  File "C:\Users\DELL\AppData\Roaming\Python\Python38\site-packages\rich\console.py", line 1720, in print
    self._buffer.extend(new_segments)
[20:16:03] INFO     [20:16:03] INFO       File "C:\Users\DELL\AppData\Roaming\Python\Python38\site-packages\rich\console.py", line 864, in __exit__
    self._exit_buffer()
  File "C:\Users\DELL\AppData\Roaming\Python\Python38\site-packages\rich\console.py", line 822, in _exit_buffer
    self._check_buffer()
  File "C:\Users\DELL\AppData\Roaming\Python\Python38\site-packages\rich\console.py", line 2027, in _check_buffer
    legacy_windows_render(buffer, LegacyWindowsTerm(self.file))
  File "C:\Users\DELL\AppData\Roaming\Python\Python38\site-packages\rich\_windows_renderer.py", line 19, in legacy_windows_render
    term.write_text(text)
  File "C:\Users\DELL\AppData\Roaming\Python\Python38\site-packages\rich\_win32_console.py", line 403, in write_text
    self.write(text)
  File "C:\Users\DELL\AppData\Roaming\Python\Python38\site-packages\wandb\sdk\lib\redirect.py", line 640, in write
    self._old_write(data)
  File "C:\Users\DELL\anaconda3\envs\myenv\lib\encodings\cp1252.py", line 19, in encode
    return codecs.charmap_encode(input,self.errors,encoding_table)[0]
UnicodeEncodeError: 'charmap' codec can't encode character '\U0001f9ff' in position 0: character maps to <undefined>
Call stack:
  File "C:\Users\DELL\anaconda3\envs\myenv\lib\runpy.py", line 194, in _run_module_as_main
    return _run_code(code, main_globals, None,
  File "C:\Users\DELL\anaconda3\envs\myenv\lib\runpy.py", line 87, in _run_code
    exec(code, run_globals)
  File "C:\Users\DELL\anaconda3\envs\myenv\Scripts\fx.exe\__main__.py", line 7, in <module>
    sys.exit(entry())
  File "C:\Users\DELL\AppData\Roaming\Python\Python38\site-packages\openfl\interface\cli.py", line 212, in entry
    cli()
  File "C:\Users\DELL\AppData\Roaming\Python\Python38\site-packages\click\core.py", line 1137, in __call__
    return self.main(*args, **kwargs)
  File "C:\Users\DELL\AppData\Roaming\Python\Python38\site-packages\click\core.py", line 1062, in main
    rv = self.invoke(ctx)
  File "C:\Users\DELL\AppData\Roaming\Python\Python38\site-packages\click\core.py", line 1668, in invoke
    return _process_result(sub_ctx.command.invoke(sub_ctx))
  File "C:\Users\DELL\AppData\Roaming\Python\Python38\site-packages\click\core.py", line 1668, in invoke
    return _process_result(sub_ctx.command.invoke(sub_ctx))
  File "C:\Users\DELL\AppData\Roaming\Python\Python38\site-packages\click\core.py", line 1404, in invoke
    return ctx.invoke(self.callback, **ctx.params)
  File "C:\Users\DELL\AppData\Roaming\Python\Python38\site-packages\click\core.py", line 763, in invoke
    return __callback(*args, **kwargs)
  File "C:\Users\DELL\AppData\Roaming\Python\Python38\site-packages\openfl\interface\envoy.py", line 111, in start_
    envoy.start()
  File "C:\Users\DELL\AppData\Roaming\Python\Python38\site-packages\openfl\component\envoy\envoy.py", line 179, in start
    self.run()
  File "C:\Users\DELL\AppData\Roaming\Python\Python38\site-packages\openfl\component\envoy\envoy.py", line 91, in run
    self._run_collaborator()
  File "C:\Users\DELL\AppData\Roaming\Python\Python38\site-packages\openfl\component\envoy\envoy.py", line 164, in _run_collaborator
    col.run()
  File "C:\Users\DELL\AppData\Roaming\Python\Python38\site-packages\openfl\component\collaborator\collaborator.py", line 174, in run
    self.do_task(task, round_number)
  File "C:\Users\DELL\AppData\Roaming\Python\Python38\site-packages\openfl\component\collaborator\collaborator.py", line 346, in do_task
    self.send_task_results(global_output_tensor_dict, round_number, task_name)
  File "C:\Users\DELL\AppData\Roaming\Python\Python38\site-packages\openfl\component\collaborator\collaborator.py", line 526, in send_task_results
    self.logger.metric(
  File "C:\Users\DELL\AppData\Roaming\Python\Python38\site-packages\openfl\utilities\utils.py", line 83, in log_for_level
    self._log(level_num, message, args, **kwargs)
  File "C:\Users\DELL\anaconda3\envs\myenv\lib\logging\__init__.py", line 1589, in _log
    self.handle(record)
  File "C:\Users\DELL\anaconda3\envs\myenv\lib\logging\__init__.py", line 1599, in handle
    self.callHandlers(record)
  File "C:\Users\DELL\anaconda3\envs\myenv\lib\logging\__init__.py", line 1661, in callHandlers
    hdlr.handle(record)
  File "C:\Users\DELL\anaconda3\envs\myenv\lib\logging\__init__.py", line 954, in handle
    self.emit(record)
  File "C:\Users\DELL\AppData\Roaming\Python\Python38\site-packages\rich\logging.py", line 172, in emit
    self.handleError(record)
Message: 'Round 0, collaborator envoy_1 is sending metric for task 4_adaboost_validate: Integrated-Brier-Score\t0.14141171046130036'
Arguments: ()
--- Logging error ---
Traceback (most recent call last):
  File "C:\Users\DELL\AppData\Roaming\Python\Python38\site-packages\rich\logging.py", line 170, in emit
    self.console.print(log_renderable)
  File "C:\Users\DELL\AppData\Roaming\Python\Python38\site-packages\rich\console.py", line 1720, in print
    self._buffer.extend(new_segments)
  File "C:\Users\DELL\AppData\Roaming\Python\Python38\site-packages\rich\console.py", line 864, in __exit__
    self._exit_buffer()
  File "C:\Users\DELL\AppData\Roaming\Python\Python38\site-packages\rich\console.py", line 822, in _exit_buffer
    self._check_buffer()
  File "C:\Users\DELL\AppData\Roaming\Python\Python38\site-packages\rich\console.py", line 2027, in _check_buffer
    legacy_windows_render(buffer, LegacyWindowsTerm(self.file))
  File "C:\Users\DELL\AppData\Roaming\Python\Python38\site-packages\rich\_windows_renderer.py", line 19, in legacy_windows_render
    term.write_text(text)
  File "C:\Users\DELL\AppData\Roaming\Python\Python38\site-packages\rich\_win32_console.py", line 403, in write_text
    self.write(text)
  File "C:\Users\DELL\AppData\Roaming\Python\Python38\site-packages\wandb\sdk\lib\redirect.py", line 640, in write
    self._old_write(data)
  File "C:\Users\DELL\anaconda3\envs\myenv\lib\encodings\cp1252.py", line 19, in encode
    return codecs.charmap_encode(input,self.errors,encoding_table)[0]
UnicodeEncodeError: 'charmap' codec can't encode character '\U0001f9ff' in position 0: character maps to <undefined>
Call stack:
  File "C:\Users\DELL\anaconda3\envs\myenv\lib\runpy.py", line 194, in _run_module_as_main
    return _run_code(code, main_globals, None,
  File "C:\Users\DELL\anaconda3\envs\myenv\lib\runpy.py", line 87, in _run_code
    exec(code, run_globals)
  File "C:\Users\DELL\anaconda3\envs\myenv\Scripts\fx.exe\__main__.py", line 7, in <module>
    sys.exit(entry())
  File "C:\Users\DELL\AppData\Roaming\Python\Python38\site-packages\openfl\interface\cli.py", line 212, in entry
    cli()
  File "C:\Users\DELL\AppData\Roaming\Python\Python38\site-packages\click\core.py", line 1137, in __call__
    return self.main(*args, **kwargs)
  File "C:\Users\DELL\AppData\Roaming\Python\Python38\site-packages\click\core.py", line 1062, in main
    rv = self.invoke(ctx)
  File "C:\Users\DELL\AppData\Roaming\Python\Python38\site-packages\click\core.py", line 1668, in invoke
    return _process_result(sub_ctx.command.invoke(sub_ctx))
  File "C:\Users\DELL\AppData\Roaming\Python\Python38\site-packages\click\core.py", line 1668, in invoke
    return _process_result(sub_ctx.command.invoke(sub_ctx))
  File "C:\Users\DELL\AppData\Roaming\Python\Python38\site-packages\click\core.py", line 1404, in invoke
    return ctx.invoke(self.callback, **ctx.params)
  File "C:\Users\DELL\AppData\Roaming\Python\Python38\site-packages\click\core.py", line 763, in invoke
    return __callback(*args, **kwargs)
  File "C:\Users\DELL\AppData\Roaming\Python\Python38\site-packages\openfl\interface\envoy.py", line 111, in start_
    envoy.start()
  File "C:\Users\DELL\AppData\Roaming\Python\Python38\site-packages\openfl\component\envoy\envoy.py", line 179, in start
    self.run()
  File "C:\Users\DELL\AppData\Roaming\Python\Python38\site-packages\openfl\component\envoy\envoy.py", line 91, in run
    self._run_collaborator()
  File "C:\Users\DELL\AppData\Roaming\Python\Python38\site-packages\openfl\component\envoy\envoy.py", line 164, in _run_collaborator
    col.run()
[20:16:03] INFO     [20:16:03] INFO       File "C:\Users\DELL\AppData\Roaming\Python\Python38\site-packages\openfl\component\collaborator\collaborator.py", line 174, in run
    self.do_task(task, round_number)
  File "C:\Users\DELL\AppData\Roaming\Python\Python38\site-packages\openfl\component\collaborator\collaborator.py", line 351, in do_task
    while not self.synch(task_name, round_number, self.collaborator_name):
  File "C:\Users\DELL\AppData\Roaming\Python\Python38\site-packages\openfl\component\collaborator\collaborator.py", line 355, in synch
    self.logger.info('Waiting for global task completion...')
  File "C:\Users\DELL\anaconda3\envs\myenv\lib\logging\__init__.py", line 1446, in info
    self._log(INFO, msg, args, **kwargs)
  File "C:\Users\DELL\anaconda3\envs\myenv\lib\logging\__init__.py", line 1589, in _log
    self.handle(record)
  File "C:\Users\DELL\anaconda3\envs\myenv\lib\logging\__init__.py", line 1599, in handle
    self.callHandlers(record)
  File "C:\Users\DELL\anaconda3\envs\myenv\lib\logging\__init__.py", line 1661, in callHandlers
    hdlr.handle(record)
  File "C:\Users\DELL\anaconda3\envs\myenv\lib\logging\__init__.py", line 954, in handle
    self.emit(record)
  File "C:\Users\DELL\AppData\Roaming\Python\Python38\site-packages\rich\logging.py", line 172, in emit
    self.handleError(record)
Message: 'Waiting for global task completion...'
Arguments: ()
--- Logging error ---
Traceback (most recent call last):
  File "C:\Users\DELL\AppData\Roaming\Python\Python38\site-packages\rich\logging.py", line 170, in emit
    self.console.print(log_renderable)
  File "C:\Users\DELL\AppData\Roaming\Python\Python38\site-packages\rich\console.py", line 1720, in print
    self._buffer.extend(new_segments)
  File "C:\Users\DELL\AppData\Roaming\Python\Python38\site-packages\rich\console.py", line 864, in __exit__
    self._exit_buffer()
  File "C:\Users\DELL\AppData\Roaming\Python\Python38\site-packages\rich\console.py", line 822, in _exit_buffer
    self._check_buffer()
  File "C:\Users\DELL\AppData\Roaming\Python\Python38\site-packages\rich\console.py", line 2027, in _check_buffer
    legacy_windows_render(buffer, LegacyWindowsTerm(self.file))
  File "C:\Users\DELL\AppData\Roaming\Python\Python38\site-packages\rich\_windows_renderer.py", line 19, in legacy_windows_render
    term.write_text(text)
  File "C:\Users\DELL\AppData\Roaming\Python\Python38\site-packages\rich\_win32_console.py", line 403, in write_text
    self.write(text)
  File "C:\Users\DELL\AppData\Roaming\Python\Python38\site-packages\wandb\sdk\lib\redirect.py", line 640, in write
    self._old_write(data)
  File "C:\Users\DELL\anaconda3\envs\myenv\lib\encodings\cp1252.py", line 19, in encode
    return codecs.charmap_encode(input,self.errors,encoding_table)[0]
UnicodeEncodeError: 'charmap' codec can't encode character '\U0001f9ff' in position 0: character maps to <undefined>
Call stack:
  File "C:\Users\DELL\anaconda3\envs\myenv\lib\runpy.py", line 194, in _run_module_as_main
    return _run_code(code, main_globals, None,
  File "C:\Users\DELL\anaconda3\envs\myenv\lib\runpy.py", line 87, in _run_code
    exec(code, run_globals)
  File "C:\Users\DELL\anaconda3\envs\myenv\Scripts\fx.exe\__main__.py", line 7, in <module>
    sys.exit(entry())
  File "C:\Users\DELL\AppData\Roaming\Python\Python38\site-packages\openfl\interface\cli.py", line 212, in entry
    cli()
  File "C:\Users\DELL\AppData\Roaming\Python\Python38\site-packages\click\core.py", line 1137, in __call__
    return self.main(*args, **kwargs)
  File "C:\Users\DELL\AppData\Roaming\Python\Python38\site-packages\click\core.py", line 1062, in main
    rv = self.invoke(ctx)
  File "C:\Users\DELL\AppData\Roaming\Python\Python38\site-packages\click\core.py", line 1668, in invoke
    return _process_result(sub_ctx.command.invoke(sub_ctx))
  File "C:\Users\DELL\AppData\Roaming\Python\Python38\site-packages\click\core.py", line 1668, in invoke
    return _process_result(sub_ctx.command.invoke(sub_ctx))
  File "C:\Users\DELL\AppData\Roaming\Python\Python38\site-packages\click\core.py", line 1404, in invoke
    return ctx.invoke(self.callback, **ctx.params)
  File "C:\Users\DELL\AppData\Roaming\Python\Python38\site-packages\click\core.py", line 763, in invoke
    return __callback(*args, **kwargs)
  File "C:\Users\DELL\AppData\Roaming\Python\Python38\site-packages\openfl\interface\envoy.py", line 111, in start_
    envoy.start()
  File "C:\Users\DELL\AppData\Roaming\Python\Python38\site-packages\openfl\component\envoy\envoy.py", line 179, in start
    self.run()
  File "C:\Users\DELL\AppData\Roaming\Python\Python38\site-packages\openfl\component\envoy\envoy.py", line 91, in run
    self._run_collaborator()
  File "C:\Users\DELL\AppData\Roaming\Python\Python38\site-packages\openfl\component\envoy\envoy.py", line 164, in _run_collaborator
    col.run()
  File "C:\Users\DELL\AppData\Roaming\Python\Python38\site-packages\openfl\component\collaborator\collaborator.py", line 174, in run
    self.do_task(task, round_number)
  File "C:\Users\DELL\AppData\Roaming\Python\Python38\site-packages\openfl\component\collaborator\collaborator.py", line 351, in do_task
    while not self.synch(task_name, round_number, self.collaborator_name):
  File "C:\Users\DELL\AppData\Roaming\Python\Python38\site-packages\openfl\component\collaborator\collaborator.py", line 355, in synch
    self.logger.info('Waiting for global task completion...')
  File "C:\Users\DELL\anaconda3\envs\myenv\lib\logging\__init__.py", line 1446, in info
    self._log(INFO, msg, args, **kwargs)
  File "C:\Users\DELL\anaconda3\envs\myenv\lib\logging\__init__.py", line 1589, in _log
    self.handle(record)
  File "C:\Users\DELL\anaconda3\envs\myenv\lib\logging\__init__.py", line 1599, in handle
    self.callHandlers(record)
  File "C:\Users\DELL\anaconda3\envs\myenv\lib\logging\__init__.py", line 1661, in callHandlers
    hdlr.handle(record)
  File "C:\Users\DELL\anaconda3\envs\myenv\lib\logging\__init__.py", line 954, in handle
    self.emit(record)
  File "C:\Users\DELL\AppData\Roaming\Python\Python38\site-packages\rich\logging.py", line 172, in emit
    self.handleError(record)
Message: 'Waiting for global task completion...'
Arguments: ()
--- Logging error ---
Traceback (most recent call last):
  File "C:\Users\DELL\AppData\Roaming\Python\Python38\site-packages\rich\logging.py", line 170, in emit
    self.console.print(log_renderable)
  File "C:\Users\DELL\AppData\Roaming\Python\Python38\site-packages\rich\console.py", line 1720, in print
    self._buffer.extend(new_segments)
  File "C:\Users\DELL\AppData\Roaming\Python\Python38\site-packages\rich\console.py", line 864, in __exit__
    self._exit_buffer()
  File "C:\Users\DELL\AppData\Roaming\Python\Python38\site-packages\rich\console.py", line 822, in _exit_buffer
    self._check_buffer()
  File "C:\Users\DELL\AppData\Roaming\Python\Python38\site-packages\rich\console.py", line 2027, in _check_buffer
    legacy_windows_render(buffer, LegacyWindowsTerm(self.file))
  File "C:\Users\DELL\AppData\Roaming\Python\Python38\site-packages\rich\_windows_renderer.py", line 19, in legacy_windows_render
    term.write_text(text)
  File "C:\Users\DELL\AppData\Roaming\Python\Python38\site-packages\rich\_win32_console.py", line 403, in write_text
    self.write(text)
  File "C:\Users\DELL\AppData\Roaming\Python\Python38\site-packages\wandb\sdk\lib\redirect.py", line 640, in write
    self._old_write(data)
  File "C:\Users\DELL\anaconda3\envs\myenv\lib\encodings\cp1252.py", line 19, in encode
    return codecs.charmap_encode(input,self.errors,encoding_table)[0]
UnicodeEncodeError: 'charmap' codec can't encode character '\U0001f9ff' in position 0: character maps to <undefined>
Call stack:
  File "C:\Users\DELL\anaconda3\envs\myenv\lib\runpy.py", line 194, in _run_module_as_main
    return _run_code(code, main_globals, None,
  File "C:\Users\DELL\anaconda3\envs\myenv\lib\runpy.py", line 87, in _run_code
    exec(code, run_globals)
  File "C:\Users\DELL\anaconda3\envs\myenv\Scripts\fx.exe\__main__.py", line 7, in <module>
    sys.exit(entry())
forrtl: error (200): program aborting due to window-CLOSE event
Image              PC                Routine            Line        Source             
libifcoremd.dll    00007FFE7DD2DF54  Unknown               Unknown  Unknown
KERNELBASE.dll     00007FFED7682943  Unknown               Unknown  Unknown
KERNEL32.DLL       00007FFED8787614  Unknown               Unknown  Unknown
ntdll.dll          00007FFED98E26F1  Unknown               Unknown  Unknown
^C[20:31:36] INFO     forrtl: error (200): program aborting due to window-CLOSE event
Image              PC                Routine            Line        Source             
libifcoremd.dll    00007FFE7D66DF54  Unknown               Unknown  Unknown
KERNELBASE.dll     00007FFED7682943  Unknown               Unknown  Unknown
KERNEL32.DLL       00007FFED8787614  Unknown               Unknown  Unknown
ntdll.dll          00007FFED98E26F1  Unknown               Unknown  Unknown
