2023-05-30 12:45:20,432 INFO    StreamThr :20336 [internal.py:wandb_internal():86] W&B internal server running at pid: 20336, started at: 2023-05-30 12:45:20.432202
2023-05-30 12:45:20,432 DEBUG   HandlerThread:20336 [handler.py:handle_request():144] handle_request: status
2023-05-30 12:45:20,432 INFO    WriterThread:20336 [datastore.py:open_for_write():85] open: C:\Users\DELL\Downloads\FederatedLearning\OpenFL-extended\openfl-tutorials\boosting-examples\AdaBoostF_Heart_Failure\workspace\wandb\run-20230530_124520-bulslxox\run-bulslxox.wandb
2023-05-30 12:45:20,463 DEBUG   SenderThread:20336 [sender.py:send():375] send: header
2023-05-30 12:45:20,635 DEBUG   SenderThread:20336 [sender.py:send():375] send: run
2023-05-30 12:45:23,665 DEBUG   HandlerThread:20336 [handler.py:handle_request():144] handle_request: check_version
2023-05-30 12:45:23,665 INFO    SenderThread:20336 [dir_watcher.py:__init__():219] watching files in: C:\Users\DELL\Downloads\FederatedLearning\OpenFL-extended\openfl-tutorials\boosting-examples\AdaBoostF_Heart_Failure\workspace\wandb\run-20230530_124520-bulslxox\files
2023-05-30 12:45:23,665 INFO    SenderThread:20336 [sender.py:_start_run_threads():1124] run started: bulslxox with start time 1685443520.432201
2023-05-30 12:45:23,665 DEBUG   SenderThread:20336 [sender.py:send_request():402] send_request: summary_record
2023-05-30 12:45:23,665 INFO    SenderThread:20336 [sender.py:_save_file():1378] saving file wandb-summary.json with policy end
2023-05-30 12:45:23,680 DEBUG   SenderThread:20336 [sender.py:send_request():402] send_request: check_version
2023-05-30 12:45:24,665 INFO    Thread-16 :20336 [dir_watcher.py:_on_file_created():278] file/dir created: C:\Users\DELL\Downloads\FederatedLearning\OpenFL-extended\openfl-tutorials\boosting-examples\AdaBoostF_Heart_Failure\workspace\wandb\run-20230530_124520-bulslxox\files\wandb-summary.json
2023-05-30 12:45:26,602 DEBUG   HandlerThread:20336 [handler.py:handle_request():144] handle_request: status_report
2023-05-30 12:45:26,633 DEBUG   HandlerThread:20336 [handler.py:handle_request():144] handle_request: run_start
2023-05-30 12:45:26,665 DEBUG   HandlerThread:20336 [system_info.py:__init__():31] System info init
2023-05-30 12:45:26,665 DEBUG   HandlerThread:20336 [system_info.py:__init__():46] System info init done
2023-05-30 12:45:26,665 INFO    HandlerThread:20336 [system_monitor.py:start():181] Starting system monitor
2023-05-30 12:45:26,665 INFO    SystemMonitor:20336 [system_monitor.py:_start():145] Starting system asset monitoring threads
2023-05-30 12:45:26,665 INFO    HandlerThread:20336 [system_monitor.py:probe():201] Collecting system info
2023-05-30 12:45:26,665 INFO    SystemMonitor:20336 [interfaces.py:start():190] Started cpu monitoring
2023-05-30 12:45:26,665 DEBUG   HandlerThread:20336 [system_info.py:probe():195] Probing system
2023-05-30 12:45:26,665 INFO    SystemMonitor:20336 [interfaces.py:start():190] Started disk monitoring
2023-05-30 12:45:26,665 INFO    SystemMonitor:20336 [interfaces.py:start():190] Started memory monitoring
2023-05-30 12:45:26,711 INFO    SystemMonitor:20336 [interfaces.py:start():190] Started network monitoring
2023-05-30 12:45:26,711 DEBUG   HandlerThread:20336 [system_info.py:_probe_git():180] Probing git
2023-05-30 12:45:27,149 DEBUG   HandlerThread:20336 [system_info.py:_probe_git():188] Probing git done
2023-05-30 12:45:27,149 DEBUG   HandlerThread:20336 [system_info.py:probe():240] Probing system done
2023-05-30 12:45:27,149 DEBUG   HandlerThread:20336 [system_monitor.py:probe():210] {'os': 'Windows-10-10.0.19044-SP0', 'python': '3.8.16', 'heartbeatAt': '2023-05-30T10:45:26.665032', 'startedAt': '2023-05-30T10:45:20.369760', 'docker': None, 'cuda': None, 'args': (), 'state': 'running', 'program': 'AdaBoostF_Heart_Failure.py', 'codePath': 'openfl-tutorials\\boosting-examples\\AdaBoostF_Heart_Failure\\workspace\\AdaBoostF_Heart_Failure.py', 'git': {'remote': 'https://github.com/alpha-unito/OpenFL-extended.git', 'commit': '3c9b6cdacb3b5cdef8384322b571b2e9b2d9dd8c'}, 'email': None, 'root': 'C:/Users/DELL/Downloads/FederatedLearning/OpenFL-extended', 'host': 'DESKTOP-5AJHE86', 'username': 'DELL', 'executable': 'C:\\Users\\DELL\\anaconda3\\envs\\myenv\\python.exe', 'cpu_count': 2, 'cpu_count_logical': 4, 'cpu_freq': {'current': 1300.0, 'min': 0.0, 'max': 2301.0}, 'cpu_freq_per_core': [{'current': 1300.0, 'min': 0.0, 'max': 2301.0}], 'disk': {'total': 133.58313751220703, 'used': 125.67253112792969}, 'memory': {'total': 7.874275207519531}}
2023-05-30 12:45:27,149 INFO    HandlerThread:20336 [system_monitor.py:probe():211] Finished collecting system info
2023-05-30 12:45:27,149 INFO    HandlerThread:20336 [system_monitor.py:probe():214] Publishing system info
2023-05-30 12:45:27,149 DEBUG   HandlerThread:20336 [system_info.py:_save_pip():51] Saving list of pip packages installed into the current environment
2023-05-30 12:45:27,149 DEBUG   HandlerThread:20336 [system_info.py:_save_pip():67] Saving pip packages done
2023-05-30 12:45:27,149 DEBUG   HandlerThread:20336 [system_info.py:_save_conda():74] Saving list of conda packages installed into the current environment
2023-05-30 12:45:27,164 ERROR   HandlerThread:20336 [system_info.py:_save_conda():85] Error saving conda packages: [WinError 2] Le fichier spécifié est introuvable
Traceback (most recent call last):
  File "C:\Users\DELL\AppData\Roaming\Python\Python38\site-packages\wandb\sdk\internal\system\system_info.py", line 81, in _save_conda
    subprocess.call(
  File "C:\Users\DELL\anaconda3\envs\myenv\lib\subprocess.py", line 340, in call
    with Popen(*popenargs, **kwargs) as p:
  File "C:\Users\DELL\anaconda3\envs\myenv\lib\subprocess.py", line 858, in __init__
    self._execute_child(args, executable, preexec_fn, close_fds,
  File "C:\Users\DELL\anaconda3\envs\myenv\lib\subprocess.py", line 1311, in _execute_child
    hp, ht, pid, tid = _winapi.CreateProcess(executable, args,
FileNotFoundError: [WinError 2] Le fichier spécifié est introuvable
2023-05-30 12:45:27,164 DEBUG   HandlerThread:20336 [system_info.py:_save_conda():86] Saving conda packages done
2023-05-30 12:45:27,164 INFO    HandlerThread:20336 [system_monitor.py:probe():216] Finished publishing system info
2023-05-30 12:45:27,196 DEBUG   SenderThread:20336 [sender.py:send():375] send: files
2023-05-30 12:45:27,196 INFO    SenderThread:20336 [sender.py:_save_file():1378] saving file wandb-metadata.json with policy now
2023-05-30 12:45:27,227 DEBUG   HandlerThread:20336 [handler.py:handle_request():144] handle_request: stop_status
2023-05-30 12:45:27,227 DEBUG   SenderThread:20336 [sender.py:send_request():402] send_request: stop_status
2023-05-30 12:45:27,727 INFO    Thread-16 :20336 [dir_watcher.py:_on_file_created():278] file/dir created: C:\Users\DELL\Downloads\FederatedLearning\OpenFL-extended\openfl-tutorials\boosting-examples\AdaBoostF_Heart_Failure\workspace\wandb\run-20230530_124520-bulslxox\files\requirements.txt
2023-05-30 12:45:27,727 INFO    Thread-16 :20336 [dir_watcher.py:_on_file_created():278] file/dir created: C:\Users\DELL\Downloads\FederatedLearning\OpenFL-extended\openfl-tutorials\boosting-examples\AdaBoostF_Heart_Failure\workspace\wandb\run-20230530_124520-bulslxox\files\conda-environment.yaml
2023-05-30 12:45:27,727 INFO    Thread-16 :20336 [dir_watcher.py:_on_file_created():278] file/dir created: C:\Users\DELL\Downloads\FederatedLearning\OpenFL-extended\openfl-tutorials\boosting-examples\AdaBoostF_Heart_Failure\workspace\wandb\run-20230530_124520-bulslxox\files\wandb-metadata.json
2023-05-30 12:45:32,323 DEBUG   HandlerThread:20336 [handler.py:handle_request():144] handle_request: keepalive
2023-05-30 12:45:33,422 DEBUG   SenderThread:20336 [sender.py:send():375] send: telemetry
2023-05-30 12:45:33,422 DEBUG   HandlerThread:20336 [handler.py:handle_request():144] handle_request: status_report
2023-05-30 12:45:33,828 INFO    Thread-16 :20336 [dir_watcher.py:_on_file_created():278] file/dir created: C:\Users\DELL\Downloads\FederatedLearning\OpenFL-extended\openfl-tutorials\boosting-examples\AdaBoostF_Heart_Failure\workspace\wandb\run-20230530_124520-bulslxox\files\output.log
2023-05-30 12:45:35,857 INFO    Thread-16 :20336 [dir_watcher.py:_on_file_modified():295] file/dir modified: C:\Users\DELL\Downloads\FederatedLearning\OpenFL-extended\openfl-tutorials\boosting-examples\AdaBoostF_Heart_Failure\workspace\wandb\run-20230530_124520-bulslxox\files\output.log
2023-05-30 12:45:38,513 DEBUG   HandlerThread:20336 [handler.py:handle_request():144] handle_request: status_report
2023-05-30 12:45:40,265 INFO    wandb-upload_0:20336 [upload_job.py:push():137] Uploaded file C:\Users\DELL\AppData\Local\Temp\tmpm5stq6_4wandb\2rsnmjgc-wandb-metadata.json
2023-05-30 12:45:42,251 DEBUG   HandlerThread:20336 [handler.py:handle_request():144] handle_request: stop_status
2023-05-30 12:45:42,251 DEBUG   HandlerThread:20336 [handler.py:handle_request():144] handle_request: keepalive
2023-05-30 12:45:42,251 DEBUG   SenderThread:20336 [sender.py:send_request():402] send_request: stop_status
2023-05-30 12:45:43,594 DEBUG   HandlerThread:20336 [handler.py:handle_request():144] handle_request: status_report
2023-05-30 12:45:45,970 INFO    Thread-16 :20336 [dir_watcher.py:_on_file_modified():295] file/dir modified: C:\Users\DELL\Downloads\FederatedLearning\OpenFL-extended\openfl-tutorials\boosting-examples\AdaBoostF_Heart_Failure\workspace\wandb\run-20230530_124520-bulslxox\files\output.log
2023-05-30 12:45:49,189 DEBUG   HandlerThread:20336 [handler.py:handle_request():144] handle_request: status_report
2023-05-30 12:45:54,270 DEBUG   HandlerThread:20336 [handler.py:handle_request():144] handle_request: status_report
2023-05-30 12:45:55,090 INFO    Thread-16 :20336 [dir_watcher.py:_on_file_modified():295] file/dir modified: C:\Users\DELL\Downloads\FederatedLearning\OpenFL-extended\openfl-tutorials\boosting-examples\AdaBoostF_Heart_Failure\workspace\wandb\run-20230530_124520-bulslxox\files\config.yaml
2023-05-30 12:45:57,265 DEBUG   HandlerThread:20336 [handler.py:handle_request():144] handle_request: keepalive
2023-05-30 12:45:57,265 DEBUG   HandlerThread:20336 [handler.py:handle_request():144] handle_request: stop_status
2023-05-30 12:45:57,265 DEBUG   SenderThread:20336 [sender.py:send_request():402] send_request: stop_status
2023-05-30 12:46:00,585 DEBUG   HandlerThread:20336 [handler.py:handle_request():144] handle_request: status_report
2023-05-30 12:46:05,648 DEBUG   HandlerThread:20336 [handler.py:handle_request():144] handle_request: status_report
2023-05-30 12:46:10,747 DEBUG   HandlerThread:20336 [handler.py:handle_request():144] handle_request: status_report
2023-05-30 12:46:12,263 DEBUG   HandlerThread:20336 [handler.py:handle_request():144] handle_request: keepalive
2023-05-30 12:46:12,278 DEBUG   HandlerThread:20336 [handler.py:handle_request():144] handle_request: stop_status
2023-05-30 12:46:12,278 DEBUG   SenderThread:20336 [sender.py:send_request():402] send_request: stop_status
2023-05-30 12:46:15,748 DEBUG   HandlerThread:20336 [handler.py:handle_request():144] handle_request: status_report
2023-05-30 12:46:20,822 DEBUG   HandlerThread:20336 [handler.py:handle_request():144] handle_request: status_report
2023-05-30 12:46:25,868 DEBUG   HandlerThread:20336 [handler.py:handle_request():144] handle_request: status_report
2023-05-30 12:46:26,712 DEBUG   SystemMonitor:20336 [system_monitor.py:_start():159] Starting system metrics aggregation loop
2023-05-30 12:46:26,712 DEBUG   SenderThread:20336 [sender.py:send():375] send: stats
2023-05-30 12:46:27,268 DEBUG   HandlerThread:20336 [handler.py:handle_request():144] handle_request: keepalive
2023-05-30 12:46:27,284 DEBUG   HandlerThread:20336 [handler.py:handle_request():144] handle_request: stop_status
2023-05-30 12:46:27,284 DEBUG   SenderThread:20336 [sender.py:send_request():402] send_request: stop_status
2023-05-30 12:46:31,744 DEBUG   HandlerThread:20336 [handler.py:handle_request():144] handle_request: status_report
2023-05-30 12:46:36,815 DEBUG   HandlerThread:20336 [handler.py:handle_request():144] handle_request: status_report
2023-05-30 12:46:41,856 DEBUG   HandlerThread:20336 [handler.py:handle_request():144] handle_request: status_report
2023-05-30 12:46:42,269 DEBUG   HandlerThread:20336 [handler.py:handle_request():144] handle_request: keepalive
2023-05-30 12:46:42,316 DEBUG   HandlerThread:20336 [handler.py:handle_request():144] handle_request: stop_status
2023-05-30 12:46:42,316 DEBUG   SenderThread:20336 [sender.py:send_request():402] send_request: stop_status
2023-05-30 12:46:46,934 DEBUG   HandlerThread:20336 [handler.py:handle_request():144] handle_request: status_report
2023-05-30 12:46:51,981 DEBUG   HandlerThread:20336 [handler.py:handle_request():144] handle_request: status_report
2023-05-30 12:46:56,718 DEBUG   SenderThread:20336 [sender.py:send():375] send: stats
2023-05-30 12:46:57,281 DEBUG   HandlerThread:20336 [handler.py:handle_request():144] handle_request: keepalive
2023-05-30 12:46:57,312 DEBUG   HandlerThread:20336 [handler.py:handle_request():144] handle_request: stop_status
2023-05-30 12:46:57,312 DEBUG   SenderThread:20336 [sender.py:send_request():402] send_request: stop_status
2023-05-30 12:47:00,630 DEBUG   HandlerThread:20336 [handler.py:handle_request():144] handle_request: status_report
2023-05-30 12:47:05,665 DEBUG   HandlerThread:20336 [handler.py:handle_request():144] handle_request: status_report
2023-05-30 12:47:10,724 DEBUG   HandlerThread:20336 [handler.py:handle_request():144] handle_request: status_report
2023-05-30 12:47:12,280 DEBUG   HandlerThread:20336 [handler.py:handle_request():144] handle_request: keepalive
2023-05-30 12:47:12,327 DEBUG   HandlerThread:20336 [handler.py:handle_request():144] handle_request: stop_status
2023-05-30 12:47:12,327 DEBUG   SenderThread:20336 [sender.py:send_request():402] send_request: stop_status
2023-05-30 12:47:17,370 DEBUG   HandlerThread:20336 [handler.py:handle_request():144] handle_request: keepalive
2023-05-30 12:47:22,407 DEBUG   HandlerThread:20336 [handler.py:handle_request():144] handle_request: keepalive
2023-05-30 12:47:27,485 DEBUG   HandlerThread:20336 [handler.py:handle_request():144] handle_request: keepalive
2023-05-30 12:47:32,518 DEBUG   HandlerThread:20336 [handler.py:handle_request():144] handle_request: keepalive
2023-05-30 12:47:37,587 DEBUG   HandlerThread:20336 [handler.py:handle_request():144] handle_request: keepalive
2023-05-30 12:47:42,618 DEBUG   HandlerThread:20336 [handler.py:handle_request():144] handle_request: keepalive
2023-05-30 12:47:47,201 INFO    SenderThread:20336 [retry.py:__call__():172] Retry attempt failed:
Traceback (most recent call last):
  File "C:\Users\DELL\AppData\Roaming\Python\Python38\site-packages\urllib3\connectionpool.py", line 386, in _make_request
    self._validate_conn(conn)
  File "C:\Users\DELL\AppData\Roaming\Python\Python38\site-packages\urllib3\connectionpool.py", line 1042, in _validate_conn
    conn.connect()
  File "C:\Users\DELL\AppData\Roaming\Python\Python38\site-packages\urllib3\connection.py", line 419, in connect
    self.sock = ssl_wrap_socket(
  File "C:\Users\DELL\AppData\Roaming\Python\Python38\site-packages\urllib3\util\ssl_.py", line 449, in ssl_wrap_socket
    ssl_sock = _ssl_wrap_socket_impl(
  File "C:\Users\DELL\AppData\Roaming\Python\Python38\site-packages\urllib3\util\ssl_.py", line 493, in _ssl_wrap_socket_impl
    return ssl_context.wrap_socket(sock, server_hostname=server_hostname)
  File "C:\Users\DELL\anaconda3\envs\myenv\lib\ssl.py", line 500, in wrap_socket
    return self.sslsocket_class._create(
  File "C:\Users\DELL\anaconda3\envs\myenv\lib\ssl.py", line 1040, in _create
    self.do_handshake()
  File "C:\Users\DELL\anaconda3\envs\myenv\lib\ssl.py", line 1309, in do_handshake
    self._sslobj.do_handshake()
socket.timeout: _ssl.c:1114: The handshake operation timed out

During handling of the above exception, another exception occurred:

Traceback (most recent call last):
  File "C:\Users\DELL\AppData\Roaming\Python\Python38\site-packages\requests\adapters.py", line 489, in send
    resp = conn.urlopen(
  File "C:\Users\DELL\AppData\Roaming\Python\Python38\site-packages\urllib3\connectionpool.py", line 787, in urlopen
    retries = retries.increment(
  File "C:\Users\DELL\AppData\Roaming\Python\Python38\site-packages\urllib3\util\retry.py", line 550, in increment
    raise six.reraise(type(error), error, _stacktrace)
  File "C:\Users\DELL\AppData\Roaming\Python\Python38\site-packages\urllib3\packages\six.py", line 770, in reraise
    raise value
  File "C:\Users\DELL\AppData\Roaming\Python\Python38\site-packages\urllib3\connectionpool.py", line 703, in urlopen
    httplib_response = self._make_request(
  File "C:\Users\DELL\AppData\Roaming\Python\Python38\site-packages\urllib3\connectionpool.py", line 389, in _make_request
    self._raise_timeout(err=e, url=url, timeout_value=conn.timeout)
  File "C:\Users\DELL\AppData\Roaming\Python\Python38\site-packages\urllib3\connectionpool.py", line 340, in _raise_timeout
    raise ReadTimeoutError(
urllib3.exceptions.ReadTimeoutError: HTTPSConnectionPool(host='api.wandb.ai', port=443): Read timed out. (read timeout=10)

During handling of the above exception, another exception occurred:

Traceback (most recent call last):
  File "C:\Users\DELL\AppData\Roaming\Python\Python38\site-packages\wandb\sdk\lib\retry.py", line 131, in __call__
    result = self._call_fn(*args, **kwargs)
  File "C:\Users\DELL\AppData\Roaming\Python\Python38\site-packages\wandb\sdk\internal\internal_api.py", line 285, in execute
    return self.client.execute(*args, **kwargs)  # type: ignore
  File "C:\Users\DELL\AppData\Roaming\Python\Python38\site-packages\wandb\vendor\gql-0.2.0\wandb_gql\client.py", line 52, in execute
    result = self._get_result(document, *args, **kwargs)
  File "C:\Users\DELL\AppData\Roaming\Python\Python38\site-packages\wandb\vendor\gql-0.2.0\wandb_gql\client.py", line 60, in _get_result
    return self.transport.execute(document, *args, **kwargs)
  File "C:\Users\DELL\AppData\Roaming\Python\Python38\site-packages\wandb\sdk\lib\gql_request.py", line 55, in execute
    request = self.session.post(self.url, **post_args)
  File "C:\Users\DELL\AppData\Roaming\Python\Python38\site-packages\requests\sessions.py", line 635, in post
    return self.request("POST", url, data=data, json=json, **kwargs)
  File "C:\Users\DELL\AppData\Roaming\Python\Python38\site-packages\requests\sessions.py", line 587, in request
    resp = self.send(prep, **send_kwargs)
  File "C:\Users\DELL\AppData\Roaming\Python\Python38\site-packages\requests\sessions.py", line 701, in send
    r = adapter.send(request, **kwargs)
  File "C:\Users\DELL\AppData\Roaming\Python\Python38\site-packages\requests\adapters.py", line 578, in send
    raise ReadTimeout(e, request=request)
requests.exceptions.ReadTimeout: HTTPSConnectionPool(host='api.wandb.ai', port=443): Read timed out. (read timeout=10)
2023-05-30 12:47:47,653 DEBUG   HandlerThread:20336 [handler.py:handle_request():144] handle_request: keepalive
2023-05-30 12:47:52,681 DEBUG   HandlerThread:20336 [handler.py:handle_request():144] handle_request: keepalive
2023-05-30 12:47:52,696 DEBUG   SenderThread:20336 [sender.py:send():375] send: stats
2023-05-30 12:47:52,696 DEBUG   HandlerThread:20336 [handler.py:handle_request():144] handle_request: status_report
2023-05-30 12:47:56,736 DEBUG   SenderThread:20336 [sender.py:send():375] send: stats
2023-05-30 12:47:57,743 DEBUG   HandlerThread:20336 [handler.py:handle_request():144] handle_request: status_report
2023-05-30 12:47:57,743 DEBUG   HandlerThread:20336 [handler.py:handle_request():144] handle_request: keepalive
2023-05-30 12:48:02,791 DEBUG   HandlerThread:20336 [handler.py:handle_request():144] handle_request: status_report
2023-05-30 12:48:02,791 DEBUG   HandlerThread:20336 [handler.py:handle_request():144] handle_request: keepalive
2023-05-30 12:48:07,828 DEBUG   HandlerThread:20336 [handler.py:handle_request():144] handle_request: status_report
2023-05-30 12:48:07,828 DEBUG   HandlerThread:20336 [handler.py:handle_request():144] handle_request: keepalive
2023-05-30 12:48:12,873 DEBUG   HandlerThread:20336 [handler.py:handle_request():144] handle_request: status_report
2023-05-30 12:48:12,873 DEBUG   HandlerThread:20336 [handler.py:handle_request():144] handle_request: keepalive
2023-05-30 12:48:17,924 DEBUG   HandlerThread:20336 [handler.py:handle_request():144] handle_request: status_report
2023-05-30 12:48:17,924 DEBUG   HandlerThread:20336 [handler.py:handle_request():144] handle_request: keepalive
2023-05-30 12:48:22,978 DEBUG   HandlerThread:20336 [handler.py:handle_request():144] handle_request: status_report
2023-05-30 12:48:22,978 DEBUG   HandlerThread:20336 [handler.py:handle_request():144] handle_request: keepalive
2023-05-30 12:48:26,747 DEBUG   SenderThread:20336 [sender.py:send():375] send: stats
2023-05-30 12:48:28,060 DEBUG   HandlerThread:20336 [handler.py:handle_request():144] handle_request: keepalive
2023-05-30 12:48:28,775 DEBUG   HandlerThread:20336 [handler.py:handle_request():144] handle_request: status_report
2023-05-30 12:48:33,101 DEBUG   HandlerThread:20336 [handler.py:handle_request():144] handle_request: keepalive
2023-05-30 12:48:33,836 DEBUG   HandlerThread:20336 [handler.py:handle_request():144] handle_request: status_report
2023-05-30 12:48:38,149 DEBUG   HandlerThread:20336 [handler.py:handle_request():144] handle_request: keepalive
2023-05-30 12:48:38,886 DEBUG   HandlerThread:20336 [handler.py:handle_request():144] handle_request: status_report
2023-05-30 12:48:43,190 DEBUG   HandlerThread:20336 [handler.py:handle_request():144] handle_request: keepalive
2023-05-30 12:48:43,939 DEBUG   HandlerThread:20336 [handler.py:handle_request():144] handle_request: status_report
2023-05-30 12:48:48,239 DEBUG   HandlerThread:20336 [handler.py:handle_request():144] handle_request: keepalive
2023-05-30 12:48:49,011 DEBUG   HandlerThread:20336 [handler.py:handle_request():144] handle_request: status_report
2023-05-30 12:48:53,281 DEBUG   HandlerThread:20336 [handler.py:handle_request():144] handle_request: keepalive
2023-05-30 12:48:54,109 DEBUG   HandlerThread:20336 [handler.py:handle_request():144] handle_request: status_report
2023-05-30 12:48:56,758 DEBUG   SenderThread:20336 [sender.py:send():375] send: stats
2023-05-30 12:48:58,319 DEBUG   HandlerThread:20336 [handler.py:handle_request():144] handle_request: keepalive
2023-05-30 12:48:59,794 DEBUG   HandlerThread:20336 [handler.py:handle_request():144] handle_request: status_report
2023-05-30 12:49:03,357 DEBUG   HandlerThread:20336 [handler.py:handle_request():144] handle_request: keepalive
2023-05-30 12:49:04,872 DEBUG   HandlerThread:20336 [handler.py:handle_request():144] handle_request: status_report
2023-05-30 12:49:08,419 DEBUG   HandlerThread:20336 [handler.py:handle_request():144] handle_request: keepalive
2023-05-30 12:49:09,919 DEBUG   HandlerThread:20336 [handler.py:handle_request():144] handle_request: status_report
2023-05-30 12:49:13,497 DEBUG   HandlerThread:20336 [handler.py:handle_request():144] handle_request: keepalive
2023-05-30 12:49:14,981 DEBUG   HandlerThread:20336 [handler.py:handle_request():144] handle_request: status_report
2023-05-30 12:49:18,549 DEBUG   HandlerThread:20336 [handler.py:handle_request():144] handle_request: keepalive
2023-05-30 12:49:20,032 DEBUG   HandlerThread:20336 [handler.py:handle_request():144] handle_request: status_report
2023-05-30 12:49:23,600 DEBUG   HandlerThread:20336 [handler.py:handle_request():144] handle_request: keepalive
2023-05-30 12:49:25,100 DEBUG   HandlerThread:20336 [handler.py:handle_request():144] handle_request: status_report
2023-05-30 12:49:26,771 DEBUG   SenderThread:20336 [sender.py:send():375] send: stats
2023-05-30 12:49:28,645 DEBUG   HandlerThread:20336 [handler.py:handle_request():144] handle_request: keepalive
2023-05-30 12:49:30,905 DEBUG   HandlerThread:20336 [handler.py:handle_request():144] handle_request: status_report
2023-05-30 12:49:33,751 DEBUG   HandlerThread:20336 [handler.py:handle_request():144] handle_request: keepalive
2023-05-30 12:49:36,066 DEBUG   HandlerThread:20336 [handler.py:handle_request():144] handle_request: status_report
2023-05-30 12:49:38,812 DEBUG   HandlerThread:20336 [handler.py:handle_request():144] handle_request: keepalive
2023-05-30 12:49:41,156 DEBUG   HandlerThread:20336 [handler.py:handle_request():144] handle_request: status_report
2023-05-30 12:49:43,890 DEBUG   HandlerThread:20336 [handler.py:handle_request():144] handle_request: keepalive
2023-05-30 12:49:46,219 DEBUG   HandlerThread:20336 [handler.py:handle_request():144] handle_request: status_report
2023-05-30 12:49:48,952 DEBUG   HandlerThread:20336 [handler.py:handle_request():144] handle_request: keepalive
2023-05-30 12:49:51,269 DEBUG   HandlerThread:20336 [handler.py:handle_request():144] handle_request: status_report
2023-05-30 12:49:54,000 DEBUG   HandlerThread:20336 [handler.py:handle_request():144] handle_request: keepalive
2023-05-30 12:49:56,312 DEBUG   HandlerThread:20336 [handler.py:handle_request():144] handle_request: status_report
2023-05-30 12:49:56,781 DEBUG   SenderThread:20336 [sender.py:send():375] send: stats
2023-05-30 12:49:59,046 DEBUG   HandlerThread:20336 [handler.py:handle_request():144] handle_request: keepalive
2023-05-30 12:50:01,843 DEBUG   HandlerThread:20336 [handler.py:handle_request():144] handle_request: status_report
2023-05-30 12:50:04,096 DEBUG   HandlerThread:20336 [handler.py:handle_request():144] handle_request: keepalive
2023-05-30 12:50:06,877 DEBUG   HandlerThread:20336 [handler.py:handle_request():144] handle_request: status_report
2023-05-30 12:50:09,158 DEBUG   HandlerThread:20336 [handler.py:handle_request():144] handle_request: keepalive
2023-05-30 12:50:11,939 DEBUG   HandlerThread:20336 [handler.py:handle_request():144] handle_request: status_report
2023-05-30 12:50:14,220 DEBUG   HandlerThread:20336 [handler.py:handle_request():144] handle_request: keepalive
2023-05-30 12:50:16,986 DEBUG   HandlerThread:20336 [handler.py:handle_request():144] handle_request: status_report
2023-05-30 12:50:19,268 DEBUG   HandlerThread:20336 [handler.py:handle_request():144] handle_request: keepalive
2023-05-30 12:50:22,051 DEBUG   HandlerThread:20336 [handler.py:handle_request():144] handle_request: status_report
2023-05-30 12:50:24,348 DEBUG   HandlerThread:20336 [handler.py:handle_request():144] handle_request: keepalive
2023-05-30 12:50:26,784 DEBUG   SenderThread:20336 [sender.py:send():375] send: stats
2023-05-30 12:50:27,792 DEBUG   HandlerThread:20336 [handler.py:handle_request():144] handle_request: status_report
2023-05-30 12:50:29,417 DEBUG   HandlerThread:20336 [handler.py:handle_request():144] handle_request: keepalive
2023-05-30 12:50:32,828 DEBUG   HandlerThread:20336 [handler.py:handle_request():144] handle_request: status_report
2023-05-30 12:50:34,468 DEBUG   HandlerThread:20336 [handler.py:handle_request():144] handle_request: keepalive
2023-05-30 12:50:37,891 DEBUG   HandlerThread:20336 [handler.py:handle_request():144] handle_request: status_report
2023-05-30 12:50:39,499 DEBUG   HandlerThread:20336 [handler.py:handle_request():144] handle_request: keepalive
2023-05-30 12:50:42,937 DEBUG   HandlerThread:20336 [handler.py:handle_request():144] handle_request: status_report
2023-05-30 12:50:44,559 DEBUG   HandlerThread:20336 [handler.py:handle_request():144] handle_request: keepalive
2023-05-30 12:50:47,971 DEBUG   HandlerThread:20336 [handler.py:handle_request():144] handle_request: status_report
2023-05-30 12:50:49,611 DEBUG   HandlerThread:20336 [handler.py:handle_request():144] handle_request: keepalive
2023-05-30 12:50:52,993 DEBUG   HandlerThread:20336 [handler.py:handle_request():144] handle_request: status_report
2023-05-30 12:50:54,664 DEBUG   HandlerThread:20336 [handler.py:handle_request():144] handle_request: keepalive
2023-05-30 12:50:56,785 DEBUG   SenderThread:20336 [sender.py:send():375] send: stats
2023-05-30 12:50:58,796 DEBUG   HandlerThread:20336 [handler.py:handle_request():144] handle_request: status_report
2023-05-30 12:50:59,702 DEBUG   HandlerThread:20336 [handler.py:handle_request():144] handle_request: keepalive
2023-05-30 12:51:03,834 DEBUG   HandlerThread:20336 [handler.py:handle_request():144] handle_request: status_report
2023-05-30 12:51:04,735 DEBUG   HandlerThread:20336 [handler.py:handle_request():144] handle_request: keepalive
2023-05-30 12:51:08,878 DEBUG   HandlerThread:20336 [handler.py:handle_request():144] handle_request: status_report
2023-05-30 12:51:09,784 DEBUG   HandlerThread:20336 [handler.py:handle_request():144] handle_request: keepalive
2023-05-30 12:51:13,942 DEBUG   HandlerThread:20336 [handler.py:handle_request():144] handle_request: status_report
2023-05-30 12:51:14,908 DEBUG   HandlerThread:20336 [handler.py:handle_request():144] handle_request: keepalive
2023-05-30 12:51:18,988 DEBUG   HandlerThread:20336 [handler.py:handle_request():144] handle_request: status_report
2023-05-30 12:51:19,950 DEBUG   HandlerThread:20336 [handler.py:handle_request():144] handle_request: keepalive
2023-05-30 12:51:24,053 DEBUG   HandlerThread:20336 [handler.py:handle_request():144] handle_request: status_report
2023-05-30 12:51:25,011 DEBUG   HandlerThread:20336 [handler.py:handle_request():144] handle_request: keepalive
2023-05-30 12:51:26,792 DEBUG   SenderThread:20336 [sender.py:send():375] send: stats
2023-05-30 12:51:29,815 DEBUG   HandlerThread:20336 [handler.py:handle_request():144] handle_request: status_report
2023-05-30 12:51:30,065 DEBUG   HandlerThread:20336 [handler.py:handle_request():144] handle_request: keepalive
2023-05-30 12:51:34,893 DEBUG   HandlerThread:20336 [handler.py:handle_request():144] handle_request: status_report
2023-05-30 12:51:35,112 DEBUG   HandlerThread:20336 [handler.py:handle_request():144] handle_request: keepalive
2023-05-30 12:51:39,969 DEBUG   HandlerThread:20336 [handler.py:handle_request():144] handle_request: status_report
2023-05-30 12:51:40,172 DEBUG   HandlerThread:20336 [handler.py:handle_request():144] handle_request: keepalive
2023-05-30 12:51:45,053 DEBUG   HandlerThread:20336 [handler.py:handle_request():144] handle_request: status_report
2023-05-30 12:51:45,225 DEBUG   HandlerThread:20336 [handler.py:handle_request():144] handle_request: keepalive
2023-05-30 12:51:50,123 DEBUG   HandlerThread:20336 [handler.py:handle_request():144] handle_request: status_report
2023-05-30 12:51:50,278 DEBUG   HandlerThread:20336 [handler.py:handle_request():144] handle_request: keepalive
2023-05-30 12:51:55,182 DEBUG   HandlerThread:20336 [handler.py:handle_request():144] handle_request: status_report
2023-05-30 12:51:55,307 DEBUG   HandlerThread:20336 [handler.py:handle_request():144] handle_request: keepalive
2023-05-30 12:51:56,799 DEBUG   SenderThread:20336 [sender.py:send():375] send: stats
2023-05-30 12:52:00,332 DEBUG   HandlerThread:20336 [handler.py:handle_request():144] handle_request: keepalive
2023-05-30 12:52:00,847 DEBUG   HandlerThread:20336 [handler.py:handle_request():144] handle_request: status_report
2023-05-30 12:52:05,378 DEBUG   HandlerThread:20336 [handler.py:handle_request():144] handle_request: keepalive
2023-05-30 12:52:05,898 DEBUG   HandlerThread:20336 [handler.py:handle_request():144] handle_request: status_report
2023-05-30 12:52:10,409 DEBUG   HandlerThread:20336 [handler.py:handle_request():144] handle_request: keepalive
2023-05-30 12:52:10,874 DEBUG   SenderThread:20336 [sender.py:send():375] send: exit
2023-05-30 12:52:10,874 INFO    SenderThread:20336 [sender.py:send_exit():598] handling exit code: 0
2023-05-30 12:52:10,874 INFO    SenderThread:20336 [sender.py:send_exit():600] handling runtime: 404
2023-05-30 12:52:10,874 INFO    SenderThread:20336 [sender.py:_save_file():1378] saving file wandb-summary.json with policy end
2023-05-30 12:52:10,874 INFO    SenderThread:20336 [sender.py:send_exit():606] send defer
2023-05-30 12:52:10,874 DEBUG   HandlerThread:20336 [handler.py:handle_request():144] handle_request: defer
2023-05-30 12:52:10,874 INFO    HandlerThread:20336 [handler.py:handle_request_defer():170] handle defer: 0
2023-05-30 12:52:10,874 DEBUG   SenderThread:20336 [sender.py:send_request():402] send_request: defer
2023-05-30 12:52:10,874 INFO    SenderThread:20336 [sender.py:send_request_defer():622] handle sender defer: 0
2023-05-30 12:52:10,874 INFO    SenderThread:20336 [sender.py:transition_state():626] send defer: 1
2023-05-30 12:52:10,874 DEBUG   HandlerThread:20336 [handler.py:handle_request():144] handle_request: defer
2023-05-30 12:52:10,889 INFO    HandlerThread:20336 [handler.py:handle_request_defer():170] handle defer: 1
2023-05-30 12:52:10,889 DEBUG   SenderThread:20336 [sender.py:send_request():402] send_request: defer
2023-05-30 12:52:10,889 INFO    SenderThread:20336 [sender.py:send_request_defer():622] handle sender defer: 1
2023-05-30 12:52:10,889 INFO    SenderThread:20336 [sender.py:transition_state():626] send defer: 2
2023-05-30 12:52:10,889 DEBUG   HandlerThread:20336 [handler.py:handle_request():144] handle_request: defer
2023-05-30 12:52:10,889 INFO    HandlerThread:20336 [handler.py:handle_request_defer():170] handle defer: 2
2023-05-30 12:52:10,889 INFO    HandlerThread:20336 [system_monitor.py:finish():190] Stopping system monitor
2023-05-30 12:52:10,889 DEBUG   SystemMonitor:20336 [system_monitor.py:_start():166] Finished system metrics aggregation loop
2023-05-30 12:52:10,889 INFO    HandlerThread:20336 [interfaces.py:finish():202] Joined cpu monitor
2023-05-30 12:52:10,889 DEBUG   SystemMonitor:20336 [system_monitor.py:_start():170] Publishing last batch of metrics
2023-05-30 12:52:10,889 INFO    HandlerThread:20336 [interfaces.py:finish():202] Joined disk monitor
2023-05-30 12:52:10,889 INFO    HandlerThread:20336 [interfaces.py:finish():202] Joined memory monitor
2023-05-30 12:52:10,889 INFO    HandlerThread:20336 [interfaces.py:finish():202] Joined network monitor
2023-05-30 12:52:10,889 DEBUG   SenderThread:20336 [sender.py:send_request():402] send_request: defer
2023-05-30 12:52:10,889 INFO    SenderThread:20336 [sender.py:send_request_defer():622] handle sender defer: 2
2023-05-30 12:52:10,889 INFO    SenderThread:20336 [sender.py:transition_state():626] send defer: 3
2023-05-30 12:52:10,889 DEBUG   SenderThread:20336 [sender.py:send():375] send: stats
2023-05-30 12:52:10,889 DEBUG   HandlerThread:20336 [handler.py:handle_request():144] handle_request: defer
2023-05-30 12:52:10,889 INFO    HandlerThread:20336 [handler.py:handle_request_defer():170] handle defer: 3
2023-05-30 12:52:10,906 DEBUG   SenderThread:20336 [sender.py:send_request():402] send_request: defer
2023-05-30 12:52:10,906 INFO    SenderThread:20336 [sender.py:send_request_defer():622] handle sender defer: 3
2023-05-30 12:52:10,906 INFO    SenderThread:20336 [sender.py:transition_state():626] send defer: 4
2023-05-30 12:52:10,906 DEBUG   HandlerThread:20336 [handler.py:handle_request():144] handle_request: defer
2023-05-30 12:52:10,906 INFO    HandlerThread:20336 [handler.py:handle_request_defer():170] handle defer: 4
2023-05-30 12:52:10,906 DEBUG   HandlerThread:20336 [handler.py:handle_request():144] handle_request: status_report
2023-05-30 12:52:10,906 DEBUG   SenderThread:20336 [sender.py:send_request():402] send_request: defer
2023-05-30 12:52:10,906 INFO    SenderThread:20336 [sender.py:send_request_defer():622] handle sender defer: 4
2023-05-30 12:52:10,906 INFO    SenderThread:20336 [sender.py:transition_state():626] send defer: 5
2023-05-30 12:52:10,914 DEBUG   HandlerThread:20336 [handler.py:handle_request():144] handle_request: defer
2023-05-30 12:52:10,914 INFO    HandlerThread:20336 [handler.py:handle_request_defer():170] handle defer: 5
2023-05-30 12:52:10,914 DEBUG   SenderThread:20336 [sender.py:send():375] send: summary
2023-05-30 12:52:10,914 INFO    SenderThread:20336 [sender.py:_save_file():1378] saving file wandb-summary.json with policy end
2023-05-30 12:52:10,914 DEBUG   SenderThread:20336 [sender.py:send_request():402] send_request: defer
2023-05-30 12:52:10,914 INFO    SenderThread:20336 [sender.py:send_request_defer():622] handle sender defer: 5
2023-05-30 12:52:10,922 INFO    SenderThread:20336 [sender.py:transition_state():626] send defer: 6
2023-05-30 12:52:10,922 DEBUG   HandlerThread:20336 [handler.py:handle_request():144] handle_request: defer
2023-05-30 12:52:10,922 INFO    HandlerThread:20336 [handler.py:handle_request_defer():170] handle defer: 6
2023-05-30 12:52:10,922 DEBUG   SenderThread:20336 [sender.py:send_request():402] send_request: defer
2023-05-30 12:52:10,922 INFO    SenderThread:20336 [sender.py:send_request_defer():622] handle sender defer: 6
2023-05-30 12:52:10,922 INFO    SenderThread:20336 [sender.py:transition_state():626] send defer: 7
2023-05-30 12:52:10,922 DEBUG   HandlerThread:20336 [handler.py:handle_request():144] handle_request: status_report
2023-05-30 12:52:10,922 DEBUG   HandlerThread:20336 [handler.py:handle_request():144] handle_request: defer
2023-05-30 12:52:10,922 INFO    HandlerThread:20336 [handler.py:handle_request_defer():170] handle defer: 7
2023-05-30 12:52:10,922 DEBUG   SenderThread:20336 [sender.py:send_request():402] send_request: defer
2023-05-30 12:52:10,922 INFO    SenderThread:20336 [sender.py:send_request_defer():622] handle sender defer: 7
2023-05-30 12:52:11,571 INFO    Thread-16 :20336 [dir_watcher.py:_on_file_modified():295] file/dir modified: C:\Users\DELL\Downloads\FederatedLearning\OpenFL-extended\openfl-tutorials\boosting-examples\AdaBoostF_Heart_Failure\workspace\wandb\run-20230530_124520-bulslxox\files\wandb-summary.json
2023-05-30 12:52:11,882 DEBUG   HandlerThread:20336 [handler.py:handle_request():144] handle_request: poll_exit
2023-05-30 12:52:13,596 INFO    Thread-16 :20336 [dir_watcher.py:_on_file_modified():295] file/dir modified: C:\Users\DELL\Downloads\FederatedLearning\OpenFL-extended\openfl-tutorials\boosting-examples\AdaBoostF_Heart_Failure\workspace\wandb\run-20230530_124520-bulslxox\files\output.log
2023-05-30 12:52:13,948 INFO    SenderThread:20336 [sender.py:transition_state():626] send defer: 8
2023-05-30 12:52:13,948 DEBUG   SenderThread:20336 [sender.py:send_request():402] send_request: poll_exit
2023-05-30 12:52:13,948 DEBUG   HandlerThread:20336 [handler.py:handle_request():144] handle_request: defer
2023-05-30 12:52:13,948 INFO    HandlerThread:20336 [handler.py:handle_request_defer():170] handle defer: 8
2023-05-30 12:52:13,948 DEBUG   SenderThread:20336 [sender.py:send_request():402] send_request: defer
2023-05-30 12:52:13,948 INFO    SenderThread:20336 [sender.py:send_request_defer():622] handle sender defer: 8
2023-05-30 12:52:14,003 INFO    SenderThread:20336 [sender.py:transition_state():626] send defer: 9
2023-05-30 12:52:14,011 DEBUG   HandlerThread:20336 [handler.py:handle_request():144] handle_request: defer
2023-05-30 12:52:14,011 INFO    HandlerThread:20336 [handler.py:handle_request_defer():170] handle defer: 9
2023-05-30 12:52:14,011 DEBUG   SenderThread:20336 [sender.py:send():375] send: artifact
2023-05-30 12:52:14,603 INFO    Thread-16 :20336 [dir_watcher.py:_on_file_modified():295] file/dir modified: C:\Users\DELL\Downloads\FederatedLearning\OpenFL-extended\openfl-tutorials\boosting-examples\AdaBoostF_Heart_Failure\workspace\wandb\run-20230530_124520-bulslxox\files\output.log
2023-05-30 12:52:16,933 DEBUG   HandlerThread:20336 [handler.py:handle_request():144] handle_request: keepalive
2023-05-30 12:52:21,974 DEBUG   HandlerThread:20336 [handler.py:handle_request():144] handle_request: keepalive
2023-05-30 12:52:27,018 DEBUG   HandlerThread:20336 [handler.py:handle_request():144] handle_request: keepalive
2023-05-30 12:52:32,060 DEBUG   HandlerThread:20336 [handler.py:handle_request():144] handle_request: keepalive
2023-05-30 12:52:37,093 DEBUG   HandlerThread:20336 [handler.py:handle_request():144] handle_request: keepalive
2023-05-30 12:52:42,157 DEBUG   HandlerThread:20336 [handler.py:handle_request():144] handle_request: keepalive
2023-05-30 12:52:46,889 INFO    SenderThread:20336 [sender.py:send_artifact():1474] sent artifact job-https___github.com_alpha-unito_OpenFL-extended.git_openfl-t..es_AdaBoostF_Heart_Failure_workspace_AdaBoostF_Heart_Failure.py - {'id': 'QXJ0aWZhY3Q6NDQyMzg1Mzc4', 'digest': '9177cc921fff83e2f5ea32716677d4d0', 'state': 'COMMITTED', 'aliases': [{'artifactCollectionName': 'job-https___github.com_alpha-unito_OpenFL-extended.git_openfl-t..es_AdaBoostF_Heart_Failure_workspace_AdaBoostF_Heart_Failure.py', 'alias': 'latest'}, {'artifactCollectionName': 'job-https___github.com_alpha-unito_OpenFL-extended.git_openfl-t..es_AdaBoostF_Heart_Failure_workspace_AdaBoostF_Heart_Failure.py', 'alias': 'v0'}], 'artifactSequence': {'id': 'QXJ0aWZhY3RDb2xsZWN0aW9uOjY2NjczMjc3', 'latestArtifact': {'id': 'QXJ0aWZhY3Q6NDQ2NTE3NzY4', 'versionIndex': 1}}, 'version': 'v0'}
2023-05-30 12:52:46,889 DEBUG   SenderThread:20336 [sender.py:send_request():402] send_request: defer
2023-05-30 12:52:46,889 INFO    SenderThread:20336 [sender.py:send_request_defer():622] handle sender defer: 9
2023-05-30 12:52:46,889 INFO    SenderThread:20336 [dir_watcher.py:finish():365] shutting down directory watcher
2023-05-30 12:52:46,889 DEBUG   HandlerThread:20336 [handler.py:handle_request():144] handle_request: status_report
2023-05-30 12:52:47,223 DEBUG   HandlerThread:20336 [handler.py:handle_request():144] handle_request: keepalive
2023-05-30 12:52:47,875 INFO    SenderThread:20336 [dir_watcher.py:finish():395] scan: C:\Users\DELL\Downloads\FederatedLearning\OpenFL-extended\openfl-tutorials\boosting-examples\AdaBoostF_Heart_Failure\workspace\wandb\run-20230530_124520-bulslxox\files
2023-05-30 12:52:47,875 INFO    SenderThread:20336 [dir_watcher.py:finish():409] scan save: C:\Users\DELL\Downloads\FederatedLearning\OpenFL-extended\openfl-tutorials\boosting-examples\AdaBoostF_Heart_Failure\workspace\wandb\run-20230530_124520-bulslxox\files\conda-environment.yaml conda-environment.yaml
2023-05-30 12:52:47,875 INFO    SenderThread:20336 [dir_watcher.py:finish():409] scan save: C:\Users\DELL\Downloads\FederatedLearning\OpenFL-extended\openfl-tutorials\boosting-examples\AdaBoostF_Heart_Failure\workspace\wandb\run-20230530_124520-bulslxox\files\config.yaml config.yaml
2023-05-30 12:52:47,875 INFO    SenderThread:20336 [dir_watcher.py:finish():409] scan save: C:\Users\DELL\Downloads\FederatedLearning\OpenFL-extended\openfl-tutorials\boosting-examples\AdaBoostF_Heart_Failure\workspace\wandb\run-20230530_124520-bulslxox\files\output.log output.log
2023-05-30 12:52:47,899 INFO    SenderThread:20336 [dir_watcher.py:finish():409] scan save: C:\Users\DELL\Downloads\FederatedLearning\OpenFL-extended\openfl-tutorials\boosting-examples\AdaBoostF_Heart_Failure\workspace\wandb\run-20230530_124520-bulslxox\files\requirements.txt requirements.txt
2023-05-30 12:52:47,915 INFO    SenderThread:20336 [dir_watcher.py:finish():409] scan save: C:\Users\DELL\Downloads\FederatedLearning\OpenFL-extended\openfl-tutorials\boosting-examples\AdaBoostF_Heart_Failure\workspace\wandb\run-20230530_124520-bulslxox\files\wandb-metadata.json wandb-metadata.json
2023-05-30 12:52:47,923 INFO    SenderThread:20336 [dir_watcher.py:finish():409] scan save: C:\Users\DELL\Downloads\FederatedLearning\OpenFL-extended\openfl-tutorials\boosting-examples\AdaBoostF_Heart_Failure\workspace\wandb\run-20230530_124520-bulslxox\files\wandb-summary.json wandb-summary.json
2023-05-30 12:52:47,939 INFO    SenderThread:20336 [sender.py:transition_state():626] send defer: 10
2023-05-30 12:52:47,939 DEBUG   HandlerThread:20336 [handler.py:handle_request():144] handle_request: defer
2023-05-30 12:52:47,939 INFO    HandlerThread:20336 [handler.py:handle_request_defer():170] handle defer: 10
2023-05-30 12:52:47,955 DEBUG   SenderThread:20336 [sender.py:send_request():402] send_request: defer
2023-05-30 12:52:47,955 INFO    SenderThread:20336 [sender.py:send_request_defer():622] handle sender defer: 10
2023-05-30 12:52:47,955 INFO    SenderThread:20336 [file_pusher.py:finish():168] shutting down file pusher
2023-05-30 12:52:48,789 INFO    wandb-upload_0:20336 [upload_job.py:push():137] Uploaded file C:\Users\DELL\Downloads\FederatedLearning\OpenFL-extended\openfl-tutorials\boosting-examples\AdaBoostF_Heart_Failure\workspace\wandb\run-20230530_124520-bulslxox\files\config.yaml
2023-05-30 12:52:49,554 INFO    wandb-upload_2:20336 [upload_job.py:push():137] Uploaded file C:\Users\DELL\Downloads\FederatedLearning\OpenFL-extended\openfl-tutorials\boosting-examples\AdaBoostF_Heart_Failure\workspace\wandb\run-20230530_124520-bulslxox\files\requirements.txt
2023-05-30 12:52:49,554 INFO    wandb-upload_1:20336 [upload_job.py:push():137] Uploaded file C:\Users\DELL\Downloads\FederatedLearning\OpenFL-extended\openfl-tutorials\boosting-examples\AdaBoostF_Heart_Failure\workspace\wandb\run-20230530_124520-bulslxox\files\output.log
2023-05-30 12:52:49,554 INFO    wandb-upload_3:20336 [upload_job.py:push():137] Uploaded file C:\Users\DELL\Downloads\FederatedLearning\OpenFL-extended\openfl-tutorials\boosting-examples\AdaBoostF_Heart_Failure\workspace\wandb\run-20230530_124520-bulslxox\files\wandb-summary.json
2023-05-30 12:52:49,772 INFO    Thread-15 :20336 [sender.py:transition_state():626] send defer: 11
2023-05-30 12:52:49,772 DEBUG   HandlerThread:20336 [handler.py:handle_request():144] handle_request: defer
2023-05-30 12:52:49,772 INFO    HandlerThread:20336 [handler.py:handle_request_defer():170] handle defer: 11
2023-05-30 12:52:49,772 DEBUG   SenderThread:20336 [sender.py:send_request():402] send_request: defer
2023-05-30 12:52:49,772 INFO    SenderThread:20336 [sender.py:send_request_defer():622] handle sender defer: 11
2023-05-30 12:52:49,772 INFO    SenderThread:20336 [file_pusher.py:join():173] waiting for file pusher
2023-05-30 12:52:49,772 INFO    SenderThread:20336 [sender.py:transition_state():626] send defer: 12
2023-05-30 12:52:49,772 DEBUG   HandlerThread:20336 [handler.py:handle_request():144] handle_request: defer
2023-05-30 12:52:49,772 INFO    HandlerThread:20336 [handler.py:handle_request_defer():170] handle defer: 12
2023-05-30 12:52:49,772 DEBUG   SenderThread:20336 [sender.py:send_request():402] send_request: defer
2023-05-30 12:52:49,772 INFO    SenderThread:20336 [sender.py:send_request_defer():622] handle sender defer: 12
2023-05-30 12:52:51,402 INFO    SenderThread:20336 [sender.py:transition_state():626] send defer: 13
2023-05-30 12:52:51,402 DEBUG   HandlerThread:20336 [handler.py:handle_request():144] handle_request: defer
2023-05-30 12:52:51,402 INFO    HandlerThread:20336 [handler.py:handle_request_defer():170] handle defer: 13
2023-05-30 12:52:51,402 DEBUG   SenderThread:20336 [sender.py:send_request():402] send_request: defer
2023-05-30 12:52:51,402 INFO    SenderThread:20336 [sender.py:send_request_defer():622] handle sender defer: 13
2023-05-30 12:52:51,402 INFO    SenderThread:20336 [sender.py:transition_state():626] send defer: 14
2023-05-30 12:52:51,402 DEBUG   HandlerThread:20336 [handler.py:handle_request():144] handle_request: defer
2023-05-30 12:52:51,402 DEBUG   SenderThread:20336 [sender.py:send():375] send: final
2023-05-30 12:52:51,402 INFO    HandlerThread:20336 [handler.py:handle_request_defer():170] handle defer: 14
2023-05-30 12:52:51,402 DEBUG   SenderThread:20336 [sender.py:send():375] send: footer
2023-05-30 12:52:51,410 DEBUG   SenderThread:20336 [sender.py:send_request():402] send_request: defer
2023-05-30 12:52:51,410 INFO    SenderThread:20336 [sender.py:send_request_defer():622] handle sender defer: 14
2023-05-30 12:52:51,410 DEBUG   HandlerThread:20336 [handler.py:handle_request():144] handle_request: poll_exit
2023-05-30 12:52:51,410 DEBUG   HandlerThread:20336 [handler.py:handle_request():144] handle_request: server_info
2023-05-30 12:52:51,410 DEBUG   HandlerThread:20336 [handler.py:handle_request():144] handle_request: get_summary
2023-05-30 12:52:51,410 DEBUG   SenderThread:20336 [sender.py:send_request():402] send_request: poll_exit
2023-05-30 12:52:51,410 DEBUG   HandlerThread:20336 [handler.py:handle_request():144] handle_request: sampled_history
2023-05-30 12:52:51,410 DEBUG   SenderThread:20336 [sender.py:send_request():402] send_request: server_info
2023-05-30 12:52:53,037 DEBUG   HandlerThread:20336 [handler.py:handle_request():144] handle_request: status_report
2023-05-30 12:52:53,037 INFO    MainThread:20336 [wandb_run.py:_footer_history_summary_info():3476] rendering history
2023-05-30 12:52:53,045 INFO    MainThread:20336 [wandb_run.py:_footer_history_summary_info():3508] rendering summary
2023-05-30 12:52:53,045 INFO    MainThread:20336 [wandb_run.py:_footer_sync_info():3434] logging synced files
2023-05-30 12:52:53,053 DEBUG   HandlerThread:20336 [handler.py:handle_request():144] handle_request: shutdown
2023-05-30 12:52:53,053 INFO    HandlerThread:20336 [handler.py:finish():845] shutting down handler
2023-05-30 12:52:54,049 INFO    SenderThread:20336 [sender.py:finish():1550] shutting down sender
2023-05-30 12:52:54,049 INFO    WriterThread:20336 [datastore.py:close():298] close: C:\Users\DELL\Downloads\FederatedLearning\OpenFL-extended\openfl-tutorials\boosting-examples\AdaBoostF_Heart_Failure\workspace\wandb\run-20230530_124520-bulslxox\run-bulslxox.wandb
2023-05-30 12:52:54,049 INFO    SenderThread:20336 [file_pusher.py:finish():168] shutting down file pusher
2023-05-30 12:52:54,049 INFO    SenderThread:20336 [file_pusher.py:join():173] waiting for file pusher
